[2022/10/06 19:43:06][DEBUG](TKINTERCV2Setting.py:43) TKINTERCV2Setting_Application起動 __init__ d:\PythonScript\RPAScript\OCRView\TKINTERCV2Setting.py
[2022/10/06 19:43:09][DEBUG](TKINTERCV2Setting.py:1082) 列名設定項目を作成して再配置開始 createEntry d:\PythonScript\RPAScript\OCRView\TKINTERCV2Setting.py
[2022/10/06 19:43:09][DEBUG](TKINTERCV2Setting.py:1030) 列名設定項目を再配置開始 updateEntries d:\PythonScript\RPAScript\OCRView\TKINTERCV2Setting.py
[2022/10/06 19:43:09][DEBUG](TKINTERCV2Setting.py:1074) 列名設定項目を再配置完了 updateEntries d:\PythonScript\RPAScript\OCRView\TKINTERCV2Setting.py
[2022/10/06 19:43:09][DEBUG](TKINTERCV2Setting.py:1082) 列名設定項目を作成して再配置開始 createEntry d:\PythonScript\RPAScript\OCRView\TKINTERCV2Setting.py
[2022/10/06 19:43:09][DEBUG](TKINTERCV2Setting.py:1030) 列名設定項目を再配置開始 updateEntries d:\PythonScript\RPAScript\OCRView\TKINTERCV2Setting.py
[2022/10/06 19:43:09][DEBUG](TKINTERCV2Setting.py:1074) 列名設定項目を再配置完了 updateEntries d:\PythonScript\RPAScript\OCRView\TKINTERCV2Setting.py
[2022/10/06 19:43:09][DEBUG](TKINTERCV2Setting.py:1082) 列名設定項目を作成して再配置開始 createEntry d:\PythonScript\RPAScript\OCRView\TKINTERCV2Setting.py
[2022/10/06 19:43:09][DEBUG](TKINTERCV2Setting.py:1030) 列名設定項目を再配置開始 updateEntries d:\PythonScript\RPAScript\OCRView\TKINTERCV2Setting.py
[2022/10/06 19:43:09][DEBUG](TKINTERCV2Setting.py:1074) 列名設定項目を再配置完了 updateEntries d:\PythonScript\RPAScript\OCRView\TKINTERCV2Setting.py
[2022/10/06 19:43:09][DEBUG](TKINTERCV2Setting.py:1082) 列名設定項目を作成して再配置開始 createEntry d:\PythonScript\RPAScript\OCRView\TKINTERCV2Setting.py
[2022/10/06 19:43:09][DEBUG](TKINTERCV2Setting.py:1030) 列名設定項目を再配置開始 updateEntries d:\PythonScript\RPAScript\OCRView\TKINTERCV2Setting.py
[2022/10/06 19:43:09][DEBUG](TKINTERCV2Setting.py:1074) 列名設定項目を再配置完了 updateEntries d:\PythonScript\RPAScript\OCRView\TKINTERCV2Setting.py
[2022/10/06 19:43:09][DEBUG](TKINTERCV2Setting.py:1082) 列名設定項目を作成して再配置開始 createEntry d:\PythonScript\RPAScript\OCRView\TKINTERCV2Setting.py
[2022/10/06 19:43:09][DEBUG](TKINTERCV2Setting.py:1030) 列名設定項目を再配置開始 updateEntries d:\PythonScript\RPAScript\OCRView\TKINTERCV2Setting.py
[2022/10/06 19:43:09][DEBUG](TKINTERCV2Setting.py:1074) 列名設定項目を再配置完了 updateEntries d:\PythonScript\RPAScript\OCRView\TKINTERCV2Setting.py
[2022/10/06 19:43:09][DEBUG](TKINTERCV2Setting.py:1082) 列名設定項目を作成して再配置開始 createEntry d:\PythonScript\RPAScript\OCRView\TKINTERCV2Setting.py
[2022/10/06 19:43:09][DEBUG](TKINTERCV2Setting.py:1030) 列名設定項目を再配置開始 updateEntries d:\PythonScript\RPAScript\OCRView\TKINTERCV2Setting.py
[2022/10/06 19:43:09][DEBUG](TKINTERCV2Setting.py:1074) 列名設定項目を再配置完了 updateEntries d:\PythonScript\RPAScript\OCRView\TKINTERCV2Setting.py
[2022/10/06 19:43:09][DEBUG](TKINTERCV2Setting.py:1453) 透過キャンバス(上ウィンドウ)に罫線描画処理完了 Gra d:\PythonScript\RPAScript\OCRView\TKINTERCV2Setting.py
[2022/10/06 19:43:09][DEBUG](TKINTERCV2Setting.py:938) 下ウィンドウに画像をリサイズして配置開始 InportIMG d:\PythonScript\RPAScript\OCRView\TKINTERCV2Setting.py
[2022/10/06 19:43:09][DEBUG](TKINTERCV2Setting.py:646) TKINTERCV2Setting_Application起動完了 __init__ d:\PythonScript\RPAScript\OCRView\TKINTERCV2Setting.py
