[2022/10/03 11:32:33][DEBUG](ViewGUI.py:44) Network: ws247 __init__ d:\PythonScript\RPAScript\OCRView\ViewGUI.py
[2022/10/03 11:32:33][DEBUG](ViewGUI.py:45) Machine: AMD64 __init__ d:\PythonScript\RPAScript\OCRView\ViewGUI.py
[2022/10/03 11:32:33][DEBUG](ViewGUI.py:46) Processor: Intel64 Family 6 Model 165 Stepping 5, GenuineIntel __init__ d:\PythonScript\RPAScript\OCRView\ViewGUI.py
[2022/10/03 11:32:33][DEBUG](ViewGUI.py:47) Platform: Windows-10-10.0.19041-SP0 __init__ d:\PythonScript\RPAScript\OCRView\ViewGUI.py
[2022/10/03 11:32:33][DEBUG](ViewGUI.py:48) System: Windows __init__ d:\PythonScript\RPAScript\OCRView\ViewGUI.py
[2022/10/03 11:32:33][DEBUG](ViewGUI.py:49) Release: 10 __init__ d:\PythonScript\RPAScript\OCRView\ViewGUI.py
[2022/10/03 11:32:33][DEBUG](ViewGUI.py:50) Version: 10.0.19041 __init__ d:\PythonScript\RPAScript\OCRView\ViewGUI.py
[2022/10/03 11:32:33][DEBUG](ViewGUI.py:51) MAC Address: 80E8_2CFB_55FD __init__ d:\PythonScript\RPAScript\OCRView\ViewGUI.py
[2022/10/03 11:32:33][DEBUG](ViewGUI.py:52) Host name: ws247 __init__ d:\PythonScript\RPAScript\OCRView\ViewGUI.py
[2022/10/03 11:32:33][DEBUG](ViewGUI.py:53) IP Address: 192.168.56.1 __init__ d:\PythonScript\RPAScript\OCRView\ViewGUI.py
[2022/10/03 11:32:33][DEBUG](ViewGUI.py:54) ViewGUI起動 __init__ d:\PythonScript\RPAScript\OCRView\ViewGUI.py
[2022/10/03 11:32:33][DEBUG](ViewGUI.py:80) ViewGUI起動完了 __init__ d:\PythonScript\RPAScript\OCRView\ViewGUI.py
[2022/10/03 11:32:35][DEBUG](ViewGUI.py:504) ファイル選択起動 event_set_file d:\PythonScript\RPAScript\OCRView\ViewGUI.py
[2022/10/03 11:32:35][DEBUG](ViewGUI.py:750) OverSaveボタン起動 event_Searchsave d:\PythonScript\RPAScript\OCRView\ViewGUI.py
[2022/10/03 11:32:38][DEBUG](ViewGUI.py:556) D:/OCRTESTPDF/PDFTEST_ファイル選択完了 event_set_file d:\PythonScript\RPAScript\OCRView\ViewGUI.py
[2022/10/03 11:32:40][DEBUG](ViewGUI.py:801) OCR処理起動 LinOCROpen d:\PythonScript\RPAScript\OCRView\ViewGUI.py
[2022/10/03 11:32:40][DEBUG](ViewGUI.py:750) OverSaveボタン起動 event_Searchsave d:\PythonScript\RPAScript\OCRView\ViewGUI.py
[2022/10/03 11:32:40][DEBUG](TKINTERCV2Setting.py:37) TKINTERCV2Setting_Application起動 __init__ d:\PythonScript\RPAScript\OCRView\TKINTERCV2Setting.py
[2022/10/03 11:32:41][DEBUG](TKINTERCV2Setting.py:689) 列名設定項目を作成して再配置開始 createEntry d:\PythonScript\RPAScript\OCRView\TKINTERCV2Setting.py
[2022/10/03 11:32:41][DEBUG](TKINTERCV2Setting.py:637) 列名設定項目を再配置開始 updateEntries d:\PythonScript\RPAScript\OCRView\TKINTERCV2Setting.py
[2022/10/03 11:32:41][DEBUG](TKINTERCV2Setting.py:681) 列名設定項目を再配置完了 updateEntries d:\PythonScript\RPAScript\OCRView\TKINTERCV2Setting.py
[2022/10/03 11:32:41][DEBUG](TKINTERCV2Setting.py:689) 列名設定項目を作成して再配置開始 createEntry d:\PythonScript\RPAScript\OCRView\TKINTERCV2Setting.py
[2022/10/03 11:32:41][DEBUG](TKINTERCV2Setting.py:637) 列名設定項目を再配置開始 updateEntries d:\PythonScript\RPAScript\OCRView\TKINTERCV2Setting.py
[2022/10/03 11:32:41][DEBUG](TKINTERCV2Setting.py:681) 列名設定項目を再配置完了 updateEntries d:\PythonScript\RPAScript\OCRView\TKINTERCV2Setting.py
[2022/10/03 11:32:41][DEBUG](TKINTERCV2Setting.py:689) 列名設定項目を作成して再配置開始 createEntry d:\PythonScript\RPAScript\OCRView\TKINTERCV2Setting.py
[2022/10/03 11:32:41][DEBUG](TKINTERCV2Setting.py:637) 列名設定項目を再配置開始 updateEntries d:\PythonScript\RPAScript\OCRView\TKINTERCV2Setting.py
[2022/10/03 11:32:41][DEBUG](TKINTERCV2Setting.py:681) 列名設定項目を再配置完了 updateEntries d:\PythonScript\RPAScript\OCRView\TKINTERCV2Setting.py
[2022/10/03 11:32:41][DEBUG](TKINTERCV2Setting.py:689) 列名設定項目を作成して再配置開始 createEntry d:\PythonScript\RPAScript\OCRView\TKINTERCV2Setting.py
[2022/10/03 11:32:41][DEBUG](TKINTERCV2Setting.py:637) 列名設定項目を再配置開始 updateEntries d:\PythonScript\RPAScript\OCRView\TKINTERCV2Setting.py
[2022/10/03 11:32:41][DEBUG](TKINTERCV2Setting.py:681) 列名設定項目を再配置完了 updateEntries d:\PythonScript\RPAScript\OCRView\TKINTERCV2Setting.py
[2022/10/03 11:32:41][DEBUG](TKINTERCV2Setting.py:689) 列名設定項目を作成して再配置開始 createEntry d:\PythonScript\RPAScript\OCRView\TKINTERCV2Setting.py
[2022/10/03 11:32:41][DEBUG](TKINTERCV2Setting.py:637) 列名設定項目を再配置開始 updateEntries d:\PythonScript\RPAScript\OCRView\TKINTERCV2Setting.py
[2022/10/03 11:32:41][DEBUG](TKINTERCV2Setting.py:681) 列名設定項目を再配置完了 updateEntries d:\PythonScript\RPAScript\OCRView\TKINTERCV2Setting.py
[2022/10/03 11:32:41][DEBUG](TKINTERCV2Setting.py:1021) 透過キャンバス(上ウィンドウ)に罫線描画処理完了 Gra d:\PythonScript\RPAScript\OCRView\TKINTERCV2Setting.py
[2022/10/03 11:32:41][DEBUG](TKINTERCV2Setting.py:545) 下ウィンドウに画像をリサイズして配置開始 InportIMG d:\PythonScript\RPAScript\OCRView\TKINTERCV2Setting.py
[2022/10/03 11:32:41][DEBUG](TKINTERCV2Setting.py:299) TKINTERCV2Setting_Application起動完了 __init__ d:\PythonScript\RPAScript\OCRView\TKINTERCV2Setting.py
[2022/10/03 11:32:43][DEBUG](TKINTERCV2Setting.py:1045) 確定ボタンクリック処理開始 EnterP d:\PythonScript\RPAScript\OCRView\TKINTERCV2Setting.py
[2022/10/03 11:32:43][DEBUG](TKINTERCV2Setting.py:728) 列名設定項目取得関数開始 GetEntryTextButton_click d:\PythonScript\RPAScript\OCRView\TKINTERCV2Setting.py
[2022/10/03 11:32:44][DEBUG](TKINTERCV2Setting.py:1170) 縦横リスト書出完了 EnterP d:\PythonScript\RPAScript\OCRView\TKINTERCV2Setting.py
[2022/10/03 11:32:44][DEBUG](OCRFlow.py:153) Bankrentxtver起動 DiffListCreate d:\PythonScript\RPAScript\OCRView\OCRFlow.py
[2022/10/03 11:32:44][DEBUG](GCloudVision.py:108) get_document_bounds(GoogleVisionAPI)開始: debug level log get_document_bounds_BANK d:\PythonScript\RPAScript\OCRView\GCloudVision.py
[2022/10/03 11:32:46][DEBUG](GCloudVision.py:146) get_document_bounds(GoogleVisionAPI)終了: debug level log get_document_bounds_BANK d:\PythonScript\RPAScript\OCRView\GCloudVision.py
[2022/10/03 11:32:46][DEBUG](GCloudVision.py:416) rentxtver(OCR結果を整形eTax以外)成功: debug level log Bankrentxtver d:\PythonScript\RPAScript\OCRView\GCloudVision.py
[2022/10/03 11:32:46][DEBUG](OCRFlow.py:160) Bankrentxtver完了 DiffListCreate d:\PythonScript\RPAScript\OCRView\OCRFlow.py
