[2022/10/04 17:20:39][DEBUG](TKINTERCV2Setting.py:38) TKINTERCV2Setting_Application起動 __init__ d:\PythonScript\RPAScript\OCRView\TKINTERCV2Setting.py
[2022/10/04 17:20:39][DEBUG](TKINTERCV2Setting.py:735) 列名設定項目を作成して再配置開始 createEntry d:\PythonScript\RPAScript\OCRView\TKINTERCV2Setting.py
[2022/10/04 17:20:39][DEBUG](TKINTERCV2Setting.py:683) 列名設定項目を再配置開始 updateEntries d:\PythonScript\RPAScript\OCRView\TKINTERCV2Setting.py
[2022/10/04 17:20:39][DEBUG](TKINTERCV2Setting.py:727) 列名設定項目を再配置完了 updateEntries d:\PythonScript\RPAScript\OCRView\TKINTERCV2Setting.py
[2022/10/04 17:20:39][DEBUG](TKINTERCV2Setting.py:735) 列名設定項目を作成して再配置開始 createEntry d:\PythonScript\RPAScript\OCRView\TKINTERCV2Setting.py
[2022/10/04 17:20:39][DEBUG](TKINTERCV2Setting.py:683) 列名設定項目を再配置開始 updateEntries d:\PythonScript\RPAScript\OCRView\TKINTERCV2Setting.py
[2022/10/04 17:20:39][DEBUG](TKINTERCV2Setting.py:727) 列名設定項目を再配置完了 updateEntries d:\PythonScript\RPAScript\OCRView\TKINTERCV2Setting.py
[2022/10/04 17:20:39][DEBUG](TKINTERCV2Setting.py:735) 列名設定項目を作成して再配置開始 createEntry d:\PythonScript\RPAScript\OCRView\TKINTERCV2Setting.py
[2022/10/04 17:20:39][DEBUG](TKINTERCV2Setting.py:683) 列名設定項目を再配置開始 updateEntries d:\PythonScript\RPAScript\OCRView\TKINTERCV2Setting.py
[2022/10/04 17:20:39][DEBUG](TKINTERCV2Setting.py:727) 列名設定項目を再配置完了 updateEntries d:\PythonScript\RPAScript\OCRView\TKINTERCV2Setting.py
[2022/10/04 17:20:39][DEBUG](TKINTERCV2Setting.py:735) 列名設定項目を作成して再配置開始 createEntry d:\PythonScript\RPAScript\OCRView\TKINTERCV2Setting.py
[2022/10/04 17:20:39][DEBUG](TKINTERCV2Setting.py:683) 列名設定項目を再配置開始 updateEntries d:\PythonScript\RPAScript\OCRView\TKINTERCV2Setting.py
[2022/10/04 17:20:39][DEBUG](TKINTERCV2Setting.py:727) 列名設定項目を再配置完了 updateEntries d:\PythonScript\RPAScript\OCRView\TKINTERCV2Setting.py
[2022/10/04 17:20:39][DEBUG](TKINTERCV2Setting.py:735) 列名設定項目を作成して再配置開始 createEntry d:\PythonScript\RPAScript\OCRView\TKINTERCV2Setting.py
[2022/10/04 17:20:39][DEBUG](TKINTERCV2Setting.py:683) 列名設定項目を再配置開始 updateEntries d:\PythonScript\RPAScript\OCRView\TKINTERCV2Setting.py
[2022/10/04 17:20:39][DEBUG](TKINTERCV2Setting.py:727) 列名設定項目を再配置完了 updateEntries d:\PythonScript\RPAScript\OCRView\TKINTERCV2Setting.py
[2022/10/04 17:20:39][DEBUG](TKINTERCV2Setting.py:735) 列名設定項目を作成して再配置開始 createEntry d:\PythonScript\RPAScript\OCRView\TKINTERCV2Setting.py
[2022/10/04 17:20:39][DEBUG](TKINTERCV2Setting.py:683) 列名設定項目を再配置開始 updateEntries d:\PythonScript\RPAScript\OCRView\TKINTERCV2Setting.py
[2022/10/04 17:20:39][DEBUG](TKINTERCV2Setting.py:727) 列名設定項目を再配置完了 updateEntries d:\PythonScript\RPAScript\OCRView\TKINTERCV2Setting.py
[2022/10/04 17:20:39][DEBUG](TKINTERCV2Setting.py:1067) 透過キャンバス(上ウィンドウ)に罫線描画処理完了 Gra d:\PythonScript\RPAScript\OCRView\TKINTERCV2Setting.py
[2022/10/04 17:20:39][DEBUG](TKINTERCV2Setting.py:591) 下ウィンドウに画像をリサイズして配置開始 InportIMG d:\PythonScript\RPAScript\OCRView\TKINTERCV2Setting.py
[2022/10/04 17:20:40][DEBUG](TKINTERCV2Setting.py:341) TKINTERCV2Setting_Application起動完了 __init__ d:\PythonScript\RPAScript\OCRView\TKINTERCV2Setting.py
[2022/10/04 17:21:39][DEBUG](TKINTERCV2Setting.py:453) SideMenutoml変換設定の更新完了 tomlFrameClose d:\PythonScript\RPAScript\OCRView\TKINTERCV2Setting.py
[2022/10/04 17:23:11][DEBUG](TKINTERCV2Setting.py:453) SideMenutoml変換設定の更新完了 tomlFrameClose d:\PythonScript\RPAScript\OCRView\TKINTERCV2Setting.py
[2022/10/04 17:23:24][DEBUG](TKINTERCV2Setting.py:891) 新規直線描画処理開始 NewLineCreate d:\PythonScript\RPAScript\OCRView\TKINTERCV2Setting.py
[2022/10/04 17:24:05][DEBUG](TKINTERCV2Setting.py:1067) 透過キャンバス(上ウィンドウ)に罫線描画処理完了 Gra d:\PythonScript\RPAScript\OCRView\TKINTERCV2Setting.py
[2022/10/04 17:24:11][DEBUG](TKINTERCV2Setting.py:1357) Line42_縦直線描画処理完了 click1 d:\PythonScript\RPAScript\OCRView\TKINTERCV2Setting.py
[2022/10/04 17:24:13][DEBUG](TKINTERCV2Setting.py:1357) Line40_縦直線描画処理完了 click1 d:\PythonScript\RPAScript\OCRView\TKINTERCV2Setting.py
[2022/10/04 17:24:14][DEBUG](TKINTERCV2Setting.py:1357) Line41_縦直線描画処理完了 click1 d:\PythonScript\RPAScript\OCRView\TKINTERCV2Setting.py
[2022/10/04 17:24:15][DEBUG](TKINTERCV2Setting.py:1357) Line44_縦直線描画処理完了 click1 d:\PythonScript\RPAScript\OCRView\TKINTERCV2Setting.py
[2022/10/04 17:24:17][DEBUG](TKINTERCV2Setting.py:1357) Line46_縦直線描画処理完了 click1 d:\PythonScript\RPAScript\OCRView\TKINTERCV2Setting.py
[2022/10/04 17:24:18][DEBUG](TKINTERCV2Setting.py:1357) Line47_縦直線描画処理完了 click1 d:\PythonScript\RPAScript\OCRView\TKINTERCV2Setting.py
[2022/10/04 17:24:20][DEBUG](TKINTERCV2Setting.py:1357) Line48_縦直線描画処理完了 click1 d:\PythonScript\RPAScript\OCRView\TKINTERCV2Setting.py
[2022/10/04 17:24:26][DEBUG](TKINTERCV2Setting.py:1091) 確定ボタンクリック処理開始 EnterP d:\PythonScript\RPAScript\OCRView\TKINTERCV2Setting.py
[2022/10/04 17:24:26][DEBUG](TKINTERCV2Setting.py:774) 列名設定項目取得関数開始 GetEntryTextButton_click d:\PythonScript\RPAScript\OCRView\TKINTERCV2Setting.py
