[2022/10/08 00:32:15][DEBUG](ViewGUI.py:40) Network: DESKTOP-TLFUM41 __init__ c:\Users\もちねこ\Desktop\GitHub\RPAScript-1\OCRView\ViewGUI.py
[2022/10/08 00:32:15][DEBUG](ViewGUI.py:41) Machine: AMD64 __init__ c:\Users\もちねこ\Desktop\GitHub\RPAScript-1\OCRView\ViewGUI.py
[2022/10/08 00:32:15][DEBUG](ViewGUI.py:42) Processor: AMD64 Family 23 Model 113 Stepping 0, AuthenticAMD __init__ c:\Users\もちねこ\Desktop\GitHub\RPAScript-1\OCRView\ViewGUI.py
[2022/10/08 00:32:15][DEBUG](ViewGUI.py:43) Platform: Windows-10-10.0.19041-SP0 __init__ c:\Users\もちねこ\Desktop\GitHub\RPAScript-1\OCRView\ViewGUI.py
[2022/10/08 00:32:15][DEBUG](ViewGUI.py:44) System: Windows __init__ c:\Users\もちねこ\Desktop\GitHub\RPAScript-1\OCRView\ViewGUI.py
[2022/10/08 00:32:15][DEBUG](ViewGUI.py:45) Release: 10 __init__ c:\Users\もちねこ\Desktop\GitHub\RPAScript-1\OCRView\ViewGUI.py
[2022/10/08 00:32:15][DEBUG](ViewGUI.py:46) Version: 10.0.19041 __init__ c:\Users\もちねこ\Desktop\GitHub\RPAScript-1\OCRView\ViewGUI.py
[2022/10/08 00:32:15][DEBUG](ViewGUI.py:47) MAC Address: A8A1_592F_A6D9 __init__ c:\Users\もちねこ\Desktop\GitHub\RPAScript-1\OCRView\ViewGUI.py
[2022/10/08 00:32:15][DEBUG](ViewGUI.py:48) Host name: DESKTOP-TLFUM41 __init__ c:\Users\もちねこ\Desktop\GitHub\RPAScript-1\OCRView\ViewGUI.py
[2022/10/08 00:32:15][DEBUG](ViewGUI.py:49) IP Address: 192.168.0.11 __init__ c:\Users\もちねこ\Desktop\GitHub\RPAScript-1\OCRView\ViewGUI.py
[2022/10/08 00:32:15][DEBUG](ViewGUI.py:50) ViewGUI起動 __init__ c:\Users\もちねこ\Desktop\GitHub\RPAScript-1\OCRView\ViewGUI.py
[2022/10/08 00:32:16][DEBUG](ViewGUI.py:95) ViewGUI起動完了 __init__ c:\Users\もちねこ\Desktop\GitHub\RPAScript-1\OCRView\ViewGUI.py
[2022/10/08 00:32:18][DEBUG](ViewGUI.py:703) フォルダー選択起動 event_set_folder c:\Users\もちねこ\Desktop\GitHub\RPAScript-1\OCRView\ViewGUI.py
[2022/10/08 00:32:19][DEBUG](ViewGUI.py:991) OverSaveボタン起動 event_Searchsave c:\Users\もちねこ\Desktop\GitHub\RPAScript-1\OCRView\ViewGUI.py
[2022/10/08 00:32:23][DEBUG](ViewGUI.py:712) C:/Users/もちねこ/Desktop/PDFTEST_フォルダー選択完了 event_set_folder c:\Users\もちねこ\Desktop\GitHub\RPAScript-1\OCRView\ViewGUI.py
[2022/10/08 00:32:28][DEBUG](ViewGUI.py:780) ファイル選択起動 event_updatefile c:\Users\もちねこ\Desktop\GitHub\RPAScript-1\OCRView\ViewGUI.py
[2022/10/08 00:32:28][DEBUG](ViewGUI.py:991) OverSaveボタン起動 event_Searchsave c:\Users\もちねこ\Desktop\GitHub\RPAScript-1\OCRView\ViewGUI.py
[2022/10/08 00:32:28][DEBUG](ViewGUI.py:818) C:/Users/もちねこ/Desktop/PDFTEST\JA_1page.png_ファイル選択後イベント完了 event_selectfile c:\Users\もちねこ\Desktop\GitHub\RPAScript-1\OCRView\ViewGUI.py
[2022/10/08 00:32:31][DEBUG](ViewGUI.py:1042) OCR処理起動 LinOCROpen c:\Users\もちねこ\Desktop\GitHub\RPAScript-1\OCRView\ViewGUI.py
[2022/10/08 00:32:31][DEBUG](ViewGUI.py:991) OverSaveボタン起動 event_Searchsave c:\Users\もちねこ\Desktop\GitHub\RPAScript-1\OCRView\ViewGUI.py
[2022/10/08 00:32:31][DEBUG](TKINTERCV2Setting.py:31) TKINTERCV2Setting_Application起動 __init__ c:\Users\もちねこ\Desktop\GitHub\RPAScript-1\OCRView\TKINTERCV2Setting.py
[2022/10/08 00:32:31][DEBUG](TKINTERCV2Setting.py:949) 列名設定項目を作成して再配置開始 createEntry c:\Users\もちねこ\Desktop\GitHub\RPAScript-1\OCRView\TKINTERCV2Setting.py
[2022/10/08 00:32:31][DEBUG](TKINTERCV2Setting.py:897) 列名設定項目を再配置開始 updateEntries c:\Users\もちねこ\Desktop\GitHub\RPAScript-1\OCRView\TKINTERCV2Setting.py
[2022/10/08 00:32:31][DEBUG](TKINTERCV2Setting.py:941) 列名設定項目を再配置完了 updateEntries c:\Users\もちねこ\Desktop\GitHub\RPAScript-1\OCRView\TKINTERCV2Setting.py
[2022/10/08 00:32:31][DEBUG](TKINTERCV2Setting.py:949) 列名設定項目を作成して再配置開始 createEntry c:\Users\もちねこ\Desktop\GitHub\RPAScript-1\OCRView\TKINTERCV2Setting.py
[2022/10/08 00:32:31][DEBUG](TKINTERCV2Setting.py:897) 列名設定項目を再配置開始 updateEntries c:\Users\もちねこ\Desktop\GitHub\RPAScript-1\OCRView\TKINTERCV2Setting.py
[2022/10/08 00:32:31][DEBUG](TKINTERCV2Setting.py:941) 列名設定項目を再配置完了 updateEntries c:\Users\もちねこ\Desktop\GitHub\RPAScript-1\OCRView\TKINTERCV2Setting.py
[2022/10/08 00:32:31][DEBUG](TKINTERCV2Setting.py:949) 列名設定項目を作成して再配置開始 createEntry c:\Users\もちねこ\Desktop\GitHub\RPAScript-1\OCRView\TKINTERCV2Setting.py
[2022/10/08 00:32:31][DEBUG](TKINTERCV2Setting.py:897) 列名設定項目を再配置開始 updateEntries c:\Users\もちねこ\Desktop\GitHub\RPAScript-1\OCRView\TKINTERCV2Setting.py
[2022/10/08 00:32:31][DEBUG](TKINTERCV2Setting.py:941) 列名設定項目を再配置完了 updateEntries c:\Users\もちねこ\Desktop\GitHub\RPAScript-1\OCRView\TKINTERCV2Setting.py
[2022/10/08 00:32:31][DEBUG](TKINTERCV2Setting.py:949) 列名設定項目を作成して再配置開始 createEntry c:\Users\もちねこ\Desktop\GitHub\RPAScript-1\OCRView\TKINTERCV2Setting.py
[2022/10/08 00:32:31][DEBUG](TKINTERCV2Setting.py:897) 列名設定項目を再配置開始 updateEntries c:\Users\もちねこ\Desktop\GitHub\RPAScript-1\OCRView\TKINTERCV2Setting.py
[2022/10/08 00:32:31][DEBUG](TKINTERCV2Setting.py:941) 列名設定項目を再配置完了 updateEntries c:\Users\もちねこ\Desktop\GitHub\RPAScript-1\OCRView\TKINTERCV2Setting.py
[2022/10/08 00:32:31][DEBUG](TKINTERCV2Setting.py:949) 列名設定項目を作成して再配置開始 createEntry c:\Users\もちねこ\Desktop\GitHub\RPAScript-1\OCRView\TKINTERCV2Setting.py
[2022/10/08 00:32:31][DEBUG](TKINTERCV2Setting.py:897) 列名設定項目を再配置開始 updateEntries c:\Users\もちねこ\Desktop\GitHub\RPAScript-1\OCRView\TKINTERCV2Setting.py
[2022/10/08 00:32:31][DEBUG](TKINTERCV2Setting.py:941) 列名設定項目を再配置完了 updateEntries c:\Users\もちねこ\Desktop\GitHub\RPAScript-1\OCRView\TKINTERCV2Setting.py
[2022/10/08 00:32:31][DEBUG](TKINTERCV2Setting.py:1319) 透過キャンバス(上ウィンドウ)に罫線描画処理完了 Gra c:\Users\もちねこ\Desktop\GitHub\RPAScript-1\OCRView\TKINTERCV2Setting.py
[2022/10/08 00:32:31][DEBUG](TKINTERCV2Setting.py:805) 下ウィンドウに画像をリサイズして配置開始 InportIMG c:\Users\もちねこ\Desktop\GitHub\RPAScript-1\OCRView\TKINTERCV2Setting.py
[2022/10/08 00:32:31][DEBUG](TKINTERCV2Setting.py:513) TKINTERCV2Setting_Application起動完了 __init__ c:\Users\もちねこ\Desktop\GitHub\RPAScript-1\OCRView\TKINTERCV2Setting.py
[2022/10/08 00:32:44][DEBUG](TKINTERCV2Setting.py:1343) 確定ボタンクリック処理開始 EnterP c:\Users\もちねこ\Desktop\GitHub\RPAScript-1\OCRView\TKINTERCV2Setting.py
[2022/10/08 00:32:44][DEBUG](TKINTERCV2Setting.py:1000) 列名設定項目取得関数開始 GetEntryTextButton_click c:\Users\もちねこ\Desktop\GitHub\RPAScript-1\OCRView\TKINTERCV2Setting.py
[2022/10/08 00:32:45][DEBUG](TKINTERCV2Setting.py:1457) 縦横リスト書出完了 EnterP c:\Users\もちねこ\Desktop\GitHub\RPAScript-1\OCRView\TKINTERCV2Setting.py
[2022/10/08 00:32:45][DEBUG](OCRFlow.py:153) Bankrentxtver起動 DiffListCreate c:\Users\もちねこ\Desktop\GitHub\RPAScript-1\OCRView\OCRFlow.py
[2022/10/08 00:32:45][DEBUG](GCloudVision.py:109) get_document_bounds(GoogleVisionAPI)開始: debug level log get_document_bounds_BANK c:\Users\もちねこ\Desktop\GitHub\RPAScript-1\OCRView\GCloudVision.py
[2022/10/08 00:32:46][DEBUG](GCloudVision.py:147) get_document_bounds(GoogleVisionAPI)終了: debug level log get_document_bounds_BANK c:\Users\もちねこ\Desktop\GitHub\RPAScript-1\OCRView\GCloudVision.py
[2022/10/08 00:32:46][DEBUG](GCloudVision.py:417) rentxtver(OCR結果を整形eTax以外)成功: debug level log Bankrentxtver c:\Users\もちねこ\Desktop\GitHub\RPAScript-1\OCRView\GCloudVision.py
[2022/10/08 00:32:46][DEBUG](OCRFlow.py:160) Bankrentxtver完了 DiffListCreate c:\Users\もちねこ\Desktop\GitHub\RPAScript-1\OCRView\OCRFlow.py
[2022/10/08 00:32:46][DEBUG](OCRFlow.py:350) GoogleAPI後編集処理完了 DiffListCreate c:\Users\もちねこ\Desktop\GitHub\RPAScript-1\OCRView\OCRFlow.py
[2022/10/08 00:32:46][DEBUG](OCRFlow.py:381) GoogleAPI後dfto_csv開始 DiffListCreate c:\Users\もちねこ\Desktop\GitHub\RPAScript-1\OCRView\OCRFlow.py
[2022/10/08 00:32:46][DEBUG](OCRFlow.py:394) GoogleAPI後csv処理完了 DiffListCreate c:\Users\もちねこ\Desktop\GitHub\RPAScript-1\OCRView\OCRFlow.py
[2022/10/08 00:32:46][DEBUG](TKINTERCV2Setting.py:1476) GoogleVisionAPI完了 EnterP c:\Users\もちねこ\Desktop\GitHub\RPAScript-1\OCRView\TKINTERCV2Setting.py
[2022/10/08 00:32:50][DEBUG](P_Table.py:22) P_Table起動 __init__ c:\Users\もちねこ\Desktop\GitHub\RPAScript-1\OCRView\P_Table.py
[2022/10/08 00:32:50][DEBUG](eucjpprober.py:62) EUC-JP Japanese prober hit error at byte 1 feed c:\Users\もちねこ\Desktop\GitHub\RPAScript-1\OCRView\venv\lib\site-packages\chardet\eucjpprober.py
[2022/10/08 00:32:50][DEBUG](mbcharsetprober.py:66) EUC-KR Korean prober hit error at byte 1 feed c:\Users\もちねこ\Desktop\GitHub\RPAScript-1\OCRView\venv\lib\site-packages\chardet\mbcharsetprober.py
[2022/10/08 00:32:50][DEBUG](mbcharsetprober.py:66) Big5 Chinese prober hit error at byte 1 feed c:\Users\もちねこ\Desktop\GitHub\RPAScript-1\OCRView\venv\lib\site-packages\chardet\mbcharsetprober.py
[2022/10/08 00:32:50][DEBUG](mbcharsetprober.py:66) EUC-TW Taiwan prober hit error at byte 1 feed c:\Users\もちねこ\Desktop\GitHub\RPAScript-1\OCRView\venv\lib\site-packages\chardet\mbcharsetprober.py
[2022/10/08 00:32:50][DEBUG](mbcharsetprober.py:66) CP949 Korean prober hit error at byte 42 feed c:\Users\もちねこ\Desktop\GitHub\RPAScript-1\OCRView\venv\lib\site-packages\chardet\mbcharsetprober.py
[2022/10/08 00:32:50][DEBUG](charsetgroupprober.py:98) utf-8 not active get_confidence c:\Users\もちねこ\Desktop\GitHub\RPAScript-1\OCRView\venv\lib\site-packages\chardet\charsetgroupprober.py
[2022/10/08 00:32:50][DEBUG](charsetgroupprober.py:101) SHIFT_JIS Japanese confidence = 0.99 get_confidence c:\Users\もちねこ\Desktop\GitHub\RPAScript-1\OCRView\venv\lib\site-packages\chardet\charsetgroupprober.py
[2022/10/08 00:32:50][DEBUG](charsetgroupprober.py:98) EUC-JP not active get_confidence c:\Users\もちねこ\Desktop\GitHub\RPAScript-1\OCRView\venv\lib\site-packages\chardet\charsetgroupprober.py
[2022/10/08 00:32:50][DEBUG](charsetgroupprober.py:101) GB2312 Chinese confidence = 0.01 get_confidence c:\Users\もちねこ\Desktop\GitHub\RPAScript-1\OCRView\venv\lib\site-packages\chardet\charsetgroupprober.py
[2022/10/08 00:32:50][DEBUG](charsetgroupprober.py:98) EUC-KR not active get_confidence c:\Users\もちねこ\Desktop\GitHub\RPAScript-1\OCRView\venv\lib\site-packages\chardet\charsetgroupprober.py
[2022/10/08 00:32:50][DEBUG](charsetgroupprober.py:98) CP949 not active get_confidence c:\Users\もちねこ\Desktop\GitHub\RPAScript-1\OCRView\venv\lib\site-packages\chardet\charsetgroupprober.py
[2022/10/08 00:32:50][DEBUG](charsetgroupprober.py:98) Big5 not active get_confidence c:\Users\もちねこ\Desktop\GitHub\RPAScript-1\OCRView\venv\lib\site-packages\chardet\charsetgroupprober.py
[2022/10/08 00:32:50][DEBUG](charsetgroupprober.py:98) EUC-TW not active get_confidence c:\Users\もちねこ\Desktop\GitHub\RPAScript-1\OCRView\venv\lib\site-packages\chardet\charsetgroupprober.py
[2022/10/08 00:32:50][DEBUG](charsetgroupprober.py:101) windows-1251 Russian confidence = 0.01 get_confidence c:\Users\もちねこ\Desktop\GitHub\RPAScript-1\OCRView\venv\lib\site-packages\chardet\charsetgroupprober.py
[2022/10/08 00:32:50][DEBUG](charsetgroupprober.py:101) KOI8-R Russian confidence = 0.01 get_confidence c:\Users\もちねこ\Desktop\GitHub\RPAScript-1\OCRView\venv\lib\site-packages\chardet\charsetgroupprober.py
[2022/10/08 00:32:50][DEBUG](charsetgroupprober.py:101) ISO-8859-5 Russian confidence = 0.01 get_confidence c:\Users\もちねこ\Desktop\GitHub\RPAScript-1\OCRView\venv\lib\site-packages\chardet\charsetgroupprober.py
[2022/10/08 00:32:50][DEBUG](charsetgroupprober.py:101) MacCyrillic Russian confidence = 0.0 get_confidence c:\Users\もちねこ\Desktop\GitHub\RPAScript-1\OCRView\venv\lib\site-packages\chardet\charsetgroupprober.py
[2022/10/08 00:32:50][DEBUG](charsetgroupprober.py:101) IBM866 Russian confidence = 0.0 get_confidence c:\Users\もちねこ\Desktop\GitHub\RPAScript-1\OCRView\venv\lib\site-packages\chardet\charsetgroupprober.py
[2022/10/08 00:32:50][DEBUG](charsetgroupprober.py:101) IBM855 Russian confidence = 0.01 get_confidence c:\Users\もちねこ\Desktop\GitHub\RPAScript-1\OCRView\venv\lib\site-packages\chardet\charsetgroupprober.py
[2022/10/08 00:32:50][DEBUG](charsetgroupprober.py:101) ISO-8859-7 Greek confidence = 0.01 get_confidence c:\Users\もちねこ\Desktop\GitHub\RPAScript-1\OCRView\venv\lib\site-packages\chardet\charsetgroupprober.py
[2022/10/08 00:32:50][DEBUG](charsetgroupprober.py:101) windows-1253 Greek confidence = 0.01 get_confidence c:\Users\もちねこ\Desktop\GitHub\RPAScript-1\OCRView\venv\lib\site-packages\chardet\charsetgroupprober.py
[2022/10/08 00:32:50][DEBUG](charsetgroupprober.py:101) ISO-8859-5 Bulgarian confidence = 0.01 get_confidence c:\Users\もちねこ\Desktop\GitHub\RPAScript-1\OCRView\venv\lib\site-packages\chardet\charsetgroupprober.py
[2022/10/08 00:32:50][DEBUG](charsetgroupprober.py:101) windows-1251 Bulgarian confidence = 0.01 get_confidence c:\Users\もちねこ\Desktop\GitHub\RPAScript-1\OCRView\venv\lib\site-packages\chardet\charsetgroupprober.py
[2022/10/08 00:32:50][DEBUG](charsetgroupprober.py:101) TIS-620 Thai confidence = 0.01 get_confidence c:\Users\もちねこ\Desktop\GitHub\RPAScript-1\OCRView\venv\lib\site-packages\chardet\charsetgroupprober.py
[2022/10/08 00:32:50][DEBUG](charsetgroupprober.py:101) ISO-8859-9 Turkish confidence = 0.0 get_confidence c:\Users\もちねこ\Desktop\GitHub\RPAScript-1\OCRView\venv\lib\site-packages\chardet\charsetgroupprober.py
[2022/10/08 00:32:50][DEBUG](charsetgroupprober.py:101) windows-1255 Hebrew confidence = 0.0 get_confidence c:\Users\もちねこ\Desktop\GitHub\RPAScript-1\OCRView\venv\lib\site-packages\chardet\charsetgroupprober.py
[2022/10/08 00:32:50][DEBUG](charsetgroupprober.py:101) windows-1255 Hebrew confidence = 0.0 get_confidence c:\Users\もちねこ\Desktop\GitHub\RPAScript-1\OCRView\venv\lib\site-packages\chardet\charsetgroupprober.py
[2022/10/08 00:32:50][DEBUG](charsetgroupprober.py:101) windows-1255 Hebrew confidence = 0.0 get_confidence c:\Users\もちねこ\Desktop\GitHub\RPAScript-1\OCRView\venv\lib\site-packages\chardet\charsetgroupprober.py
[2022/10/08 00:32:50][DEBUG](charsetgroupprober.py:98) utf-8 not active get_confidence c:\Users\もちねこ\Desktop\GitHub\RPAScript-1\OCRView\venv\lib\site-packages\chardet\charsetgroupprober.py
[2022/10/08 00:32:50][DEBUG](charsetgroupprober.py:101) SHIFT_JIS Japanese confidence = 0.99 get_confidence c:\Users\もちねこ\Desktop\GitHub\RPAScript-1\OCRView\venv\lib\site-packages\chardet\charsetgroupprober.py
[2022/10/08 00:32:50][DEBUG](charsetgroupprober.py:98) EUC-JP not active get_confidence c:\Users\もちねこ\Desktop\GitHub\RPAScript-1\OCRView\venv\lib\site-packages\chardet\charsetgroupprober.py
[2022/10/08 00:32:50][DEBUG](charsetgroupprober.py:101) GB2312 Chinese confidence = 0.01 get_confidence c:\Users\もちねこ\Desktop\GitHub\RPAScript-1\OCRView\venv\lib\site-packages\chardet\charsetgroupprober.py
[2022/10/08 00:32:50][DEBUG](charsetgroupprober.py:98) EUC-KR not active get_confidence c:\Users\もちねこ\Desktop\GitHub\RPAScript-1\OCRView\venv\lib\site-packages\chardet\charsetgroupprober.py
[2022/10/08 00:32:50][DEBUG](charsetgroupprober.py:98) CP949 not active get_confidence c:\Users\もちねこ\Desktop\GitHub\RPAScript-1\OCRView\venv\lib\site-packages\chardet\charsetgroupprober.py
[2022/10/08 00:32:50][DEBUG](charsetgroupprober.py:98) Big5 not active get_confidence c:\Users\もちねこ\Desktop\GitHub\RPAScript-1\OCRView\venv\lib\site-packages\chardet\charsetgroupprober.py
[2022/10/08 00:32:50][DEBUG](charsetgroupprober.py:98) EUC-TW not active get_confidence c:\Users\もちねこ\Desktop\GitHub\RPAScript-1\OCRView\venv\lib\site-packages\chardet\charsetgroupprober.py
[2022/10/08 00:32:50][DEBUG](DGFrame.py:122) ページ連結完了 JoinCSV c:\Users\もちねこ\Desktop\GitHub\RPAScript-1\OCRView\Frame\DGFrame.py
[2022/10/08 00:32:50][DEBUG](DGFrame.py:125) ページ連結失敗 JoinCSV c:\Users\もちねこ\Desktop\GitHub\RPAScript-1\OCRView\Frame\DGFrame.py
