[2022/10/06 15:24:06][DEBUG](TKINTERCV2Setting.py:40) TKINTERCV2Setting_Application起動 __init__ d:\PythonScript\RPAScript\OCRView\TKINTERCV2Setting.py
[2022/10/06 15:24:06][DEBUG](TKINTERCV2Setting.py:873) 列名設定項目を作成して再配置開始 createEntry d:\PythonScript\RPAScript\OCRView\TKINTERCV2Setting.py
[2022/10/06 15:24:06][DEBUG](TKINTERCV2Setting.py:821) 列名設定項目を再配置開始 updateEntries d:\PythonScript\RPAScript\OCRView\TKINTERCV2Setting.py
[2022/10/06 15:24:06][DEBUG](TKINTERCV2Setting.py:865) 列名設定項目を再配置完了 updateEntries d:\PythonScript\RPAScript\OCRView\TKINTERCV2Setting.py
[2022/10/06 15:24:06][DEBUG](TKINTERCV2Setting.py:873) 列名設定項目を作成して再配置開始 createEntry d:\PythonScript\RPAScript\OCRView\TKINTERCV2Setting.py
[2022/10/06 15:24:06][DEBUG](TKINTERCV2Setting.py:821) 列名設定項目を再配置開始 updateEntries d:\PythonScript\RPAScript\OCRView\TKINTERCV2Setting.py
[2022/10/06 15:24:06][DEBUG](TKINTERCV2Setting.py:865) 列名設定項目を再配置完了 updateEntries d:\PythonScript\RPAScript\OCRView\TKINTERCV2Setting.py
[2022/10/06 15:24:06][DEBUG](TKINTERCV2Setting.py:873) 列名設定項目を作成して再配置開始 createEntry d:\PythonScript\RPAScript\OCRView\TKINTERCV2Setting.py
[2022/10/06 15:24:06][DEBUG](TKINTERCV2Setting.py:821) 列名設定項目を再配置開始 updateEntries d:\PythonScript\RPAScript\OCRView\TKINTERCV2Setting.py
[2022/10/06 15:24:06][DEBUG](TKINTERCV2Setting.py:865) 列名設定項目を再配置完了 updateEntries d:\PythonScript\RPAScript\OCRView\TKINTERCV2Setting.py
[2022/10/06 15:24:06][DEBUG](TKINTERCV2Setting.py:873) 列名設定項目を作成して再配置開始 createEntry d:\PythonScript\RPAScript\OCRView\TKINTERCV2Setting.py
[2022/10/06 15:24:06][DEBUG](TKINTERCV2Setting.py:821) 列名設定項目を再配置開始 updateEntries d:\PythonScript\RPAScript\OCRView\TKINTERCV2Setting.py
[2022/10/06 15:24:06][DEBUG](TKINTERCV2Setting.py:865) 列名設定項目を再配置完了 updateEntries d:\PythonScript\RPAScript\OCRView\TKINTERCV2Setting.py
[2022/10/06 15:24:06][DEBUG](TKINTERCV2Setting.py:873) 列名設定項目を作成して再配置開始 createEntry d:\PythonScript\RPAScript\OCRView\TKINTERCV2Setting.py
[2022/10/06 15:24:06][DEBUG](TKINTERCV2Setting.py:821) 列名設定項目を再配置開始 updateEntries d:\PythonScript\RPAScript\OCRView\TKINTERCV2Setting.py
[2022/10/06 15:24:06][DEBUG](TKINTERCV2Setting.py:865) 列名設定項目を再配置完了 updateEntries d:\PythonScript\RPAScript\OCRView\TKINTERCV2Setting.py
[2022/10/06 15:24:06][DEBUG](TKINTERCV2Setting.py:873) 列名設定項目を作成して再配置開始 createEntry d:\PythonScript\RPAScript\OCRView\TKINTERCV2Setting.py
[2022/10/06 15:24:06][DEBUG](TKINTERCV2Setting.py:821) 列名設定項目を再配置開始 updateEntries d:\PythonScript\RPAScript\OCRView\TKINTERCV2Setting.py
[2022/10/06 15:24:06][DEBUG](TKINTERCV2Setting.py:865) 列名設定項目を再配置完了 updateEntries d:\PythonScript\RPAScript\OCRView\TKINTERCV2Setting.py
[2022/10/06 15:24:06][DEBUG](TKINTERCV2Setting.py:1230) 透過キャンバス(上ウィンドウ)に罫線描画処理完了 Gra d:\PythonScript\RPAScript\OCRView\TKINTERCV2Setting.py
[2022/10/06 15:24:06][DEBUG](TKINTERCV2Setting.py:729) 下ウィンドウに画像をリサイズして配置開始 InportIMG d:\PythonScript\RPAScript\OCRView\TKINTERCV2Setting.py
[2022/10/06 15:24:07][DEBUG](TKINTERCV2Setting.py:479) TKINTERCV2Setting_Application起動完了 __init__ d:\PythonScript\RPAScript\OCRView\TKINTERCV2Setting.py
