[2022/10/05 20:15:40][DEBUG](ViewGUI.py:44) Network: ws247 __init__ d:\PythonScript\RPAScript\OCRView\ViewGUI.py
[2022/10/05 20:15:40][DEBUG](ViewGUI.py:45) Machine: AMD64 __init__ d:\PythonScript\RPAScript\OCRView\ViewGUI.py
[2022/10/05 20:15:40][DEBUG](ViewGUI.py:46) Processor: Intel64 Family 6 Model 165 Stepping 5, GenuineIntel __init__ d:\PythonScript\RPAScript\OCRView\ViewGUI.py
[2022/10/05 20:15:40][DEBUG](ViewGUI.py:47) Platform: Windows-10-10.0.19041-SP0 __init__ d:\PythonScript\RPAScript\OCRView\ViewGUI.py
[2022/10/05 20:15:40][DEBUG](ViewGUI.py:48) System: Windows __init__ d:\PythonScript\RPAScript\OCRView\ViewGUI.py
[2022/10/05 20:15:40][DEBUG](ViewGUI.py:49) Release: 10 __init__ d:\PythonScript\RPAScript\OCRView\ViewGUI.py
[2022/10/05 20:15:40][DEBUG](ViewGUI.py:50) Version: 10.0.19041 __init__ d:\PythonScript\RPAScript\OCRView\ViewGUI.py
[2022/10/05 20:15:40][DEBUG](ViewGUI.py:51) MAC Address: 80E8_2CFB_55FD __init__ d:\PythonScript\RPAScript\OCRView\ViewGUI.py
[2022/10/05 20:15:40][DEBUG](ViewGUI.py:52) Host name: ws247 __init__ d:\PythonScript\RPAScript\OCRView\ViewGUI.py
[2022/10/05 20:15:40][DEBUG](ViewGUI.py:53) IP Address: 192.168.56.1 __init__ d:\PythonScript\RPAScript\OCRView\ViewGUI.py
[2022/10/05 20:15:40][DEBUG](ViewGUI.py:54) ViewGUI起動 __init__ d:\PythonScript\RPAScript\OCRView\ViewGUI.py
[2022/10/05 20:15:40][DEBUG](ViewGUI.py:80) ViewGUI起動完了 __init__ d:\PythonScript\RPAScript\OCRView\ViewGUI.py
[2022/10/05 20:15:44][DEBUG](ViewGUI.py:504) ファイル選択起動 event_set_file d:\PythonScript\RPAScript\OCRView\ViewGUI.py
[2022/10/05 20:15:44][DEBUG](ViewGUI.py:751) OverSaveボタン起動 event_Searchsave d:\PythonScript\RPAScript\OCRView\ViewGUI.py
[2022/10/05 20:15:50][DEBUG](ViewGUI.py:556) D:/OCRTESTPDF/PDFTEST_ファイル選択完了 event_set_file d:\PythonScript\RPAScript\OCRView\ViewGUI.py
[2022/10/05 20:15:52][DEBUG](ViewGUI.py:802) OCR処理起動 LinOCROpen d:\PythonScript\RPAScript\OCRView\ViewGUI.py
[2022/10/05 20:15:52][DEBUG](ViewGUI.py:751) OverSaveボタン起動 event_Searchsave d:\PythonScript\RPAScript\OCRView\ViewGUI.py
[2022/10/05 20:15:52][DEBUG](TKINTERCV2Setting.py:39) TKINTERCV2Setting_Application起動 __init__ d:\PythonScript\RPAScript\OCRView\TKINTERCV2Setting.py
[2022/10/05 20:15:52][DEBUG](TKINTERCV2Setting.py:760) 列名設定項目を作成して再配置開始 createEntry d:\PythonScript\RPAScript\OCRView\TKINTERCV2Setting.py
[2022/10/05 20:15:52][DEBUG](TKINTERCV2Setting.py:708) 列名設定項目を再配置開始 updateEntries d:\PythonScript\RPAScript\OCRView\TKINTERCV2Setting.py
[2022/10/05 20:15:52][DEBUG](TKINTERCV2Setting.py:752) 列名設定項目を再配置完了 updateEntries d:\PythonScript\RPAScript\OCRView\TKINTERCV2Setting.py
[2022/10/05 20:15:52][DEBUG](TKINTERCV2Setting.py:760) 列名設定項目を作成して再配置開始 createEntry d:\PythonScript\RPAScript\OCRView\TKINTERCV2Setting.py
[2022/10/05 20:15:52][DEBUG](TKINTERCV2Setting.py:708) 列名設定項目を再配置開始 updateEntries d:\PythonScript\RPAScript\OCRView\TKINTERCV2Setting.py
[2022/10/05 20:15:52][DEBUG](TKINTERCV2Setting.py:752) 列名設定項目を再配置完了 updateEntries d:\PythonScript\RPAScript\OCRView\TKINTERCV2Setting.py
[2022/10/05 20:15:52][DEBUG](TKINTERCV2Setting.py:760) 列名設定項目を作成して再配置開始 createEntry d:\PythonScript\RPAScript\OCRView\TKINTERCV2Setting.py
[2022/10/05 20:15:52][DEBUG](TKINTERCV2Setting.py:708) 列名設定項目を再配置開始 updateEntries d:\PythonScript\RPAScript\OCRView\TKINTERCV2Setting.py
[2022/10/05 20:15:52][DEBUG](TKINTERCV2Setting.py:752) 列名設定項目を再配置完了 updateEntries d:\PythonScript\RPAScript\OCRView\TKINTERCV2Setting.py
[2022/10/05 20:15:52][DEBUG](TKINTERCV2Setting.py:760) 列名設定項目を作成して再配置開始 createEntry d:\PythonScript\RPAScript\OCRView\TKINTERCV2Setting.py
[2022/10/05 20:15:52][DEBUG](TKINTERCV2Setting.py:708) 列名設定項目を再配置開始 updateEntries d:\PythonScript\RPAScript\OCRView\TKINTERCV2Setting.py
[2022/10/05 20:15:52][DEBUG](TKINTERCV2Setting.py:752) 列名設定項目を再配置完了 updateEntries d:\PythonScript\RPAScript\OCRView\TKINTERCV2Setting.py
[2022/10/05 20:15:52][DEBUG](TKINTERCV2Setting.py:760) 列名設定項目を作成して再配置開始 createEntry d:\PythonScript\RPAScript\OCRView\TKINTERCV2Setting.py
[2022/10/05 20:15:52][DEBUG](TKINTERCV2Setting.py:708) 列名設定項目を再配置開始 updateEntries d:\PythonScript\RPAScript\OCRView\TKINTERCV2Setting.py
[2022/10/05 20:15:52][DEBUG](TKINTERCV2Setting.py:752) 列名設定項目を再配置完了 updateEntries d:\PythonScript\RPAScript\OCRView\TKINTERCV2Setting.py
[2022/10/05 20:15:52][DEBUG](TKINTERCV2Setting.py:760) 列名設定項目を作成して再配置開始 createEntry d:\PythonScript\RPAScript\OCRView\TKINTERCV2Setting.py
[2022/10/05 20:15:52][DEBUG](TKINTERCV2Setting.py:708) 列名設定項目を再配置開始 updateEntries d:\PythonScript\RPAScript\OCRView\TKINTERCV2Setting.py
[2022/10/05 20:15:52][DEBUG](TKINTERCV2Setting.py:752) 列名設定項目を再配置完了 updateEntries d:\PythonScript\RPAScript\OCRView\TKINTERCV2Setting.py
[2022/10/05 20:15:52][DEBUG](TKINTERCV2Setting.py:1117) 透過キャンバス(上ウィンドウ)に罫線描画処理完了 Gra d:\PythonScript\RPAScript\OCRView\TKINTERCV2Setting.py
[2022/10/05 20:15:52][DEBUG](TKINTERCV2Setting.py:616) 下ウィンドウに画像をリサイズして配置開始 InportIMG d:\PythonScript\RPAScript\OCRView\TKINTERCV2Setting.py
[2022/10/05 20:15:52][DEBUG](TKINTERCV2Setting.py:366) TKINTERCV2Setting_Application起動完了 __init__ d:\PythonScript\RPAScript\OCRView\TKINTERCV2Setting.py
[2022/10/05 20:15:57][DEBUG](TKINTERCV2Setting.py:1427) Line9_縦直線描画処理完了 click1 d:\PythonScript\RPAScript\OCRView\TKINTERCV2Setting.py
[2022/10/05 20:15:59][DEBUG](TKINTERCV2Setting.py:1427) Line8_縦直線描画処理完了 click1 d:\PythonScript\RPAScript\OCRView\TKINTERCV2Setting.py
[2022/10/05 20:16:04][DEBUG](TKINTERCV2Setting.py:1427) Line8_縦直線描画処理完了 click1 d:\PythonScript\RPAScript\OCRView\TKINTERCV2Setting.py
[2022/10/05 20:16:08][DEBUG](TKINTERCV2Setting.py:1427) Line7_縦直線描画処理完了 click1 d:\PythonScript\RPAScript\OCRView\TKINTERCV2Setting.py
[2022/10/05 20:16:09][DEBUG](TKINTERCV2Setting.py:1427) Line7_縦直線描画処理完了 click1 d:\PythonScript\RPAScript\OCRView\TKINTERCV2Setting.py
[2022/10/05 20:16:10][DEBUG](TKINTERCV2Setting.py:1427) Line6_縦直線描画処理完了 click1 d:\PythonScript\RPAScript\OCRView\TKINTERCV2Setting.py
[2022/10/05 20:16:16][DEBUG](TKINTERCV2Setting.py:1427) Line5_縦直線描画処理完了 click1 d:\PythonScript\RPAScript\OCRView\TKINTERCV2Setting.py
[2022/10/05 20:16:20][DEBUG](TKINTERCV2Setting.py:1427) Line4_縦直線描画処理完了 click1 d:\PythonScript\RPAScript\OCRView\TKINTERCV2Setting.py
[2022/10/05 20:16:22][DEBUG](TKINTERCV2Setting.py:1427) Line3_縦直線描画処理完了 click1 d:\PythonScript\RPAScript\OCRView\TKINTERCV2Setting.py
[2022/10/05 20:16:27][DEBUG](TKINTERCV2Setting.py:1427) Line2_縦直線描画処理完了 click1 d:\PythonScript\RPAScript\OCRView\TKINTERCV2Setting.py
[2022/10/05 20:16:30][DEBUG](TKINTERCV2Setting.py:1427) Line1_縦直線描画処理完了 click1 d:\PythonScript\RPAScript\OCRView\TKINTERCV2Setting.py
[2022/10/05 20:16:35][DEBUG](TKINTERCV2Setting.py:1141) 確定ボタンクリック処理開始 EnterP d:\PythonScript\RPAScript\OCRView\TKINTERCV2Setting.py
[2022/10/05 20:16:35][DEBUG](TKINTERCV2Setting.py:799) 列名設定項目取得関数開始 GetEntryTextButton_click d:\PythonScript\RPAScript\OCRView\TKINTERCV2Setting.py
[2022/10/05 20:16:36][DEBUG](TKINTERCV2Setting.py:1255) 縦横リスト書出完了 EnterP d:\PythonScript\RPAScript\OCRView\TKINTERCV2Setting.py
[2022/10/05 20:16:36][DEBUG](OCRFlow.py:153) Bankrentxtver起動 DiffListCreate d:\PythonScript\RPAScript\OCRView\OCRFlow.py
[2022/10/05 20:16:36][DEBUG](GCloudVision.py:109) get_document_bounds(GoogleVisionAPI)開始: debug level log get_document_bounds_BANK d:\PythonScript\RPAScript\OCRView\GCloudVision.py
[2022/10/05 20:16:37][DEBUG](GCloudVision.py:147) get_document_bounds(GoogleVisionAPI)終了: debug level log get_document_bounds_BANK d:\PythonScript\RPAScript\OCRView\GCloudVision.py
[2022/10/05 20:16:38][DEBUG](GCloudVision.py:417) rentxtver(OCR結果を整形eTax以外)成功: debug level log Bankrentxtver d:\PythonScript\RPAScript\OCRView\GCloudVision.py
[2022/10/05 20:16:38][DEBUG](OCRFlow.py:160) Bankrentxtver完了 DiffListCreate d:\PythonScript\RPAScript\OCRView\OCRFlow.py
[2022/10/05 20:16:38][DEBUG](OCRFlow.py:350) GoogleAPI後編集処理完了 DiffListCreate d:\PythonScript\RPAScript\OCRView\OCRFlow.py
[2022/10/05 20:16:38][DEBUG](eucjpprober.py:62) EUC-JP Japanese prober hit error at byte 0 feed d:\PythonScript\RPAScript\OCRFlowVenv\lib\site-packages\chardet\eucjpprober.py
[2022/10/05 20:16:38][DEBUG](mbcharsetprober.py:66) EUC-KR Korean prober hit error at byte 0 feed d:\PythonScript\RPAScript\OCRFlowVenv\lib\site-packages\chardet\mbcharsetprober.py
[2022/10/05 20:16:38][DEBUG](mbcharsetprober.py:66) Big5 Chinese prober hit error at byte 0 feed d:\PythonScript\RPAScript\OCRFlowVenv\lib\site-packages\chardet\mbcharsetprober.py
[2022/10/05 20:16:38][DEBUG](mbcharsetprober.py:66) EUC-TW Taiwan prober hit error at byte 0 feed d:\PythonScript\RPAScript\OCRFlowVenv\lib\site-packages\chardet\mbcharsetprober.py
[2022/10/05 20:16:38][DEBUG](mbcharsetprober.py:66) CP949 Korean prober hit error at byte 18 feed d:\PythonScript\RPAScript\OCRFlowVenv\lib\site-packages\chardet\mbcharsetprober.py
[2022/10/05 20:16:38][DEBUG](charsetgroupprober.py:98) utf-8 not active get_confidence d:\PythonScript\RPAScript\OCRFlowVenv\lib\site-packages\chardet\charsetgroupprober.py
[2022/10/05 20:16:38][DEBUG](charsetgroupprober.py:101) SHIFT_JIS Japanese confidence = 0.99 get_confidence d:\PythonScript\RPAScript\OCRFlowVenv\lib\site-packages\chardet\charsetgroupprober.py
[2022/10/05 20:16:38][DEBUG](charsetgroupprober.py:98) EUC-JP not active get_confidence d:\PythonScript\RPAScript\OCRFlowVenv\lib\site-packages\chardet\charsetgroupprober.py
[2022/10/05 20:16:38][DEBUG](charsetgroupprober.py:101) GB2312 Chinese confidence = 0.01 get_confidence d:\PythonScript\RPAScript\OCRFlowVenv\lib\site-packages\chardet\charsetgroupprober.py
[2022/10/05 20:16:38][DEBUG](charsetgroupprober.py:98) EUC-KR not active get_confidence d:\PythonScript\RPAScript\OCRFlowVenv\lib\site-packages\chardet\charsetgroupprober.py
[2022/10/05 20:16:38][DEBUG](charsetgroupprober.py:98) CP949 not active get_confidence d:\PythonScript\RPAScript\OCRFlowVenv\lib\site-packages\chardet\charsetgroupprober.py
[2022/10/05 20:16:38][DEBUG](charsetgroupprober.py:98) Big5 not active get_confidence d:\PythonScript\RPAScript\OCRFlowVenv\lib\site-packages\chardet\charsetgroupprober.py
[2022/10/05 20:16:38][DEBUG](charsetgroupprober.py:98) EUC-TW not active get_confidence d:\PythonScript\RPAScript\OCRFlowVenv\lib\site-packages\chardet\charsetgroupprober.py
[2022/10/05 20:16:38][DEBUG](charsetgroupprober.py:101) windows-1251 Russian confidence = 0.01 get_confidence d:\PythonScript\RPAScript\OCRFlowVenv\lib\site-packages\chardet\charsetgroupprober.py
[2022/10/05 20:16:38][DEBUG](charsetgroupprober.py:101) KOI8-R Russian confidence = 0.01 get_confidence d:\PythonScript\RPAScript\OCRFlowVenv\lib\site-packages\chardet\charsetgroupprober.py
[2022/10/05 20:16:38][DEBUG](charsetgroupprober.py:101) ISO-8859-5 Russian confidence = 0.01 get_confidence d:\PythonScript\RPAScript\OCRFlowVenv\lib\site-packages\chardet\charsetgroupprober.py
[2022/10/05 20:16:38][DEBUG](charsetgroupprober.py:101) MacCyrillic Russian confidence = 0.04453944626266288 get_confidence d:\PythonScript\RPAScript\OCRFlowVenv\lib\site-packages\chardet\charsetgroupprober.py
[2022/10/05 20:16:38][DEBUG](charsetgroupprober.py:101) IBM866 Russian confidence = 0.010559076051085178 get_confidence d:\PythonScript\RPAScript\OCRFlowVenv\lib\site-packages\chardet\charsetgroupprober.py
[2022/10/05 20:16:38][DEBUG](charsetgroupprober.py:101) IBM855 Russian confidence = 0.01 get_confidence d:\PythonScript\RPAScript\OCRFlowVenv\lib\site-packages\chardet\charsetgroupprober.py
[2022/10/05 20:16:38][DEBUG](charsetgroupprober.py:101) ISO-8859-7 Greek confidence = 0.01 get_confidence d:\PythonScript\RPAScript\OCRFlowVenv\lib\site-packages\chardet\charsetgroupprober.py
[2022/10/05 20:16:38][DEBUG](charsetgroupprober.py:101) windows-1253 Greek confidence = 0.01 get_confidence d:\PythonScript\RPAScript\OCRFlowVenv\lib\site-packages\chardet\charsetgroupprober.py
[2022/10/05 20:16:38][DEBUG](charsetgroupprober.py:101) ISO-8859-5 Bulgarian confidence = 0.01 get_confidence d:\PythonScript\RPAScript\OCRFlowVenv\lib\site-packages\chardet\charsetgroupprober.py
[2022/10/05 20:16:38][DEBUG](charsetgroupprober.py:101) windows-1251 Bulgarian confidence = 0.01 get_confidence d:\PythonScript\RPAScript\OCRFlowVenv\lib\site-packages\chardet\charsetgroupprober.py
[2022/10/05 20:16:38][DEBUG](charsetgroupprober.py:101) TIS-620 Thai confidence = 0.01 get_confidence d:\PythonScript\RPAScript\OCRFlowVenv\lib\site-packages\chardet\charsetgroupprober.py
[2022/10/05 20:16:38][DEBUG](charsetgroupprober.py:101) ISO-8859-9 Turkish confidence = 0.0 get_confidence d:\PythonScript\RPAScript\OCRFlowVenv\lib\site-packages\chardet\charsetgroupprober.py
[2022/10/05 20:16:38][DEBUG](charsetgroupprober.py:101) windows-1255 Hebrew confidence = 0.0 get_confidence d:\PythonScript\RPAScript\OCRFlowVenv\lib\site-packages\chardet\charsetgroupprober.py
[2022/10/05 20:16:38][DEBUG](charsetgroupprober.py:101) windows-1255 Hebrew confidence = 0.0 get_confidence d:\PythonScript\RPAScript\OCRFlowVenv\lib\site-packages\chardet\charsetgroupprober.py
[2022/10/05 20:16:38][DEBUG](charsetgroupprober.py:101) windows-1255 Hebrew confidence = 0.0 get_confidence d:\PythonScript\RPAScript\OCRFlowVenv\lib\site-packages\chardet\charsetgroupprober.py
[2022/10/05 20:16:38][DEBUG](charsetgroupprober.py:98) utf-8 not active get_confidence d:\PythonScript\RPAScript\OCRFlowVenv\lib\site-packages\chardet\charsetgroupprober.py
[2022/10/05 20:16:38][DEBUG](charsetgroupprober.py:101) SHIFT_JIS Japanese confidence = 0.99 get_confidence d:\PythonScript\RPAScript\OCRFlowVenv\lib\site-packages\chardet\charsetgroupprober.py
[2022/10/05 20:16:38][DEBUG](charsetgroupprober.py:98) EUC-JP not active get_confidence d:\PythonScript\RPAScript\OCRFlowVenv\lib\site-packages\chardet\charsetgroupprober.py
[2022/10/05 20:16:38][DEBUG](charsetgroupprober.py:101) GB2312 Chinese confidence = 0.01 get_confidence d:\PythonScript\RPAScript\OCRFlowVenv\lib\site-packages\chardet\charsetgroupprober.py
[2022/10/05 20:16:38][DEBUG](charsetgroupprober.py:98) EUC-KR not active get_confidence d:\PythonScript\RPAScript\OCRFlowVenv\lib\site-packages\chardet\charsetgroupprober.py
[2022/10/05 20:16:38][DEBUG](charsetgroupprober.py:98) CP949 not active get_confidence d:\PythonScript\RPAScript\OCRFlowVenv\lib\site-packages\chardet\charsetgroupprober.py
[2022/10/05 20:16:38][DEBUG](charsetgroupprober.py:98) Big5 not active get_confidence d:\PythonScript\RPAScript\OCRFlowVenv\lib\site-packages\chardet\charsetgroupprober.py
[2022/10/05 20:16:38][DEBUG](charsetgroupprober.py:98) EUC-TW not active get_confidence d:\PythonScript\RPAScript\OCRFlowVenv\lib\site-packages\chardet\charsetgroupprober.py
[2022/10/05 20:16:38][DEBUG](OCRFlow.py:381) GoogleAPI後dfto_csv開始 DiffListCreate d:\PythonScript\RPAScript\OCRView\OCRFlow.py
[2022/10/05 20:16:38][DEBUG](OCRFlow.py:384) GoogleAPI後dfto_csvエラー後開始 DiffListCreate d:\PythonScript\RPAScript\OCRView\OCRFlow.py
[2022/10/05 20:16:38][DEBUG](OCRFlow.py:394) GoogleAPI後csv処理完了 DiffListCreate d:\PythonScript\RPAScript\OCRView\OCRFlow.py
[2022/10/05 20:16:38][DEBUG](TKINTERCV2Setting.py:1279) GoogleVisionAPI完了 EnterP d:\PythonScript\RPAScript\OCRView\TKINTERCV2Setting.py
[2022/10/05 20:16:43][DEBUG](P_Table.py:19) P_Table起動 __init__ d:\PythonScript\RPAScript\OCRView\P_Table.py
[2022/10/05 20:16:43][DEBUG](eucjpprober.py:62) EUC-JP Japanese prober hit error at byte 1 feed d:\PythonScript\RPAScript\OCRFlowVenv\lib\site-packages\chardet\eucjpprober.py
[2022/10/05 20:16:43][DEBUG](mbcharsetprober.py:66) EUC-KR Korean prober hit error at byte 1 feed d:\PythonScript\RPAScript\OCRFlowVenv\lib\site-packages\chardet\mbcharsetprober.py
[2022/10/05 20:16:43][DEBUG](mbcharsetprober.py:66) Big5 Chinese prober hit error at byte 1 feed d:\PythonScript\RPAScript\OCRFlowVenv\lib\site-packages\chardet\mbcharsetprober.py
[2022/10/05 20:16:43][DEBUG](mbcharsetprober.py:66) EUC-TW Taiwan prober hit error at byte 1 feed d:\PythonScript\RPAScript\OCRFlowVenv\lib\site-packages\chardet\mbcharsetprober.py
[2022/10/05 20:16:43][DEBUG](sjisprober.py:61) SHIFT_JIS Japanese prober hit error at byte 53 feed d:\PythonScript\RPAScript\OCRFlowVenv\lib\site-packages\chardet\sjisprober.py
[2022/10/05 20:16:43][DEBUG](mbcharsetprober.py:66) CP949 Korean prober hit error at byte 35 feed d:\PythonScript\RPAScript\OCRFlowVenv\lib\site-packages\chardet\mbcharsetprober.py
[2022/10/05 20:16:43][DEBUG](charsetgroupprober.py:98) utf-8 not active get_confidence d:\PythonScript\RPAScript\OCRFlowVenv\lib\site-packages\chardet\charsetgroupprober.py
[2022/10/05 20:16:43][DEBUG](charsetgroupprober.py:98) SHIFT_JIS not active get_confidence d:\PythonScript\RPAScript\OCRFlowVenv\lib\site-packages\chardet\charsetgroupprober.py
[2022/10/05 20:16:43][DEBUG](charsetgroupprober.py:98) EUC-JP not active get_confidence d:\PythonScript\RPAScript\OCRFlowVenv\lib\site-packages\chardet\charsetgroupprober.py
[2022/10/05 20:16:43][DEBUG](charsetgroupprober.py:101) GB2312 Chinese confidence = 0.01 get_confidence d:\PythonScript\RPAScript\OCRFlowVenv\lib\site-packages\chardet\charsetgroupprober.py
[2022/10/05 20:16:43][DEBUG](charsetgroupprober.py:98) EUC-KR not active get_confidence d:\PythonScript\RPAScript\OCRFlowVenv\lib\site-packages\chardet\charsetgroupprober.py
[2022/10/05 20:16:43][DEBUG](charsetgroupprober.py:98) CP949 not active get_confidence d:\PythonScript\RPAScript\OCRFlowVenv\lib\site-packages\chardet\charsetgroupprober.py
[2022/10/05 20:16:43][DEBUG](charsetgroupprober.py:98) Big5 not active get_confidence d:\PythonScript\RPAScript\OCRFlowVenv\lib\site-packages\chardet\charsetgroupprober.py
[2022/10/05 20:16:43][DEBUG](charsetgroupprober.py:98) EUC-TW not active get_confidence d:\PythonScript\RPAScript\OCRFlowVenv\lib\site-packages\chardet\charsetgroupprober.py
[2022/10/05 20:16:43][DEBUG](charsetgroupprober.py:101) windows-1251 Russian confidence = 0.0 get_confidence d:\PythonScript\RPAScript\OCRFlowVenv\lib\site-packages\chardet\charsetgroupprober.py
[2022/10/05 20:16:43][DEBUG](charsetgroupprober.py:101) KOI8-R Russian confidence = 0.0 get_confidence d:\PythonScript\RPAScript\OCRFlowVenv\lib\site-packages\chardet\charsetgroupprober.py
[2022/10/05 20:16:43][DEBUG](charsetgroupprober.py:101) ISO-8859-5 Russian confidence = 0.0 get_confidence d:\PythonScript\RPAScript\OCRFlowVenv\lib\site-packages\chardet\charsetgroupprober.py
[2022/10/05 20:16:43][DEBUG](charsetgroupprober.py:101) MacCyrillic Russian confidence = 0.0475933174768055 get_confidence d:\PythonScript\RPAScript\OCRFlowVenv\lib\site-packages\chardet\charsetgroupprober.py
[2022/10/05 20:16:43][DEBUG](charsetgroupprober.py:101) IBM866 Russian confidence = 0.0 get_confidence d:\PythonScript\RPAScript\OCRFlowVenv\lib\site-packages\chardet\charsetgroupprober.py
[2022/10/05 20:16:43][DEBUG](charsetgroupprober.py:101) IBM855 Russian confidence = 0.01 get_confidence d:\PythonScript\RPAScript\OCRFlowVenv\lib\site-packages\chardet\charsetgroupprober.py
[2022/10/05 20:16:43][DEBUG](charsetgroupprober.py:101) ISO-8859-7 Greek confidence = 0.0 get_confidence d:\PythonScript\RPAScript\OCRFlowVenv\lib\site-packages\chardet\charsetgroupprober.py
[2022/10/05 20:16:43][DEBUG](charsetgroupprober.py:101) windows-1253 Greek confidence = 0.0 get_confidence d:\PythonScript\RPAScript\OCRFlowVenv\lib\site-packages\chardet\charsetgroupprober.py
[2022/10/05 20:16:43][DEBUG](charsetgroupprober.py:101) ISO-8859-5 Bulgarian confidence = 0.01 get_confidence d:\PythonScript\RPAScript\OCRFlowVenv\lib\site-packages\chardet\charsetgroupprober.py
[2022/10/05 20:16:43][DEBUG](charsetgroupprober.py:101) windows-1251 Bulgarian confidence = 0.0 get_confidence d:\PythonScript\RPAScript\OCRFlowVenv\lib\site-packages\chardet\charsetgroupprober.py
[2022/10/05 20:16:43][DEBUG](charsetgroupprober.py:101) TIS-620 Thai confidence = 0.01 get_confidence d:\PythonScript\RPAScript\OCRFlowVenv\lib\site-packages\chardet\charsetgroupprober.py
[2022/10/05 20:16:43][DEBUG](charsetgroupprober.py:101) ISO-8859-9 Turkish confidence = 0.0 get_confidence d:\PythonScript\RPAScript\OCRFlowVenv\lib\site-packages\chardet\charsetgroupprober.py
[2022/10/05 20:16:43][DEBUG](charsetgroupprober.py:101) windows-1255 Hebrew confidence = 0.0 get_confidence d:\PythonScript\RPAScript\OCRFlowVenv\lib\site-packages\chardet\charsetgroupprober.py
[2022/10/05 20:16:43][DEBUG](charsetgroupprober.py:101) windows-1255 Hebrew confidence = 0.0 get_confidence d:\PythonScript\RPAScript\OCRFlowVenv\lib\site-packages\chardet\charsetgroupprober.py
[2022/10/05 20:16:43][DEBUG](charsetgroupprober.py:101) windows-1255 Hebrew confidence = 0.0 get_confidence d:\PythonScript\RPAScript\OCRFlowVenv\lib\site-packages\chardet\charsetgroupprober.py
[2022/10/05 20:16:43][DEBUG](universaldetector.py:271) no probers hit minimum threshold close d:\PythonScript\RPAScript\OCRFlowVenv\lib\site-packages\chardet\universaldetector.py
[2022/10/05 20:16:43][DEBUG](universaldetector.py:280) utf-8  confidence = 0.010000000000000009 close d:\PythonScript\RPAScript\OCRFlowVenv\lib\site-packages\chardet\universaldetector.py
[2022/10/05 20:16:43][DEBUG](universaldetector.py:280) SHIFT_JIS Japanese confidence = 0.47619047619047616 close d:\PythonScript\RPAScript\OCRFlowVenv\lib\site-packages\chardet\universaldetector.py
[2022/10/05 20:16:43][DEBUG](universaldetector.py:280) EUC-JP Japanese confidence = 0.01 close d:\PythonScript\RPAScript\OCRFlowVenv\lib\site-packages\chardet\universaldetector.py
[2022/10/05 20:16:43][DEBUG](universaldetector.py:280) GB2312 Chinese confidence = 0.01 close d:\PythonScript\RPAScript\OCRFlowVenv\lib\site-packages\chardet\universaldetector.py
[2022/10/05 20:16:43][DEBUG](universaldetector.py:280) EUC-KR Korean confidence = 0.01 close d:\PythonScript\RPAScript\OCRFlowVenv\lib\site-packages\chardet\universaldetector.py
[2022/10/05 20:16:43][DEBUG](universaldetector.py:280) CP949 Korean confidence = 0.01 close d:\PythonScript\RPAScript\OCRFlowVenv\lib\site-packages\chardet\universaldetector.py
[2022/10/05 20:16:43][DEBUG](universaldetector.py:280) Big5 Chinese confidence = 0.01 close d:\PythonScript\RPAScript\OCRFlowVenv\lib\site-packages\chardet\universaldetector.py
[2022/10/05 20:16:43][DEBUG](universaldetector.py:280) EUC-TW Taiwan confidence = 0.01 close d:\PythonScript\RPAScript\OCRFlowVenv\lib\site-packages\chardet\universaldetector.py
[2022/10/05 20:16:43][DEBUG](universaldetector.py:280) windows-1251 Russian confidence = 0.0 close d:\PythonScript\RPAScript\OCRFlowVenv\lib\site-packages\chardet\universaldetector.py
[2022/10/05 20:16:43][DEBUG](universaldetector.py:280) KOI8-R Russian confidence = 0.0 close d:\PythonScript\RPAScript\OCRFlowVenv\lib\site-packages\chardet\universaldetector.py
[2022/10/05 20:16:43][DEBUG](universaldetector.py:280) ISO-8859-5 Russian confidence = 0.0 close d:\PythonScript\RPAScript\OCRFlowVenv\lib\site-packages\chardet\universaldetector.py
[2022/10/05 20:16:43][DEBUG](universaldetector.py:280) MacCyrillic Russian confidence = 0.0475933174768055 close d:\PythonScript\RPAScript\OCRFlowVenv\lib\site-packages\chardet\universaldetector.py
[2022/10/05 20:16:43][DEBUG](universaldetector.py:280) IBM866 Russian confidence = 0.0 close d:\PythonScript\RPAScript\OCRFlowVenv\lib\site-packages\chardet\universaldetector.py
[2022/10/05 20:16:43][DEBUG](universaldetector.py:280) IBM855 Russian confidence = 0.01 close d:\PythonScript\RPAScript\OCRFlowVenv\lib\site-packages\chardet\universaldetector.py
[2022/10/05 20:16:43][DEBUG](universaldetector.py:280) ISO-8859-7 Greek confidence = 0.0 close d:\PythonScript\RPAScript\OCRFlowVenv\lib\site-packages\chardet\universaldetector.py
[2022/10/05 20:16:43][DEBUG](universaldetector.py:280) windows-1253 Greek confidence = 0.0 close d:\PythonScript\RPAScript\OCRFlowVenv\lib\site-packages\chardet\universaldetector.py
[2022/10/05 20:16:43][DEBUG](universaldetector.py:280) ISO-8859-5 Bulgarian confidence = 0.01 close d:\PythonScript\RPAScript\OCRFlowVenv\lib\site-packages\chardet\universaldetector.py
[2022/10/05 20:16:43][DEBUG](universaldetector.py:280) windows-1251 Bulgarian confidence = 0.0 close d:\PythonScript\RPAScript\OCRFlowVenv\lib\site-packages\chardet\universaldetector.py
[2022/10/05 20:16:43][DEBUG](universaldetector.py:280) TIS-620 Thai confidence = 0.01 close d:\PythonScript\RPAScript\OCRFlowVenv\lib\site-packages\chardet\universaldetector.py
[2022/10/05 20:16:43][DEBUG](universaldetector.py:280) ISO-8859-9 Turkish confidence = 0.0 close d:\PythonScript\RPAScript\OCRFlowVenv\lib\site-packages\chardet\universaldetector.py
[2022/10/05 20:16:43][DEBUG](universaldetector.py:280) windows-1255 Hebrew confidence = 0.0 close d:\PythonScript\RPAScript\OCRFlowVenv\lib\site-packages\chardet\universaldetector.py
[2022/10/05 20:16:43][DEBUG](universaldetector.py:280) windows-1255 Hebrew confidence = 0.0 close d:\PythonScript\RPAScript\OCRFlowVenv\lib\site-packages\chardet\universaldetector.py
[2022/10/05 20:16:43][DEBUG](universaldetector.py:280) windows-1255 Hebrew confidence = 0.0 close d:\PythonScript\RPAScript\OCRFlowVenv\lib\site-packages\chardet\universaldetector.py
[2022/10/05 20:16:43][DEBUG](universaldetector.py:285) ISO-8859-1  confidence = 0.01 close d:\PythonScript\RPAScript\OCRFlowVenv\lib\site-packages\chardet\universaldetector.py
