[2022/09/27 13:47:34][DEBUG](TKINTERCV2Setting.py:35) TKINTERCV2Setting_Application起動 __init__ d:\PythonScript\RPAScript\OCRView\TKINTERCV2Setting.py
[2022/09/27 13:47:34][DEBUG](PngImagePlugin.py:186) STREAM b'IHDR' 16 13 call d:\PythonScript\RPAScript\OCRFlowVenv\lib\site-packages\PIL\PngImagePlugin.py
[2022/09/27 13:47:34][DEBUG](PngImagePlugin.py:186) STREAM b'IDAT' 41 65536 call d:\PythonScript\RPAScript\OCRFlowVenv\lib\site-packages\PIL\PngImagePlugin.py
[2022/09/27 13:47:34][DEBUG](TKINTERCV2Setting.py:703) 列名設定項目を作成して再配置開始 createEntry d:\PythonScript\RPAScript\OCRView\TKINTERCV2Setting.py
[2022/09/27 13:47:34][DEBUG](TKINTERCV2Setting.py:651) 列名設定項目を再配置開始 updateEntries d:\PythonScript\RPAScript\OCRView\TKINTERCV2Setting.py
[2022/09/27 13:47:34][DEBUG](TKINTERCV2Setting.py:695) 列名設定項目を再配置完了 updateEntries d:\PythonScript\RPAScript\OCRView\TKINTERCV2Setting.py
[2022/09/27 13:47:34][DEBUG](TKINTERCV2Setting.py:703) 列名設定項目を作成して再配置開始 createEntry d:\PythonScript\RPAScript\OCRView\TKINTERCV2Setting.py
[2022/09/27 13:47:34][DEBUG](TKINTERCV2Setting.py:651) 列名設定項目を再配置開始 updateEntries d:\PythonScript\RPAScript\OCRView\TKINTERCV2Setting.py
[2022/09/27 13:47:34][DEBUG](TKINTERCV2Setting.py:695) 列名設定項目を再配置完了 updateEntries d:\PythonScript\RPAScript\OCRView\TKINTERCV2Setting.py
[2022/09/27 13:47:34][DEBUG](TKINTERCV2Setting.py:703) 列名設定項目を作成して再配置開始 createEntry d:\PythonScript\RPAScript\OCRView\TKINTERCV2Setting.py
[2022/09/27 13:47:34][DEBUG](TKINTERCV2Setting.py:651) 列名設定項目を再配置開始 updateEntries d:\PythonScript\RPAScript\OCRView\TKINTERCV2Setting.py
[2022/09/27 13:47:34][DEBUG](TKINTERCV2Setting.py:695) 列名設定項目を再配置完了 updateEntries d:\PythonScript\RPAScript\OCRView\TKINTERCV2Setting.py
[2022/09/27 13:47:34][DEBUG](TKINTERCV2Setting.py:703) 列名設定項目を作成して再配置開始 createEntry d:\PythonScript\RPAScript\OCRView\TKINTERCV2Setting.py
[2022/09/27 13:47:34][DEBUG](TKINTERCV2Setting.py:651) 列名設定項目を再配置開始 updateEntries d:\PythonScript\RPAScript\OCRView\TKINTERCV2Setting.py
[2022/09/27 13:47:34][DEBUG](TKINTERCV2Setting.py:695) 列名設定項目を再配置完了 updateEntries d:\PythonScript\RPAScript\OCRView\TKINTERCV2Setting.py
[2022/09/27 13:47:34][DEBUG](TKINTERCV2Setting.py:703) 列名設定項目を作成して再配置開始 createEntry d:\PythonScript\RPAScript\OCRView\TKINTERCV2Setting.py
[2022/09/27 13:47:34][DEBUG](TKINTERCV2Setting.py:651) 列名設定項目を再配置開始 updateEntries d:\PythonScript\RPAScript\OCRView\TKINTERCV2Setting.py
[2022/09/27 13:47:34][DEBUG](TKINTERCV2Setting.py:695) 列名設定項目を再配置完了 updateEntries d:\PythonScript\RPAScript\OCRView\TKINTERCV2Setting.py
[2022/09/27 13:47:34][DEBUG](TKINTERCV2Setting.py:1047) 透過キャンバス(上ウィンドウ)に罫線描画処理完了 Gra d:\PythonScript\RPAScript\OCRView\TKINTERCV2Setting.py
[2022/09/27 13:47:34][DEBUG](TKINTERCV2Setting.py:556) 下ウィンドウに画像をリサイズして配置開始 InportIMG d:\PythonScript\RPAScript\OCRView\TKINTERCV2Setting.py
[2022/09/27 13:47:34][DEBUG](PngImagePlugin.py:186) STREAM b'IHDR' 16 13 call d:\PythonScript\RPAScript\OCRFlowVenv\lib\site-packages\PIL\PngImagePlugin.py
[2022/09/27 13:47:34][DEBUG](PngImagePlugin.py:186) STREAM b'IDAT' 41 65536 call d:\PythonScript\RPAScript\OCRFlowVenv\lib\site-packages\PIL\PngImagePlugin.py
[2022/09/27 13:47:34][DEBUG](TKINTERCV2Setting.py:303) TKINTERCV2Setting_Application起動完了 __init__ d:\PythonScript\RPAScript\OCRView\TKINTERCV2Setting.py
[2022/09/27 13:47:37][DEBUG](TKINTERCV2Setting.py:1071) 確定ボタンクリック処理開始 EnterP d:\PythonScript\RPAScript\OCRView\TKINTERCV2Setting.py
[2022/09/27 13:47:37][DEBUG](TKINTERCV2Setting.py:747) 列名設定項目取得関数開始 GetEntryTextButton_click d:\PythonScript\RPAScript\OCRView\TKINTERCV2Setting.py
[2022/09/27 13:47:40][DEBUG](TKINTERCV2Setting.py:1181) 縦横リスト書出完了 EnterP d:\PythonScript\RPAScript\OCRView\TKINTERCV2Setting.py
[2022/09/27 13:47:40][DEBUG](OCRFlow.py:85) Bankrentxtver起動 DiffListCreate d:\PythonScript\RPAScript\OCRView\OCRFlow.py
[2022/09/27 13:47:40][DEBUG](GCloudVision.py:108) get_document_bounds(GoogleVisionAPI)開始: debug level log get_document_bounds_BANK d:\PythonScript\RPAScript\OCRView\GCloudVision.py
[2022/09/27 13:47:41][DEBUG](GCloudVision.py:146) get_document_bounds(GoogleVisionAPI)終了: debug level log get_document_bounds_BANK d:\PythonScript\RPAScript\OCRView\GCloudVision.py
[2022/09/27 13:47:41][DEBUG](GCloudVision.py:416) rentxtver(OCR結果を整形eTax以外)成功: debug level log Bankrentxtver d:\PythonScript\RPAScript\OCRView\GCloudVision.py
[2022/09/27 13:47:41][DEBUG](OCRFlow.py:92) Bankrentxtver完了 DiffListCreate d:\PythonScript\RPAScript\OCRView\OCRFlow.py
[2022/09/27 13:47:41][DEBUG](OCRFlow.py:187) GoogleAPI後編集処理完了 DiffListCreate d:\PythonScript\RPAScript\OCRView\OCRFlow.py
[2022/09/27 13:47:41][DEBUG](eucjpprober.py:62) EUC-JP Japanese prober hit error at byte 1 feed d:\PythonScript\RPAScript\OCRFlowVenv\lib\site-packages\chardet\eucjpprober.py
[2022/09/27 13:47:41][DEBUG](mbcharsetprober.py:66) EUC-KR Korean prober hit error at byte 1 feed d:\PythonScript\RPAScript\OCRFlowVenv\lib\site-packages\chardet\mbcharsetprober.py
[2022/09/27 13:47:41][DEBUG](mbcharsetprober.py:66) Big5 Chinese prober hit error at byte 1 feed d:\PythonScript\RPAScript\OCRFlowVenv\lib\site-packages\chardet\mbcharsetprober.py
[2022/09/27 13:47:41][DEBUG](mbcharsetprober.py:66) EUC-TW Taiwan prober hit error at byte 1 feed d:\PythonScript\RPAScript\OCRFlowVenv\lib\site-packages\chardet\mbcharsetprober.py
[2022/09/27 13:47:41][DEBUG](mbcharsetprober.py:66) CP949 Korean prober hit error at byte 22 feed d:\PythonScript\RPAScript\OCRFlowVenv\lib\site-packages\chardet\mbcharsetprober.py
[2022/09/27 13:47:41][DEBUG](charsetgroupprober.py:98) utf-8 not active get_confidence d:\PythonScript\RPAScript\OCRFlowVenv\lib\site-packages\chardet\charsetgroupprober.py
[2022/09/27 13:47:41][DEBUG](charsetgroupprober.py:101) SHIFT_JIS Japanese confidence = 0.99 get_confidence d:\PythonScript\RPAScript\OCRFlowVenv\lib\site-packages\chardet\charsetgroupprober.py
[2022/09/27 13:47:41][DEBUG](charsetgroupprober.py:98) EUC-JP not active get_confidence d:\PythonScript\RPAScript\OCRFlowVenv\lib\site-packages\chardet\charsetgroupprober.py
[2022/09/27 13:47:41][DEBUG](charsetgroupprober.py:101) GB2312 Chinese confidence = 0.01 get_confidence d:\PythonScript\RPAScript\OCRFlowVenv\lib\site-packages\chardet\charsetgroupprober.py
[2022/09/27 13:47:41][DEBUG](charsetgroupprober.py:98) EUC-KR not active get_confidence d:\PythonScript\RPAScript\OCRFlowVenv\lib\site-packages\chardet\charsetgroupprober.py
[2022/09/27 13:47:41][DEBUG](charsetgroupprober.py:98) CP949 not active get_confidence d:\PythonScript\RPAScript\OCRFlowVenv\lib\site-packages\chardet\charsetgroupprober.py
[2022/09/27 13:47:41][DEBUG](charsetgroupprober.py:98) Big5 not active get_confidence d:\PythonScript\RPAScript\OCRFlowVenv\lib\site-packages\chardet\charsetgroupprober.py
[2022/09/27 13:47:41][DEBUG](charsetgroupprober.py:98) EUC-TW not active get_confidence d:\PythonScript\RPAScript\OCRFlowVenv\lib\site-packages\chardet\charsetgroupprober.py
[2022/09/27 13:47:41][DEBUG](charsetgroupprober.py:101) windows-1251 Russian confidence = 0.01 get_confidence d:\PythonScript\RPAScript\OCRFlowVenv\lib\site-packages\chardet\charsetgroupprober.py
[2022/09/27 13:47:41][DEBUG](charsetgroupprober.py:101) KOI8-R Russian confidence = 0.01 get_confidence d:\PythonScript\RPAScript\OCRFlowVenv\lib\site-packages\chardet\charsetgroupprober.py
[2022/09/27 13:47:41][DEBUG](charsetgroupprober.py:101) ISO-8859-5 Russian confidence = 0.01 get_confidence d:\PythonScript\RPAScript\OCRFlowVenv\lib\site-packages\chardet\charsetgroupprober.py
[2022/09/27 13:47:41][DEBUG](charsetgroupprober.py:101) MacCyrillic Russian confidence = 0.0 get_confidence d:\PythonScript\RPAScript\OCRFlowVenv\lib\site-packages\chardet\charsetgroupprober.py
[2022/09/27 13:47:41][DEBUG](charsetgroupprober.py:101) IBM866 Russian confidence = 0.0074264293656174365 get_confidence d:\PythonScript\RPAScript\OCRFlowVenv\lib\site-packages\chardet\charsetgroupprober.py
[2022/09/27 13:47:41][DEBUG](charsetgroupprober.py:101) IBM855 Russian confidence = 0.01 get_confidence d:\PythonScript\RPAScript\OCRFlowVenv\lib\site-packages\chardet\charsetgroupprober.py
[2022/09/27 13:47:41][DEBUG](charsetgroupprober.py:101) ISO-8859-7 Greek confidence = 0.01 get_confidence d:\PythonScript\RPAScript\OCRFlowVenv\lib\site-packages\chardet\charsetgroupprober.py
[2022/09/27 13:47:41][DEBUG](charsetgroupprober.py:101) windows-1253 Greek confidence = 0.01 get_confidence d:\PythonScript\RPAScript\OCRFlowVenv\lib\site-packages\chardet\charsetgroupprober.py
[2022/09/27 13:47:41][DEBUG](charsetgroupprober.py:101) ISO-8859-5 Bulgarian confidence = 0.01 get_confidence d:\PythonScript\RPAScript\OCRFlowVenv\lib\site-packages\chardet\charsetgroupprober.py
[2022/09/27 13:47:41][DEBUG](charsetgroupprober.py:101) windows-1251 Bulgarian confidence = 0.01 get_confidence d:\PythonScript\RPAScript\OCRFlowVenv\lib\site-packages\chardet\charsetgroupprober.py
[2022/09/27 13:47:41][DEBUG](charsetgroupprober.py:101) TIS-620 Thai confidence = 0.01 get_confidence d:\PythonScript\RPAScript\OCRFlowVenv\lib\site-packages\chardet\charsetgroupprober.py
[2022/09/27 13:47:41][DEBUG](charsetgroupprober.py:101) ISO-8859-9 Turkish confidence = 0.012265925432563149 get_confidence d:\PythonScript\RPAScript\OCRFlowVenv\lib\site-packages\chardet\charsetgroupprober.py
[2022/09/27 13:47:41][DEBUG](charsetgroupprober.py:101) windows-1255 Hebrew confidence = 0.0 get_confidence d:\PythonScript\RPAScript\OCRFlowVenv\lib\site-packages\chardet\charsetgroupprober.py
[2022/09/27 13:47:41][DEBUG](charsetgroupprober.py:101) windows-1255 Hebrew confidence = 0.0 get_confidence d:\PythonScript\RPAScript\OCRFlowVenv\lib\site-packages\chardet\charsetgroupprober.py
[2022/09/27 13:47:41][DEBUG](charsetgroupprober.py:101) windows-1255 Hebrew confidence = 0.0 get_confidence d:\PythonScript\RPAScript\OCRFlowVenv\lib\site-packages\chardet\charsetgroupprober.py
[2022/09/27 13:47:41][DEBUG](charsetgroupprober.py:98) utf-8 not active get_confidence d:\PythonScript\RPAScript\OCRFlowVenv\lib\site-packages\chardet\charsetgroupprober.py
[2022/09/27 13:47:41][DEBUG](charsetgroupprober.py:101) SHIFT_JIS Japanese confidence = 0.99 get_confidence d:\PythonScript\RPAScript\OCRFlowVenv\lib\site-packages\chardet\charsetgroupprober.py
[2022/09/27 13:47:41][DEBUG](charsetgroupprober.py:98) EUC-JP not active get_confidence d:\PythonScript\RPAScript\OCRFlowVenv\lib\site-packages\chardet\charsetgroupprober.py
[2022/09/27 13:47:41][DEBUG](charsetgroupprober.py:101) GB2312 Chinese confidence = 0.01 get_confidence d:\PythonScript\RPAScript\OCRFlowVenv\lib\site-packages\chardet\charsetgroupprober.py
[2022/09/27 13:47:41][DEBUG](charsetgroupprober.py:98) EUC-KR not active get_confidence d:\PythonScript\RPAScript\OCRFlowVenv\lib\site-packages\chardet\charsetgroupprober.py
[2022/09/27 13:47:41][DEBUG](charsetgroupprober.py:98) CP949 not active get_confidence d:\PythonScript\RPAScript\OCRFlowVenv\lib\site-packages\chardet\charsetgroupprober.py
[2022/09/27 13:47:41][DEBUG](charsetgroupprober.py:98) Big5 not active get_confidence d:\PythonScript\RPAScript\OCRFlowVenv\lib\site-packages\chardet\charsetgroupprober.py
[2022/09/27 13:47:41][DEBUG](charsetgroupprober.py:98) EUC-TW not active get_confidence d:\PythonScript\RPAScript\OCRFlowVenv\lib\site-packages\chardet\charsetgroupprober.py
[2022/09/27 13:47:41][DEBUG](OCRFlow.py:205) GoogleAPI後dfto_csv開始 DiffListCreate d:\PythonScript\RPAScript\OCRView\OCRFlow.py
[2022/09/27 13:47:41][DEBUG](OCRFlow.py:218) GoogleAPI後csv処理完了 DiffListCreate d:\PythonScript\RPAScript\OCRView\OCRFlow.py
[2022/09/27 13:47:41][DEBUG](TKINTERCV2Setting.py:1194) GoogleVisionAPI完了 EnterP d:\PythonScript\RPAScript\OCRView\TKINTERCV2Setting.py
