[2022/10/08 01:00:45][DEBUG](ViewGUI.py:51) Network: DESKTOP-TLFUM41 __init__ c:\Users\もちねこ\Desktop\GitHub\RPAScript-1\OCRView\ViewGUI.py
[2022/10/08 01:00:45][DEBUG](ViewGUI.py:52) Machine: AMD64 __init__ c:\Users\もちねこ\Desktop\GitHub\RPAScript-1\OCRView\ViewGUI.py
[2022/10/08 01:00:45][DEBUG](ViewGUI.py:53) Processor: AMD64 Family 23 Model 113 Stepping 0, AuthenticAMD __init__ c:\Users\もちねこ\Desktop\GitHub\RPAScript-1\OCRView\ViewGUI.py
[2022/10/08 01:00:45][DEBUG](ViewGUI.py:54) Platform: Windows-10-10.0.19041-SP0 __init__ c:\Users\もちねこ\Desktop\GitHub\RPAScript-1\OCRView\ViewGUI.py
[2022/10/08 01:00:45][DEBUG](ViewGUI.py:55) System: Windows __init__ c:\Users\もちねこ\Desktop\GitHub\RPAScript-1\OCRView\ViewGUI.py
[2022/10/08 01:00:45][DEBUG](ViewGUI.py:56) Release: 10 __init__ c:\Users\もちねこ\Desktop\GitHub\RPAScript-1\OCRView\ViewGUI.py
[2022/10/08 01:00:45][DEBUG](ViewGUI.py:57) Version: 10.0.19041 __init__ c:\Users\もちねこ\Desktop\GitHub\RPAScript-1\OCRView\ViewGUI.py
[2022/10/08 01:00:45][DEBUG](ViewGUI.py:58) MAC Address: A8A1_592F_A6D9 __init__ c:\Users\もちねこ\Desktop\GitHub\RPAScript-1\OCRView\ViewGUI.py
[2022/10/08 01:00:45][DEBUG](ViewGUI.py:59) Host name: DESKTOP-TLFUM41 __init__ c:\Users\もちねこ\Desktop\GitHub\RPAScript-1\OCRView\ViewGUI.py
[2022/10/08 01:00:45][DEBUG](ViewGUI.py:60) IP Address: 192.168.0.11 __init__ c:\Users\もちねこ\Desktop\GitHub\RPAScript-1\OCRView\ViewGUI.py
[2022/10/08 01:00:45][DEBUG](ViewGUI.py:61) ViewGUI起動 __init__ c:\Users\もちねこ\Desktop\GitHub\RPAScript-1\OCRView\ViewGUI.py
[2022/10/08 01:00:45][DEBUG](ViewGUI.py:106) ViewGUI起動完了 __init__ c:\Users\もちねこ\Desktop\GitHub\RPAScript-1\OCRView\ViewGUI.py
[2022/10/08 01:00:53][DEBUG](ViewGUI.py:731) ファイル選択起動 event_set_file c:\Users\もちねこ\Desktop\GitHub\RPAScript-1\OCRView\ViewGUI.py
[2022/10/08 01:00:53][DEBUG](ViewGUI.py:1002) OverSaveボタン起動 event_Searchsave c:\Users\もちねこ\Desktop\GitHub\RPAScript-1\OCRView\ViewGUI.py
[2022/10/08 01:01:00][DEBUG](ViewGUI.py:714) フォルダー選択起動 event_set_folder c:\Users\もちねこ\Desktop\GitHub\RPAScript-1\OCRView\ViewGUI.py
[2022/10/08 01:01:00][DEBUG](ViewGUI.py:1002) OverSaveボタン起動 event_Searchsave c:\Users\もちねこ\Desktop\GitHub\RPAScript-1\OCRView\ViewGUI.py
[2022/10/08 01:01:05][DEBUG](ViewGUI.py:714) フォルダー選択起動 event_set_folder c:\Users\もちねこ\Desktop\GitHub\RPAScript-1\OCRView\ViewGUI.py
[2022/10/08 01:01:05][DEBUG](ViewGUI.py:1002) OverSaveボタン起動 event_Searchsave c:\Users\もちねこ\Desktop\GitHub\RPAScript-1\OCRView\ViewGUI.py
[2022/10/08 01:01:10][DEBUG](ViewGUI.py:723) C:/Users/もちねこ/Desktop/GitHub/RPAScript-1/OCRView_フォルダー選択完了 event_set_folder c:\Users\もちねこ\Desktop\GitHub\RPAScript-1\OCRView\ViewGUI.py
[2022/10/08 01:01:11][DEBUG](ViewGUI.py:714) フォルダー選択起動 event_set_folder c:\Users\もちねこ\Desktop\GitHub\RPAScript-1\OCRView\ViewGUI.py
[2022/10/08 01:01:11][DEBUG](ViewGUI.py:1002) OverSaveボタン起動 event_Searchsave c:\Users\もちねこ\Desktop\GitHub\RPAScript-1\OCRView\ViewGUI.py
[2022/10/08 01:01:15][DEBUG](ViewGUI.py:723) C:/Users/もちねこ/Desktop/PDFTEST_フォルダー選択完了 event_set_folder c:\Users\もちねこ\Desktop\GitHub\RPAScript-1\OCRView\ViewGUI.py
[2022/10/08 01:01:18][DEBUG](ViewGUI.py:791) ファイル選択起動 event_updatefile c:\Users\もちねこ\Desktop\GitHub\RPAScript-1\OCRView\ViewGUI.py
[2022/10/08 01:01:18][DEBUG](ViewGUI.py:1002) OverSaveボタン起動 event_Searchsave c:\Users\もちねこ\Desktop\GitHub\RPAScript-1\OCRView\ViewGUI.py
[2022/10/08 01:01:18][DEBUG](ViewGUI.py:829) C:/Users/もちねこ/Desktop/PDFTEST\Hirogin_1page.png_ファイル選択後イベント完了 event_selectfile c:\Users\もちねこ\Desktop\GitHub\RPAScript-1\OCRView\ViewGUI.py
[2022/10/08 01:01:22][DEBUG](ViewGUI.py:1053) OCR処理起動 LinOCROpen c:\Users\もちねこ\Desktop\GitHub\RPAScript-1\OCRView\ViewGUI.py
[2022/10/08 01:01:22][DEBUG](ViewGUI.py:1002) OverSaveボタン起動 event_Searchsave c:\Users\もちねこ\Desktop\GitHub\RPAScript-1\OCRView\ViewGUI.py
[2022/10/08 01:01:23][DEBUG](TKINTERCV2Setting.py:31) TKINTERCV2Setting_Application起動 __init__ c:\Users\もちねこ\Desktop\GitHub\RPAScript-1\OCRView\TKINTERCV2Setting.py
[2022/10/08 01:01:23][DEBUG](TKINTERCV2Setting.py:949) 列名設定項目を作成して再配置開始 createEntry c:\Users\もちねこ\Desktop\GitHub\RPAScript-1\OCRView\TKINTERCV2Setting.py
[2022/10/08 01:01:23][DEBUG](TKINTERCV2Setting.py:897) 列名設定項目を再配置開始 updateEntries c:\Users\もちねこ\Desktop\GitHub\RPAScript-1\OCRView\TKINTERCV2Setting.py
[2022/10/08 01:01:23][DEBUG](TKINTERCV2Setting.py:941) 列名設定項目を再配置完了 updateEntries c:\Users\もちねこ\Desktop\GitHub\RPAScript-1\OCRView\TKINTERCV2Setting.py
[2022/10/08 01:01:23][DEBUG](TKINTERCV2Setting.py:949) 列名設定項目を作成して再配置開始 createEntry c:\Users\もちねこ\Desktop\GitHub\RPAScript-1\OCRView\TKINTERCV2Setting.py
[2022/10/08 01:01:23][DEBUG](TKINTERCV2Setting.py:897) 列名設定項目を再配置開始 updateEntries c:\Users\もちねこ\Desktop\GitHub\RPAScript-1\OCRView\TKINTERCV2Setting.py
[2022/10/08 01:01:23][DEBUG](TKINTERCV2Setting.py:941) 列名設定項目を再配置完了 updateEntries c:\Users\もちねこ\Desktop\GitHub\RPAScript-1\OCRView\TKINTERCV2Setting.py
[2022/10/08 01:01:23][DEBUG](TKINTERCV2Setting.py:949) 列名設定項目を作成して再配置開始 createEntry c:\Users\もちねこ\Desktop\GitHub\RPAScript-1\OCRView\TKINTERCV2Setting.py
[2022/10/08 01:01:23][DEBUG](TKINTERCV2Setting.py:897) 列名設定項目を再配置開始 updateEntries c:\Users\もちねこ\Desktop\GitHub\RPAScript-1\OCRView\TKINTERCV2Setting.py
[2022/10/08 01:01:23][DEBUG](TKINTERCV2Setting.py:941) 列名設定項目を再配置完了 updateEntries c:\Users\もちねこ\Desktop\GitHub\RPAScript-1\OCRView\TKINTERCV2Setting.py
[2022/10/08 01:01:23][DEBUG](TKINTERCV2Setting.py:949) 列名設定項目を作成して再配置開始 createEntry c:\Users\もちねこ\Desktop\GitHub\RPAScript-1\OCRView\TKINTERCV2Setting.py
[2022/10/08 01:01:23][DEBUG](TKINTERCV2Setting.py:897) 列名設定項目を再配置開始 updateEntries c:\Users\もちねこ\Desktop\GitHub\RPAScript-1\OCRView\TKINTERCV2Setting.py
[2022/10/08 01:01:23][DEBUG](TKINTERCV2Setting.py:941) 列名設定項目を再配置完了 updateEntries c:\Users\もちねこ\Desktop\GitHub\RPAScript-1\OCRView\TKINTERCV2Setting.py
[2022/10/08 01:01:23][DEBUG](TKINTERCV2Setting.py:949) 列名設定項目を作成して再配置開始 createEntry c:\Users\もちねこ\Desktop\GitHub\RPAScript-1\OCRView\TKINTERCV2Setting.py
[2022/10/08 01:01:23][DEBUG](TKINTERCV2Setting.py:897) 列名設定項目を再配置開始 updateEntries c:\Users\もちねこ\Desktop\GitHub\RPAScript-1\OCRView\TKINTERCV2Setting.py
[2022/10/08 01:01:23][DEBUG](TKINTERCV2Setting.py:941) 列名設定項目を再配置完了 updateEntries c:\Users\もちねこ\Desktop\GitHub\RPAScript-1\OCRView\TKINTERCV2Setting.py
[2022/10/08 01:01:23][DEBUG](TKINTERCV2Setting.py:1319) 透過キャンバス(上ウィンドウ)に罫線描画処理完了 Gra c:\Users\もちねこ\Desktop\GitHub\RPAScript-1\OCRView\TKINTERCV2Setting.py
[2022/10/08 01:01:23][DEBUG](TKINTERCV2Setting.py:805) 下ウィンドウに画像をリサイズして配置開始 InportIMG c:\Users\もちねこ\Desktop\GitHub\RPAScript-1\OCRView\TKINTERCV2Setting.py
[2022/10/08 01:01:23][DEBUG](TKINTERCV2Setting.py:513) TKINTERCV2Setting_Application起動完了 __init__ c:\Users\もちねこ\Desktop\GitHub\RPAScript-1\OCRView\TKINTERCV2Setting.py
