[2022/10/05 15:37:26][DEBUG](TKINTERCV2Setting.py:39) TKINTERCV2Setting_Application起動 __init__ d:\PythonScript\RPAScript\OCRView\TKINTERCV2Setting.py
[2022/10/05 15:37:26][DEBUG](TKINTERCV2Setting.py:760) 列名設定項目を作成して再配置開始 createEntry d:\PythonScript\RPAScript\OCRView\TKINTERCV2Setting.py
[2022/10/05 15:37:26][DEBUG](TKINTERCV2Setting.py:708) 列名設定項目を再配置開始 updateEntries d:\PythonScript\RPAScript\OCRView\TKINTERCV2Setting.py
[2022/10/05 15:37:26][DEBUG](TKINTERCV2Setting.py:752) 列名設定項目を再配置完了 updateEntries d:\PythonScript\RPAScript\OCRView\TKINTERCV2Setting.py
[2022/10/05 15:37:26][DEBUG](TKINTERCV2Setting.py:760) 列名設定項目を作成して再配置開始 createEntry d:\PythonScript\RPAScript\OCRView\TKINTERCV2Setting.py
[2022/10/05 15:37:26][DEBUG](TKINTERCV2Setting.py:708) 列名設定項目を再配置開始 updateEntries d:\PythonScript\RPAScript\OCRView\TKINTERCV2Setting.py
[2022/10/05 15:37:26][DEBUG](TKINTERCV2Setting.py:752) 列名設定項目を再配置完了 updateEntries d:\PythonScript\RPAScript\OCRView\TKINTERCV2Setting.py
[2022/10/05 15:37:26][DEBUG](TKINTERCV2Setting.py:760) 列名設定項目を作成して再配置開始 createEntry d:\PythonScript\RPAScript\OCRView\TKINTERCV2Setting.py
[2022/10/05 15:37:26][DEBUG](TKINTERCV2Setting.py:708) 列名設定項目を再配置開始 updateEntries d:\PythonScript\RPAScript\OCRView\TKINTERCV2Setting.py
[2022/10/05 15:37:26][DEBUG](TKINTERCV2Setting.py:752) 列名設定項目を再配置完了 updateEntries d:\PythonScript\RPAScript\OCRView\TKINTERCV2Setting.py
[2022/10/05 15:37:26][DEBUG](TKINTERCV2Setting.py:760) 列名設定項目を作成して再配置開始 createEntry d:\PythonScript\RPAScript\OCRView\TKINTERCV2Setting.py
[2022/10/05 15:37:26][DEBUG](TKINTERCV2Setting.py:708) 列名設定項目を再配置開始 updateEntries d:\PythonScript\RPAScript\OCRView\TKINTERCV2Setting.py
[2022/10/05 15:37:26][DEBUG](TKINTERCV2Setting.py:752) 列名設定項目を再配置完了 updateEntries d:\PythonScript\RPAScript\OCRView\TKINTERCV2Setting.py
[2022/10/05 15:37:26][DEBUG](TKINTERCV2Setting.py:760) 列名設定項目を作成して再配置開始 createEntry d:\PythonScript\RPAScript\OCRView\TKINTERCV2Setting.py
[2022/10/05 15:37:26][DEBUG](TKINTERCV2Setting.py:708) 列名設定項目を再配置開始 updateEntries d:\PythonScript\RPAScript\OCRView\TKINTERCV2Setting.py
[2022/10/05 15:37:26][DEBUG](TKINTERCV2Setting.py:752) 列名設定項目を再配置完了 updateEntries d:\PythonScript\RPAScript\OCRView\TKINTERCV2Setting.py
[2022/10/05 15:37:26][DEBUG](TKINTERCV2Setting.py:1127) 透過キャンバス(上ウィンドウ)に罫線描画処理完了 Gra d:\PythonScript\RPAScript\OCRView\TKINTERCV2Setting.py
[2022/10/05 15:37:26][DEBUG](TKINTERCV2Setting.py:616) 下ウィンドウに画像をリサイズして配置開始 InportIMG d:\PythonScript\RPAScript\OCRView\TKINTERCV2Setting.py
[2022/10/05 15:37:26][DEBUG](TKINTERCV2Setting.py:366) TKINTERCV2Setting_Application起動完了 __init__ d:\PythonScript\RPAScript\OCRView\TKINTERCV2Setting.py
[2022/10/05 15:37:30][DEBUG](TKINTERCV2Setting.py:1417) Line10_縦直線描画処理完了 click1 d:\PythonScript\RPAScript\OCRView\TKINTERCV2Setting.py
[2022/10/05 15:37:31][DEBUG](TKINTERCV2Setting.py:1417) Line11_縦直線描画処理完了 click1 d:\PythonScript\RPAScript\OCRView\TKINTERCV2Setting.py
[2022/10/05 15:37:33][DEBUG](TKINTERCV2Setting.py:1417) Line12_縦直線描画処理完了 click1 d:\PythonScript\RPAScript\OCRView\TKINTERCV2Setting.py
[2022/10/05 15:37:34][DEBUG](TKINTERCV2Setting.py:1417) Line13_縦直線描画処理完了 click1 d:\PythonScript\RPAScript\OCRView\TKINTERCV2Setting.py
[2022/10/05 15:37:36][DEBUG](TKINTERCV2Setting.py:1417) Line14_縦直線描画処理完了 click1 d:\PythonScript\RPAScript\OCRView\TKINTERCV2Setting.py
[2022/10/05 15:37:37][DEBUG](TKINTERCV2Setting.py:1417) Line15_縦直線描画処理完了 click1 d:\PythonScript\RPAScript\OCRView\TKINTERCV2Setting.py
[2022/10/05 15:37:38][DEBUG](TKINTERCV2Setting.py:1417) Line16_縦直線描画処理完了 click1 d:\PythonScript\RPAScript\OCRView\TKINTERCV2Setting.py
[2022/10/05 15:37:40][DEBUG](TKINTERCV2Setting.py:1417) Line17_縦直線描画処理完了 click1 d:\PythonScript\RPAScript\OCRView\TKINTERCV2Setting.py
[2022/10/05 15:37:43][DEBUG](TKINTERCV2Setting.py:1417) Line9_縦直線描画処理完了 click1 d:\PythonScript\RPAScript\OCRView\TKINTERCV2Setting.py
[2022/10/05 15:37:45][DEBUG](TKINTERCV2Setting.py:1417) Line1_縦直線描画処理完了 click1 d:\PythonScript\RPAScript\OCRView\TKINTERCV2Setting.py
[2022/10/05 15:37:47][DEBUG](TKINTERCV2Setting.py:1417) Line9_縦直線描画処理完了 click1 d:\PythonScript\RPAScript\OCRView\TKINTERCV2Setting.py
[2022/10/05 15:37:51][DEBUG](TKINTERCV2Setting.py:1384) Line9_削除完了 LineDelete d:\PythonScript\RPAScript\OCRView\TKINTERCV2Setting.py
[2022/10/05 15:37:52][DEBUG](TKINTERCV2Setting.py:1417) Line8_縦直線描画処理完了 click1 d:\PythonScript\RPAScript\OCRView\TKINTERCV2Setting.py
[2022/10/05 15:37:54][DEBUG](TKINTERCV2Setting.py:1384) Line8_削除完了 LineDelete d:\PythonScript\RPAScript\OCRView\TKINTERCV2Setting.py
[2022/10/05 15:37:55][DEBUG](TKINTERCV2Setting.py:1417) Line7_縦直線描画処理完了 click1 d:\PythonScript\RPAScript\OCRView\TKINTERCV2Setting.py
[2022/10/05 15:37:57][DEBUG](TKINTERCV2Setting.py:1384) Line7_削除完了 LineDelete d:\PythonScript\RPAScript\OCRView\TKINTERCV2Setting.py
[2022/10/05 15:37:59][DEBUG](TKINTERCV2Setting.py:1417) Line6_縦直線描画処理完了 click1 d:\PythonScript\RPAScript\OCRView\TKINTERCV2Setting.py
[2022/10/05 15:38:04][DEBUG](TKINTERCV2Setting.py:1417) Line5_縦直線描画処理完了 click1 d:\PythonScript\RPAScript\OCRView\TKINTERCV2Setting.py
[2022/10/05 15:38:07][DEBUG](TKINTERCV2Setting.py:1417) Line17_縦直線描画処理完了 click1 d:\PythonScript\RPAScript\OCRView\TKINTERCV2Setting.py
[2022/10/05 15:38:11][DEBUG](TKINTERCV2Setting.py:1417) Line5_縦直線描画処理完了 click1 d:\PythonScript\RPAScript\OCRView\TKINTERCV2Setting.py
[2022/10/05 15:38:17][DEBUG](TKINTERCV2Setting.py:1417) Line6_縦直線描画処理完了 click1 d:\PythonScript\RPAScript\OCRView\TKINTERCV2Setting.py
[2022/10/05 15:38:21][DEBUG](TKINTERCV2Setting.py:1417) Line4_縦直線描画処理完了 click1 d:\PythonScript\RPAScript\OCRView\TKINTERCV2Setting.py
[2022/10/05 15:38:30][DEBUG](TKINTERCV2Setting.py:1417) Line3_縦直線描画処理完了 click1 d:\PythonScript\RPAScript\OCRView\TKINTERCV2Setting.py
[2022/10/05 15:38:34][DEBUG](TKINTERCV2Setting.py:1417) Line2_縦直線描画処理完了 click1 d:\PythonScript\RPAScript\OCRView\TKINTERCV2Setting.py
[2022/10/05 15:38:38][DEBUG](TKINTERCV2Setting.py:1417) Line1_縦直線描画処理完了 click1 d:\PythonScript\RPAScript\OCRView\TKINTERCV2Setting.py
[2022/10/05 15:38:45][DEBUG](TKINTERCV2Setting.py:1417) Line12_縦直線描画処理完了 click1 d:\PythonScript\RPAScript\OCRView\TKINTERCV2Setting.py
[2022/10/05 15:38:54][DEBUG](TKINTERCV2Setting.py:1151) 確定ボタンクリック処理開始 EnterP d:\PythonScript\RPAScript\OCRView\TKINTERCV2Setting.py
[2022/10/05 15:38:54][DEBUG](TKINTERCV2Setting.py:799) 列名設定項目取得関数開始 GetEntryTextButton_click d:\PythonScript\RPAScript\OCRView\TKINTERCV2Setting.py
[2022/10/05 15:38:54][DEBUG](TKINTERCV2Setting.py:1352) GoogleVisionAPI縦軸数と設定列名数不一致。 EnterP d:\PythonScript\RPAScript\OCRView\TKINTERCV2Setting.py
[2022/10/05 15:39:07][DEBUG](TKINTERCV2Setting.py:862) toml列名設定の更新完了 ColumnTomlIn d:\PythonScript\RPAScript\OCRView\TKINTERCV2Setting.py
[2022/10/05 15:39:09][DEBUG](TKINTERCV2Setting.py:862) toml列名設定の更新完了 ColumnTomlIn d:\PythonScript\RPAScript\OCRView\TKINTERCV2Setting.py
[2022/10/05 15:39:15][DEBUG](TKINTERCV2Setting.py:862) toml列名設定の更新完了 ColumnTomlIn d:\PythonScript\RPAScript\OCRView\TKINTERCV2Setting.py
[2022/10/05 15:39:17][DEBUG](TKINTERCV2Setting.py:862) toml列名設定の更新完了 ColumnTomlIn d:\PythonScript\RPAScript\OCRView\TKINTERCV2Setting.py
[2022/10/05 15:39:18][DEBUG](TKINTERCV2Setting.py:862) toml列名設定の更新完了 ColumnTomlIn d:\PythonScript\RPAScript\OCRView\TKINTERCV2Setting.py
[2022/10/05 15:39:23][DEBUG](TKINTERCV2Setting.py:862) toml列名設定の更新完了 ColumnTomlIn d:\PythonScript\RPAScript\OCRView\TKINTERCV2Setting.py
[2022/10/05 15:39:23][DEBUG](TKINTERCV2Setting.py:862) toml列名設定の更新完了 ColumnTomlIn d:\PythonScript\RPAScript\OCRView\TKINTERCV2Setting.py
[2022/10/05 15:39:28][DEBUG](TKINTERCV2Setting.py:658) 列名設定項目追加ボタン処理開始 insertEntry_click d:\PythonScript\RPAScript\OCRView\TKINTERCV2Setting.py
[2022/10/05 15:39:28][DEBUG](TKINTERCV2Setting.py:760) 列名設定項目を作成して再配置開始 createEntry d:\PythonScript\RPAScript\OCRView\TKINTERCV2Setting.py
[2022/10/05 15:39:28][DEBUG](TKINTERCV2Setting.py:708) 列名設定項目を再配置開始 updateEntries d:\PythonScript\RPAScript\OCRView\TKINTERCV2Setting.py
[2022/10/05 15:39:28][DEBUG](TKINTERCV2Setting.py:752) 列名設定項目を再配置完了 updateEntries d:\PythonScript\RPAScript\OCRView\TKINTERCV2Setting.py
[2022/10/05 15:39:28][DEBUG](TKINTERCV2Setting.py:862) toml列名設定の更新完了 ColumnTomlIn d:\PythonScript\RPAScript\OCRView\TKINTERCV2Setting.py
[2022/10/05 15:39:33][DEBUG](TKINTERCV2Setting.py:862) toml列名設定の更新完了 ColumnTomlIn d:\PythonScript\RPAScript\OCRView\TKINTERCV2Setting.py
[2022/10/05 15:39:35][DEBUG](TKINTERCV2Setting.py:1151) 確定ボタンクリック処理開始 EnterP d:\PythonScript\RPAScript\OCRView\TKINTERCV2Setting.py
[2022/10/05 15:39:35][DEBUG](TKINTERCV2Setting.py:799) 列名設定項目取得関数開始 GetEntryTextButton_click d:\PythonScript\RPAScript\OCRView\TKINTERCV2Setting.py
