[2022/10/05 12:40:52][DEBUG](TKINTERCV2Setting.py:39) TKINTERCV2Setting_Application起動 __init__ d:\PythonScript\RPAScript\OCRView\TKINTERCV2Setting.py
[2022/10/05 12:40:52][DEBUG](TKINTERCV2Setting.py:760) 列名設定項目を作成して再配置開始 createEntry d:\PythonScript\RPAScript\OCRView\TKINTERCV2Setting.py
[2022/10/05 12:40:52][DEBUG](TKINTERCV2Setting.py:708) 列名設定項目を再配置開始 updateEntries d:\PythonScript\RPAScript\OCRView\TKINTERCV2Setting.py
[2022/10/05 12:40:52][DEBUG](TKINTERCV2Setting.py:752) 列名設定項目を再配置完了 updateEntries d:\PythonScript\RPAScript\OCRView\TKINTERCV2Setting.py
[2022/10/05 12:40:52][DEBUG](TKINTERCV2Setting.py:760) 列名設定項目を作成して再配置開始 createEntry d:\PythonScript\RPAScript\OCRView\TKINTERCV2Setting.py
[2022/10/05 12:40:52][DEBUG](TKINTERCV2Setting.py:708) 列名設定項目を再配置開始 updateEntries d:\PythonScript\RPAScript\OCRView\TKINTERCV2Setting.py
[2022/10/05 12:40:52][DEBUG](TKINTERCV2Setting.py:752) 列名設定項目を再配置完了 updateEntries d:\PythonScript\RPAScript\OCRView\TKINTERCV2Setting.py
[2022/10/05 12:40:52][DEBUG](TKINTERCV2Setting.py:760) 列名設定項目を作成して再配置開始 createEntry d:\PythonScript\RPAScript\OCRView\TKINTERCV2Setting.py
[2022/10/05 12:40:52][DEBUG](TKINTERCV2Setting.py:708) 列名設定項目を再配置開始 updateEntries d:\PythonScript\RPAScript\OCRView\TKINTERCV2Setting.py
[2022/10/05 12:40:52][DEBUG](TKINTERCV2Setting.py:752) 列名設定項目を再配置完了 updateEntries d:\PythonScript\RPAScript\OCRView\TKINTERCV2Setting.py
[2022/10/05 12:40:52][DEBUG](TKINTERCV2Setting.py:760) 列名設定項目を作成して再配置開始 createEntry d:\PythonScript\RPAScript\OCRView\TKINTERCV2Setting.py
[2022/10/05 12:40:52][DEBUG](TKINTERCV2Setting.py:708) 列名設定項目を再配置開始 updateEntries d:\PythonScript\RPAScript\OCRView\TKINTERCV2Setting.py
[2022/10/05 12:40:52][DEBUG](TKINTERCV2Setting.py:752) 列名設定項目を再配置完了 updateEntries d:\PythonScript\RPAScript\OCRView\TKINTERCV2Setting.py
[2022/10/05 12:40:52][DEBUG](TKINTERCV2Setting.py:760) 列名設定項目を作成して再配置開始 createEntry d:\PythonScript\RPAScript\OCRView\TKINTERCV2Setting.py
[2022/10/05 12:40:52][DEBUG](TKINTERCV2Setting.py:708) 列名設定項目を再配置開始 updateEntries d:\PythonScript\RPAScript\OCRView\TKINTERCV2Setting.py
[2022/10/05 12:40:52][DEBUG](TKINTERCV2Setting.py:752) 列名設定項目を再配置完了 updateEntries d:\PythonScript\RPAScript\OCRView\TKINTERCV2Setting.py
[2022/10/05 12:40:52][DEBUG](TKINTERCV2Setting.py:760) 列名設定項目を作成して再配置開始 createEntry d:\PythonScript\RPAScript\OCRView\TKINTERCV2Setting.py
[2022/10/05 12:40:52][DEBUG](TKINTERCV2Setting.py:708) 列名設定項目を再配置開始 updateEntries d:\PythonScript\RPAScript\OCRView\TKINTERCV2Setting.py
[2022/10/05 12:40:52][DEBUG](TKINTERCV2Setting.py:752) 列名設定項目を再配置完了 updateEntries d:\PythonScript\RPAScript\OCRView\TKINTERCV2Setting.py
[2022/10/05 12:40:52][DEBUG](TKINTERCV2Setting.py:1111) 透過キャンバス(上ウィンドウ)に罫線描画処理完了 Gra d:\PythonScript\RPAScript\OCRView\TKINTERCV2Setting.py
[2022/10/05 12:40:52][DEBUG](TKINTERCV2Setting.py:616) 下ウィンドウに画像をリサイズして配置開始 InportIMG d:\PythonScript\RPAScript\OCRView\TKINTERCV2Setting.py
[2022/10/05 12:40:52][DEBUG](TKINTERCV2Setting.py:366) TKINTERCV2Setting_Application起動完了 __init__ d:\PythonScript\RPAScript\OCRView\TKINTERCV2Setting.py
[2022/10/05 12:41:00][DEBUG](TKINTERCV2Setting.py:1135) 確定ボタンクリック処理開始 EnterP d:\PythonScript\RPAScript\OCRView\TKINTERCV2Setting.py
[2022/10/05 12:41:00][DEBUG](TKINTERCV2Setting.py:799) 列名設定項目取得関数開始 GetEntryTextButton_click d:\PythonScript\RPAScript\OCRView\TKINTERCV2Setting.py
