[2022/10/03 14:22:58][DEBUG](TKINTERCV2Setting.py:37) TKINTERCV2Setting_Application起動 __init__ d:\PythonScript\RPAScript\OCRView\TKINTERCV2Setting.py
[2022/10/03 14:22:58][DEBUG](TKINTERCV2Setting.py:698) 列名設定項目を作成して再配置開始 createEntry d:\PythonScript\RPAScript\OCRView\TKINTERCV2Setting.py
[2022/10/03 14:22:58][DEBUG](TKINTERCV2Setting.py:646) 列名設定項目を再配置開始 updateEntries d:\PythonScript\RPAScript\OCRView\TKINTERCV2Setting.py
[2022/10/03 14:22:58][DEBUG](TKINTERCV2Setting.py:690) 列名設定項目を再配置完了 updateEntries d:\PythonScript\RPAScript\OCRView\TKINTERCV2Setting.py
[2022/10/03 14:22:58][DEBUG](TKINTERCV2Setting.py:698) 列名設定項目を作成して再配置開始 createEntry d:\PythonScript\RPAScript\OCRView\TKINTERCV2Setting.py
[2022/10/03 14:22:58][DEBUG](TKINTERCV2Setting.py:646) 列名設定項目を再配置開始 updateEntries d:\PythonScript\RPAScript\OCRView\TKINTERCV2Setting.py
[2022/10/03 14:22:58][DEBUG](TKINTERCV2Setting.py:690) 列名設定項目を再配置完了 updateEntries d:\PythonScript\RPAScript\OCRView\TKINTERCV2Setting.py
[2022/10/03 14:22:58][DEBUG](TKINTERCV2Setting.py:698) 列名設定項目を作成して再配置開始 createEntry d:\PythonScript\RPAScript\OCRView\TKINTERCV2Setting.py
[2022/10/03 14:22:58][DEBUG](TKINTERCV2Setting.py:646) 列名設定項目を再配置開始 updateEntries d:\PythonScript\RPAScript\OCRView\TKINTERCV2Setting.py
[2022/10/03 14:22:58][DEBUG](TKINTERCV2Setting.py:690) 列名設定項目を再配置完了 updateEntries d:\PythonScript\RPAScript\OCRView\TKINTERCV2Setting.py
[2022/10/03 14:22:58][DEBUG](TKINTERCV2Setting.py:698) 列名設定項目を作成して再配置開始 createEntry d:\PythonScript\RPAScript\OCRView\TKINTERCV2Setting.py
[2022/10/03 14:22:58][DEBUG](TKINTERCV2Setting.py:646) 列名設定項目を再配置開始 updateEntries d:\PythonScript\RPAScript\OCRView\TKINTERCV2Setting.py
[2022/10/03 14:22:58][DEBUG](TKINTERCV2Setting.py:690) 列名設定項目を再配置完了 updateEntries d:\PythonScript\RPAScript\OCRView\TKINTERCV2Setting.py
[2022/10/03 14:22:58][DEBUG](TKINTERCV2Setting.py:698) 列名設定項目を作成して再配置開始 createEntry d:\PythonScript\RPAScript\OCRView\TKINTERCV2Setting.py
[2022/10/03 14:22:58][DEBUG](TKINTERCV2Setting.py:646) 列名設定項目を再配置開始 updateEntries d:\PythonScript\RPAScript\OCRView\TKINTERCV2Setting.py
[2022/10/03 14:22:58][DEBUG](TKINTERCV2Setting.py:690) 列名設定項目を再配置完了 updateEntries d:\PythonScript\RPAScript\OCRView\TKINTERCV2Setting.py
[2022/10/03 14:22:58][DEBUG](TKINTERCV2Setting.py:698) 列名設定項目を作成して再配置開始 createEntry d:\PythonScript\RPAScript\OCRView\TKINTERCV2Setting.py
[2022/10/03 14:22:58][DEBUG](TKINTERCV2Setting.py:646) 列名設定項目を再配置開始 updateEntries d:\PythonScript\RPAScript\OCRView\TKINTERCV2Setting.py
[2022/10/03 14:22:58][DEBUG](TKINTERCV2Setting.py:690) 列名設定項目を再配置完了 updateEntries d:\PythonScript\RPAScript\OCRView\TKINTERCV2Setting.py
[2022/10/03 14:22:58][DEBUG](TKINTERCV2Setting.py:1030) 透過キャンバス(上ウィンドウ)に罫線描画処理完了 Gra d:\PythonScript\RPAScript\OCRView\TKINTERCV2Setting.py
[2022/10/03 14:22:58][DEBUG](TKINTERCV2Setting.py:554) 下ウィンドウに画像をリサイズして配置開始 InportIMG d:\PythonScript\RPAScript\OCRView\TKINTERCV2Setting.py
[2022/10/03 14:22:58][DEBUG](TKINTERCV2Setting.py:308) TKINTERCV2Setting_Application起動完了 __init__ d:\PythonScript\RPAScript\OCRView\TKINTERCV2Setting.py
