[2022/09/28 10:22:30][DEBUG](TKINTERCV2Setting.py:35) TKINTERCV2Setting_Application起動 __init__ d:\pythonscript\rpascript\ocrview\TKINTERCV2Setting.py
[2022/09/28 10:22:30][DEBUG](PngImagePlugin.py:186) STREAM b'IHDR' 16 13 call d:\PythonScript\RPAScript\OCRFlowVenv\lib\site-packages\PIL\PngImagePlugin.py
[2022/09/28 10:22:30][DEBUG](PngImagePlugin.py:186) STREAM b'IDAT' 41 65536 call d:\PythonScript\RPAScript\OCRFlowVenv\lib\site-packages\PIL\PngImagePlugin.py
[2022/09/28 10:22:31][DEBUG](TKINTERCV2Setting.py:707) 列名設定項目を作成して再配置開始 createEntry d:\pythonscript\rpascript\ocrview\TKINTERCV2Setting.py
[2022/09/28 10:22:31][DEBUG](TKINTERCV2Setting.py:655) 列名設定項目を再配置開始 updateEntries d:\pythonscript\rpascript\ocrview\TKINTERCV2Setting.py
[2022/09/28 10:22:31][DEBUG](TKINTERCV2Setting.py:699) 列名設定項目を再配置完了 updateEntries d:\pythonscript\rpascript\ocrview\TKINTERCV2Setting.py
[2022/09/28 10:22:31][DEBUG](TKINTERCV2Setting.py:707) 列名設定項目を作成して再配置開始 createEntry d:\pythonscript\rpascript\ocrview\TKINTERCV2Setting.py
[2022/09/28 10:22:31][DEBUG](TKINTERCV2Setting.py:655) 列名設定項目を再配置開始 updateEntries d:\pythonscript\rpascript\ocrview\TKINTERCV2Setting.py
[2022/09/28 10:22:31][DEBUG](TKINTERCV2Setting.py:699) 列名設定項目を再配置完了 updateEntries d:\pythonscript\rpascript\ocrview\TKINTERCV2Setting.py
[2022/09/28 10:22:31][DEBUG](TKINTERCV2Setting.py:707) 列名設定項目を作成して再配置開始 createEntry d:\pythonscript\rpascript\ocrview\TKINTERCV2Setting.py
[2022/09/28 10:22:31][DEBUG](TKINTERCV2Setting.py:655) 列名設定項目を再配置開始 updateEntries d:\pythonscript\rpascript\ocrview\TKINTERCV2Setting.py
[2022/09/28 10:22:31][DEBUG](TKINTERCV2Setting.py:699) 列名設定項目を再配置完了 updateEntries d:\pythonscript\rpascript\ocrview\TKINTERCV2Setting.py
[2022/09/28 10:22:31][DEBUG](TKINTERCV2Setting.py:707) 列名設定項目を作成して再配置開始 createEntry d:\pythonscript\rpascript\ocrview\TKINTERCV2Setting.py
[2022/09/28 10:22:31][DEBUG](TKINTERCV2Setting.py:655) 列名設定項目を再配置開始 updateEntries d:\pythonscript\rpascript\ocrview\TKINTERCV2Setting.py
[2022/09/28 10:22:31][DEBUG](TKINTERCV2Setting.py:699) 列名設定項目を再配置完了 updateEntries d:\pythonscript\rpascript\ocrview\TKINTERCV2Setting.py
[2022/09/28 10:22:31][DEBUG](TKINTERCV2Setting.py:707) 列名設定項目を作成して再配置開始 createEntry d:\pythonscript\rpascript\ocrview\TKINTERCV2Setting.py
[2022/09/28 10:22:31][DEBUG](TKINTERCV2Setting.py:655) 列名設定項目を再配置開始 updateEntries d:\pythonscript\rpascript\ocrview\TKINTERCV2Setting.py
[2022/09/28 10:22:31][DEBUG](TKINTERCV2Setting.py:699) 列名設定項目を再配置完了 updateEntries d:\pythonscript\rpascript\ocrview\TKINTERCV2Setting.py
[2022/09/28 10:22:31][DEBUG](TKINTERCV2Setting.py:1051) 透過キャンバス(上ウィンドウ)に罫線描画処理完了 Gra d:\pythonscript\rpascript\ocrview\TKINTERCV2Setting.py
[2022/09/28 10:22:31][DEBUG](TKINTERCV2Setting.py:560) 下ウィンドウに画像をリサイズして配置開始 InportIMG d:\pythonscript\rpascript\ocrview\TKINTERCV2Setting.py
[2022/09/28 10:22:31][DEBUG](PngImagePlugin.py:186) STREAM b'IHDR' 16 13 call d:\PythonScript\RPAScript\OCRFlowVenv\lib\site-packages\PIL\PngImagePlugin.py
[2022/09/28 10:22:31][DEBUG](PngImagePlugin.py:186) STREAM b'IDAT' 41 65536 call d:\PythonScript\RPAScript\OCRFlowVenv\lib\site-packages\PIL\PngImagePlugin.py
[2022/09/28 10:22:31][DEBUG](TKINTERCV2Setting.py:305) TKINTERCV2Setting_Application起動完了 __init__ d:\pythonscript\rpascript\ocrview\TKINTERCV2Setting.py
