[2022/10/06 16:20:44][DEBUG](TKINTERCV2Setting.py:43) TKINTERCV2Setting_Application起動 __init__ d:\PythonScript\RPAScript\OCRView\TKINTERCV2Setting.py
[2022/10/06 16:20:44][DEBUG](TKINTERCV2Setting.py:1079) 列名設定項目を作成して再配置開始 createEntry d:\PythonScript\RPAScript\OCRView\TKINTERCV2Setting.py
[2022/10/06 16:20:44][DEBUG](TKINTERCV2Setting.py:1027) 列名設定項目を再配置開始 updateEntries d:\PythonScript\RPAScript\OCRView\TKINTERCV2Setting.py
[2022/10/06 16:20:44][DEBUG](TKINTERCV2Setting.py:1071) 列名設定項目を再配置完了 updateEntries d:\PythonScript\RPAScript\OCRView\TKINTERCV2Setting.py
[2022/10/06 16:20:44][DEBUG](TKINTERCV2Setting.py:1079) 列名設定項目を作成して再配置開始 createEntry d:\PythonScript\RPAScript\OCRView\TKINTERCV2Setting.py
[2022/10/06 16:20:44][DEBUG](TKINTERCV2Setting.py:1027) 列名設定項目を再配置開始 updateEntries d:\PythonScript\RPAScript\OCRView\TKINTERCV2Setting.py
[2022/10/06 16:20:44][DEBUG](TKINTERCV2Setting.py:1071) 列名設定項目を再配置完了 updateEntries d:\PythonScript\RPAScript\OCRView\TKINTERCV2Setting.py
[2022/10/06 16:20:44][DEBUG](TKINTERCV2Setting.py:1079) 列名設定項目を作成して再配置開始 createEntry d:\PythonScript\RPAScript\OCRView\TKINTERCV2Setting.py
[2022/10/06 16:20:44][DEBUG](TKINTERCV2Setting.py:1027) 列名設定項目を再配置開始 updateEntries d:\PythonScript\RPAScript\OCRView\TKINTERCV2Setting.py
[2022/10/06 16:20:44][DEBUG](TKINTERCV2Setting.py:1071) 列名設定項目を再配置完了 updateEntries d:\PythonScript\RPAScript\OCRView\TKINTERCV2Setting.py
[2022/10/06 16:20:44][DEBUG](TKINTERCV2Setting.py:1079) 列名設定項目を作成して再配置開始 createEntry d:\PythonScript\RPAScript\OCRView\TKINTERCV2Setting.py
[2022/10/06 16:20:44][DEBUG](TKINTERCV2Setting.py:1027) 列名設定項目を再配置開始 updateEntries d:\PythonScript\RPAScript\OCRView\TKINTERCV2Setting.py
[2022/10/06 16:20:44][DEBUG](TKINTERCV2Setting.py:1071) 列名設定項目を再配置完了 updateEntries d:\PythonScript\RPAScript\OCRView\TKINTERCV2Setting.py
[2022/10/06 16:20:44][DEBUG](TKINTERCV2Setting.py:1079) 列名設定項目を作成して再配置開始 createEntry d:\PythonScript\RPAScript\OCRView\TKINTERCV2Setting.py
[2022/10/06 16:20:44][DEBUG](TKINTERCV2Setting.py:1027) 列名設定項目を再配置開始 updateEntries d:\PythonScript\RPAScript\OCRView\TKINTERCV2Setting.py
[2022/10/06 16:20:44][DEBUG](TKINTERCV2Setting.py:1071) 列名設定項目を再配置完了 updateEntries d:\PythonScript\RPAScript\OCRView\TKINTERCV2Setting.py
[2022/10/06 16:20:44][DEBUG](TKINTERCV2Setting.py:1079) 列名設定項目を作成して再配置開始 createEntry d:\PythonScript\RPAScript\OCRView\TKINTERCV2Setting.py
[2022/10/06 16:20:44][DEBUG](TKINTERCV2Setting.py:1027) 列名設定項目を再配置開始 updateEntries d:\PythonScript\RPAScript\OCRView\TKINTERCV2Setting.py
[2022/10/06 16:20:44][DEBUG](TKINTERCV2Setting.py:1071) 列名設定項目を再配置完了 updateEntries d:\PythonScript\RPAScript\OCRView\TKINTERCV2Setting.py
[2022/10/06 16:20:44][DEBUG](TKINTERCV2Setting.py:1450) 透過キャンバス(上ウィンドウ)に罫線描画処理完了 Gra d:\PythonScript\RPAScript\OCRView\TKINTERCV2Setting.py
[2022/10/06 16:20:44][DEBUG](TKINTERCV2Setting.py:935) 下ウィンドウに画像をリサイズして配置開始 InportIMG d:\PythonScript\RPAScript\OCRView\TKINTERCV2Setting.py
[2022/10/06 16:20:44][DEBUG](TKINTERCV2Setting.py:643) TKINTERCV2Setting_Application起動完了 __init__ d:\PythonScript\RPAScript\OCRView\TKINTERCV2Setting.py
[2022/10/06 16:21:40][DEBUG](TKINTERCV2Setting.py:1336) 縦直線追加ボタン処理開始 StLine d:\PythonScript\RPAScript\OCRView\TKINTERCV2Setting.py
[2022/10/06 16:21:46][DEBUG](TKINTERCV2Setting.py:1336) 縦直線追加ボタン処理開始 StLine d:\PythonScript\RPAScript\OCRView\TKINTERCV2Setting.py
[2022/10/06 16:21:49][DEBUG](TKINTERCV2Setting.py:1336) 縦直線追加ボタン処理開始 StLine d:\PythonScript\RPAScript\OCRView\TKINTERCV2Setting.py
[2022/10/06 16:21:52][DEBUG](TKINTERCV2Setting.py:1760) Line27_縦直線描画処理完了 click1 d:\PythonScript\RPAScript\OCRView\TKINTERCV2Setting.py
