[2022/10/08 21:20:47][DEBUG](TKINTERCV2Setting.py:32) TKINTERCV2Setting_Application起動 __init__ c:\Users\もちねこ\Desktop\GitHub\RPAScript-1\OCRView\TKINTERCV2Setting.py
[2022/10/08 21:20:47][DEBUG](TKINTERCV2Setting.py:986) 列名設定項目を作成して再配置開始 createEntry c:\Users\もちねこ\Desktop\GitHub\RPAScript-1\OCRView\TKINTERCV2Setting.py
[2022/10/08 21:20:47][DEBUG](TKINTERCV2Setting.py:934) 列名設定項目を再配置開始 updateEntries c:\Users\もちねこ\Desktop\GitHub\RPAScript-1\OCRView\TKINTERCV2Setting.py
[2022/10/08 21:20:47][DEBUG](TKINTERCV2Setting.py:978) 列名設定項目を再配置完了 updateEntries c:\Users\もちねこ\Desktop\GitHub\RPAScript-1\OCRView\TKINTERCV2Setting.py
[2022/10/08 21:20:47][DEBUG](TKINTERCV2Setting.py:986) 列名設定項目を作成して再配置開始 createEntry c:\Users\もちねこ\Desktop\GitHub\RPAScript-1\OCRView\TKINTERCV2Setting.py
[2022/10/08 21:20:47][DEBUG](TKINTERCV2Setting.py:934) 列名設定項目を再配置開始 updateEntries c:\Users\もちねこ\Desktop\GitHub\RPAScript-1\OCRView\TKINTERCV2Setting.py
[2022/10/08 21:20:47][DEBUG](TKINTERCV2Setting.py:978) 列名設定項目を再配置完了 updateEntries c:\Users\もちねこ\Desktop\GitHub\RPAScript-1\OCRView\TKINTERCV2Setting.py
[2022/10/08 21:20:47][DEBUG](TKINTERCV2Setting.py:986) 列名設定項目を作成して再配置開始 createEntry c:\Users\もちねこ\Desktop\GitHub\RPAScript-1\OCRView\TKINTERCV2Setting.py
[2022/10/08 21:20:47][DEBUG](TKINTERCV2Setting.py:934) 列名設定項目を再配置開始 updateEntries c:\Users\もちねこ\Desktop\GitHub\RPAScript-1\OCRView\TKINTERCV2Setting.py
[2022/10/08 21:20:47][DEBUG](TKINTERCV2Setting.py:978) 列名設定項目を再配置完了 updateEntries c:\Users\もちねこ\Desktop\GitHub\RPAScript-1\OCRView\TKINTERCV2Setting.py
[2022/10/08 21:20:47][DEBUG](TKINTERCV2Setting.py:986) 列名設定項目を作成して再配置開始 createEntry c:\Users\もちねこ\Desktop\GitHub\RPAScript-1\OCRView\TKINTERCV2Setting.py
[2022/10/08 21:20:47][DEBUG](TKINTERCV2Setting.py:934) 列名設定項目を再配置開始 updateEntries c:\Users\もちねこ\Desktop\GitHub\RPAScript-1\OCRView\TKINTERCV2Setting.py
[2022/10/08 21:20:47][DEBUG](TKINTERCV2Setting.py:978) 列名設定項目を再配置完了 updateEntries c:\Users\もちねこ\Desktop\GitHub\RPAScript-1\OCRView\TKINTERCV2Setting.py
[2022/10/08 21:20:47][DEBUG](TKINTERCV2Setting.py:986) 列名設定項目を作成して再配置開始 createEntry c:\Users\もちねこ\Desktop\GitHub\RPAScript-1\OCRView\TKINTERCV2Setting.py
[2022/10/08 21:20:47][DEBUG](TKINTERCV2Setting.py:934) 列名設定項目を再配置開始 updateEntries c:\Users\もちねこ\Desktop\GitHub\RPAScript-1\OCRView\TKINTERCV2Setting.py
[2022/10/08 21:20:47][DEBUG](TKINTERCV2Setting.py:978) 列名設定項目を再配置完了 updateEntries c:\Users\もちねこ\Desktop\GitHub\RPAScript-1\OCRView\TKINTERCV2Setting.py
[2022/10/08 21:20:47][DEBUG](TKINTERCV2Setting.py:986) 列名設定項目を作成して再配置開始 createEntry c:\Users\もちねこ\Desktop\GitHub\RPAScript-1\OCRView\TKINTERCV2Setting.py
[2022/10/08 21:20:47][DEBUG](TKINTERCV2Setting.py:934) 列名設定項目を再配置開始 updateEntries c:\Users\もちねこ\Desktop\GitHub\RPAScript-1\OCRView\TKINTERCV2Setting.py
[2022/10/08 21:20:47][DEBUG](TKINTERCV2Setting.py:978) 列名設定項目を再配置完了 updateEntries c:\Users\もちねこ\Desktop\GitHub\RPAScript-1\OCRView\TKINTERCV2Setting.py
[2022/10/08 21:20:47][DEBUG](TKINTERCV2Setting.py:1356) 透過キャンバス(上ウィンドウ)に罫線描画処理完了 Gra c:\Users\もちねこ\Desktop\GitHub\RPAScript-1\OCRView\TKINTERCV2Setting.py
[2022/10/08 21:20:47][DEBUG](TKINTERCV2Setting.py:842) 下ウィンドウに画像をリサイズして配置開始 InportIMG c:\Users\もちねこ\Desktop\GitHub\RPAScript-1\OCRView\TKINTERCV2Setting.py
[2022/10/08 21:20:48][DEBUG](TKINTERCV2Setting.py:506) TKINTERCV2Setting_Application起動完了 __init__ c:\Users\もちねこ\Desktop\GitHub\RPAScript-1\OCRView\TKINTERCV2Setting.py
[2022/10/08 21:20:59][DEBUG](TKINTERCV2Setting.py:1267) 横直線追加ボタン処理開始 StWLine c:\Users\もちねこ\Desktop\GitHub\RPAScript-1\OCRView\TKINTERCV2Setting.py
[2022/10/08 21:21:01][DEBUG](TKINTERCV2Setting.py:1659) Line17_縦直線描画処理完了 click1 c:\Users\もちねこ\Desktop\GitHub\RPAScript-1\OCRView\TKINTERCV2Setting.py
[2022/10/08 21:21:18][DEBUG](TKINTERCV2Setting.py:1380) 確定ボタンクリック処理開始 EnterP c:\Users\もちねこ\Desktop\GitHub\RPAScript-1\OCRView\TKINTERCV2Setting.py
[2022/10/08 21:21:18][DEBUG](TKINTERCV2Setting.py:1037) 列名設定項目取得関数開始 GetEntryTextButton_click c:\Users\もちねこ\Desktop\GitHub\RPAScript-1\OCRView\TKINTERCV2Setting.py
