[2022/10/14 19:56:37][DEBUG](ViewGUI.py:53) Network: DESKTOP-TLFUM41 __init__ c:\Users\もちねこ\Desktop\GitHub\RPAScript-1\OCRView\ViewGUI.py
[2022/10/14 19:56:37][DEBUG](ViewGUI.py:54) Machine: AMD64 __init__ c:\Users\もちねこ\Desktop\GitHub\RPAScript-1\OCRView\ViewGUI.py
[2022/10/14 19:56:37][DEBUG](ViewGUI.py:55) Processor: AMD64 Family 23 Model 113 Stepping 0, AuthenticAMD __init__ c:\Users\もちねこ\Desktop\GitHub\RPAScript-1\OCRView\ViewGUI.py
[2022/10/14 19:56:37][DEBUG](ViewGUI.py:56) Platform: Windows-10-10.0.19041-SP0 __init__ c:\Users\もちねこ\Desktop\GitHub\RPAScript-1\OCRView\ViewGUI.py
[2022/10/14 19:56:37][DEBUG](ViewGUI.py:57) System: Windows __init__ c:\Users\もちねこ\Desktop\GitHub\RPAScript-1\OCRView\ViewGUI.py
[2022/10/14 19:56:37][DEBUG](ViewGUI.py:58) Release: 10 __init__ c:\Users\もちねこ\Desktop\GitHub\RPAScript-1\OCRView\ViewGUI.py
[2022/10/14 19:56:37][DEBUG](ViewGUI.py:59) Version: 10.0.19041 __init__ c:\Users\もちねこ\Desktop\GitHub\RPAScript-1\OCRView\ViewGUI.py
[2022/10/14 19:56:37][DEBUG](ViewGUI.py:60) MAC Address: A8A1_592F_A6D9 __init__ c:\Users\もちねこ\Desktop\GitHub\RPAScript-1\OCRView\ViewGUI.py
[2022/10/14 19:56:37][DEBUG](ViewGUI.py:61) Host name: DESKTOP-TLFUM41 __init__ c:\Users\もちねこ\Desktop\GitHub\RPAScript-1\OCRView\ViewGUI.py
[2022/10/14 19:56:37][DEBUG](ViewGUI.py:62) IP Address: 192.168.0.11 __init__ c:\Users\もちねこ\Desktop\GitHub\RPAScript-1\OCRView\ViewGUI.py
[2022/10/14 19:56:37][DEBUG](ViewGUI.py:63) ViewGUI起動 __init__ c:\Users\もちねこ\Desktop\GitHub\RPAScript-1\OCRView\ViewGUI.py
[2022/10/14 19:56:37][DEBUG](ViewGUI.py:110) ViewGUI起動完了 __init__ c:\Users\もちねこ\Desktop\GitHub\RPAScript-1\OCRView\ViewGUI.py
[2022/10/14 19:56:57][DEBUG](ViewGUI.py:732) OCR処理起動 LinOCROpen c:\Users\もちねこ\Desktop\GitHub\RPAScript-1\OCRView\ViewGUI.py
[2022/10/14 19:56:57][DEBUG](ViewGUI.py:681) OverSaveボタン起動 event_Searchsave c:\Users\もちねこ\Desktop\GitHub\RPAScript-1\OCRView\ViewGUI.py
[2022/10/14 19:57:09][DEBUG](ViewGUI.py:393) フォルダー選択起動 event_set_folder c:\Users\もちねこ\Desktop\GitHub\RPAScript-1\OCRView\ViewGUI.py
[2022/10/14 19:57:09][DEBUG](ViewGUI.py:681) OverSaveボタン起動 event_Searchsave c:\Users\もちねこ\Desktop\GitHub\RPAScript-1\OCRView\ViewGUI.py
[2022/10/14 19:57:15][DEBUG](ViewGUI.py:402) C:/Users/もちねこ/Desktop/GitHub/RPAScript-1/OCRView/CompanyData/1869_フォルダー選択完了 event_set_folder c:\Users\もちねこ\Desktop\GitHub\RPAScript-1\OCRView\ViewGUI.py
[2022/10/14 19:57:19][DEBUG](ViewGUI.py:470) ファイル選択起動 event_updatefile c:\Users\もちねこ\Desktop\GitHub\RPAScript-1\OCRView\ViewGUI.py
[2022/10/14 19:57:19][DEBUG](ViewGUI.py:681) OverSaveボタン起動 event_Searchsave c:\Users\もちねこ\Desktop\GitHub\RPAScript-1\OCRView\ViewGUI.py
[2022/10/14 19:57:19][DEBUG](ViewGUI.py:508) C:/Users/もちねこ/Desktop/GitHub/RPAScript-1/OCRView/CompanyData/1869\1869_1page.png_ファイル選択後イベント完了 event_selectfile c:\Users\もちねこ\Desktop\GitHub\RPAScript-1\OCRView\ViewGUI.py
[2022/10/14 19:57:24][DEBUG](ViewGUI.py:470) ファイル選択起動 event_updatefile c:\Users\もちねこ\Desktop\GitHub\RPAScript-1\OCRView\ViewGUI.py
[2022/10/14 19:57:24][DEBUG](ViewGUI.py:681) OverSaveボタン起動 event_Searchsave c:\Users\もちねこ\Desktop\GitHub\RPAScript-1\OCRView\ViewGUI.py
[2022/10/14 19:57:24][DEBUG](ViewGUI.py:508) C:/Users/もちねこ/Desktop/GitHub/RPAScript-1/OCRView/CompanyData/1869\1869_6page.png_ファイル選択後イベント完了 event_selectfile c:\Users\もちねこ\Desktop\GitHub\RPAScript-1\OCRView\ViewGUI.py
[2022/10/14 19:57:27][DEBUG](ViewGUI.py:470) ファイル選択起動 event_updatefile c:\Users\もちねこ\Desktop\GitHub\RPAScript-1\OCRView\ViewGUI.py
[2022/10/14 19:57:27][DEBUG](ViewGUI.py:681) OverSaveボタン起動 event_Searchsave c:\Users\もちねこ\Desktop\GitHub\RPAScript-1\OCRView\ViewGUI.py
[2022/10/14 19:57:27][DEBUG](ViewGUI.py:508) C:/Users/もちねこ/Desktop/GitHub/RPAScript-1/OCRView/CompanyData/1869\1869_8page.png_ファイル選択後イベント完了 event_selectfile c:\Users\もちねこ\Desktop\GitHub\RPAScript-1\OCRView\ViewGUI.py
[2022/10/14 19:57:30][DEBUG](ViewGUI.py:732) OCR処理起動 LinOCROpen c:\Users\もちねこ\Desktop\GitHub\RPAScript-1\OCRView\ViewGUI.py
[2022/10/14 19:57:30][DEBUG](ViewGUI.py:681) OverSaveボタン起動 event_Searchsave c:\Users\もちねこ\Desktop\GitHub\RPAScript-1\OCRView\ViewGUI.py
[2022/10/14 19:57:30][DEBUG](TKINTERCV2Setting.py:34) TKINTERCV2Setting_Application起動 __init__ c:\Users\もちねこ\Desktop\GitHub\RPAScript-1\OCRView\TKINTERCV2Setting.py
[2022/10/14 19:57:38][DEBUG](TKINTERCV2Setting.py:703) 列名設定項目を作成して再配置開始 createEntry c:\Users\もちねこ\Desktop\GitHub\RPAScript-1\OCRView\TKINTERCV2Setting.py
[2022/10/14 19:57:38][DEBUG](TKINTERCV2Setting.py:651) 列名設定項目を再配置開始 updateEntries c:\Users\もちねこ\Desktop\GitHub\RPAScript-1\OCRView\TKINTERCV2Setting.py
[2022/10/14 19:57:38][DEBUG](TKINTERCV2Setting.py:695) 列名設定項目を再配置完了 updateEntries c:\Users\もちねこ\Desktop\GitHub\RPAScript-1\OCRView\TKINTERCV2Setting.py
[2022/10/14 19:57:38][DEBUG](TKINTERCV2Setting.py:703) 列名設定項目を作成して再配置開始 createEntry c:\Users\もちねこ\Desktop\GitHub\RPAScript-1\OCRView\TKINTERCV2Setting.py
[2022/10/14 19:57:38][DEBUG](TKINTERCV2Setting.py:651) 列名設定項目を再配置開始 updateEntries c:\Users\もちねこ\Desktop\GitHub\RPAScript-1\OCRView\TKINTERCV2Setting.py
[2022/10/14 19:57:38][DEBUG](TKINTERCV2Setting.py:695) 列名設定項目を再配置完了 updateEntries c:\Users\もちねこ\Desktop\GitHub\RPAScript-1\OCRView\TKINTERCV2Setting.py
[2022/10/14 19:57:38][DEBUG](TKINTERCV2Setting.py:703) 列名設定項目を作成して再配置開始 createEntry c:\Users\もちねこ\Desktop\GitHub\RPAScript-1\OCRView\TKINTERCV2Setting.py
[2022/10/14 19:57:38][DEBUG](TKINTERCV2Setting.py:651) 列名設定項目を再配置開始 updateEntries c:\Users\もちねこ\Desktop\GitHub\RPAScript-1\OCRView\TKINTERCV2Setting.py
[2022/10/14 19:57:38][DEBUG](TKINTERCV2Setting.py:695) 列名設定項目を再配置完了 updateEntries c:\Users\もちねこ\Desktop\GitHub\RPAScript-1\OCRView\TKINTERCV2Setting.py
[2022/10/14 19:57:38][DEBUG](TKINTERCV2Setting.py:703) 列名設定項目を作成して再配置開始 createEntry c:\Users\もちねこ\Desktop\GitHub\RPAScript-1\OCRView\TKINTERCV2Setting.py
[2022/10/14 19:57:38][DEBUG](TKINTERCV2Setting.py:651) 列名設定項目を再配置開始 updateEntries c:\Users\もちねこ\Desktop\GitHub\RPAScript-1\OCRView\TKINTERCV2Setting.py
[2022/10/14 19:57:38][DEBUG](TKINTERCV2Setting.py:695) 列名設定項目を再配置完了 updateEntries c:\Users\もちねこ\Desktop\GitHub\RPAScript-1\OCRView\TKINTERCV2Setting.py
[2022/10/14 19:57:38][DEBUG](TKINTERCV2Setting.py:703) 列名設定項目を作成して再配置開始 createEntry c:\Users\もちねこ\Desktop\GitHub\RPAScript-1\OCRView\TKINTERCV2Setting.py
[2022/10/14 19:57:38][DEBUG](TKINTERCV2Setting.py:651) 列名設定項目を再配置開始 updateEntries c:\Users\もちねこ\Desktop\GitHub\RPAScript-1\OCRView\TKINTERCV2Setting.py
[2022/10/14 19:57:38][DEBUG](TKINTERCV2Setting.py:695) 列名設定項目を再配置完了 updateEntries c:\Users\もちねこ\Desktop\GitHub\RPAScript-1\OCRView\TKINTERCV2Setting.py
[2022/10/14 19:57:38][DEBUG](TKINTERCV2Setting.py:1073) 透過キャンバス(上ウィンドウ)に罫線描画処理完了 Gra c:\Users\もちねこ\Desktop\GitHub\RPAScript-1\OCRView\TKINTERCV2Setting.py
[2022/10/14 19:57:38][DEBUG](TKINTERCV2Setting.py:559) 下ウィンドウに画像をリサイズして配置開始 InportIMG c:\Users\もちねこ\Desktop\GitHub\RPAScript-1\OCRView\TKINTERCV2Setting.py
[2022/10/14 19:57:38][DEBUG](TKINTERCV2Setting.py:446) TKINTERCV2Setting_Application起動完了 __init__ c:\Users\もちねこ\Desktop\GitHub\RPAScript-1\OCRView\TKINTERCV2Setting.py
[2022/10/14 19:57:46][DEBUG](TKINTERCV2Setting.py:783) 新規直線描画処理開始 AutoNewLineCreate c:\Users\もちねこ\Desktop\GitHub\RPAScript-1\OCRView\TKINTERCV2Setting.py
[2022/10/14 19:57:48][DEBUG](TKINTERCV2Setting.py:1073) 透過キャンバス(上ウィンドウ)に罫線描画処理完了 Gra c:\Users\もちねこ\Desktop\GitHub\RPAScript-1\OCRView\TKINTERCV2Setting.py
[2022/10/14 19:58:25][DEBUG](TKINTERCV2Setting.py:1378) Line5_縦直線描画処理完了 click1 c:\Users\もちねこ\Desktop\GitHub\RPAScript-1\OCRView\TKINTERCV2Setting.py
[2022/10/14 19:58:28][DEBUG](TKINTERCV2Setting.py:1378) Line4_縦直線描画処理完了 click1 c:\Users\もちねこ\Desktop\GitHub\RPAScript-1\OCRView\TKINTERCV2Setting.py
[2022/10/14 19:58:33][DEBUG](TKINTERCV2Setting.py:1378) Line6_縦直線描画処理完了 click1 c:\Users\もちねこ\Desktop\GitHub\RPAScript-1\OCRView\TKINTERCV2Setting.py
[2022/10/14 19:58:36][DEBUG](TKINTERCV2Setting.py:1378) Line7_縦直線描画処理完了 click1 c:\Users\もちねこ\Desktop\GitHub\RPAScript-1\OCRView\TKINTERCV2Setting.py
[2022/10/14 19:58:39][DEBUG](TKINTERCV2Setting.py:1378) Line8_縦直線描画処理完了 click1 c:\Users\もちねこ\Desktop\GitHub\RPAScript-1\OCRView\TKINTERCV2Setting.py
[2022/10/14 19:58:47][DEBUG](TKINTERCV2Setting.py:1378) Line11_縦直線描画処理完了 click1 c:\Users\もちねこ\Desktop\GitHub\RPAScript-1\OCRView\TKINTERCV2Setting.py
[2022/10/14 19:58:50][DEBUG](TKINTERCV2Setting.py:1378) Line12_縦直線描画処理完了 click1 c:\Users\もちねこ\Desktop\GitHub\RPAScript-1\OCRView\TKINTERCV2Setting.py
[2022/10/14 19:58:52][DEBUG](TKINTERCV2Setting.py:1378) Line13_縦直線描画処理完了 click1 c:\Users\もちねこ\Desktop\GitHub\RPAScript-1\OCRView\TKINTERCV2Setting.py
[2022/10/14 19:58:55][DEBUG](TKINTERCV2Setting.py:984) 横直線追加ボタン処理開始 StWLine c:\Users\もちねこ\Desktop\GitHub\RPAScript-1\OCRView\TKINTERCV2Setting.py
[2022/10/14 19:58:57][DEBUG](TKINTERCV2Setting.py:1378) Line22_縦直線描画処理完了 click1 c:\Users\もちねこ\Desktop\GitHub\RPAScript-1\OCRView\TKINTERCV2Setting.py
[2022/10/14 19:59:02][DEBUG](TKINTERCV2Setting.py:984) 横直線追加ボタン処理開始 StWLine c:\Users\もちねこ\Desktop\GitHub\RPAScript-1\OCRView\TKINTERCV2Setting.py
[2022/10/14 19:59:05][DEBUG](TKINTERCV2Setting.py:1378) Line23_縦直線描画処理完了 click1 c:\Users\もちねこ\Desktop\GitHub\RPAScript-1\OCRView\TKINTERCV2Setting.py
[2022/10/14 19:59:10][DEBUG](TKINTERCV2Setting.py:1378) Line23_縦直線描画処理完了 click1 c:\Users\もちねこ\Desktop\GitHub\RPAScript-1\OCRView\TKINTERCV2Setting.py
[2022/10/14 19:59:12][DEBUG](TKINTERCV2Setting.py:984) 横直線追加ボタン処理開始 StWLine c:\Users\もちねこ\Desktop\GitHub\RPAScript-1\OCRView\TKINTERCV2Setting.py
[2022/10/14 19:59:14][DEBUG](TKINTERCV2Setting.py:1378) Line21_縦直線描画処理完了 click1 c:\Users\もちねこ\Desktop\GitHub\RPAScript-1\OCRView\TKINTERCV2Setting.py
[2022/10/14 19:59:16][DEBUG](TKINTERCV2Setting.py:1378) Line24_縦直線描画処理完了 click1 c:\Users\もちねこ\Desktop\GitHub\RPAScript-1\OCRView\TKINTERCV2Setting.py
[2022/10/14 19:59:20][DEBUG](TKINTERCV2Setting.py:984) 横直線追加ボタン処理開始 StWLine c:\Users\もちねこ\Desktop\GitHub\RPAScript-1\OCRView\TKINTERCV2Setting.py
[2022/10/14 19:59:21][DEBUG](TKINTERCV2Setting.py:1378) Line25_縦直線描画処理完了 click1 c:\Users\もちねこ\Desktop\GitHub\RPAScript-1\OCRView\TKINTERCV2Setting.py
[2022/10/14 19:59:32][DEBUG](TKINTERCV2Setting.py:1378) Line20_縦直線描画処理完了 click1 c:\Users\もちねこ\Desktop\GitHub\RPAScript-1\OCRView\TKINTERCV2Setting.py
[2022/10/14 19:59:38][DEBUG](TKINTERCV2Setting.py:1378) Line22_縦直線描画処理完了 click1 c:\Users\もちねこ\Desktop\GitHub\RPAScript-1\OCRView\TKINTERCV2Setting.py
[2022/10/14 19:59:43][DEBUG](TKINTERCV2Setting.py:1097) 確定ボタンクリック処理開始 EnterP c:\Users\もちねこ\Desktop\GitHub\RPAScript-1\OCRView\TKINTERCV2Setting.py
[2022/10/14 19:59:43][DEBUG](TKINTERCV2Setting.py:754) 列名設定項目取得関数開始 GetEntryTextButton_click c:\Users\もちねこ\Desktop\GitHub\RPAScript-1\OCRView\TKINTERCV2Setting.py
[2022/10/14 19:59:43][DEBUG](TKINTERCV2Setting.py:1296) GoogleVisionAPI縦軸数と設定列名数不一致。 EnterP c:\Users\もちねこ\Desktop\GitHub\RPAScript-1\OCRView\TKINTERCV2Setting.py
[2022/10/14 19:59:49][DEBUG](TKINTERCV2Setting.py:1378) Line2_縦直線描画処理完了 click1 c:\Users\もちねこ\Desktop\GitHub\RPAScript-1\OCRView\TKINTERCV2Setting.py
[2022/10/14 19:59:53][DEBUG](TKINTERCV2Setting.py:959) 縦直線追加ボタン処理開始 StLine c:\Users\もちねこ\Desktop\GitHub\RPAScript-1\OCRView\TKINTERCV2Setting.py
[2022/10/14 19:59:55][DEBUG](TKINTERCV2Setting.py:1378) Line26_縦直線描画処理完了 click1 c:\Users\もちねこ\Desktop\GitHub\RPAScript-1\OCRView\TKINTERCV2Setting.py
[2022/10/14 19:59:59][DEBUG](TKINTERCV2Setting.py:1378) Line3_縦直線描画処理完了 click1 c:\Users\もちねこ\Desktop\GitHub\RPAScript-1\OCRView\TKINTERCV2Setting.py
[2022/10/14 20:00:15][DEBUG](TKINTERCV2Setting.py:959) 縦直線追加ボタン処理開始 StLine c:\Users\もちねこ\Desktop\GitHub\RPAScript-1\OCRView\TKINTERCV2Setting.py
[2022/10/14 20:00:19][DEBUG](TKINTERCV2Setting.py:1378) Line3_縦直線描画処理完了 click1 c:\Users\もちねこ\Desktop\GitHub\RPAScript-1\OCRView\TKINTERCV2Setting.py
[2022/10/14 20:00:23][DEBUG](TKINTERCV2Setting.py:1378) Line26_縦直線描画処理完了 click1 c:\Users\もちねこ\Desktop\GitHub\RPAScript-1\OCRView\TKINTERCV2Setting.py
[2022/10/14 20:00:26][DEBUG](TKINTERCV2Setting.py:1378) Line26_縦直線描画処理完了 click1 c:\Users\もちねこ\Desktop\GitHub\RPAScript-1\OCRView\TKINTERCV2Setting.py
[2022/10/14 20:00:30][DEBUG](TKINTERCV2Setting.py:1378) Line27_縦直線描画処理完了 click1 c:\Users\もちねこ\Desktop\GitHub\RPAScript-1\OCRView\TKINTERCV2Setting.py
[2022/10/14 20:00:37][DEBUG](TKINTERCV2Setting.py:1097) 確定ボタンクリック処理開始 EnterP c:\Users\もちねこ\Desktop\GitHub\RPAScript-1\OCRView\TKINTERCV2Setting.py
[2022/10/14 20:00:37][DEBUG](TKINTERCV2Setting.py:754) 列名設定項目取得関数開始 GetEntryTextButton_click c:\Users\もちねこ\Desktop\GitHub\RPAScript-1\OCRView\TKINTERCV2Setting.py
[2022/10/14 20:00:39][DEBUG](TKINTERCV2Setting.py:1211) 縦横リスト書出完了 EnterP c:\Users\もちねこ\Desktop\GitHub\RPAScript-1\OCRView\TKINTERCV2Setting.py
[2022/10/14 20:00:39][DEBUG](OCRFlow.py:143) Bankrentxtver起動 DiffListCreate c:\Users\もちねこ\Desktop\GitHub\RPAScript-1\OCRView\OCRFlow.py
[2022/10/14 20:00:39][DEBUG](GCloudVision.py:109) get_document_bounds(GoogleVisionAPI)開始: debug level log get_document_bounds_BANK c:\Users\もちねこ\Desktop\GitHub\RPAScript-1\OCRView\GCloudVision.py
[2022/10/14 20:00:40][DEBUG](GCloudVision.py:147) get_document_bounds(GoogleVisionAPI)終了: debug level log get_document_bounds_BANK c:\Users\もちねこ\Desktop\GitHub\RPAScript-1\OCRView\GCloudVision.py
[2022/10/14 20:00:40][DEBUG](GCloudVision.py:417) rentxtver(OCR結果を整形eTax以外)成功: debug level log Bankrentxtver c:\Users\もちねこ\Desktop\GitHub\RPAScript-1\OCRView\GCloudVision.py
[2022/10/14 20:00:40][DEBUG](OCRFlow.py:150) Bankrentxtver完了 DiffListCreate c:\Users\もちねこ\Desktop\GitHub\RPAScript-1\OCRView\OCRFlow.py
[2022/10/14 20:00:40][DEBUG](OCRFlow.py:259) GoogleAPI後編集処理完了 DiffListCreate c:\Users\もちねこ\Desktop\GitHub\RPAScript-1\OCRView\OCRFlow.py
[2022/10/14 20:00:40][DEBUG](OCRFlow.py:290) GoogleAPI後dfto_csv開始 DiffListCreate c:\Users\もちねこ\Desktop\GitHub\RPAScript-1\OCRView\OCRFlow.py
[2022/10/14 20:00:40][DEBUG](OCRFlow.py:293) GoogleAPI後dfto_csvエラー後開始 DiffListCreate c:\Users\もちねこ\Desktop\GitHub\RPAScript-1\OCRView\OCRFlow.py
[2022/10/14 20:00:40][DEBUG](OCRFlow.py:303) GoogleAPI後csv処理完了 DiffListCreate c:\Users\もちねこ\Desktop\GitHub\RPAScript-1\OCRView\OCRFlow.py
[2022/10/14 20:00:40][DEBUG](TKINTERCV2Setting.py:1230) GoogleVisionAPI完了 EnterP c:\Users\もちねこ\Desktop\GitHub\RPAScript-1\OCRView\TKINTERCV2Setting.py
[2022/10/14 20:00:43][DEBUG](P_Table.py:28) P_Table起動 __init__ c:\Users\もちねこ\Desktop\GitHub\RPAScript-1\OCRView\P_Table.py
[2022/10/14 20:00:43][DEBUG](eucjpprober.py:62) EUC-JP Japanese prober hit error at byte 1 feed c:\Users\もちねこ\Desktop\GitHub\RPAScript-1\OCRView\venv\lib\site-packages\chardet\eucjpprober.py
[2022/10/14 20:00:43][DEBUG](mbcharsetprober.py:66) EUC-KR Korean prober hit error at byte 1 feed c:\Users\もちねこ\Desktop\GitHub\RPAScript-1\OCRView\venv\lib\site-packages\chardet\mbcharsetprober.py
[2022/10/14 20:00:43][DEBUG](mbcharsetprober.py:66) Big5 Chinese prober hit error at byte 1 feed c:\Users\もちねこ\Desktop\GitHub\RPAScript-1\OCRView\venv\lib\site-packages\chardet\mbcharsetprober.py
[2022/10/14 20:00:43][DEBUG](mbcharsetprober.py:66) EUC-TW Taiwan prober hit error at byte 1 feed c:\Users\もちねこ\Desktop\GitHub\RPAScript-1\OCRView\venv\lib\site-packages\chardet\mbcharsetprober.py
[2022/10/14 20:00:43][DEBUG](mbcharsetprober.py:66) CP949 Korean prober hit error at byte 39 feed c:\Users\もちねこ\Desktop\GitHub\RPAScript-1\OCRView\venv\lib\site-packages\chardet\mbcharsetprober.py
[2022/10/14 20:00:43][DEBUG](charsetgroupprober.py:98) utf-8 not active get_confidence c:\Users\もちねこ\Desktop\GitHub\RPAScript-1\OCRView\venv\lib\site-packages\chardet\charsetgroupprober.py
[2022/10/14 20:00:43][DEBUG](charsetgroupprober.py:101) SHIFT_JIS Japanese confidence = 0.99 get_confidence c:\Users\もちねこ\Desktop\GitHub\RPAScript-1\OCRView\venv\lib\site-packages\chardet\charsetgroupprober.py
[2022/10/14 20:00:43][DEBUG](charsetgroupprober.py:98) EUC-JP not active get_confidence c:\Users\もちねこ\Desktop\GitHub\RPAScript-1\OCRView\venv\lib\site-packages\chardet\charsetgroupprober.py
[2022/10/14 20:00:43][DEBUG](charsetgroupprober.py:101) GB2312 Chinese confidence = 0.01 get_confidence c:\Users\もちねこ\Desktop\GitHub\RPAScript-1\OCRView\venv\lib\site-packages\chardet\charsetgroupprober.py
[2022/10/14 20:00:43][DEBUG](charsetgroupprober.py:98) EUC-KR not active get_confidence c:\Users\もちねこ\Desktop\GitHub\RPAScript-1\OCRView\venv\lib\site-packages\chardet\charsetgroupprober.py
[2022/10/14 20:00:43][DEBUG](charsetgroupprober.py:98) CP949 not active get_confidence c:\Users\もちねこ\Desktop\GitHub\RPAScript-1\OCRView\venv\lib\site-packages\chardet\charsetgroupprober.py
[2022/10/14 20:00:43][DEBUG](charsetgroupprober.py:98) Big5 not active get_confidence c:\Users\もちねこ\Desktop\GitHub\RPAScript-1\OCRView\venv\lib\site-packages\chardet\charsetgroupprober.py
[2022/10/14 20:00:43][DEBUG](charsetgroupprober.py:98) EUC-TW not active get_confidence c:\Users\もちねこ\Desktop\GitHub\RPAScript-1\OCRView\venv\lib\site-packages\chardet\charsetgroupprober.py
[2022/10/14 20:00:43][DEBUG](charsetgroupprober.py:101) windows-1251 Russian confidence = 0.01 get_confidence c:\Users\もちねこ\Desktop\GitHub\RPAScript-1\OCRView\venv\lib\site-packages\chardet\charsetgroupprober.py
[2022/10/14 20:00:43][DEBUG](charsetgroupprober.py:101) KOI8-R Russian confidence = 0.01 get_confidence c:\Users\もちねこ\Desktop\GitHub\RPAScript-1\OCRView\venv\lib\site-packages\chardet\charsetgroupprober.py
[2022/10/14 20:00:43][DEBUG](charsetgroupprober.py:101) ISO-8859-5 Russian confidence = 0.01 get_confidence c:\Users\もちねこ\Desktop\GitHub\RPAScript-1\OCRView\venv\lib\site-packages\chardet\charsetgroupprober.py
[2022/10/14 20:00:43][DEBUG](charsetgroupprober.py:101) MacCyrillic Russian confidence = 0.0 get_confidence c:\Users\もちねこ\Desktop\GitHub\RPAScript-1\OCRView\venv\lib\site-packages\chardet\charsetgroupprober.py
[2022/10/14 20:00:43][DEBUG](charsetgroupprober.py:101) IBM866 Russian confidence = 0.0 get_confidence c:\Users\もちねこ\Desktop\GitHub\RPAScript-1\OCRView\venv\lib\site-packages\chardet\charsetgroupprober.py
[2022/10/14 20:00:43][DEBUG](charsetgroupprober.py:101) IBM855 Russian confidence = 0.01 get_confidence c:\Users\もちねこ\Desktop\GitHub\RPAScript-1\OCRView\venv\lib\site-packages\chardet\charsetgroupprober.py
[2022/10/14 20:00:43][DEBUG](charsetgroupprober.py:101) ISO-8859-7 Greek confidence = 0.01 get_confidence c:\Users\もちねこ\Desktop\GitHub\RPAScript-1\OCRView\venv\lib\site-packages\chardet\charsetgroupprober.py
[2022/10/14 20:00:43][DEBUG](charsetgroupprober.py:101) windows-1253 Greek confidence = 0.01 get_confidence c:\Users\もちねこ\Desktop\GitHub\RPAScript-1\OCRView\venv\lib\site-packages\chardet\charsetgroupprober.py
[2022/10/14 20:00:43][DEBUG](charsetgroupprober.py:101) ISO-8859-5 Bulgarian confidence = 0.01 get_confidence c:\Users\もちねこ\Desktop\GitHub\RPAScript-1\OCRView\venv\lib\site-packages\chardet\charsetgroupprober.py
[2022/10/14 20:00:43][DEBUG](charsetgroupprober.py:101) windows-1251 Bulgarian confidence = 0.01 get_confidence c:\Users\もちねこ\Desktop\GitHub\RPAScript-1\OCRView\venv\lib\site-packages\chardet\charsetgroupprober.py
[2022/10/14 20:00:43][DEBUG](charsetgroupprober.py:101) TIS-620 Thai confidence = 0.01 get_confidence c:\Users\もちねこ\Desktop\GitHub\RPAScript-1\OCRView\venv\lib\site-packages\chardet\charsetgroupprober.py
[2022/10/14 20:00:43][DEBUG](charsetgroupprober.py:101) ISO-8859-9 Turkish confidence = 0.008252019886824447 get_confidence c:\Users\もちねこ\Desktop\GitHub\RPAScript-1\OCRView\venv\lib\site-packages\chardet\charsetgroupprober.py
[2022/10/14 20:00:43][DEBUG](charsetgroupprober.py:101) windows-1255 Hebrew confidence = 0.0 get_confidence c:\Users\もちねこ\Desktop\GitHub\RPAScript-1\OCRView\venv\lib\site-packages\chardet\charsetgroupprober.py
[2022/10/14 20:00:43][DEBUG](charsetgroupprober.py:101) windows-1255 Hebrew confidence = 0.0 get_confidence c:\Users\もちねこ\Desktop\GitHub\RPAScript-1\OCRView\venv\lib\site-packages\chardet\charsetgroupprober.py
[2022/10/14 20:00:43][DEBUG](charsetgroupprober.py:101) windows-1255 Hebrew confidence = 0.0 get_confidence c:\Users\もちねこ\Desktop\GitHub\RPAScript-1\OCRView\venv\lib\site-packages\chardet\charsetgroupprober.py
[2022/10/14 20:00:43][DEBUG](charsetgroupprober.py:98) utf-8 not active get_confidence c:\Users\もちねこ\Desktop\GitHub\RPAScript-1\OCRView\venv\lib\site-packages\chardet\charsetgroupprober.py
[2022/10/14 20:00:43][DEBUG](charsetgroupprober.py:101) SHIFT_JIS Japanese confidence = 0.99 get_confidence c:\Users\もちねこ\Desktop\GitHub\RPAScript-1\OCRView\venv\lib\site-packages\chardet\charsetgroupprober.py
[2022/10/14 20:00:43][DEBUG](charsetgroupprober.py:98) EUC-JP not active get_confidence c:\Users\もちねこ\Desktop\GitHub\RPAScript-1\OCRView\venv\lib\site-packages\chardet\charsetgroupprober.py
[2022/10/14 20:00:43][DEBUG](charsetgroupprober.py:101) GB2312 Chinese confidence = 0.01 get_confidence c:\Users\もちねこ\Desktop\GitHub\RPAScript-1\OCRView\venv\lib\site-packages\chardet\charsetgroupprober.py
[2022/10/14 20:00:43][DEBUG](charsetgroupprober.py:98) EUC-KR not active get_confidence c:\Users\もちねこ\Desktop\GitHub\RPAScript-1\OCRView\venv\lib\site-packages\chardet\charsetgroupprober.py
[2022/10/14 20:00:43][DEBUG](charsetgroupprober.py:98) CP949 not active get_confidence c:\Users\もちねこ\Desktop\GitHub\RPAScript-1\OCRView\venv\lib\site-packages\chardet\charsetgroupprober.py
[2022/10/14 20:00:43][DEBUG](charsetgroupprober.py:98) Big5 not active get_confidence c:\Users\もちねこ\Desktop\GitHub\RPAScript-1\OCRView\venv\lib\site-packages\chardet\charsetgroupprober.py
[2022/10/14 20:00:43][DEBUG](charsetgroupprober.py:98) EUC-TW not active get_confidence c:\Users\もちねこ\Desktop\GitHub\RPAScript-1\OCRView\venv\lib\site-packages\chardet\charsetgroupprober.py
[2022/10/14 20:00:44][DEBUG](DGFrame.py:180) ページ連結完了 JoinCSV c:\Users\もちねこ\Desktop\GitHub\RPAScript-1\OCRView\Frame\DGFrame.py
[2022/10/14 20:00:44][DEBUG](DGFrame.py:183) ページ連結失敗 JoinCSV c:\Users\もちねこ\Desktop\GitHub\RPAScript-1\OCRView\Frame\DGFrame.py
[2022/10/14 20:01:04][DEBUG](TKINTERCV2Setting.py:1097) 確定ボタンクリック処理開始 EnterP c:\Users\もちねこ\Desktop\GitHub\RPAScript-1\OCRView\TKINTERCV2Setting.py
[2022/10/14 20:01:04][DEBUG](TKINTERCV2Setting.py:754) 列名設定項目取得関数開始 GetEntryTextButton_click c:\Users\もちねこ\Desktop\GitHub\RPAScript-1\OCRView\TKINTERCV2Setting.py
[2022/10/14 20:01:05][DEBUG](TKINTERCV2Setting.py:1211) 縦横リスト書出完了 EnterP c:\Users\もちねこ\Desktop\GitHub\RPAScript-1\OCRView\TKINTERCV2Setting.py
[2022/10/14 20:01:05][DEBUG](OCRFlow.py:143) Bankrentxtver起動 DiffListCreate c:\Users\もちねこ\Desktop\GitHub\RPAScript-1\OCRView\OCRFlow.py
[2022/10/14 20:01:05][DEBUG](GCloudVision.py:109) get_document_bounds(GoogleVisionAPI)開始: debug level log get_document_bounds_BANK c:\Users\もちねこ\Desktop\GitHub\RPAScript-1\OCRView\GCloudVision.py
[2022/10/14 20:01:06][DEBUG](GCloudVision.py:147) get_document_bounds(GoogleVisionAPI)終了: debug level log get_document_bounds_BANK c:\Users\もちねこ\Desktop\GitHub\RPAScript-1\OCRView\GCloudVision.py
[2022/10/14 20:01:06][DEBUG](GCloudVision.py:417) rentxtver(OCR結果を整形eTax以外)成功: debug level log Bankrentxtver c:\Users\もちねこ\Desktop\GitHub\RPAScript-1\OCRView\GCloudVision.py
[2022/10/14 20:01:06][DEBUG](OCRFlow.py:150) Bankrentxtver完了 DiffListCreate c:\Users\もちねこ\Desktop\GitHub\RPAScript-1\OCRView\OCRFlow.py
[2022/10/14 20:01:06][DEBUG](OCRFlow.py:259) GoogleAPI後編集処理完了 DiffListCreate c:\Users\もちねこ\Desktop\GitHub\RPAScript-1\OCRView\OCRFlow.py
[2022/10/14 20:01:52][DEBUG](TKINTERCV2Setting.py:1097) 確定ボタンクリック処理開始 EnterP c:\Users\もちねこ\Desktop\GitHub\RPAScript-1\OCRView\TKINTERCV2Setting.py
[2022/10/14 20:01:52][DEBUG](TKINTERCV2Setting.py:754) 列名設定項目取得関数開始 GetEntryTextButton_click c:\Users\もちねこ\Desktop\GitHub\RPAScript-1\OCRView\TKINTERCV2Setting.py
[2022/10/14 20:01:54][DEBUG](TKINTERCV2Setting.py:1211) 縦横リスト書出完了 EnterP c:\Users\もちねこ\Desktop\GitHub\RPAScript-1\OCRView\TKINTERCV2Setting.py
[2022/10/14 20:01:54][DEBUG](OCRFlow.py:143) Bankrentxtver起動 DiffListCreate c:\Users\もちねこ\Desktop\GitHub\RPAScript-1\OCRView\OCRFlow.py
[2022/10/14 20:01:54][DEBUG](GCloudVision.py:109) get_document_bounds(GoogleVisionAPI)開始: debug level log get_document_bounds_BANK c:\Users\もちねこ\Desktop\GitHub\RPAScript-1\OCRView\GCloudVision.py
[2022/10/14 20:01:55][DEBUG](GCloudVision.py:147) get_document_bounds(GoogleVisionAPI)終了: debug level log get_document_bounds_BANK c:\Users\もちねこ\Desktop\GitHub\RPAScript-1\OCRView\GCloudVision.py
[2022/10/14 20:01:55][DEBUG](GCloudVision.py:417) rentxtver(OCR結果を整形eTax以外)成功: debug level log Bankrentxtver c:\Users\もちねこ\Desktop\GitHub\RPAScript-1\OCRView\GCloudVision.py
[2022/10/14 20:01:55][DEBUG](OCRFlow.py:150) Bankrentxtver完了 DiffListCreate c:\Users\もちねこ\Desktop\GitHub\RPAScript-1\OCRView\OCRFlow.py
[2022/10/14 20:01:55][DEBUG](OCRFlow.py:259) GoogleAPI後編集処理完了 DiffListCreate c:\Users\もちねこ\Desktop\GitHub\RPAScript-1\OCRView\OCRFlow.py
