[2022/10/12 13:27:25][DEBUG](ViewGUI.py:52) Network: ws247 __init__ d:\PythonScript\RPAScript\OCRView\ViewGUI.py
[2022/10/12 13:27:25][DEBUG](ViewGUI.py:53) Machine: AMD64 __init__ d:\PythonScript\RPAScript\OCRView\ViewGUI.py
[2022/10/12 13:27:25][DEBUG](ViewGUI.py:54) Processor: Intel64 Family 6 Model 165 Stepping 5, GenuineIntel __init__ d:\PythonScript\RPAScript\OCRView\ViewGUI.py
[2022/10/12 13:27:25][DEBUG](ViewGUI.py:55) Platform: Windows-10-10.0.19041-SP0 __init__ d:\PythonScript\RPAScript\OCRView\ViewGUI.py
[2022/10/12 13:27:25][DEBUG](ViewGUI.py:56) System: Windows __init__ d:\PythonScript\RPAScript\OCRView\ViewGUI.py
[2022/10/12 13:27:25][DEBUG](ViewGUI.py:57) Release: 10 __init__ d:\PythonScript\RPAScript\OCRView\ViewGUI.py
[2022/10/12 13:27:25][DEBUG](ViewGUI.py:58) Version: 10.0.19041 __init__ d:\PythonScript\RPAScript\OCRView\ViewGUI.py
[2022/10/12 13:27:25][DEBUG](ViewGUI.py:59) MAC Address: 80E8_2CFB_55FD __init__ d:\PythonScript\RPAScript\OCRView\ViewGUI.py
[2022/10/12 13:27:25][DEBUG](ViewGUI.py:60) Host name: ws247 __init__ d:\PythonScript\RPAScript\OCRView\ViewGUI.py
[2022/10/12 13:27:25][DEBUG](ViewGUI.py:61) IP Address: 192.168.56.1 __init__ d:\PythonScript\RPAScript\OCRView\ViewGUI.py
[2022/10/12 13:27:25][DEBUG](ViewGUI.py:62) ViewGUI起動 __init__ d:\PythonScript\RPAScript\OCRView\ViewGUI.py
[2022/10/12 13:27:26][DEBUG](ViewGUI.py:108) ViewGUI起動完了 __init__ d:\PythonScript\RPAScript\OCRView\ViewGUI.py
[2022/10/12 13:27:28][DEBUG](ViewGUI.py:388) ファイル選択起動 event_set_file d:\PythonScript\RPAScript\OCRView\ViewGUI.py
[2022/10/12 13:27:28][DEBUG](ViewGUI.py:659) OverSaveボタン起動 event_Searchsave d:\PythonScript\RPAScript\OCRView\ViewGUI.py
[2022/10/12 13:27:31][DEBUG](ViewGUI.py:440) D:/OCRTESTPDF/PDFTEST_ファイル選択完了 event_set_file d:\PythonScript\RPAScript\OCRView\ViewGUI.py
[2022/10/12 13:27:33][DEBUG](ViewGUI.py:710) OCR処理起動 LinOCROpen d:\PythonScript\RPAScript\OCRView\ViewGUI.py
[2022/10/12 13:27:33][DEBUG](ViewGUI.py:659) OverSaveボタン起動 event_Searchsave d:\PythonScript\RPAScript\OCRView\ViewGUI.py
[2022/10/12 13:27:47][DEBUG](TKINTERCV2Setting.py:32) TKINTERCV2Setting_Application起動 __init__ d:\PythonScript\RPAScript\OCRView\TKINTERCV2Setting.py
[2022/10/12 13:27:48][DEBUG](TKINTERCV2Setting.py:697) 列名設定項目を作成して再配置開始 createEntry d:\PythonScript\RPAScript\OCRView\TKINTERCV2Setting.py
[2022/10/12 13:27:48][DEBUG](TKINTERCV2Setting.py:645) 列名設定項目を再配置開始 updateEntries d:\PythonScript\RPAScript\OCRView\TKINTERCV2Setting.py
[2022/10/12 13:27:48][DEBUG](TKINTERCV2Setting.py:689) 列名設定項目を再配置完了 updateEntries d:\PythonScript\RPAScript\OCRView\TKINTERCV2Setting.py
[2022/10/12 13:27:48][DEBUG](TKINTERCV2Setting.py:697) 列名設定項目を作成して再配置開始 createEntry d:\PythonScript\RPAScript\OCRView\TKINTERCV2Setting.py
[2022/10/12 13:27:48][DEBUG](TKINTERCV2Setting.py:645) 列名設定項目を再配置開始 updateEntries d:\PythonScript\RPAScript\OCRView\TKINTERCV2Setting.py
[2022/10/12 13:27:48][DEBUG](TKINTERCV2Setting.py:689) 列名設定項目を再配置完了 updateEntries d:\PythonScript\RPAScript\OCRView\TKINTERCV2Setting.py
[2022/10/12 13:27:48][DEBUG](TKINTERCV2Setting.py:697) 列名設定項目を作成して再配置開始 createEntry d:\PythonScript\RPAScript\OCRView\TKINTERCV2Setting.py
[2022/10/12 13:27:48][DEBUG](TKINTERCV2Setting.py:645) 列名設定項目を再配置開始 updateEntries d:\PythonScript\RPAScript\OCRView\TKINTERCV2Setting.py
[2022/10/12 13:27:48][DEBUG](TKINTERCV2Setting.py:689) 列名設定項目を再配置完了 updateEntries d:\PythonScript\RPAScript\OCRView\TKINTERCV2Setting.py
[2022/10/12 13:27:48][DEBUG](TKINTERCV2Setting.py:697) 列名設定項目を作成して再配置開始 createEntry d:\PythonScript\RPAScript\OCRView\TKINTERCV2Setting.py
[2022/10/12 13:27:48][DEBUG](TKINTERCV2Setting.py:645) 列名設定項目を再配置開始 updateEntries d:\PythonScript\RPAScript\OCRView\TKINTERCV2Setting.py
[2022/10/12 13:27:48][DEBUG](TKINTERCV2Setting.py:689) 列名設定項目を再配置完了 updateEntries d:\PythonScript\RPAScript\OCRView\TKINTERCV2Setting.py
[2022/10/12 13:27:48][DEBUG](TKINTERCV2Setting.py:697) 列名設定項目を作成して再配置開始 createEntry d:\PythonScript\RPAScript\OCRView\TKINTERCV2Setting.py
[2022/10/12 13:27:48][DEBUG](TKINTERCV2Setting.py:645) 列名設定項目を再配置開始 updateEntries d:\PythonScript\RPAScript\OCRView\TKINTERCV2Setting.py
[2022/10/12 13:27:48][DEBUG](TKINTERCV2Setting.py:689) 列名設定項目を再配置完了 updateEntries d:\PythonScript\RPAScript\OCRView\TKINTERCV2Setting.py
[2022/10/12 13:27:48][DEBUG](TKINTERCV2Setting.py:697) 列名設定項目を作成して再配置開始 createEntry d:\PythonScript\RPAScript\OCRView\TKINTERCV2Setting.py
[2022/10/12 13:27:48][DEBUG](TKINTERCV2Setting.py:645) 列名設定項目を再配置開始 updateEntries d:\PythonScript\RPAScript\OCRView\TKINTERCV2Setting.py
[2022/10/12 13:27:48][DEBUG](TKINTERCV2Setting.py:689) 列名設定項目を再配置完了 updateEntries d:\PythonScript\RPAScript\OCRView\TKINTERCV2Setting.py
[2022/10/12 13:27:48][DEBUG](TKINTERCV2Setting.py:1067) 透過キャンバス(上ウィンドウ)に罫線描画処理完了 Gra d:\PythonScript\RPAScript\OCRView\TKINTERCV2Setting.py
[2022/10/12 13:27:48][DEBUG](TKINTERCV2Setting.py:553) 下ウィンドウに画像をリサイズして配置開始 InportIMG d:\PythonScript\RPAScript\OCRView\TKINTERCV2Setting.py
[2022/10/12 13:27:48][DEBUG](TKINTERCV2Setting.py:444) TKINTERCV2Setting_Application起動完了 __init__ d:\PythonScript\RPAScript\OCRView\TKINTERCV2Setting.py
