[2022/10/07 23:32:19][DEBUG](ViewGUI.py:39) Network: DESKTOP-TLFUM41 __init__ c:\Users\もちねこ\Desktop\GitHub\RPAScript-1\OCRView\ViewGUI.py
[2022/10/07 23:32:19][DEBUG](ViewGUI.py:40) Machine: AMD64 __init__ c:\Users\もちねこ\Desktop\GitHub\RPAScript-1\OCRView\ViewGUI.py
[2022/10/07 23:32:19][DEBUG](ViewGUI.py:41) Processor: AMD64 Family 23 Model 113 Stepping 0, AuthenticAMD __init__ c:\Users\もちねこ\Desktop\GitHub\RPAScript-1\OCRView\ViewGUI.py
[2022/10/07 23:32:19][DEBUG](ViewGUI.py:42) Platform: Windows-10-10.0.19041-SP0 __init__ c:\Users\もちねこ\Desktop\GitHub\RPAScript-1\OCRView\ViewGUI.py
[2022/10/07 23:32:19][DEBUG](ViewGUI.py:43) System: Windows __init__ c:\Users\もちねこ\Desktop\GitHub\RPAScript-1\OCRView\ViewGUI.py
[2022/10/07 23:32:19][DEBUG](ViewGUI.py:44) Release: 10 __init__ c:\Users\もちねこ\Desktop\GitHub\RPAScript-1\OCRView\ViewGUI.py
[2022/10/07 23:32:19][DEBUG](ViewGUI.py:45) Version: 10.0.19041 __init__ c:\Users\もちねこ\Desktop\GitHub\RPAScript-1\OCRView\ViewGUI.py
[2022/10/07 23:32:19][DEBUG](ViewGUI.py:46) MAC Address: A8A1_592F_A6D9 __init__ c:\Users\もちねこ\Desktop\GitHub\RPAScript-1\OCRView\ViewGUI.py
[2022/10/07 23:32:19][DEBUG](ViewGUI.py:47) Host name: DESKTOP-TLFUM41 __init__ c:\Users\もちねこ\Desktop\GitHub\RPAScript-1\OCRView\ViewGUI.py
[2022/10/07 23:32:19][DEBUG](ViewGUI.py:48) IP Address: 192.168.0.11 __init__ c:\Users\もちねこ\Desktop\GitHub\RPAScript-1\OCRView\ViewGUI.py
[2022/10/07 23:32:19][DEBUG](ViewGUI.py:49) ViewGUI起動 __init__ c:\Users\もちねこ\Desktop\GitHub\RPAScript-1\OCRView\ViewGUI.py
[2022/10/07 23:32:19][DEBUG](ViewGUI.py:94) ViewGUI起動完了 __init__ c:\Users\もちねこ\Desktop\GitHub\RPAScript-1\OCRView\ViewGUI.py
[2022/10/07 23:32:31][DEBUG](ViewGUI.py:719) ファイル選択起動 event_set_file c:\Users\もちねこ\Desktop\GitHub\RPAScript-1\OCRView\ViewGUI.py
[2022/10/07 23:32:31][DEBUG](ViewGUI.py:990) OverSaveボタン起動 event_Searchsave c:\Users\もちねこ\Desktop\GitHub\RPAScript-1\OCRView\ViewGUI.py
[2022/10/07 23:32:49][DEBUG](ViewGUI.py:771) C:/Users/もちねこ/Desktop/PDFTEST_ファイル選択完了 event_set_file c:\Users\もちねこ\Desktop\GitHub\RPAScript-1\OCRView\ViewGUI.py
[2022/10/07 23:32:52][DEBUG](ViewGUI.py:1041) OCR処理起動 LinOCROpen c:\Users\もちねこ\Desktop\GitHub\RPAScript-1\OCRView\ViewGUI.py
[2022/10/07 23:32:52][DEBUG](ViewGUI.py:990) OverSaveボタン起動 event_Searchsave c:\Users\もちねこ\Desktop\GitHub\RPAScript-1\OCRView\ViewGUI.py
[2022/10/07 23:32:52][DEBUG](TKINTERCV2Setting.py:30) TKINTERCV2Setting_Application起動 __init__ c:\Users\もちねこ\Desktop\GitHub\RPAScript-1\OCRView\TKINTERCV2Setting.py
[2022/10/07 23:32:52][DEBUG](TKINTERCV2Setting.py:946) 列名設定項目を作成して再配置開始 createEntry c:\Users\もちねこ\Desktop\GitHub\RPAScript-1\OCRView\TKINTERCV2Setting.py
[2022/10/07 23:32:52][DEBUG](TKINTERCV2Setting.py:894) 列名設定項目を再配置開始 updateEntries c:\Users\もちねこ\Desktop\GitHub\RPAScript-1\OCRView\TKINTERCV2Setting.py
[2022/10/07 23:32:52][DEBUG](TKINTERCV2Setting.py:938) 列名設定項目を再配置完了 updateEntries c:\Users\もちねこ\Desktop\GitHub\RPAScript-1\OCRView\TKINTERCV2Setting.py
[2022/10/07 23:32:52][DEBUG](TKINTERCV2Setting.py:946) 列名設定項目を作成して再配置開始 createEntry c:\Users\もちねこ\Desktop\GitHub\RPAScript-1\OCRView\TKINTERCV2Setting.py
[2022/10/07 23:32:52][DEBUG](TKINTERCV2Setting.py:894) 列名設定項目を再配置開始 updateEntries c:\Users\もちねこ\Desktop\GitHub\RPAScript-1\OCRView\TKINTERCV2Setting.py
[2022/10/07 23:32:52][DEBUG](TKINTERCV2Setting.py:938) 列名設定項目を再配置完了 updateEntries c:\Users\もちねこ\Desktop\GitHub\RPAScript-1\OCRView\TKINTERCV2Setting.py
[2022/10/07 23:32:52][DEBUG](TKINTERCV2Setting.py:946) 列名設定項目を作成して再配置開始 createEntry c:\Users\もちねこ\Desktop\GitHub\RPAScript-1\OCRView\TKINTERCV2Setting.py
[2022/10/07 23:32:52][DEBUG](TKINTERCV2Setting.py:894) 列名設定項目を再配置開始 updateEntries c:\Users\もちねこ\Desktop\GitHub\RPAScript-1\OCRView\TKINTERCV2Setting.py
[2022/10/07 23:32:52][DEBUG](TKINTERCV2Setting.py:938) 列名設定項目を再配置完了 updateEntries c:\Users\もちねこ\Desktop\GitHub\RPAScript-1\OCRView\TKINTERCV2Setting.py
[2022/10/07 23:32:52][DEBUG](TKINTERCV2Setting.py:946) 列名設定項目を作成して再配置開始 createEntry c:\Users\もちねこ\Desktop\GitHub\RPAScript-1\OCRView\TKINTERCV2Setting.py
[2022/10/07 23:32:52][DEBUG](TKINTERCV2Setting.py:894) 列名設定項目を再配置開始 updateEntries c:\Users\もちねこ\Desktop\GitHub\RPAScript-1\OCRView\TKINTERCV2Setting.py
[2022/10/07 23:32:52][DEBUG](TKINTERCV2Setting.py:938) 列名設定項目を再配置完了 updateEntries c:\Users\もちねこ\Desktop\GitHub\RPAScript-1\OCRView\TKINTERCV2Setting.py
[2022/10/07 23:32:52][DEBUG](TKINTERCV2Setting.py:946) 列名設定項目を作成して再配置開始 createEntry c:\Users\もちねこ\Desktop\GitHub\RPAScript-1\OCRView\TKINTERCV2Setting.py
[2022/10/07 23:32:52][DEBUG](TKINTERCV2Setting.py:894) 列名設定項目を再配置開始 updateEntries c:\Users\もちねこ\Desktop\GitHub\RPAScript-1\OCRView\TKINTERCV2Setting.py
[2022/10/07 23:32:52][DEBUG](TKINTERCV2Setting.py:938) 列名設定項目を再配置完了 updateEntries c:\Users\もちねこ\Desktop\GitHub\RPAScript-1\OCRView\TKINTERCV2Setting.py
[2022/10/07 23:32:52][DEBUG](TKINTERCV2Setting.py:946) 列名設定項目を作成して再配置開始 createEntry c:\Users\もちねこ\Desktop\GitHub\RPAScript-1\OCRView\TKINTERCV2Setting.py
[2022/10/07 23:32:52][DEBUG](TKINTERCV2Setting.py:894) 列名設定項目を再配置開始 updateEntries c:\Users\もちねこ\Desktop\GitHub\RPAScript-1\OCRView\TKINTERCV2Setting.py
[2022/10/07 23:32:52][DEBUG](TKINTERCV2Setting.py:938) 列名設定項目を再配置完了 updateEntries c:\Users\もちねこ\Desktop\GitHub\RPAScript-1\OCRView\TKINTERCV2Setting.py
[2022/10/07 23:32:52][DEBUG](TKINTERCV2Setting.py:1316) 透過キャンバス(上ウィンドウ)に罫線描画処理完了 Gra c:\Users\もちねこ\Desktop\GitHub\RPAScript-1\OCRView\TKINTERCV2Setting.py
[2022/10/07 23:32:52][DEBUG](TKINTERCV2Setting.py:802) 下ウィンドウに画像をリサイズして配置開始 InportIMG c:\Users\もちねこ\Desktop\GitHub\RPAScript-1\OCRView\TKINTERCV2Setting.py
[2022/10/07 23:32:53][DEBUG](TKINTERCV2Setting.py:510) TKINTERCV2Setting_Application起動完了 __init__ c:\Users\もちねこ\Desktop\GitHub\RPAScript-1\OCRView\TKINTERCV2Setting.py
[2022/10/07 23:33:01][DEBUG](TKINTERCV2Setting.py:1026) 新規直線描画処理開始 AutoNewLineCreate c:\Users\もちねこ\Desktop\GitHub\RPAScript-1\OCRView\TKINTERCV2Setting.py
[2022/10/07 23:33:03][DEBUG](TKINTERCV2Setting.py:1316) 透過キャンバス(上ウィンドウ)に罫線描画処理完了 Gra c:\Users\もちねこ\Desktop\GitHub\RPAScript-1\OCRView\TKINTERCV2Setting.py
[2022/10/07 23:33:19][DEBUG](TKINTERCV2Setting.py:1617) Line14_縦直線描画処理完了 click1 c:\Users\もちねこ\Desktop\GitHub\RPAScript-1\OCRView\TKINTERCV2Setting.py
[2022/10/07 23:33:19][DEBUG](TKINTERCV2Setting.py:1637) Line14_削除完了 EventDelete c:\Users\もちねこ\Desktop\GitHub\RPAScript-1\OCRView\TKINTERCV2Setting.py
[2022/10/07 23:33:21][DEBUG](TKINTERCV2Setting.py:1617) Line15_縦直線描画処理完了 click1 c:\Users\もちねこ\Desktop\GitHub\RPAScript-1\OCRView\TKINTERCV2Setting.py
[2022/10/07 23:33:21][DEBUG](TKINTERCV2Setting.py:1637) Line15_削除完了 EventDelete c:\Users\もちねこ\Desktop\GitHub\RPAScript-1\OCRView\TKINTERCV2Setting.py
[2022/10/07 23:33:23][DEBUG](TKINTERCV2Setting.py:1617) Line16_縦直線描画処理完了 click1 c:\Users\もちねこ\Desktop\GitHub\RPAScript-1\OCRView\TKINTERCV2Setting.py
[2022/10/07 23:33:24][DEBUG](TKINTERCV2Setting.py:1617) Line16_縦直線描画処理完了 click1 c:\Users\もちねこ\Desktop\GitHub\RPAScript-1\OCRView\TKINTERCV2Setting.py
[2022/10/07 23:33:32][DEBUG](TKINTERCV2Setting.py:1617) Line8_縦直線描画処理完了 click1 c:\Users\もちねこ\Desktop\GitHub\RPAScript-1\OCRView\TKINTERCV2Setting.py
[2022/10/07 23:33:32][DEBUG](TKINTERCV2Setting.py:1637) Line8_削除完了 EventDelete c:\Users\もちねこ\Desktop\GitHub\RPAScript-1\OCRView\TKINTERCV2Setting.py
[2022/10/07 23:33:33][DEBUG](TKINTERCV2Setting.py:1617) Line9_縦直線描画処理完了 click1 c:\Users\もちねこ\Desktop\GitHub\RPAScript-1\OCRView\TKINTERCV2Setting.py
[2022/10/07 23:33:33][DEBUG](TKINTERCV2Setting.py:1637) Line9_削除完了 EventDelete c:\Users\もちねこ\Desktop\GitHub\RPAScript-1\OCRView\TKINTERCV2Setting.py
[2022/10/07 23:33:35][DEBUG](TKINTERCV2Setting.py:1617) Line10_縦直線描画処理完了 click1 c:\Users\もちねこ\Desktop\GitHub\RPAScript-1\OCRView\TKINTERCV2Setting.py
[2022/10/07 23:33:38][DEBUG](TKINTERCV2Setting.py:1617) Line2_縦直線描画処理完了 click1 c:\Users\もちねこ\Desktop\GitHub\RPAScript-1\OCRView\TKINTERCV2Setting.py
[2022/10/07 23:33:43][DEBUG](TKINTERCV2Setting.py:1617) Line3_縦直線描画処理完了 click1 c:\Users\もちねこ\Desktop\GitHub\RPAScript-1\OCRView\TKINTERCV2Setting.py
[2022/10/07 23:33:50][DEBUG](TKINTERCV2Setting.py:1617) Line4_縦直線描画処理完了 click1 c:\Users\もちねこ\Desktop\GitHub\RPAScript-1\OCRView\TKINTERCV2Setting.py
[2022/10/07 23:33:57][DEBUG](TKINTERCV2Setting.py:1617) Line6_縦直線描画処理完了 click1 c:\Users\もちねこ\Desktop\GitHub\RPAScript-1\OCRView\TKINTERCV2Setting.py
[2022/10/07 23:33:57][DEBUG](TKINTERCV2Setting.py:1637) Line6_削除完了 EventDelete c:\Users\もちねこ\Desktop\GitHub\RPAScript-1\OCRView\TKINTERCV2Setting.py
[2022/10/07 23:34:09][DEBUG](TKINTERCV2Setting.py:866) 列名設定項目削除ボタン処理開始 removeEntry_click c:\Users\もちねこ\Desktop\GitHub\RPAScript-1\OCRView\TKINTERCV2Setting.py
[2022/10/07 23:34:09][DEBUG](TKINTERCV2Setting.py:894) 列名設定項目を再配置開始 updateEntries c:\Users\もちねこ\Desktop\GitHub\RPAScript-1\OCRView\TKINTERCV2Setting.py
[2022/10/07 23:34:09][DEBUG](TKINTERCV2Setting.py:938) 列名設定項目を再配置完了 updateEntries c:\Users\もちねこ\Desktop\GitHub\RPAScript-1\OCRView\TKINTERCV2Setting.py
[2022/10/07 23:34:09][DEBUG](TKINTERCV2Setting.py:1060) toml列名設定の更新完了 ColumnTomlIn c:\Users\もちねこ\Desktop\GitHub\RPAScript-1\OCRView\TKINTERCV2Setting.py
[2022/10/07 23:34:21][DEBUG](TKINTERCV2Setting.py:1109) toml変換設定の更新完了 tomlreturn c:\Users\もちねこ\Desktop\GitHub\RPAScript-1\OCRView\TKINTERCV2Setting.py
[2022/10/07 23:34:31][DEBUG](TKINTERCV2Setting.py:1109) toml変換設定の更新完了 tomlreturn c:\Users\もちねこ\Desktop\GitHub\RPAScript-1\OCRView\TKINTERCV2Setting.py
[2022/10/07 23:34:34][DEBUG](TKINTERCV2Setting.py:1340) 確定ボタンクリック処理開始 EnterP c:\Users\もちねこ\Desktop\GitHub\RPAScript-1\OCRView\TKINTERCV2Setting.py
[2022/10/07 23:34:34][DEBUG](TKINTERCV2Setting.py:997) 列名設定項目取得関数開始 GetEntryTextButton_click c:\Users\もちねこ\Desktop\GitHub\RPAScript-1\OCRView\TKINTERCV2Setting.py
[2022/10/07 23:34:35][DEBUG](TKINTERCV2Setting.py:1454) 縦横リスト書出完了 EnterP c:\Users\もちねこ\Desktop\GitHub\RPAScript-1\OCRView\TKINTERCV2Setting.py
[2022/10/07 23:34:35][DEBUG](OCRFlow.py:153) Bankrentxtver起動 DiffListCreate c:\Users\もちねこ\Desktop\GitHub\RPAScript-1\OCRView\OCRFlow.py
[2022/10/07 23:34:35][DEBUG](GCloudVision.py:109) get_document_bounds(GoogleVisionAPI)開始: debug level log get_document_bounds_BANK c:\Users\もちねこ\Desktop\GitHub\RPAScript-1\OCRView\GCloudVision.py
[2022/10/07 23:34:36][DEBUG](GCloudVision.py:147) get_document_bounds(GoogleVisionAPI)終了: debug level log get_document_bounds_BANK c:\Users\もちねこ\Desktop\GitHub\RPAScript-1\OCRView\GCloudVision.py
[2022/10/07 23:34:36][DEBUG](GCloudVision.py:417) rentxtver(OCR結果を整形eTax以外)成功: debug level log Bankrentxtver c:\Users\もちねこ\Desktop\GitHub\RPAScript-1\OCRView\GCloudVision.py
[2022/10/07 23:34:36][DEBUG](OCRFlow.py:160) Bankrentxtver完了 DiffListCreate c:\Users\もちねこ\Desktop\GitHub\RPAScript-1\OCRView\OCRFlow.py
[2022/10/07 23:34:36][DEBUG](OCRFlow.py:350) GoogleAPI後編集処理完了 DiffListCreate c:\Users\もちねこ\Desktop\GitHub\RPAScript-1\OCRView\OCRFlow.py
[2022/10/07 23:34:36][DEBUG](OCRFlow.py:381) GoogleAPI後dfto_csv開始 DiffListCreate c:\Users\もちねこ\Desktop\GitHub\RPAScript-1\OCRView\OCRFlow.py
[2022/10/07 23:34:36][DEBUG](OCRFlow.py:394) GoogleAPI後csv処理完了 DiffListCreate c:\Users\もちねこ\Desktop\GitHub\RPAScript-1\OCRView\OCRFlow.py
[2022/10/07 23:34:36][DEBUG](TKINTERCV2Setting.py:1473) GoogleVisionAPI完了 EnterP c:\Users\もちねこ\Desktop\GitHub\RPAScript-1\OCRView\TKINTERCV2Setting.py
[2022/10/07 23:34:39][DEBUG](P_Table.py:22) P_Table起動 __init__ c:\Users\もちねこ\Desktop\GitHub\RPAScript-1\OCRView\P_Table.py
[2022/10/07 23:34:39][DEBUG](eucjpprober.py:62) EUC-JP Japanese prober hit error at byte 1 feed c:\Users\もちねこ\Desktop\GitHub\RPAScript-1\OCRView\venv\lib\site-packages\chardet\eucjpprober.py
[2022/10/07 23:34:39][DEBUG](mbcharsetprober.py:66) EUC-KR Korean prober hit error at byte 1 feed c:\Users\もちねこ\Desktop\GitHub\RPAScript-1\OCRView\venv\lib\site-packages\chardet\mbcharsetprober.py
[2022/10/07 23:34:39][DEBUG](mbcharsetprober.py:66) Big5 Chinese prober hit error at byte 1 feed c:\Users\もちねこ\Desktop\GitHub\RPAScript-1\OCRView\venv\lib\site-packages\chardet\mbcharsetprober.py
[2022/10/07 23:34:39][DEBUG](mbcharsetprober.py:66) EUC-TW Taiwan prober hit error at byte 1 feed c:\Users\もちねこ\Desktop\GitHub\RPAScript-1\OCRView\venv\lib\site-packages\chardet\mbcharsetprober.py
[2022/10/07 23:34:39][DEBUG](mbcharsetprober.py:66) CP949 Korean prober hit error at byte 42 feed c:\Users\もちねこ\Desktop\GitHub\RPAScript-1\OCRView\venv\lib\site-packages\chardet\mbcharsetprober.py
[2022/10/07 23:34:39][DEBUG](charsetgroupprober.py:98) utf-8 not active get_confidence c:\Users\もちねこ\Desktop\GitHub\RPAScript-1\OCRView\venv\lib\site-packages\chardet\charsetgroupprober.py
[2022/10/07 23:34:39][DEBUG](charsetgroupprober.py:101) SHIFT_JIS Japanese confidence = 0.99 get_confidence c:\Users\もちねこ\Desktop\GitHub\RPAScript-1\OCRView\venv\lib\site-packages\chardet\charsetgroupprober.py
[2022/10/07 23:34:39][DEBUG](charsetgroupprober.py:98) EUC-JP not active get_confidence c:\Users\もちねこ\Desktop\GitHub\RPAScript-1\OCRView\venv\lib\site-packages\chardet\charsetgroupprober.py
[2022/10/07 23:34:39][DEBUG](charsetgroupprober.py:101) GB2312 Chinese confidence = 0.01 get_confidence c:\Users\もちねこ\Desktop\GitHub\RPAScript-1\OCRView\venv\lib\site-packages\chardet\charsetgroupprober.py
[2022/10/07 23:34:39][DEBUG](charsetgroupprober.py:98) EUC-KR not active get_confidence c:\Users\もちねこ\Desktop\GitHub\RPAScript-1\OCRView\venv\lib\site-packages\chardet\charsetgroupprober.py
[2022/10/07 23:34:39][DEBUG](charsetgroupprober.py:98) CP949 not active get_confidence c:\Users\もちねこ\Desktop\GitHub\RPAScript-1\OCRView\venv\lib\site-packages\chardet\charsetgroupprober.py
[2022/10/07 23:34:39][DEBUG](charsetgroupprober.py:98) Big5 not active get_confidence c:\Users\もちねこ\Desktop\GitHub\RPAScript-1\OCRView\venv\lib\site-packages\chardet\charsetgroupprober.py
[2022/10/07 23:34:39][DEBUG](charsetgroupprober.py:98) EUC-TW not active get_confidence c:\Users\もちねこ\Desktop\GitHub\RPAScript-1\OCRView\venv\lib\site-packages\chardet\charsetgroupprober.py
[2022/10/07 23:34:39][DEBUG](charsetgroupprober.py:101) windows-1251 Russian confidence = 0.01 get_confidence c:\Users\もちねこ\Desktop\GitHub\RPAScript-1\OCRView\venv\lib\site-packages\chardet\charsetgroupprober.py
[2022/10/07 23:34:39][DEBUG](charsetgroupprober.py:101) KOI8-R Russian confidence = 0.01 get_confidence c:\Users\もちねこ\Desktop\GitHub\RPAScript-1\OCRView\venv\lib\site-packages\chardet\charsetgroupprober.py
[2022/10/07 23:34:39][DEBUG](charsetgroupprober.py:101) ISO-8859-5 Russian confidence = 0.01 get_confidence c:\Users\もちねこ\Desktop\GitHub\RPAScript-1\OCRView\venv\lib\site-packages\chardet\charsetgroupprober.py
[2022/10/07 23:34:39][DEBUG](charsetgroupprober.py:101) MacCyrillic Russian confidence = 0.0 get_confidence c:\Users\もちねこ\Desktop\GitHub\RPAScript-1\OCRView\venv\lib\site-packages\chardet\charsetgroupprober.py
[2022/10/07 23:34:39][DEBUG](charsetgroupprober.py:101) IBM866 Russian confidence = 0.0 get_confidence c:\Users\もちねこ\Desktop\GitHub\RPAScript-1\OCRView\venv\lib\site-packages\chardet\charsetgroupprober.py
[2022/10/07 23:34:39][DEBUG](charsetgroupprober.py:101) IBM855 Russian confidence = 0.01 get_confidence c:\Users\もちねこ\Desktop\GitHub\RPAScript-1\OCRView\venv\lib\site-packages\chardet\charsetgroupprober.py
[2022/10/07 23:34:39][DEBUG](charsetgroupprober.py:101) ISO-8859-7 Greek confidence = 0.01 get_confidence c:\Users\もちねこ\Desktop\GitHub\RPAScript-1\OCRView\venv\lib\site-packages\chardet\charsetgroupprober.py
[2022/10/07 23:34:39][DEBUG](charsetgroupprober.py:101) windows-1253 Greek confidence = 0.01 get_confidence c:\Users\もちねこ\Desktop\GitHub\RPAScript-1\OCRView\venv\lib\site-packages\chardet\charsetgroupprober.py
[2022/10/07 23:34:39][DEBUG](charsetgroupprober.py:101) ISO-8859-5 Bulgarian confidence = 0.01 get_confidence c:\Users\もちねこ\Desktop\GitHub\RPAScript-1\OCRView\venv\lib\site-packages\chardet\charsetgroupprober.py
[2022/10/07 23:34:39][DEBUG](charsetgroupprober.py:101) windows-1251 Bulgarian confidence = 0.01 get_confidence c:\Users\もちねこ\Desktop\GitHub\RPAScript-1\OCRView\venv\lib\site-packages\chardet\charsetgroupprober.py
[2022/10/07 23:34:39][DEBUG](charsetgroupprober.py:101) TIS-620 Thai confidence = 0.01 get_confidence c:\Users\もちねこ\Desktop\GitHub\RPAScript-1\OCRView\venv\lib\site-packages\chardet\charsetgroupprober.py
[2022/10/07 23:34:39][DEBUG](charsetgroupprober.py:101) ISO-8859-9 Turkish confidence = 0.0 get_confidence c:\Users\もちねこ\Desktop\GitHub\RPAScript-1\OCRView\venv\lib\site-packages\chardet\charsetgroupprober.py
[2022/10/07 23:34:39][DEBUG](charsetgroupprober.py:101) windows-1255 Hebrew confidence = 0.0 get_confidence c:\Users\もちねこ\Desktop\GitHub\RPAScript-1\OCRView\venv\lib\site-packages\chardet\charsetgroupprober.py
[2022/10/07 23:34:39][DEBUG](charsetgroupprober.py:101) windows-1255 Hebrew confidence = 0.0 get_confidence c:\Users\もちねこ\Desktop\GitHub\RPAScript-1\OCRView\venv\lib\site-packages\chardet\charsetgroupprober.py
[2022/10/07 23:34:39][DEBUG](charsetgroupprober.py:101) windows-1255 Hebrew confidence = 0.0 get_confidence c:\Users\もちねこ\Desktop\GitHub\RPAScript-1\OCRView\venv\lib\site-packages\chardet\charsetgroupprober.py
[2022/10/07 23:34:39][DEBUG](charsetgroupprober.py:98) utf-8 not active get_confidence c:\Users\もちねこ\Desktop\GitHub\RPAScript-1\OCRView\venv\lib\site-packages\chardet\charsetgroupprober.py
[2022/10/07 23:34:39][DEBUG](charsetgroupprober.py:101) SHIFT_JIS Japanese confidence = 0.99 get_confidence c:\Users\もちねこ\Desktop\GitHub\RPAScript-1\OCRView\venv\lib\site-packages\chardet\charsetgroupprober.py
[2022/10/07 23:34:39][DEBUG](charsetgroupprober.py:98) EUC-JP not active get_confidence c:\Users\もちねこ\Desktop\GitHub\RPAScript-1\OCRView\venv\lib\site-packages\chardet\charsetgroupprober.py
[2022/10/07 23:34:39][DEBUG](charsetgroupprober.py:101) GB2312 Chinese confidence = 0.01 get_confidence c:\Users\もちねこ\Desktop\GitHub\RPAScript-1\OCRView\venv\lib\site-packages\chardet\charsetgroupprober.py
[2022/10/07 23:34:39][DEBUG](charsetgroupprober.py:98) EUC-KR not active get_confidence c:\Users\もちねこ\Desktop\GitHub\RPAScript-1\OCRView\venv\lib\site-packages\chardet\charsetgroupprober.py
[2022/10/07 23:34:39][DEBUG](charsetgroupprober.py:98) CP949 not active get_confidence c:\Users\もちねこ\Desktop\GitHub\RPAScript-1\OCRView\venv\lib\site-packages\chardet\charsetgroupprober.py
[2022/10/07 23:34:39][DEBUG](charsetgroupprober.py:98) Big5 not active get_confidence c:\Users\もちねこ\Desktop\GitHub\RPAScript-1\OCRView\venv\lib\site-packages\chardet\charsetgroupprober.py
[2022/10/07 23:34:39][DEBUG](charsetgroupprober.py:98) EUC-TW not active get_confidence c:\Users\もちねこ\Desktop\GitHub\RPAScript-1\OCRView\venv\lib\site-packages\chardet\charsetgroupprober.py
[2022/10/07 23:34:39][DEBUG](DGFrame.py:122) ページ連結完了 JoinCSV c:\Users\もちねこ\Desktop\GitHub\RPAScript-1\OCRView\Frame\DGFrame.py
[2022/10/07 23:34:39][DEBUG](DGFrame.py:125) ページ連結失敗 JoinCSV c:\Users\もちねこ\Desktop\GitHub\RPAScript-1\OCRView\Frame\DGFrame.py
[2022/10/07 23:35:31][DEBUG](TKINTERCV2Setting.py:1617) Line7_縦直線描画処理完了 click1 c:\Users\もちねこ\Desktop\GitHub\RPAScript-1\OCRView\TKINTERCV2Setting.py
[2022/10/07 23:35:38][DEBUG](TKINTERCV2Setting.py:1617) Line20_縦直線描画処理完了 click1 c:\Users\もちねこ\Desktop\GitHub\RPAScript-1\OCRView\TKINTERCV2Setting.py
[2022/10/07 23:35:40][DEBUG](TKINTERCV2Setting.py:1340) 確定ボタンクリック処理開始 EnterP c:\Users\もちねこ\Desktop\GitHub\RPAScript-1\OCRView\TKINTERCV2Setting.py
[2022/10/07 23:35:40][DEBUG](TKINTERCV2Setting.py:997) 列名設定項目取得関数開始 GetEntryTextButton_click c:\Users\もちねこ\Desktop\GitHub\RPAScript-1\OCRView\TKINTERCV2Setting.py
[2022/10/07 23:35:42][DEBUG](TKINTERCV2Setting.py:1454) 縦横リスト書出完了 EnterP c:\Users\もちねこ\Desktop\GitHub\RPAScript-1\OCRView\TKINTERCV2Setting.py
[2022/10/07 23:35:42][DEBUG](OCRFlow.py:153) Bankrentxtver起動 DiffListCreate c:\Users\もちねこ\Desktop\GitHub\RPAScript-1\OCRView\OCRFlow.py
[2022/10/07 23:35:42][DEBUG](GCloudVision.py:109) get_document_bounds(GoogleVisionAPI)開始: debug level log get_document_bounds_BANK c:\Users\もちねこ\Desktop\GitHub\RPAScript-1\OCRView\GCloudVision.py
[2022/10/07 23:35:43][DEBUG](GCloudVision.py:147) get_document_bounds(GoogleVisionAPI)終了: debug level log get_document_bounds_BANK c:\Users\もちねこ\Desktop\GitHub\RPAScript-1\OCRView\GCloudVision.py
[2022/10/07 23:35:43][DEBUG](GCloudVision.py:417) rentxtver(OCR結果を整形eTax以外)成功: debug level log Bankrentxtver c:\Users\もちねこ\Desktop\GitHub\RPAScript-1\OCRView\GCloudVision.py
[2022/10/07 23:35:43][DEBUG](OCRFlow.py:160) Bankrentxtver完了 DiffListCreate c:\Users\もちねこ\Desktop\GitHub\RPAScript-1\OCRView\OCRFlow.py
[2022/10/07 23:35:43][DEBUG](OCRFlow.py:350) GoogleAPI後編集処理完了 DiffListCreate c:\Users\もちねこ\Desktop\GitHub\RPAScript-1\OCRView\OCRFlow.py
[2022/10/07 23:35:43][DEBUG](eucjpprober.py:62) EUC-JP Japanese prober hit error at byte 1 feed c:\Users\もちねこ\Desktop\GitHub\RPAScript-1\OCRView\venv\lib\site-packages\chardet\eucjpprober.py
[2022/10/07 23:35:43][DEBUG](mbcharsetprober.py:66) EUC-KR Korean prober hit error at byte 1 feed c:\Users\もちねこ\Desktop\GitHub\RPAScript-1\OCRView\venv\lib\site-packages\chardet\mbcharsetprober.py
[2022/10/07 23:35:43][DEBUG](mbcharsetprober.py:66) Big5 Chinese prober hit error at byte 1 feed c:\Users\もちねこ\Desktop\GitHub\RPAScript-1\OCRView\venv\lib\site-packages\chardet\mbcharsetprober.py
[2022/10/07 23:35:43][DEBUG](mbcharsetprober.py:66) EUC-TW Taiwan prober hit error at byte 1 feed c:\Users\もちねこ\Desktop\GitHub\RPAScript-1\OCRView\venv\lib\site-packages\chardet\mbcharsetprober.py
[2022/10/07 23:35:43][DEBUG](mbcharsetprober.py:66) CP949 Korean prober hit error at byte 42 feed c:\Users\もちねこ\Desktop\GitHub\RPAScript-1\OCRView\venv\lib\site-packages\chardet\mbcharsetprober.py
[2022/10/07 23:35:43][DEBUG](charsetgroupprober.py:98) utf-8 not active get_confidence c:\Users\もちねこ\Desktop\GitHub\RPAScript-1\OCRView\venv\lib\site-packages\chardet\charsetgroupprober.py
[2022/10/07 23:35:43][DEBUG](charsetgroupprober.py:101) SHIFT_JIS Japanese confidence = 0.99 get_confidence c:\Users\もちねこ\Desktop\GitHub\RPAScript-1\OCRView\venv\lib\site-packages\chardet\charsetgroupprober.py
[2022/10/07 23:35:43][DEBUG](charsetgroupprober.py:98) EUC-JP not active get_confidence c:\Users\もちねこ\Desktop\GitHub\RPAScript-1\OCRView\venv\lib\site-packages\chardet\charsetgroupprober.py
[2022/10/07 23:35:43][DEBUG](charsetgroupprober.py:101) GB2312 Chinese confidence = 0.01 get_confidence c:\Users\もちねこ\Desktop\GitHub\RPAScript-1\OCRView\venv\lib\site-packages\chardet\charsetgroupprober.py
[2022/10/07 23:35:43][DEBUG](charsetgroupprober.py:98) EUC-KR not active get_confidence c:\Users\もちねこ\Desktop\GitHub\RPAScript-1\OCRView\venv\lib\site-packages\chardet\charsetgroupprober.py
[2022/10/07 23:35:43][DEBUG](charsetgroupprober.py:98) CP949 not active get_confidence c:\Users\もちねこ\Desktop\GitHub\RPAScript-1\OCRView\venv\lib\site-packages\chardet\charsetgroupprober.py
[2022/10/07 23:35:43][DEBUG](charsetgroupprober.py:98) Big5 not active get_confidence c:\Users\もちねこ\Desktop\GitHub\RPAScript-1\OCRView\venv\lib\site-packages\chardet\charsetgroupprober.py
[2022/10/07 23:35:43][DEBUG](charsetgroupprober.py:98) EUC-TW not active get_confidence c:\Users\もちねこ\Desktop\GitHub\RPAScript-1\OCRView\venv\lib\site-packages\chardet\charsetgroupprober.py
[2022/10/07 23:35:43][DEBUG](charsetgroupprober.py:101) windows-1251 Russian confidence = 0.01 get_confidence c:\Users\もちねこ\Desktop\GitHub\RPAScript-1\OCRView\venv\lib\site-packages\chardet\charsetgroupprober.py
[2022/10/07 23:35:43][DEBUG](charsetgroupprober.py:101) KOI8-R Russian confidence = 0.01 get_confidence c:\Users\もちねこ\Desktop\GitHub\RPAScript-1\OCRView\venv\lib\site-packages\chardet\charsetgroupprober.py
[2022/10/07 23:35:43][DEBUG](charsetgroupprober.py:101) ISO-8859-5 Russian confidence = 0.01 get_confidence c:\Users\もちねこ\Desktop\GitHub\RPAScript-1\OCRView\venv\lib\site-packages\chardet\charsetgroupprober.py
[2022/10/07 23:35:43][DEBUG](charsetgroupprober.py:101) MacCyrillic Russian confidence = 0.0 get_confidence c:\Users\もちねこ\Desktop\GitHub\RPAScript-1\OCRView\venv\lib\site-packages\chardet\charsetgroupprober.py
[2022/10/07 23:35:43][DEBUG](charsetgroupprober.py:101) IBM866 Russian confidence = 0.0 get_confidence c:\Users\もちねこ\Desktop\GitHub\RPAScript-1\OCRView\venv\lib\site-packages\chardet\charsetgroupprober.py
[2022/10/07 23:35:43][DEBUG](charsetgroupprober.py:101) IBM855 Russian confidence = 0.01 get_confidence c:\Users\もちねこ\Desktop\GitHub\RPAScript-1\OCRView\venv\lib\site-packages\chardet\charsetgroupprober.py
[2022/10/07 23:35:43][DEBUG](charsetgroupprober.py:101) ISO-8859-7 Greek confidence = 0.01 get_confidence c:\Users\もちねこ\Desktop\GitHub\RPAScript-1\OCRView\venv\lib\site-packages\chardet\charsetgroupprober.py
[2022/10/07 23:35:43][DEBUG](charsetgroupprober.py:101) windows-1253 Greek confidence = 0.01 get_confidence c:\Users\もちねこ\Desktop\GitHub\RPAScript-1\OCRView\venv\lib\site-packages\chardet\charsetgroupprober.py
[2022/10/07 23:35:43][DEBUG](charsetgroupprober.py:101) ISO-8859-5 Bulgarian confidence = 0.01 get_confidence c:\Users\もちねこ\Desktop\GitHub\RPAScript-1\OCRView\venv\lib\site-packages\chardet\charsetgroupprober.py
[2022/10/07 23:35:43][DEBUG](charsetgroupprober.py:101) windows-1251 Bulgarian confidence = 0.01 get_confidence c:\Users\もちねこ\Desktop\GitHub\RPAScript-1\OCRView\venv\lib\site-packages\chardet\charsetgroupprober.py
[2022/10/07 23:35:43][DEBUG](charsetgroupprober.py:101) TIS-620 Thai confidence = 0.01 get_confidence c:\Users\もちねこ\Desktop\GitHub\RPAScript-1\OCRView\venv\lib\site-packages\chardet\charsetgroupprober.py
[2022/10/07 23:35:43][DEBUG](charsetgroupprober.py:101) ISO-8859-9 Turkish confidence = 0.0 get_confidence c:\Users\もちねこ\Desktop\GitHub\RPAScript-1\OCRView\venv\lib\site-packages\chardet\charsetgroupprober.py
[2022/10/07 23:35:43][DEBUG](charsetgroupprober.py:101) windows-1255 Hebrew confidence = 0.0 get_confidence c:\Users\もちねこ\Desktop\GitHub\RPAScript-1\OCRView\venv\lib\site-packages\chardet\charsetgroupprober.py
[2022/10/07 23:35:43][DEBUG](charsetgroupprober.py:101) windows-1255 Hebrew confidence = 0.0 get_confidence c:\Users\もちねこ\Desktop\GitHub\RPAScript-1\OCRView\venv\lib\site-packages\chardet\charsetgroupprober.py
[2022/10/07 23:35:43][DEBUG](charsetgroupprober.py:101) windows-1255 Hebrew confidence = 0.0 get_confidence c:\Users\もちねこ\Desktop\GitHub\RPAScript-1\OCRView\venv\lib\site-packages\chardet\charsetgroupprober.py
[2022/10/07 23:35:43][DEBUG](charsetgroupprober.py:98) utf-8 not active get_confidence c:\Users\もちねこ\Desktop\GitHub\RPAScript-1\OCRView\venv\lib\site-packages\chardet\charsetgroupprober.py
[2022/10/07 23:35:43][DEBUG](charsetgroupprober.py:101) SHIFT_JIS Japanese confidence = 0.99 get_confidence c:\Users\もちねこ\Desktop\GitHub\RPAScript-1\OCRView\venv\lib\site-packages\chardet\charsetgroupprober.py
[2022/10/07 23:35:43][DEBUG](charsetgroupprober.py:98) EUC-JP not active get_confidence c:\Users\もちねこ\Desktop\GitHub\RPAScript-1\OCRView\venv\lib\site-packages\chardet\charsetgroupprober.py
[2022/10/07 23:35:43][DEBUG](charsetgroupprober.py:101) GB2312 Chinese confidence = 0.01 get_confidence c:\Users\もちねこ\Desktop\GitHub\RPAScript-1\OCRView\venv\lib\site-packages\chardet\charsetgroupprober.py
[2022/10/07 23:35:43][DEBUG](charsetgroupprober.py:98) EUC-KR not active get_confidence c:\Users\もちねこ\Desktop\GitHub\RPAScript-1\OCRView\venv\lib\site-packages\chardet\charsetgroupprober.py
[2022/10/07 23:35:43][DEBUG](charsetgroupprober.py:98) CP949 not active get_confidence c:\Users\もちねこ\Desktop\GitHub\RPAScript-1\OCRView\venv\lib\site-packages\chardet\charsetgroupprober.py
[2022/10/07 23:35:43][DEBUG](charsetgroupprober.py:98) Big5 not active get_confidence c:\Users\もちねこ\Desktop\GitHub\RPAScript-1\OCRView\venv\lib\site-packages\chardet\charsetgroupprober.py
[2022/10/07 23:35:43][DEBUG](charsetgroupprober.py:98) EUC-TW not active get_confidence c:\Users\もちねこ\Desktop\GitHub\RPAScript-1\OCRView\venv\lib\site-packages\chardet\charsetgroupprober.py
[2022/10/07 23:35:43][DEBUG](OCRFlow.py:381) GoogleAPI後dfto_csv開始 DiffListCreate c:\Users\もちねこ\Desktop\GitHub\RPAScript-1\OCRView\OCRFlow.py
[2022/10/07 23:35:43][DEBUG](OCRFlow.py:394) GoogleAPI後csv処理完了 DiffListCreate c:\Users\もちねこ\Desktop\GitHub\RPAScript-1\OCRView\OCRFlow.py
[2022/10/07 23:35:43][DEBUG](TKINTERCV2Setting.py:1473) GoogleVisionAPI完了 EnterP c:\Users\もちねこ\Desktop\GitHub\RPAScript-1\OCRView\TKINTERCV2Setting.py
[2022/10/07 23:35:45][DEBUG](eucjpprober.py:62) EUC-JP Japanese prober hit error at byte 1 feed c:\Users\もちねこ\Desktop\GitHub\RPAScript-1\OCRView\venv\lib\site-packages\chardet\eucjpprober.py
[2022/10/07 23:35:45][DEBUG](mbcharsetprober.py:66) EUC-KR Korean prober hit error at byte 1 feed c:\Users\もちねこ\Desktop\GitHub\RPAScript-1\OCRView\venv\lib\site-packages\chardet\mbcharsetprober.py
[2022/10/07 23:35:45][DEBUG](mbcharsetprober.py:66) Big5 Chinese prober hit error at byte 1 feed c:\Users\もちねこ\Desktop\GitHub\RPAScript-1\OCRView\venv\lib\site-packages\chardet\mbcharsetprober.py
[2022/10/07 23:35:45][DEBUG](mbcharsetprober.py:66) EUC-TW Taiwan prober hit error at byte 1 feed c:\Users\もちねこ\Desktop\GitHub\RPAScript-1\OCRView\venv\lib\site-packages\chardet\mbcharsetprober.py
[2022/10/07 23:35:45][DEBUG](mbcharsetprober.py:66) CP949 Korean prober hit error at byte 42 feed c:\Users\もちねこ\Desktop\GitHub\RPAScript-1\OCRView\venv\lib\site-packages\chardet\mbcharsetprober.py
[2022/10/07 23:35:45][DEBUG](charsetgroupprober.py:98) utf-8 not active get_confidence c:\Users\もちねこ\Desktop\GitHub\RPAScript-1\OCRView\venv\lib\site-packages\chardet\charsetgroupprober.py
[2022/10/07 23:35:45][DEBUG](charsetgroupprober.py:101) SHIFT_JIS Japanese confidence = 0.99 get_confidence c:\Users\もちねこ\Desktop\GitHub\RPAScript-1\OCRView\venv\lib\site-packages\chardet\charsetgroupprober.py
[2022/10/07 23:35:45][DEBUG](charsetgroupprober.py:98) EUC-JP not active get_confidence c:\Users\もちねこ\Desktop\GitHub\RPAScript-1\OCRView\venv\lib\site-packages\chardet\charsetgroupprober.py
[2022/10/07 23:35:45][DEBUG](charsetgroupprober.py:101) GB2312 Chinese confidence = 0.01 get_confidence c:\Users\もちねこ\Desktop\GitHub\RPAScript-1\OCRView\venv\lib\site-packages\chardet\charsetgroupprober.py
[2022/10/07 23:35:45][DEBUG](charsetgroupprober.py:98) EUC-KR not active get_confidence c:\Users\もちねこ\Desktop\GitHub\RPAScript-1\OCRView\venv\lib\site-packages\chardet\charsetgroupprober.py
[2022/10/07 23:35:45][DEBUG](charsetgroupprober.py:98) CP949 not active get_confidence c:\Users\もちねこ\Desktop\GitHub\RPAScript-1\OCRView\venv\lib\site-packages\chardet\charsetgroupprober.py
[2022/10/07 23:35:45][DEBUG](charsetgroupprober.py:98) Big5 not active get_confidence c:\Users\もちねこ\Desktop\GitHub\RPAScript-1\OCRView\venv\lib\site-packages\chardet\charsetgroupprober.py
[2022/10/07 23:35:45][DEBUG](charsetgroupprober.py:98) EUC-TW not active get_confidence c:\Users\もちねこ\Desktop\GitHub\RPAScript-1\OCRView\venv\lib\site-packages\chardet\charsetgroupprober.py
[2022/10/07 23:35:45][DEBUG](charsetgroupprober.py:101) windows-1251 Russian confidence = 0.01 get_confidence c:\Users\もちねこ\Desktop\GitHub\RPAScript-1\OCRView\venv\lib\site-packages\chardet\charsetgroupprober.py
[2022/10/07 23:35:45][DEBUG](charsetgroupprober.py:101) KOI8-R Russian confidence = 0.01 get_confidence c:\Users\もちねこ\Desktop\GitHub\RPAScript-1\OCRView\venv\lib\site-packages\chardet\charsetgroupprober.py
[2022/10/07 23:35:45][DEBUG](charsetgroupprober.py:101) ISO-8859-5 Russian confidence = 0.01 get_confidence c:\Users\もちねこ\Desktop\GitHub\RPAScript-1\OCRView\venv\lib\site-packages\chardet\charsetgroupprober.py
[2022/10/07 23:35:45][DEBUG](charsetgroupprober.py:101) MacCyrillic Russian confidence = 0.0 get_confidence c:\Users\もちねこ\Desktop\GitHub\RPAScript-1\OCRView\venv\lib\site-packages\chardet\charsetgroupprober.py
[2022/10/07 23:35:45][DEBUG](charsetgroupprober.py:101) IBM866 Russian confidence = 0.0 get_confidence c:\Users\もちねこ\Desktop\GitHub\RPAScript-1\OCRView\venv\lib\site-packages\chardet\charsetgroupprober.py
[2022/10/07 23:35:45][DEBUG](charsetgroupprober.py:101) IBM855 Russian confidence = 0.01 get_confidence c:\Users\もちねこ\Desktop\GitHub\RPAScript-1\OCRView\venv\lib\site-packages\chardet\charsetgroupprober.py
[2022/10/07 23:35:45][DEBUG](charsetgroupprober.py:101) ISO-8859-7 Greek confidence = 0.01 get_confidence c:\Users\もちねこ\Desktop\GitHub\RPAScript-1\OCRView\venv\lib\site-packages\chardet\charsetgroupprober.py
[2022/10/07 23:35:45][DEBUG](charsetgroupprober.py:101) windows-1253 Greek confidence = 0.01 get_confidence c:\Users\もちねこ\Desktop\GitHub\RPAScript-1\OCRView\venv\lib\site-packages\chardet\charsetgroupprober.py
[2022/10/07 23:35:45][DEBUG](charsetgroupprober.py:101) ISO-8859-5 Bulgarian confidence = 0.01 get_confidence c:\Users\もちねこ\Desktop\GitHub\RPAScript-1\OCRView\venv\lib\site-packages\chardet\charsetgroupprober.py
[2022/10/07 23:35:45][DEBUG](charsetgroupprober.py:101) windows-1251 Bulgarian confidence = 0.01 get_confidence c:\Users\もちねこ\Desktop\GitHub\RPAScript-1\OCRView\venv\lib\site-packages\chardet\charsetgroupprober.py
[2022/10/07 23:35:45][DEBUG](charsetgroupprober.py:101) TIS-620 Thai confidence = 0.01 get_confidence c:\Users\もちねこ\Desktop\GitHub\RPAScript-1\OCRView\venv\lib\site-packages\chardet\charsetgroupprober.py
[2022/10/07 23:35:45][DEBUG](charsetgroupprober.py:101) ISO-8859-9 Turkish confidence = 0.0 get_confidence c:\Users\もちねこ\Desktop\GitHub\RPAScript-1\OCRView\venv\lib\site-packages\chardet\charsetgroupprober.py
[2022/10/07 23:35:45][DEBUG](charsetgroupprober.py:101) windows-1255 Hebrew confidence = 0.0 get_confidence c:\Users\もちねこ\Desktop\GitHub\RPAScript-1\OCRView\venv\lib\site-packages\chardet\charsetgroupprober.py
[2022/10/07 23:35:45][DEBUG](charsetgroupprober.py:101) windows-1255 Hebrew confidence = 0.0 get_confidence c:\Users\もちねこ\Desktop\GitHub\RPAScript-1\OCRView\venv\lib\site-packages\chardet\charsetgroupprober.py
[2022/10/07 23:35:45][DEBUG](charsetgroupprober.py:101) windows-1255 Hebrew confidence = 0.0 get_confidence c:\Users\もちねこ\Desktop\GitHub\RPAScript-1\OCRView\venv\lib\site-packages\chardet\charsetgroupprober.py
[2022/10/07 23:35:45][DEBUG](charsetgroupprober.py:98) utf-8 not active get_confidence c:\Users\もちねこ\Desktop\GitHub\RPAScript-1\OCRView\venv\lib\site-packages\chardet\charsetgroupprober.py
[2022/10/07 23:35:45][DEBUG](charsetgroupprober.py:101) SHIFT_JIS Japanese confidence = 0.99 get_confidence c:\Users\もちねこ\Desktop\GitHub\RPAScript-1\OCRView\venv\lib\site-packages\chardet\charsetgroupprober.py
[2022/10/07 23:35:45][DEBUG](charsetgroupprober.py:98) EUC-JP not active get_confidence c:\Users\もちねこ\Desktop\GitHub\RPAScript-1\OCRView\venv\lib\site-packages\chardet\charsetgroupprober.py
[2022/10/07 23:35:45][DEBUG](charsetgroupprober.py:101) GB2312 Chinese confidence = 0.01 get_confidence c:\Users\もちねこ\Desktop\GitHub\RPAScript-1\OCRView\venv\lib\site-packages\chardet\charsetgroupprober.py
[2022/10/07 23:35:45][DEBUG](charsetgroupprober.py:98) EUC-KR not active get_confidence c:\Users\もちねこ\Desktop\GitHub\RPAScript-1\OCRView\venv\lib\site-packages\chardet\charsetgroupprober.py
[2022/10/07 23:35:45][DEBUG](charsetgroupprober.py:98) CP949 not active get_confidence c:\Users\もちねこ\Desktop\GitHub\RPAScript-1\OCRView\venv\lib\site-packages\chardet\charsetgroupprober.py
[2022/10/07 23:35:45][DEBUG](charsetgroupprober.py:98) Big5 not active get_confidence c:\Users\もちねこ\Desktop\GitHub\RPAScript-1\OCRView\venv\lib\site-packages\chardet\charsetgroupprober.py
[2022/10/07 23:35:45][DEBUG](charsetgroupprober.py:98) EUC-TW not active get_confidence c:\Users\もちねこ\Desktop\GitHub\RPAScript-1\OCRView\venv\lib\site-packages\chardet\charsetgroupprober.py
[2022/10/07 23:35:45][DEBUG](OCRFlow.py:68) C:\\Users\\もちねこ\\Desktop\\PDFTEST\\\\JA_1page.csv_先頭ページ連結完了 JoinCSV c:\Users\もちねこ\Desktop\GitHub\RPAScript-1\OCRView\OCRFlow.py
[2022/10/07 23:35:45][DEBUG](OCRFlow.py:76) ページ連結後dfto_csv開始 JoinCSV c:\Users\もちねこ\Desktop\GitHub\RPAScript-1\OCRView\OCRFlow.py
[2022/10/07 23:35:45][DEBUG](OCRFlow.py:88) GoogleAPI後csv処理完了 JoinCSV c:\Users\もちねこ\Desktop\GitHub\RPAScript-1\OCRView\OCRFlow.py
[2022/10/07 23:35:45][DEBUG](P_Table.py:22) P_Table起動 __init__ c:\Users\もちねこ\Desktop\GitHub\RPAScript-1\OCRView\P_Table.py
[2022/10/07 23:35:45][DEBUG](eucjpprober.py:62) EUC-JP Japanese prober hit error at byte 1 feed c:\Users\もちねこ\Desktop\GitHub\RPAScript-1\OCRView\venv\lib\site-packages\chardet\eucjpprober.py
[2022/10/07 23:35:45][DEBUG](mbcharsetprober.py:66) EUC-KR Korean prober hit error at byte 1 feed c:\Users\もちねこ\Desktop\GitHub\RPAScript-1\OCRView\venv\lib\site-packages\chardet\mbcharsetprober.py
[2022/10/07 23:35:45][DEBUG](mbcharsetprober.py:66) Big5 Chinese prober hit error at byte 1 feed c:\Users\もちねこ\Desktop\GitHub\RPAScript-1\OCRView\venv\lib\site-packages\chardet\mbcharsetprober.py
[2022/10/07 23:35:45][DEBUG](mbcharsetprober.py:66) EUC-TW Taiwan prober hit error at byte 1 feed c:\Users\もちねこ\Desktop\GitHub\RPAScript-1\OCRView\venv\lib\site-packages\chardet\mbcharsetprober.py
[2022/10/07 23:35:45][DEBUG](mbcharsetprober.py:66) CP949 Korean prober hit error at byte 40 feed c:\Users\もちねこ\Desktop\GitHub\RPAScript-1\OCRView\venv\lib\site-packages\chardet\mbcharsetprober.py
[2022/10/07 23:35:45][DEBUG](charsetgroupprober.py:98) utf-8 not active get_confidence c:\Users\もちねこ\Desktop\GitHub\RPAScript-1\OCRView\venv\lib\site-packages\chardet\charsetgroupprober.py
[2022/10/07 23:35:45][DEBUG](charsetgroupprober.py:101) SHIFT_JIS Japanese confidence = 0.99 get_confidence c:\Users\もちねこ\Desktop\GitHub\RPAScript-1\OCRView\venv\lib\site-packages\chardet\charsetgroupprober.py
[2022/10/07 23:35:45][DEBUG](charsetgroupprober.py:98) EUC-JP not active get_confidence c:\Users\もちねこ\Desktop\GitHub\RPAScript-1\OCRView\venv\lib\site-packages\chardet\charsetgroupprober.py
[2022/10/07 23:35:45][DEBUG](charsetgroupprober.py:101) GB2312 Chinese confidence = 0.01 get_confidence c:\Users\もちねこ\Desktop\GitHub\RPAScript-1\OCRView\venv\lib\site-packages\chardet\charsetgroupprober.py
[2022/10/07 23:35:45][DEBUG](charsetgroupprober.py:98) EUC-KR not active get_confidence c:\Users\もちねこ\Desktop\GitHub\RPAScript-1\OCRView\venv\lib\site-packages\chardet\charsetgroupprober.py
[2022/10/07 23:35:45][DEBUG](charsetgroupprober.py:98) CP949 not active get_confidence c:\Users\もちねこ\Desktop\GitHub\RPAScript-1\OCRView\venv\lib\site-packages\chardet\charsetgroupprober.py
[2022/10/07 23:35:45][DEBUG](charsetgroupprober.py:98) Big5 not active get_confidence c:\Users\もちねこ\Desktop\GitHub\RPAScript-1\OCRView\venv\lib\site-packages\chardet\charsetgroupprober.py
[2022/10/07 23:35:45][DEBUG](charsetgroupprober.py:98) EUC-TW not active get_confidence c:\Users\もちねこ\Desktop\GitHub\RPAScript-1\OCRView\venv\lib\site-packages\chardet\charsetgroupprober.py
[2022/10/07 23:35:45][DEBUG](charsetgroupprober.py:101) windows-1251 Russian confidence = 0.01 get_confidence c:\Users\もちねこ\Desktop\GitHub\RPAScript-1\OCRView\venv\lib\site-packages\chardet\charsetgroupprober.py
[2022/10/07 23:35:45][DEBUG](charsetgroupprober.py:101) KOI8-R Russian confidence = 0.01 get_confidence c:\Users\もちねこ\Desktop\GitHub\RPAScript-1\OCRView\venv\lib\site-packages\chardet\charsetgroupprober.py
[2022/10/07 23:35:45][DEBUG](charsetgroupprober.py:101) ISO-8859-5 Russian confidence = 0.01 get_confidence c:\Users\もちねこ\Desktop\GitHub\RPAScript-1\OCRView\venv\lib\site-packages\chardet\charsetgroupprober.py
[2022/10/07 23:35:45][DEBUG](charsetgroupprober.py:101) MacCyrillic Russian confidence = 0.0 get_confidence c:\Users\もちねこ\Desktop\GitHub\RPAScript-1\OCRView\venv\lib\site-packages\chardet\charsetgroupprober.py
[2022/10/07 23:35:45][DEBUG](charsetgroupprober.py:101) IBM866 Russian confidence = 0.0 get_confidence c:\Users\もちねこ\Desktop\GitHub\RPAScript-1\OCRView\venv\lib\site-packages\chardet\charsetgroupprober.py
[2022/10/07 23:35:45][DEBUG](charsetgroupprober.py:101) IBM855 Russian confidence = 0.01 get_confidence c:\Users\もちねこ\Desktop\GitHub\RPAScript-1\OCRView\venv\lib\site-packages\chardet\charsetgroupprober.py
[2022/10/07 23:35:45][DEBUG](charsetgroupprober.py:101) ISO-8859-7 Greek confidence = 0.01 get_confidence c:\Users\もちねこ\Desktop\GitHub\RPAScript-1\OCRView\venv\lib\site-packages\chardet\charsetgroupprober.py
[2022/10/07 23:35:45][DEBUG](charsetgroupprober.py:101) windows-1253 Greek confidence = 0.01 get_confidence c:\Users\もちねこ\Desktop\GitHub\RPAScript-1\OCRView\venv\lib\site-packages\chardet\charsetgroupprober.py
[2022/10/07 23:35:45][DEBUG](charsetgroupprober.py:101) ISO-8859-5 Bulgarian confidence = 0.01 get_confidence c:\Users\もちねこ\Desktop\GitHub\RPAScript-1\OCRView\venv\lib\site-packages\chardet\charsetgroupprober.py
[2022/10/07 23:35:45][DEBUG](charsetgroupprober.py:101) windows-1251 Bulgarian confidence = 0.01 get_confidence c:\Users\もちねこ\Desktop\GitHub\RPAScript-1\OCRView\venv\lib\site-packages\chardet\charsetgroupprober.py
[2022/10/07 23:35:45][DEBUG](charsetgroupprober.py:101) TIS-620 Thai confidence = 0.01 get_confidence c:\Users\もちねこ\Desktop\GitHub\RPAScript-1\OCRView\venv\lib\site-packages\chardet\charsetgroupprober.py
[2022/10/07 23:35:45][DEBUG](charsetgroupprober.py:101) ISO-8859-9 Turkish confidence = 0.0 get_confidence c:\Users\もちねこ\Desktop\GitHub\RPAScript-1\OCRView\venv\lib\site-packages\chardet\charsetgroupprober.py
[2022/10/07 23:35:45][DEBUG](charsetgroupprober.py:101) windows-1255 Hebrew confidence = 0.0 get_confidence c:\Users\もちねこ\Desktop\GitHub\RPAScript-1\OCRView\venv\lib\site-packages\chardet\charsetgroupprober.py
[2022/10/07 23:35:45][DEBUG](charsetgroupprober.py:101) windows-1255 Hebrew confidence = 0.0 get_confidence c:\Users\もちねこ\Desktop\GitHub\RPAScript-1\OCRView\venv\lib\site-packages\chardet\charsetgroupprober.py
[2022/10/07 23:35:45][DEBUG](charsetgroupprober.py:101) windows-1255 Hebrew confidence = 0.0 get_confidence c:\Users\もちねこ\Desktop\GitHub\RPAScript-1\OCRView\venv\lib\site-packages\chardet\charsetgroupprober.py
[2022/10/07 23:35:45][DEBUG](charsetgroupprober.py:98) utf-8 not active get_confidence c:\Users\もちねこ\Desktop\GitHub\RPAScript-1\OCRView\venv\lib\site-packages\chardet\charsetgroupprober.py
[2022/10/07 23:35:45][DEBUG](charsetgroupprober.py:101) SHIFT_JIS Japanese confidence = 0.99 get_confidence c:\Users\もちねこ\Desktop\GitHub\RPAScript-1\OCRView\venv\lib\site-packages\chardet\charsetgroupprober.py
[2022/10/07 23:35:45][DEBUG](charsetgroupprober.py:98) EUC-JP not active get_confidence c:\Users\もちねこ\Desktop\GitHub\RPAScript-1\OCRView\venv\lib\site-packages\chardet\charsetgroupprober.py
[2022/10/07 23:35:45][DEBUG](charsetgroupprober.py:101) GB2312 Chinese confidence = 0.01 get_confidence c:\Users\もちねこ\Desktop\GitHub\RPAScript-1\OCRView\venv\lib\site-packages\chardet\charsetgroupprober.py
[2022/10/07 23:35:45][DEBUG](charsetgroupprober.py:98) EUC-KR not active get_confidence c:\Users\もちねこ\Desktop\GitHub\RPAScript-1\OCRView\venv\lib\site-packages\chardet\charsetgroupprober.py
[2022/10/07 23:35:45][DEBUG](charsetgroupprober.py:98) CP949 not active get_confidence c:\Users\もちねこ\Desktop\GitHub\RPAScript-1\OCRView\venv\lib\site-packages\chardet\charsetgroupprober.py
[2022/10/07 23:35:45][DEBUG](charsetgroupprober.py:98) Big5 not active get_confidence c:\Users\もちねこ\Desktop\GitHub\RPAScript-1\OCRView\venv\lib\site-packages\chardet\charsetgroupprober.py
[2022/10/07 23:35:45][DEBUG](charsetgroupprober.py:98) EUC-TW not active get_confidence c:\Users\もちねこ\Desktop\GitHub\RPAScript-1\OCRView\venv\lib\site-packages\chardet\charsetgroupprober.py
[2022/10/07 23:35:45][DEBUG](DGFrame.py:122) ページ連結完了 JoinCSV c:\Users\もちねこ\Desktop\GitHub\RPAScript-1\OCRView\Frame\DGFrame.py
[2022/10/07 23:35:45][DEBUG](DGFrame.py:125) ページ連結失敗 JoinCSV c:\Users\もちねこ\Desktop\GitHub\RPAScript-1\OCRView\Frame\DGFrame.py
