[2022/10/04 13:07:38][DEBUG](ViewGUI.py:44) Network: ws247 __init__ d:\PythonScript\RPAScript\OCRView\ViewGUI.py
[2022/10/04 13:07:38][DEBUG](ViewGUI.py:45) Machine: AMD64 __init__ d:\PythonScript\RPAScript\OCRView\ViewGUI.py
[2022/10/04 13:07:38][DEBUG](ViewGUI.py:46) Processor: Intel64 Family 6 Model 165 Stepping 5, GenuineIntel __init__ d:\PythonScript\RPAScript\OCRView\ViewGUI.py
[2022/10/04 13:07:38][DEBUG](ViewGUI.py:47) Platform: Windows-10-10.0.19041-SP0 __init__ d:\PythonScript\RPAScript\OCRView\ViewGUI.py
[2022/10/04 13:07:38][DEBUG](ViewGUI.py:48) System: Windows __init__ d:\PythonScript\RPAScript\OCRView\ViewGUI.py
[2022/10/04 13:07:38][DEBUG](ViewGUI.py:49) Release: 10 __init__ d:\PythonScript\RPAScript\OCRView\ViewGUI.py
[2022/10/04 13:07:38][DEBUG](ViewGUI.py:50) Version: 10.0.19041 __init__ d:\PythonScript\RPAScript\OCRView\ViewGUI.py
[2022/10/04 13:07:38][DEBUG](ViewGUI.py:51) MAC Address: 80E8_2CFB_55FD __init__ d:\PythonScript\RPAScript\OCRView\ViewGUI.py
[2022/10/04 13:07:38][DEBUG](ViewGUI.py:52) Host name: ws247 __init__ d:\PythonScript\RPAScript\OCRView\ViewGUI.py
[2022/10/04 13:07:38][DEBUG](ViewGUI.py:53) IP Address: 192.168.56.1 __init__ d:\PythonScript\RPAScript\OCRView\ViewGUI.py
[2022/10/04 13:07:38][DEBUG](ViewGUI.py:54) ViewGUI起動 __init__ d:\PythonScript\RPAScript\OCRView\ViewGUI.py
[2022/10/04 13:07:38][DEBUG](ViewGUI.py:80) ViewGUI起動完了 __init__ d:\PythonScript\RPAScript\OCRView\ViewGUI.py
[2022/10/04 13:07:42][DEBUG](ViewGUI.py:488) フォルダー選択起動 event_set_folder d:\PythonScript\RPAScript\OCRView\ViewGUI.py
[2022/10/04 13:07:42][DEBUG](ViewGUI.py:750) OverSaveボタン起動 event_Searchsave d:\PythonScript\RPAScript\OCRView\ViewGUI.py
[2022/10/04 13:07:47][DEBUG](ViewGUI.py:496) D:/OCRTESTPDF/PDFTEST_フォルダー選択完了 event_set_folder d:\PythonScript\RPAScript\OCRView\ViewGUI.py
[2022/10/04 13:07:47][DEBUG](ViewGUI.py:564) ファイル選択起動 event_updatefile d:\PythonScript\RPAScript\OCRView\ViewGUI.py
[2022/10/04 13:07:47][DEBUG](ViewGUI.py:750) OverSaveボタン起動 event_Searchsave d:\PythonScript\RPAScript\OCRView\ViewGUI.py
[2022/10/04 13:07:49][DEBUG](ViewGUI.py:597) D:/OCRTESTPDF/PDFTEST\Hirogin_2page.png_ファイル選択後イベント完了 event_selectfile d:\PythonScript\RPAScript\OCRView\ViewGUI.py
[2022/10/04 13:07:50][DEBUG](ViewGUI.py:801) OCR処理起動 LinOCROpen d:\PythonScript\RPAScript\OCRView\ViewGUI.py
[2022/10/04 13:07:50][DEBUG](ViewGUI.py:750) OverSaveボタン起動 event_Searchsave d:\PythonScript\RPAScript\OCRView\ViewGUI.py
[2022/10/04 13:07:51][DEBUG](TKINTERCV2Setting.py:38) TKINTERCV2Setting_Application起動 __init__ d:\PythonScript\RPAScript\OCRView\TKINTERCV2Setting.py
[2022/10/04 13:07:51][DEBUG](TKINTERCV2Setting.py:702) 列名設定項目を作成して再配置開始 createEntry d:\PythonScript\RPAScript\OCRView\TKINTERCV2Setting.py
[2022/10/04 13:07:51][DEBUG](TKINTERCV2Setting.py:650) 列名設定項目を再配置開始 updateEntries d:\PythonScript\RPAScript\OCRView\TKINTERCV2Setting.py
[2022/10/04 13:07:51][DEBUG](TKINTERCV2Setting.py:694) 列名設定項目を再配置完了 updateEntries d:\PythonScript\RPAScript\OCRView\TKINTERCV2Setting.py
[2022/10/04 13:07:51][DEBUG](TKINTERCV2Setting.py:702) 列名設定項目を作成して再配置開始 createEntry d:\PythonScript\RPAScript\OCRView\TKINTERCV2Setting.py
[2022/10/04 13:07:51][DEBUG](TKINTERCV2Setting.py:650) 列名設定項目を再配置開始 updateEntries d:\PythonScript\RPAScript\OCRView\TKINTERCV2Setting.py
[2022/10/04 13:07:51][DEBUG](TKINTERCV2Setting.py:694) 列名設定項目を再配置完了 updateEntries d:\PythonScript\RPAScript\OCRView\TKINTERCV2Setting.py
[2022/10/04 13:07:51][DEBUG](TKINTERCV2Setting.py:702) 列名設定項目を作成して再配置開始 createEntry d:\PythonScript\RPAScript\OCRView\TKINTERCV2Setting.py
[2022/10/04 13:07:51][DEBUG](TKINTERCV2Setting.py:650) 列名設定項目を再配置開始 updateEntries d:\PythonScript\RPAScript\OCRView\TKINTERCV2Setting.py
[2022/10/04 13:07:51][DEBUG](TKINTERCV2Setting.py:694) 列名設定項目を再配置完了 updateEntries d:\PythonScript\RPAScript\OCRView\TKINTERCV2Setting.py
[2022/10/04 13:07:51][DEBUG](TKINTERCV2Setting.py:702) 列名設定項目を作成して再配置開始 createEntry d:\PythonScript\RPAScript\OCRView\TKINTERCV2Setting.py
[2022/10/04 13:07:51][DEBUG](TKINTERCV2Setting.py:650) 列名設定項目を再配置開始 updateEntries d:\PythonScript\RPAScript\OCRView\TKINTERCV2Setting.py
[2022/10/04 13:07:51][DEBUG](TKINTERCV2Setting.py:694) 列名設定項目を再配置完了 updateEntries d:\PythonScript\RPAScript\OCRView\TKINTERCV2Setting.py
[2022/10/04 13:07:51][DEBUG](TKINTERCV2Setting.py:702) 列名設定項目を作成して再配置開始 createEntry d:\PythonScript\RPAScript\OCRView\TKINTERCV2Setting.py
[2022/10/04 13:07:51][DEBUG](TKINTERCV2Setting.py:650) 列名設定項目を再配置開始 updateEntries d:\PythonScript\RPAScript\OCRView\TKINTERCV2Setting.py
[2022/10/04 13:07:51][DEBUG](TKINTERCV2Setting.py:694) 列名設定項目を再配置完了 updateEntries d:\PythonScript\RPAScript\OCRView\TKINTERCV2Setting.py
[2022/10/04 13:07:51][DEBUG](TKINTERCV2Setting.py:702) 列名設定項目を作成して再配置開始 createEntry d:\PythonScript\RPAScript\OCRView\TKINTERCV2Setting.py
[2022/10/04 13:07:51][DEBUG](TKINTERCV2Setting.py:650) 列名設定項目を再配置開始 updateEntries d:\PythonScript\RPAScript\OCRView\TKINTERCV2Setting.py
[2022/10/04 13:07:51][DEBUG](TKINTERCV2Setting.py:694) 列名設定項目を再配置完了 updateEntries d:\PythonScript\RPAScript\OCRView\TKINTERCV2Setting.py
[2022/10/04 13:07:51][DEBUG](TKINTERCV2Setting.py:1034) 透過キャンバス(上ウィンドウ)に罫線描画処理完了 Gra d:\PythonScript\RPAScript\OCRView\TKINTERCV2Setting.py
[2022/10/04 13:07:51][DEBUG](TKINTERCV2Setting.py:558) 下ウィンドウに画像をリサイズして配置開始 InportIMG d:\PythonScript\RPAScript\OCRView\TKINTERCV2Setting.py
[2022/10/04 13:07:51][DEBUG](TKINTERCV2Setting.py:312) TKINTERCV2Setting_Application起動完了 __init__ d:\PythonScript\RPAScript\OCRView\TKINTERCV2Setting.py
[2022/10/04 13:08:02][DEBUG](TKINTERCV2Setting.py:777) toml列名設定の更新完了 ColumnTomlIn d:\PythonScript\RPAScript\OCRView\TKINTERCV2Setting.py
[2022/10/04 13:08:03][DEBUG](TKINTERCV2Setting.py:777) toml列名設定の更新完了 ColumnTomlIn d:\PythonScript\RPAScript\OCRView\TKINTERCV2Setting.py
[2022/10/04 13:08:05][DEBUG](TKINTERCV2Setting.py:777) toml列名設定の更新完了 ColumnTomlIn d:\PythonScript\RPAScript\OCRView\TKINTERCV2Setting.py
[2022/10/04 13:08:10][DEBUG](TKINTERCV2Setting.py:777) toml列名設定の更新完了 ColumnTomlIn d:\PythonScript\RPAScript\OCRView\TKINTERCV2Setting.py
[2022/10/04 13:08:10][DEBUG](TKINTERCV2Setting.py:777) toml列名設定の更新完了 ColumnTomlIn d:\PythonScript\RPAScript\OCRView\TKINTERCV2Setting.py
[2022/10/04 13:08:15][DEBUG](TKINTERCV2Setting.py:777) toml列名設定の更新完了 ColumnTomlIn d:\PythonScript\RPAScript\OCRView\TKINTERCV2Setting.py
[2022/10/04 13:08:23][DEBUG](TKINTERCV2Setting.py:622) 列名設定項目削除ボタン処理開始 removeEntry_click d:\PythonScript\RPAScript\OCRView\TKINTERCV2Setting.py
[2022/10/04 13:08:23][DEBUG](TKINTERCV2Setting.py:650) 列名設定項目を再配置開始 updateEntries d:\PythonScript\RPAScript\OCRView\TKINTERCV2Setting.py
[2022/10/04 13:08:23][DEBUG](TKINTERCV2Setting.py:694) 列名設定項目を再配置完了 updateEntries d:\PythonScript\RPAScript\OCRView\TKINTERCV2Setting.py
[2022/10/04 13:08:23][DEBUG](TKINTERCV2Setting.py:777) toml列名設定の更新完了 ColumnTomlIn d:\PythonScript\RPAScript\OCRView\TKINTERCV2Setting.py
[2022/10/04 13:08:35][DEBUG](TKINTERCV2Setting.py:826) toml変換設定の更新完了 tomlreturn d:\PythonScript\RPAScript\OCRView\TKINTERCV2Setting.py
[2022/10/04 13:08:36][DEBUG](TKINTERCV2Setting.py:826) toml変換設定の更新完了 tomlreturn d:\PythonScript\RPAScript\OCRView\TKINTERCV2Setting.py
[2022/10/04 13:08:42][DEBUG](TKINTERCV2Setting.py:826) toml変換設定の更新完了 tomlreturn d:\PythonScript\RPAScript\OCRView\TKINTERCV2Setting.py
[2022/10/04 13:08:50][DEBUG](ViewGUI.py:564) ファイル選択起動 event_updatefile d:\PythonScript\RPAScript\OCRView\ViewGUI.py
[2022/10/04 13:08:50][DEBUG](ViewGUI.py:750) OverSaveボタン起動 event_Searchsave d:\PythonScript\RPAScript\OCRView\ViewGUI.py
[2022/10/04 13:08:53][DEBUG](ViewGUI.py:597) D:/OCRTESTPDF/PDFTEST\相続_JA_1page.png_ファイル選択後イベント完了 event_selectfile d:\PythonScript\RPAScript\OCRView\ViewGUI.py
[2022/10/04 13:08:54][DEBUG](ViewGUI.py:801) OCR処理起動 LinOCROpen d:\PythonScript\RPAScript\OCRView\ViewGUI.py
[2022/10/04 13:08:54][DEBUG](ViewGUI.py:750) OverSaveボタン起動 event_Searchsave d:\PythonScript\RPAScript\OCRView\ViewGUI.py
[2022/10/04 13:08:55][DEBUG](TKINTERCV2Setting.py:38) TKINTERCV2Setting_Application起動 __init__ d:\PythonScript\RPAScript\OCRView\TKINTERCV2Setting.py
[2022/10/04 13:08:55][DEBUG](TKINTERCV2Setting.py:702) 列名設定項目を作成して再配置開始 createEntry d:\PythonScript\RPAScript\OCRView\TKINTERCV2Setting.py
[2022/10/04 13:08:55][DEBUG](TKINTERCV2Setting.py:650) 列名設定項目を再配置開始 updateEntries d:\PythonScript\RPAScript\OCRView\TKINTERCV2Setting.py
[2022/10/04 13:08:55][DEBUG](TKINTERCV2Setting.py:694) 列名設定項目を再配置完了 updateEntries d:\PythonScript\RPAScript\OCRView\TKINTERCV2Setting.py
[2022/10/04 13:08:55][DEBUG](TKINTERCV2Setting.py:702) 列名設定項目を作成して再配置開始 createEntry d:\PythonScript\RPAScript\OCRView\TKINTERCV2Setting.py
[2022/10/04 13:08:55][DEBUG](TKINTERCV2Setting.py:650) 列名設定項目を再配置開始 updateEntries d:\PythonScript\RPAScript\OCRView\TKINTERCV2Setting.py
[2022/10/04 13:08:55][DEBUG](TKINTERCV2Setting.py:694) 列名設定項目を再配置完了 updateEntries d:\PythonScript\RPAScript\OCRView\TKINTERCV2Setting.py
[2022/10/04 13:08:55][DEBUG](TKINTERCV2Setting.py:702) 列名設定項目を作成して再配置開始 createEntry d:\PythonScript\RPAScript\OCRView\TKINTERCV2Setting.py
[2022/10/04 13:08:55][DEBUG](TKINTERCV2Setting.py:650) 列名設定項目を再配置開始 updateEntries d:\PythonScript\RPAScript\OCRView\TKINTERCV2Setting.py
[2022/10/04 13:08:55][DEBUG](TKINTERCV2Setting.py:694) 列名設定項目を再配置完了 updateEntries d:\PythonScript\RPAScript\OCRView\TKINTERCV2Setting.py
[2022/10/04 13:08:55][DEBUG](TKINTERCV2Setting.py:702) 列名設定項目を作成して再配置開始 createEntry d:\PythonScript\RPAScript\OCRView\TKINTERCV2Setting.py
[2022/10/04 13:08:55][DEBUG](TKINTERCV2Setting.py:650) 列名設定項目を再配置開始 updateEntries d:\PythonScript\RPAScript\OCRView\TKINTERCV2Setting.py
[2022/10/04 13:08:55][DEBUG](TKINTERCV2Setting.py:694) 列名設定項目を再配置完了 updateEntries d:\PythonScript\RPAScript\OCRView\TKINTERCV2Setting.py
[2022/10/04 13:08:55][DEBUG](TKINTERCV2Setting.py:702) 列名設定項目を作成して再配置開始 createEntry d:\PythonScript\RPAScript\OCRView\TKINTERCV2Setting.py
[2022/10/04 13:08:55][DEBUG](TKINTERCV2Setting.py:650) 列名設定項目を再配置開始 updateEntries d:\PythonScript\RPAScript\OCRView\TKINTERCV2Setting.py
[2022/10/04 13:08:55][DEBUG](TKINTERCV2Setting.py:694) 列名設定項目を再配置完了 updateEntries d:\PythonScript\RPAScript\OCRView\TKINTERCV2Setting.py
[2022/10/04 13:08:55][DEBUG](TKINTERCV2Setting.py:702) 列名設定項目を作成して再配置開始 createEntry d:\PythonScript\RPAScript\OCRView\TKINTERCV2Setting.py
[2022/10/04 13:08:55][DEBUG](TKINTERCV2Setting.py:650) 列名設定項目を再配置開始 updateEntries d:\PythonScript\RPAScript\OCRView\TKINTERCV2Setting.py
[2022/10/04 13:08:55][DEBUG](TKINTERCV2Setting.py:694) 列名設定項目を再配置完了 updateEntries d:\PythonScript\RPAScript\OCRView\TKINTERCV2Setting.py
[2022/10/04 13:08:55][DEBUG](TKINTERCV2Setting.py:1034) 透過キャンバス(上ウィンドウ)に罫線描画処理完了 Gra d:\PythonScript\RPAScript\OCRView\TKINTERCV2Setting.py
[2022/10/04 13:08:55][DEBUG](TKINTERCV2Setting.py:558) 下ウィンドウに画像をリサイズして配置開始 InportIMG d:\PythonScript\RPAScript\OCRView\TKINTERCV2Setting.py
[2022/10/04 13:08:55][DEBUG](TKINTERCV2Setting.py:312) TKINTERCV2Setting_Application起動完了 __init__ d:\PythonScript\RPAScript\OCRView\TKINTERCV2Setting.py
[2022/10/04 13:09:08][DEBUG](ViewGUI.py:564) ファイル選択起動 event_updatefile d:\PythonScript\RPAScript\OCRView\ViewGUI.py
[2022/10/04 13:09:08][DEBUG](ViewGUI.py:750) OverSaveボタン起動 event_Searchsave d:\PythonScript\RPAScript\OCRView\ViewGUI.py
[2022/10/04 13:09:10][DEBUG](ViewGUI.py:597) D:/OCRTESTPDF/PDFTEST\Hirogin_1page.png_ファイル選択後イベント完了 event_selectfile d:\PythonScript\RPAScript\OCRView\ViewGUI.py
[2022/10/04 13:09:12][DEBUG](ViewGUI.py:801) OCR処理起動 LinOCROpen d:\PythonScript\RPAScript\OCRView\ViewGUI.py
[2022/10/04 13:09:12][DEBUG](ViewGUI.py:750) OverSaveボタン起動 event_Searchsave d:\PythonScript\RPAScript\OCRView\ViewGUI.py
[2022/10/04 13:09:12][DEBUG](TKINTERCV2Setting.py:38) TKINTERCV2Setting_Application起動 __init__ d:\PythonScript\RPAScript\OCRView\TKINTERCV2Setting.py
[2022/10/04 13:09:12][DEBUG](TKINTERCV2Setting.py:702) 列名設定項目を作成して再配置開始 createEntry d:\PythonScript\RPAScript\OCRView\TKINTERCV2Setting.py
[2022/10/04 13:09:12][DEBUG](TKINTERCV2Setting.py:650) 列名設定項目を再配置開始 updateEntries d:\PythonScript\RPAScript\OCRView\TKINTERCV2Setting.py
[2022/10/04 13:09:12][DEBUG](TKINTERCV2Setting.py:694) 列名設定項目を再配置完了 updateEntries d:\PythonScript\RPAScript\OCRView\TKINTERCV2Setting.py
[2022/10/04 13:09:12][DEBUG](TKINTERCV2Setting.py:702) 列名設定項目を作成して再配置開始 createEntry d:\PythonScript\RPAScript\OCRView\TKINTERCV2Setting.py
[2022/10/04 13:09:12][DEBUG](TKINTERCV2Setting.py:650) 列名設定項目を再配置開始 updateEntries d:\PythonScript\RPAScript\OCRView\TKINTERCV2Setting.py
[2022/10/04 13:09:12][DEBUG](TKINTERCV2Setting.py:694) 列名設定項目を再配置完了 updateEntries d:\PythonScript\RPAScript\OCRView\TKINTERCV2Setting.py
[2022/10/04 13:09:12][DEBUG](TKINTERCV2Setting.py:702) 列名設定項目を作成して再配置開始 createEntry d:\PythonScript\RPAScript\OCRView\TKINTERCV2Setting.py
[2022/10/04 13:09:12][DEBUG](TKINTERCV2Setting.py:650) 列名設定項目を再配置開始 updateEntries d:\PythonScript\RPAScript\OCRView\TKINTERCV2Setting.py
[2022/10/04 13:09:12][DEBUG](TKINTERCV2Setting.py:694) 列名設定項目を再配置完了 updateEntries d:\PythonScript\RPAScript\OCRView\TKINTERCV2Setting.py
[2022/10/04 13:09:12][DEBUG](TKINTERCV2Setting.py:702) 列名設定項目を作成して再配置開始 createEntry d:\PythonScript\RPAScript\OCRView\TKINTERCV2Setting.py
[2022/10/04 13:09:12][DEBUG](TKINTERCV2Setting.py:650) 列名設定項目を再配置開始 updateEntries d:\PythonScript\RPAScript\OCRView\TKINTERCV2Setting.py
[2022/10/04 13:09:12][DEBUG](TKINTERCV2Setting.py:694) 列名設定項目を再配置完了 updateEntries d:\PythonScript\RPAScript\OCRView\TKINTERCV2Setting.py
[2022/10/04 13:09:12][DEBUG](TKINTERCV2Setting.py:702) 列名設定項目を作成して再配置開始 createEntry d:\PythonScript\RPAScript\OCRView\TKINTERCV2Setting.py
[2022/10/04 13:09:12][DEBUG](TKINTERCV2Setting.py:650) 列名設定項目を再配置開始 updateEntries d:\PythonScript\RPAScript\OCRView\TKINTERCV2Setting.py
[2022/10/04 13:09:12][DEBUG](TKINTERCV2Setting.py:694) 列名設定項目を再配置完了 updateEntries d:\PythonScript\RPAScript\OCRView\TKINTERCV2Setting.py
[2022/10/04 13:09:12][DEBUG](TKINTERCV2Setting.py:1034) 透過キャンバス(上ウィンドウ)に罫線描画処理完了 Gra d:\PythonScript\RPAScript\OCRView\TKINTERCV2Setting.py
[2022/10/04 13:09:13][DEBUG](TKINTERCV2Setting.py:558) 下ウィンドウに画像をリサイズして配置開始 InportIMG d:\PythonScript\RPAScript\OCRView\TKINTERCV2Setting.py
[2022/10/04 13:09:13][DEBUG](TKINTERCV2Setting.py:312) TKINTERCV2Setting_Application起動完了 __init__ d:\PythonScript\RPAScript\OCRView\TKINTERCV2Setting.py
[2022/10/04 13:09:31][DEBUG](TKINTERCV2Setting.py:1058) 確定ボタンクリック処理開始 EnterP d:\PythonScript\RPAScript\OCRView\TKINTERCV2Setting.py
[2022/10/04 13:09:31][DEBUG](TKINTERCV2Setting.py:741) 列名設定項目取得関数開始 GetEntryTextButton_click d:\PythonScript\RPAScript\OCRView\TKINTERCV2Setting.py
[2022/10/04 13:09:34][DEBUG](TKINTERCV2Setting.py:1169) 縦横リスト書出完了 EnterP d:\PythonScript\RPAScript\OCRView\TKINTERCV2Setting.py
[2022/10/04 13:09:34][DEBUG](OCRFlow.py:153) Bankrentxtver起動 DiffListCreate d:\PythonScript\RPAScript\OCRView\OCRFlow.py
[2022/10/04 13:09:34][DEBUG](GCloudVision.py:108) get_document_bounds(GoogleVisionAPI)開始: debug level log get_document_bounds_BANK d:\PythonScript\RPAScript\OCRView\GCloudVision.py
[2022/10/04 13:09:37][DEBUG](GCloudVision.py:146) get_document_bounds(GoogleVisionAPI)終了: debug level log get_document_bounds_BANK d:\PythonScript\RPAScript\OCRView\GCloudVision.py
[2022/10/04 13:09:37][DEBUG](GCloudVision.py:416) rentxtver(OCR結果を整形eTax以外)成功: debug level log Bankrentxtver d:\PythonScript\RPAScript\OCRView\GCloudVision.py
[2022/10/04 13:09:37][DEBUG](OCRFlow.py:160) Bankrentxtver完了 DiffListCreate d:\PythonScript\RPAScript\OCRView\OCRFlow.py
[2022/10/04 13:09:37][DEBUG](OCRFlow.py:345) GoogleAPI後編集処理完了 DiffListCreate d:\PythonScript\RPAScript\OCRView\OCRFlow.py
[2022/10/04 13:09:37][DEBUG](OCRFlow.py:376) GoogleAPI後dfto_csv開始 DiffListCreate d:\PythonScript\RPAScript\OCRView\OCRFlow.py
[2022/10/04 13:09:37][DEBUG](OCRFlow.py:389) GoogleAPI後csv処理完了 DiffListCreate d:\PythonScript\RPAScript\OCRView\OCRFlow.py
[2022/10/04 13:09:37][DEBUG](TKINTERCV2Setting.py:1193) GoogleVisionAPI完了 EnterP d:\PythonScript\RPAScript\OCRView\TKINTERCV2Setting.py
[2022/10/04 13:09:41][DEBUG](TKINTERCV2Setting.py:1205) 次ページ読込開始 EnterP d:\PythonScript\RPAScript\OCRView\TKINTERCV2Setting.py
[2022/10/04 13:09:44][DEBUG](ViewGUI.py:564) ファイル選択起動 event_updatefile d:\PythonScript\RPAScript\OCRView\ViewGUI.py
[2022/10/04 13:09:44][DEBUG](ViewGUI.py:750) OverSaveボタン起動 event_Searchsave d:\PythonScript\RPAScript\OCRView\ViewGUI.py
[2022/10/04 13:09:45][DEBUG](ViewGUI.py:597) D:/OCRTESTPDF/PDFTEST\Hirogin_2page.png_ファイル選択後イベント完了 event_selectfile d:\PythonScript\RPAScript\OCRView\ViewGUI.py
[2022/10/04 13:09:47][DEBUG](ViewGUI.py:801) OCR処理起動 LinOCROpen d:\PythonScript\RPAScript\OCRView\ViewGUI.py
[2022/10/04 13:09:47][DEBUG](ViewGUI.py:750) OverSaveボタン起動 event_Searchsave d:\PythonScript\RPAScript\OCRView\ViewGUI.py
[2022/10/04 13:09:47][DEBUG](TKINTERCV2Setting.py:38) TKINTERCV2Setting_Application起動 __init__ d:\PythonScript\RPAScript\OCRView\TKINTERCV2Setting.py
[2022/10/04 13:09:47][DEBUG](TKINTERCV2Setting.py:702) 列名設定項目を作成して再配置開始 createEntry d:\PythonScript\RPAScript\OCRView\TKINTERCV2Setting.py
[2022/10/04 13:09:47][DEBUG](TKINTERCV2Setting.py:650) 列名設定項目を再配置開始 updateEntries d:\PythonScript\RPAScript\OCRView\TKINTERCV2Setting.py
[2022/10/04 13:09:47][DEBUG](TKINTERCV2Setting.py:694) 列名設定項目を再配置完了 updateEntries d:\PythonScript\RPAScript\OCRView\TKINTERCV2Setting.py
[2022/10/04 13:09:47][DEBUG](TKINTERCV2Setting.py:702) 列名設定項目を作成して再配置開始 createEntry d:\PythonScript\RPAScript\OCRView\TKINTERCV2Setting.py
[2022/10/04 13:09:47][DEBUG](TKINTERCV2Setting.py:650) 列名設定項目を再配置開始 updateEntries d:\PythonScript\RPAScript\OCRView\TKINTERCV2Setting.py
[2022/10/04 13:09:47][DEBUG](TKINTERCV2Setting.py:694) 列名設定項目を再配置完了 updateEntries d:\PythonScript\RPAScript\OCRView\TKINTERCV2Setting.py
[2022/10/04 13:09:47][DEBUG](TKINTERCV2Setting.py:702) 列名設定項目を作成して再配置開始 createEntry d:\PythonScript\RPAScript\OCRView\TKINTERCV2Setting.py
[2022/10/04 13:09:47][DEBUG](TKINTERCV2Setting.py:650) 列名設定項目を再配置開始 updateEntries d:\PythonScript\RPAScript\OCRView\TKINTERCV2Setting.py
[2022/10/04 13:09:47][DEBUG](TKINTERCV2Setting.py:694) 列名設定項目を再配置完了 updateEntries d:\PythonScript\RPAScript\OCRView\TKINTERCV2Setting.py
[2022/10/04 13:09:47][DEBUG](TKINTERCV2Setting.py:702) 列名設定項目を作成して再配置開始 createEntry d:\PythonScript\RPAScript\OCRView\TKINTERCV2Setting.py
[2022/10/04 13:09:47][DEBUG](TKINTERCV2Setting.py:650) 列名設定項目を再配置開始 updateEntries d:\PythonScript\RPAScript\OCRView\TKINTERCV2Setting.py
[2022/10/04 13:09:47][DEBUG](TKINTERCV2Setting.py:694) 列名設定項目を再配置完了 updateEntries d:\PythonScript\RPAScript\OCRView\TKINTERCV2Setting.py
[2022/10/04 13:09:47][DEBUG](TKINTERCV2Setting.py:702) 列名設定項目を作成して再配置開始 createEntry d:\PythonScript\RPAScript\OCRView\TKINTERCV2Setting.py
[2022/10/04 13:09:47][DEBUG](TKINTERCV2Setting.py:650) 列名設定項目を再配置開始 updateEntries d:\PythonScript\RPAScript\OCRView\TKINTERCV2Setting.py
[2022/10/04 13:09:47][DEBUG](TKINTERCV2Setting.py:694) 列名設定項目を再配置完了 updateEntries d:\PythonScript\RPAScript\OCRView\TKINTERCV2Setting.py
[2022/10/04 13:09:47][DEBUG](TKINTERCV2Setting.py:1034) 透過キャンバス(上ウィンドウ)に罫線描画処理完了 Gra d:\PythonScript\RPAScript\OCRView\TKINTERCV2Setting.py
[2022/10/04 13:09:47][DEBUG](TKINTERCV2Setting.py:558) 下ウィンドウに画像をリサイズして配置開始 InportIMG d:\PythonScript\RPAScript\OCRView\TKINTERCV2Setting.py
[2022/10/04 13:09:47][DEBUG](TKINTERCV2Setting.py:312) TKINTERCV2Setting_Application起動完了 __init__ d:\PythonScript\RPAScript\OCRView\TKINTERCV2Setting.py
[2022/10/04 13:09:50][DEBUG](TKINTERCV2Setting.py:1058) 確定ボタンクリック処理開始 EnterP d:\PythonScript\RPAScript\OCRView\TKINTERCV2Setting.py
[2022/10/04 13:09:50][DEBUG](TKINTERCV2Setting.py:741) 列名設定項目取得関数開始 GetEntryTextButton_click d:\PythonScript\RPAScript\OCRView\TKINTERCV2Setting.py
[2022/10/04 13:09:50][DEBUG](TKINTERCV2Setting.py:1253) 先頭ページの列数と設定列名数不一致。 EnterP d:\PythonScript\RPAScript\OCRView\TKINTERCV2Setting.py
[2022/10/04 13:10:29][DEBUG](TKINTERCV2Setting.py:1058) 確定ボタンクリック処理開始 EnterP d:\PythonScript\RPAScript\OCRView\TKINTERCV2Setting.py
[2022/10/04 13:10:29][DEBUG](TKINTERCV2Setting.py:741) 列名設定項目取得関数開始 GetEntryTextButton_click d:\PythonScript\RPAScript\OCRView\TKINTERCV2Setting.py
