[2022/10/08 12:03:14][DEBUG](P_Table.py:23) P_Table起動 __init__ c:\Users\もちねこ\Desktop\GitHub\RPAScript-1\OCRView\P_Table.py
[2022/10/08 12:03:14][DEBUG](eucjpprober.py:62) EUC-JP Japanese prober hit error at byte 1 feed c:\Users\もちねこ\Desktop\GitHub\RPAScript-1\OCRView\venv\lib\site-packages\chardet\eucjpprober.py
[2022/10/08 12:03:14][DEBUG](mbcharsetprober.py:66) EUC-KR Korean prober hit error at byte 1 feed c:\Users\もちねこ\Desktop\GitHub\RPAScript-1\OCRView\venv\lib\site-packages\chardet\mbcharsetprober.py
[2022/10/08 12:03:14][DEBUG](mbcharsetprober.py:66) Big5 Chinese prober hit error at byte 1 feed c:\Users\もちねこ\Desktop\GitHub\RPAScript-1\OCRView\venv\lib\site-packages\chardet\mbcharsetprober.py
[2022/10/08 12:03:14][DEBUG](mbcharsetprober.py:66) EUC-TW Taiwan prober hit error at byte 1 feed c:\Users\もちねこ\Desktop\GitHub\RPAScript-1\OCRView\venv\lib\site-packages\chardet\mbcharsetprober.py
[2022/10/08 12:03:14][DEBUG](mbcharsetprober.py:66) CP949 Korean prober hit error at byte 45 feed c:\Users\もちねこ\Desktop\GitHub\RPAScript-1\OCRView\venv\lib\site-packages\chardet\mbcharsetprober.py
[2022/10/08 12:03:14][DEBUG](charsetgroupprober.py:98) utf-8 not active get_confidence c:\Users\もちねこ\Desktop\GitHub\RPAScript-1\OCRView\venv\lib\site-packages\chardet\charsetgroupprober.py
[2022/10/08 12:03:14][DEBUG](charsetgroupprober.py:101) SHIFT_JIS Japanese confidence = 0.99 get_confidence c:\Users\もちねこ\Desktop\GitHub\RPAScript-1\OCRView\venv\lib\site-packages\chardet\charsetgroupprober.py
[2022/10/08 12:03:14][DEBUG](charsetgroupprober.py:98) EUC-JP not active get_confidence c:\Users\もちねこ\Desktop\GitHub\RPAScript-1\OCRView\venv\lib\site-packages\chardet\charsetgroupprober.py
[2022/10/08 12:03:14][DEBUG](charsetgroupprober.py:101) GB2312 Chinese confidence = 0.01 get_confidence c:\Users\もちねこ\Desktop\GitHub\RPAScript-1\OCRView\venv\lib\site-packages\chardet\charsetgroupprober.py
[2022/10/08 12:03:14][DEBUG](charsetgroupprober.py:98) EUC-KR not active get_confidence c:\Users\もちねこ\Desktop\GitHub\RPAScript-1\OCRView\venv\lib\site-packages\chardet\charsetgroupprober.py
[2022/10/08 12:03:14][DEBUG](charsetgroupprober.py:98) CP949 not active get_confidence c:\Users\もちねこ\Desktop\GitHub\RPAScript-1\OCRView\venv\lib\site-packages\chardet\charsetgroupprober.py
[2022/10/08 12:03:14][DEBUG](charsetgroupprober.py:98) Big5 not active get_confidence c:\Users\もちねこ\Desktop\GitHub\RPAScript-1\OCRView\venv\lib\site-packages\chardet\charsetgroupprober.py
[2022/10/08 12:03:14][DEBUG](charsetgroupprober.py:98) EUC-TW not active get_confidence c:\Users\もちねこ\Desktop\GitHub\RPAScript-1\OCRView\venv\lib\site-packages\chardet\charsetgroupprober.py
[2022/10/08 12:03:14][DEBUG](charsetgroupprober.py:101) windows-1251 Russian confidence = 0.01 get_confidence c:\Users\もちねこ\Desktop\GitHub\RPAScript-1\OCRView\venv\lib\site-packages\chardet\charsetgroupprober.py
[2022/10/08 12:03:14][DEBUG](charsetgroupprober.py:101) KOI8-R Russian confidence = 0.01 get_confidence c:\Users\もちねこ\Desktop\GitHub\RPAScript-1\OCRView\venv\lib\site-packages\chardet\charsetgroupprober.py
[2022/10/08 12:03:14][DEBUG](charsetgroupprober.py:101) ISO-8859-5 Russian confidence = 0.01 get_confidence c:\Users\もちねこ\Desktop\GitHub\RPAScript-1\OCRView\venv\lib\site-packages\chardet\charsetgroupprober.py
[2022/10/08 12:03:14][DEBUG](charsetgroupprober.py:101) MacCyrillic Russian confidence = 0.0 get_confidence c:\Users\もちねこ\Desktop\GitHub\RPAScript-1\OCRView\venv\lib\site-packages\chardet\charsetgroupprober.py
[2022/10/08 12:03:14][DEBUG](charsetgroupprober.py:101) IBM866 Russian confidence = 0.0 get_confidence c:\Users\もちねこ\Desktop\GitHub\RPAScript-1\OCRView\venv\lib\site-packages\chardet\charsetgroupprober.py
[2022/10/08 12:03:14][DEBUG](charsetgroupprober.py:101) IBM855 Russian confidence = 0.01 get_confidence c:\Users\もちねこ\Desktop\GitHub\RPAScript-1\OCRView\venv\lib\site-packages\chardet\charsetgroupprober.py
[2022/10/08 12:03:14][DEBUG](charsetgroupprober.py:101) ISO-8859-7 Greek confidence = 0.01 get_confidence c:\Users\もちねこ\Desktop\GitHub\RPAScript-1\OCRView\venv\lib\site-packages\chardet\charsetgroupprober.py
[2022/10/08 12:03:14][DEBUG](charsetgroupprober.py:101) windows-1253 Greek confidence = 0.01 get_confidence c:\Users\もちねこ\Desktop\GitHub\RPAScript-1\OCRView\venv\lib\site-packages\chardet\charsetgroupprober.py
[2022/10/08 12:03:14][DEBUG](charsetgroupprober.py:101) ISO-8859-5 Bulgarian confidence = 0.01 get_confidence c:\Users\もちねこ\Desktop\GitHub\RPAScript-1\OCRView\venv\lib\site-packages\chardet\charsetgroupprober.py
[2022/10/08 12:03:14][DEBUG](charsetgroupprober.py:101) windows-1251 Bulgarian confidence = 0.01 get_confidence c:\Users\もちねこ\Desktop\GitHub\RPAScript-1\OCRView\venv\lib\site-packages\chardet\charsetgroupprober.py
[2022/10/08 12:03:14][DEBUG](charsetgroupprober.py:101) TIS-620 Thai confidence = 0.01 get_confidence c:\Users\もちねこ\Desktop\GitHub\RPAScript-1\OCRView\venv\lib\site-packages\chardet\charsetgroupprober.py
[2022/10/08 12:03:14][DEBUG](charsetgroupprober.py:101) ISO-8859-9 Turkish confidence = 0.0 get_confidence c:\Users\もちねこ\Desktop\GitHub\RPAScript-1\OCRView\venv\lib\site-packages\chardet\charsetgroupprober.py
[2022/10/08 12:03:14][DEBUG](charsetgroupprober.py:101) windows-1255 Hebrew confidence = 0.0 get_confidence c:\Users\もちねこ\Desktop\GitHub\RPAScript-1\OCRView\venv\lib\site-packages\chardet\charsetgroupprober.py
[2022/10/08 12:03:14][DEBUG](charsetgroupprober.py:101) windows-1255 Hebrew confidence = 0.0 get_confidence c:\Users\もちねこ\Desktop\GitHub\RPAScript-1\OCRView\venv\lib\site-packages\chardet\charsetgroupprober.py
[2022/10/08 12:03:14][DEBUG](charsetgroupprober.py:101) windows-1255 Hebrew confidence = 0.0 get_confidence c:\Users\もちねこ\Desktop\GitHub\RPAScript-1\OCRView\venv\lib\site-packages\chardet\charsetgroupprober.py
[2022/10/08 12:03:14][DEBUG](charsetgroupprober.py:98) utf-8 not active get_confidence c:\Users\もちねこ\Desktop\GitHub\RPAScript-1\OCRView\venv\lib\site-packages\chardet\charsetgroupprober.py
[2022/10/08 12:03:14][DEBUG](charsetgroupprober.py:101) SHIFT_JIS Japanese confidence = 0.99 get_confidence c:\Users\もちねこ\Desktop\GitHub\RPAScript-1\OCRView\venv\lib\site-packages\chardet\charsetgroupprober.py
[2022/10/08 12:03:14][DEBUG](charsetgroupprober.py:98) EUC-JP not active get_confidence c:\Users\もちねこ\Desktop\GitHub\RPAScript-1\OCRView\venv\lib\site-packages\chardet\charsetgroupprober.py
[2022/10/08 12:03:14][DEBUG](charsetgroupprober.py:101) GB2312 Chinese confidence = 0.01 get_confidence c:\Users\もちねこ\Desktop\GitHub\RPAScript-1\OCRView\venv\lib\site-packages\chardet\charsetgroupprober.py
[2022/10/08 12:03:14][DEBUG](charsetgroupprober.py:98) EUC-KR not active get_confidence c:\Users\もちねこ\Desktop\GitHub\RPAScript-1\OCRView\venv\lib\site-packages\chardet\charsetgroupprober.py
[2022/10/08 12:03:14][DEBUG](charsetgroupprober.py:98) CP949 not active get_confidence c:\Users\もちねこ\Desktop\GitHub\RPAScript-1\OCRView\venv\lib\site-packages\chardet\charsetgroupprober.py
[2022/10/08 12:03:14][DEBUG](charsetgroupprober.py:98) Big5 not active get_confidence c:\Users\もちねこ\Desktop\GitHub\RPAScript-1\OCRView\venv\lib\site-packages\chardet\charsetgroupprober.py
[2022/10/08 12:03:14][DEBUG](charsetgroupprober.py:98) EUC-TW not active get_confidence c:\Users\もちねこ\Desktop\GitHub\RPAScript-1\OCRView\venv\lib\site-packages\chardet\charsetgroupprober.py
[2022/10/08 12:03:15][DEBUG](DGFrame.py:122) ページ連結完了 JoinCSV c:\Users\もちねこ\Desktop\GitHub\RPAScript-1\OCRView\Frame\DGFrame.py
[2022/10/08 12:03:15][DEBUG](DGFrame.py:125) ページ連結失敗 JoinCSV c:\Users\もちねこ\Desktop\GitHub\RPAScript-1\OCRView\Frame\DGFrame.py
