[2022/10/05 19:25:07][DEBUG](TKINTERCV2Setting.py:39) TKINTERCV2Setting_Application起動 __init__ d:\PythonScript\RPAScript\OCRView\TKINTERCV2Setting.py
[2022/10/05 19:25:07][DEBUG](TKINTERCV2Setting.py:760) 列名設定項目を作成して再配置開始 createEntry d:\PythonScript\RPAScript\OCRView\TKINTERCV2Setting.py
[2022/10/05 19:25:07][DEBUG](TKINTERCV2Setting.py:708) 列名設定項目を再配置開始 updateEntries d:\PythonScript\RPAScript\OCRView\TKINTERCV2Setting.py
[2022/10/05 19:25:07][DEBUG](TKINTERCV2Setting.py:752) 列名設定項目を再配置完了 updateEntries d:\PythonScript\RPAScript\OCRView\TKINTERCV2Setting.py
[2022/10/05 19:25:07][DEBUG](TKINTERCV2Setting.py:760) 列名設定項目を作成して再配置開始 createEntry d:\PythonScript\RPAScript\OCRView\TKINTERCV2Setting.py
[2022/10/05 19:25:07][DEBUG](TKINTERCV2Setting.py:708) 列名設定項目を再配置開始 updateEntries d:\PythonScript\RPAScript\OCRView\TKINTERCV2Setting.py
[2022/10/05 19:25:07][DEBUG](TKINTERCV2Setting.py:752) 列名設定項目を再配置完了 updateEntries d:\PythonScript\RPAScript\OCRView\TKINTERCV2Setting.py
[2022/10/05 19:25:07][DEBUG](TKINTERCV2Setting.py:760) 列名設定項目を作成して再配置開始 createEntry d:\PythonScript\RPAScript\OCRView\TKINTERCV2Setting.py
[2022/10/05 19:25:07][DEBUG](TKINTERCV2Setting.py:708) 列名設定項目を再配置開始 updateEntries d:\PythonScript\RPAScript\OCRView\TKINTERCV2Setting.py
[2022/10/05 19:25:07][DEBUG](TKINTERCV2Setting.py:752) 列名設定項目を再配置完了 updateEntries d:\PythonScript\RPAScript\OCRView\TKINTERCV2Setting.py
[2022/10/05 19:25:07][DEBUG](TKINTERCV2Setting.py:760) 列名設定項目を作成して再配置開始 createEntry d:\PythonScript\RPAScript\OCRView\TKINTERCV2Setting.py
[2022/10/05 19:25:07][DEBUG](TKINTERCV2Setting.py:708) 列名設定項目を再配置開始 updateEntries d:\PythonScript\RPAScript\OCRView\TKINTERCV2Setting.py
[2022/10/05 19:25:07][DEBUG](TKINTERCV2Setting.py:752) 列名設定項目を再配置完了 updateEntries d:\PythonScript\RPAScript\OCRView\TKINTERCV2Setting.py
[2022/10/05 19:25:07][DEBUG](TKINTERCV2Setting.py:760) 列名設定項目を作成して再配置開始 createEntry d:\PythonScript\RPAScript\OCRView\TKINTERCV2Setting.py
[2022/10/05 19:25:07][DEBUG](TKINTERCV2Setting.py:708) 列名設定項目を再配置開始 updateEntries d:\PythonScript\RPAScript\OCRView\TKINTERCV2Setting.py
[2022/10/05 19:25:07][DEBUG](TKINTERCV2Setting.py:752) 列名設定項目を再配置完了 updateEntries d:\PythonScript\RPAScript\OCRView\TKINTERCV2Setting.py
[2022/10/05 19:25:07][DEBUG](TKINTERCV2Setting.py:760) 列名設定項目を作成して再配置開始 createEntry d:\PythonScript\RPAScript\OCRView\TKINTERCV2Setting.py
[2022/10/05 19:25:07][DEBUG](TKINTERCV2Setting.py:708) 列名設定項目を再配置開始 updateEntries d:\PythonScript\RPAScript\OCRView\TKINTERCV2Setting.py
[2022/10/05 19:25:07][DEBUG](TKINTERCV2Setting.py:752) 列名設定項目を再配置完了 updateEntries d:\PythonScript\RPAScript\OCRView\TKINTERCV2Setting.py
[2022/10/05 19:25:07][DEBUG](TKINTERCV2Setting.py:1113) 透過キャンバス(上ウィンドウ)に罫線描画処理完了 Gra d:\PythonScript\RPAScript\OCRView\TKINTERCV2Setting.py
[2022/10/05 19:25:07][DEBUG](TKINTERCV2Setting.py:616) 下ウィンドウに画像をリサイズして配置開始 InportIMG d:\PythonScript\RPAScript\OCRView\TKINTERCV2Setting.py
[2022/10/05 19:25:07][DEBUG](TKINTERCV2Setting.py:366) TKINTERCV2Setting_Application起動完了 __init__ d:\PythonScript\RPAScript\OCRView\TKINTERCV2Setting.py
[2022/10/05 19:25:11][DEBUG](TKINTERCV2Setting.py:1422) Line8_縦直線描画処理完了 click1 d:\PythonScript\RPAScript\OCRView\TKINTERCV2Setting.py
[2022/10/05 19:25:15][DEBUG](TKINTERCV2Setting.py:1371) Line8_削除完了 LineDelete d:\PythonScript\RPAScript\OCRView\TKINTERCV2Setting.py
[2022/10/05 19:25:16][DEBUG](TKINTERCV2Setting.py:1422) Line7_縦直線描画処理完了 click1 d:\PythonScript\RPAScript\OCRView\TKINTERCV2Setting.py
[2022/10/05 19:25:19][DEBUG](TKINTERCV2Setting.py:1371) Line7_削除完了 LineDelete d:\PythonScript\RPAScript\OCRView\TKINTERCV2Setting.py
[2022/10/05 19:25:25][DEBUG](TKINTERCV2Setting.py:828) 新規直線描画処理開始 AutoNewLineCreate d:\PythonScript\RPAScript\OCRView\TKINTERCV2Setting.py
[2022/10/05 19:25:30][DEBUG](TKINTERCV2Setting.py:1113) 透過キャンバス(上ウィンドウ)に罫線描画処理完了 Gra d:\PythonScript\RPAScript\OCRView\TKINTERCV2Setting.py
[2022/10/05 19:25:39][DEBUG](TKINTERCV2Setting.py:1422) Line9_縦直線描画処理完了 click1 d:\PythonScript\RPAScript\OCRView\TKINTERCV2Setting.py
[2022/10/05 19:25:43][DEBUG](TKINTERCV2Setting.py:1371) Line9_削除完了 LineDelete d:\PythonScript\RPAScript\OCRView\TKINTERCV2Setting.py
[2022/10/05 19:25:46][DEBUG](TKINTERCV2Setting.py:1422) Line8_縦直線描画処理完了 click1 d:\PythonScript\RPAScript\OCRView\TKINTERCV2Setting.py
[2022/10/05 19:25:48][DEBUG](TKINTERCV2Setting.py:1371) Line8_削除完了 LineDelete d:\PythonScript\RPAScript\OCRView\TKINTERCV2Setting.py
[2022/10/05 19:25:57][DEBUG](TKINTERCV2Setting.py:1422) Line7_縦直線描画処理完了 click1 d:\PythonScript\RPAScript\OCRView\TKINTERCV2Setting.py
[2022/10/05 19:26:00][DEBUG](TKINTERCV2Setting.py:1371) Line7_削除完了 LineDelete d:\PythonScript\RPAScript\OCRView\TKINTERCV2Setting.py
[2022/10/05 19:26:37][DEBUG](TKINTERCV2Setting.py:942) 新規直線描画処理開始 NewLineCreate d:\PythonScript\RPAScript\OCRView\TKINTERCV2Setting.py
[2022/10/05 19:26:53][DEBUG](TKINTERCV2Setting.py:1113) 透過キャンバス(上ウィンドウ)に罫線描画処理完了 Gra d:\PythonScript\RPAScript\OCRView\TKINTERCV2Setting.py
[2022/10/05 19:26:57][DEBUG](TKINTERCV2Setting.py:1422) Line6_縦直線描画処理完了 click1 d:\PythonScript\RPAScript\OCRView\TKINTERCV2Setting.py
[2022/10/05 19:26:59][DEBUG](TKINTERCV2Setting.py:1371) Line6_削除完了 LineDelete d:\PythonScript\RPAScript\OCRView\TKINTERCV2Setting.py
[2022/10/05 19:27:01][DEBUG](TKINTERCV2Setting.py:1422) Line5_縦直線描画処理完了 click1 d:\PythonScript\RPAScript\OCRView\TKINTERCV2Setting.py
[2022/10/05 19:27:03][DEBUG](TKINTERCV2Setting.py:1371) Line5_削除完了 LineDelete d:\PythonScript\RPAScript\OCRView\TKINTERCV2Setting.py
[2022/10/05 19:27:04][DEBUG](TKINTERCV2Setting.py:1422) Line7_縦直線描画処理完了 click1 d:\PythonScript\RPAScript\OCRView\TKINTERCV2Setting.py
[2022/10/05 19:27:06][DEBUG](TKINTERCV2Setting.py:1371) Line7_削除完了 LineDelete d:\PythonScript\RPAScript\OCRView\TKINTERCV2Setting.py
[2022/10/05 19:27:12][DEBUG](TKINTERCV2Setting.py:828) 新規直線描画処理開始 AutoNewLineCreate d:\PythonScript\RPAScript\OCRView\TKINTERCV2Setting.py
[2022/10/05 19:27:19][DEBUG](TKINTERCV2Setting.py:1113) 透過キャンバス(上ウィンドウ)に罫線描画処理完了 Gra d:\PythonScript\RPAScript\OCRView\TKINTERCV2Setting.py
