[2022/09/28 11:09:42][DEBUG](ViewGUI.py:45) Network: ws247 __init__ d:\PythonScript\RPAScript\OCRView\ViewGUI.py
[2022/09/28 11:09:42][DEBUG](ViewGUI.py:46) Machine: AMD64 __init__ d:\PythonScript\RPAScript\OCRView\ViewGUI.py
[2022/09/28 11:09:42][DEBUG](ViewGUI.py:47) Processor: Intel64 Family 6 Model 165 Stepping 5, GenuineIntel __init__ d:\PythonScript\RPAScript\OCRView\ViewGUI.py
[2022/09/28 11:09:42][DEBUG](ViewGUI.py:48) Platform: Windows-10-10.0.19041-SP0 __init__ d:\PythonScript\RPAScript\OCRView\ViewGUI.py
[2022/09/28 11:09:42][DEBUG](ViewGUI.py:49) System: Windows __init__ d:\PythonScript\RPAScript\OCRView\ViewGUI.py
[2022/09/28 11:09:42][DEBUG](ViewGUI.py:50) Release: 10 __init__ d:\PythonScript\RPAScript\OCRView\ViewGUI.py
[2022/09/28 11:09:42][DEBUG](ViewGUI.py:51) Version: 10.0.19041 __init__ d:\PythonScript\RPAScript\OCRView\ViewGUI.py
[2022/09/28 11:09:42][DEBUG](ViewGUI.py:52) MAC Address: 80E8_2CFB_55FD __init__ d:\PythonScript\RPAScript\OCRView\ViewGUI.py
[2022/09/28 11:09:42][DEBUG](ViewGUI.py:53) Host name: ws247 __init__ d:\PythonScript\RPAScript\OCRView\ViewGUI.py
[2022/09/28 11:09:42][DEBUG](ViewGUI.py:54) IP Address: 192.168.56.1 __init__ d:\PythonScript\RPAScript\OCRView\ViewGUI.py
[2022/09/28 11:09:42][DEBUG](ViewGUI.py:55) ViewGUI起動 __init__ d:\PythonScript\RPAScript\OCRView\ViewGUI.py
[2022/09/28 11:09:42][DEBUG](ViewGUI.py:79) ViewGUI起動完了 __init__ d:\PythonScript\RPAScript\OCRView\ViewGUI.py
[2022/09/28 11:09:44][DEBUG](ViewGUIevent.py:71) フォルダー選択起動 event_set_folder d:\PythonScript\RPAScript\OCRView\ViewGUIevent.py
[2022/09/28 11:09:44][DEBUG](ViewGUI.py:734) OverSaveボタン起動 event_Searchsave d:\PythonScript\RPAScript\OCRView\ViewGUI.py
[2022/09/28 11:09:49][DEBUG](ViewGUIevent.py:77) D:/OCRTESTPDF/PDFTEST_フォルダー選択完了 event_set_folder d:\PythonScript\RPAScript\OCRView\ViewGUIevent.py
[2022/09/28 11:09:50][DEBUG](ViewGUIevent.py:12) ファイル選択起動 event_set_file d:\PythonScript\RPAScript\OCRView\ViewGUIevent.py
[2022/09/28 11:09:50][DEBUG](ViewGUI.py:734) OverSaveボタン起動 event_Searchsave d:\PythonScript\RPAScript\OCRView\ViewGUI.py
[2022/09/28 11:09:58][DEBUG](ViewGUIevent.py:71) フォルダー選択起動 event_set_folder d:\PythonScript\RPAScript\OCRView\ViewGUIevent.py
[2022/09/28 11:09:58][DEBUG](ViewGUI.py:734) OverSaveボタン起動 event_Searchsave d:\PythonScript\RPAScript\OCRView\ViewGUI.py
[2022/09/28 11:10:01][DEBUG](ViewGUIevent.py:77) D:/OCRTESTPDF/PDFTEST_フォルダー選択完了 event_set_folder d:\PythonScript\RPAScript\OCRView\ViewGUIevent.py
[2022/09/28 11:10:02][DEBUG](ViewGUIevent.py:86) ファイル選択起動 event_updatefile d:\PythonScript\RPAScript\OCRView\ViewGUIevent.py
[2022/09/28 11:10:02][DEBUG](ViewGUI.py:734) OverSaveボタン起動 event_Searchsave d:\PythonScript\RPAScript\OCRView\ViewGUI.py
[2022/09/28 11:10:05][DEBUG](PngImagePlugin.py:186) STREAM b'IHDR' 16 13 call d:\PythonScript\RPAScript\OCRFlowVenv\lib\site-packages\PIL\PngImagePlugin.py
[2022/09/28 11:10:05][DEBUG](PngImagePlugin.py:186) STREAM b'IDAT' 41 65536 call d:\PythonScript\RPAScript\OCRFlowVenv\lib\site-packages\PIL\PngImagePlugin.py
[2022/09/28 11:10:05][DEBUG](ViewGUI.py:589) D:/OCRTESTPDF/PDFTEST\Hirogin_1page - コピー.png_ファイル選択後イベント完了 event_selectfile d:\PythonScript\RPAScript\OCRView\ViewGUI.py
[2022/09/28 11:10:07][DEBUG](ViewGUIevent.py:97) FileDelete関数起動 FileDelete d:\PythonScript\RPAScript\OCRView\ViewGUIevent.py
[2022/09/28 11:10:11][DEBUG](ViewGUIevent.py:86) ファイル選択起動 event_updatefile d:\PythonScript\RPAScript\OCRView\ViewGUIevent.py
[2022/09/28 11:10:11][DEBUG](ViewGUI.py:734) OverSaveボタン起動 event_Searchsave d:\PythonScript\RPAScript\OCRView\ViewGUI.py
[2022/09/28 11:10:13][DEBUG](PngImagePlugin.py:186) STREAM b'IHDR' 16 13 call d:\PythonScript\RPAScript\OCRFlowVenv\lib\site-packages\PIL\PngImagePlugin.py
[2022/09/28 11:10:13][DEBUG](PngImagePlugin.py:186) STREAM b'IDAT' 41 65536 call d:\PythonScript\RPAScript\OCRFlowVenv\lib\site-packages\PIL\PngImagePlugin.py
[2022/09/28 11:10:13][DEBUG](ViewGUI.py:589) D:/OCRTESTPDF/PDFTEST\Hirogin_1page.png_ファイル選択後イベント完了 event_selectfile d:\PythonScript\RPAScript\OCRView\ViewGUI.py
