[2022/09/27 16:29:07][DEBUG](ViewGUI.py:44) Network: ws247 __init__ d:\PythonScript\RPAScript\OCRView\ViewGUI.py
[2022/09/27 16:29:07][DEBUG](ViewGUI.py:45) Machine: AMD64 __init__ d:\PythonScript\RPAScript\OCRView\ViewGUI.py
[2022/09/27 16:29:07][DEBUG](ViewGUI.py:46) Processor: Intel64 Family 6 Model 165 Stepping 5, GenuineIntel __init__ d:\PythonScript\RPAScript\OCRView\ViewGUI.py
[2022/09/27 16:29:07][DEBUG](ViewGUI.py:47) Platform: Windows-10-10.0.19041-SP0 __init__ d:\PythonScript\RPAScript\OCRView\ViewGUI.py
[2022/09/27 16:29:07][DEBUG](ViewGUI.py:48) System: Windows __init__ d:\PythonScript\RPAScript\OCRView\ViewGUI.py
[2022/09/27 16:29:07][DEBUG](ViewGUI.py:49) Release: 10 __init__ d:\PythonScript\RPAScript\OCRView\ViewGUI.py
[2022/09/27 16:29:07][DEBUG](ViewGUI.py:50) Version: 10.0.19041 __init__ d:\PythonScript\RPAScript\OCRView\ViewGUI.py
[2022/09/27 16:29:07][DEBUG](ViewGUI.py:51) MAC Address: 80E8_2CFB_55FD __init__ d:\PythonScript\RPAScript\OCRView\ViewGUI.py
[2022/09/27 16:29:07][DEBUG](ViewGUI.py:52) Host name: ws247 __init__ d:\PythonScript\RPAScript\OCRView\ViewGUI.py
[2022/09/27 16:29:07][DEBUG](ViewGUI.py:53) IP Address: 192.168.56.1 __init__ d:\PythonScript\RPAScript\OCRView\ViewGUI.py
[2022/09/27 16:29:07][DEBUG](ViewGUI.py:54) ViewGUI起動 __init__ d:\PythonScript\RPAScript\OCRView\ViewGUI.py
[2022/09/27 16:29:07][DEBUG](ViewGUI.py:293) ViewGUI起動完了 __init__ d:\PythonScript\RPAScript\OCRView\ViewGUI.py
[2022/09/27 16:29:09][DEBUG](ViewGUI.py:431) フォルダー選択起動 event_set_folder d:\PythonScript\RPAScript\OCRView\ViewGUI.py
[2022/09/27 16:29:09][DEBUG](ViewGUI.py:608) OverSaveボタン起動 event_Searchsave d:\PythonScript\RPAScript\OCRView\ViewGUI.py
[2022/09/27 16:29:14][DEBUG](ViewGUI.py:439) D:/OCRTESTPDF/PDFTEST_フォルダー選択完了 event_set_folder d:\PythonScript\RPAScript\OCRView\ViewGUI.py
[2022/09/27 16:29:14][DEBUG](ViewGUI.py:446) ファイル選択起動 event_updatefile d:\PythonScript\RPAScript\OCRView\ViewGUI.py
[2022/09/27 16:29:14][DEBUG](ViewGUI.py:608) OverSaveボタン起動 event_Searchsave d:\PythonScript\RPAScript\OCRView\ViewGUI.py
[2022/09/27 16:29:17][DEBUG](ViewGUI.py:464) PNG変換起動 event_selectfile d:\PythonScript\RPAScript\OCRView\ViewGUI.py
[2022/09/27 16:29:19][DEBUG](PngImagePlugin.py:186) STREAM b'IHDR' 16 13 call d:\PythonScript\RPAScript\OCRFlowVenv\lib\site-packages\PIL\PngImagePlugin.py
[2022/09/27 16:29:19][DEBUG](PngImagePlugin.py:186) STREAM b'IDAT' 41 65536 call d:\PythonScript\RPAScript\OCRFlowVenv\lib\site-packages\PIL\PngImagePlugin.py
[2022/09/27 16:29:22][DEBUG](PngImagePlugin.py:186) STREAM b'IHDR' 16 13 call d:\PythonScript\RPAScript\OCRFlowVenv\lib\site-packages\PIL\PngImagePlugin.py
[2022/09/27 16:29:22][DEBUG](PngImagePlugin.py:186) STREAM b'IDAT' 41 8192 call d:\PythonScript\RPAScript\OCRFlowVenv\lib\site-packages\PIL\PngImagePlugin.py
[2022/09/27 16:29:27][DEBUG](ViewGUI.py:470) D:/OCRTESTPDF/PDFTEST\Hirogin.pdf_PNG変換完了起動 event_selectfile d:\PythonScript\RPAScript\OCRView\ViewGUI.py
[2022/09/27 16:29:28][DEBUG](ViewGUI.py:446) ファイル選択起動 event_updatefile d:\PythonScript\RPAScript\OCRView\ViewGUI.py
[2022/09/27 16:29:28][DEBUG](ViewGUI.py:608) OverSaveボタン起動 event_Searchsave d:\PythonScript\RPAScript\OCRView\ViewGUI.py
[2022/09/27 16:29:30][DEBUG](PngImagePlugin.py:186) STREAM b'IHDR' 16 13 call d:\PythonScript\RPAScript\OCRFlowVenv\lib\site-packages\PIL\PngImagePlugin.py
[2022/09/27 16:29:30][DEBUG](PngImagePlugin.py:186) STREAM b'IDAT' 41 8192 call d:\PythonScript\RPAScript\OCRFlowVenv\lib\site-packages\PIL\PngImagePlugin.py
[2022/09/27 16:29:31][DEBUG](ViewGUI.py:476) D:/OCRTESTPDF/PDFTEST\Hirogin_1page.png_ファイル選択後イベント完了 event_selectfile d:\PythonScript\RPAScript\OCRView\ViewGUI.py
[2022/09/27 16:29:39][DEBUG](ViewGUI.py:446) ファイル選択起動 event_updatefile d:\PythonScript\RPAScript\OCRView\ViewGUI.py
[2022/09/27 16:29:39][DEBUG](ViewGUI.py:608) OverSaveボタン起動 event_Searchsave d:\PythonScript\RPAScript\OCRView\ViewGUI.py
[2022/09/27 16:29:40][DEBUG](PngImagePlugin.py:186) STREAM b'IHDR' 16 13 call d:\PythonScript\RPAScript\OCRFlowVenv\lib\site-packages\PIL\PngImagePlugin.py
[2022/09/27 16:29:40][DEBUG](PngImagePlugin.py:186) STREAM b'IDAT' 41 65536 call d:\PythonScript\RPAScript\OCRFlowVenv\lib\site-packages\PIL\PngImagePlugin.py
[2022/09/27 16:29:41][DEBUG](ViewGUI.py:476) D:/OCRTESTPDF/PDFTEST\Hirogin_1page2.png_ファイル選択後イベント完了 event_selectfile d:\PythonScript\RPAScript\OCRView\ViewGUI.py
[2022/09/27 16:29:42][DEBUG](ViewGUI.py:446) ファイル選択起動 event_updatefile d:\PythonScript\RPAScript\OCRView\ViewGUI.py
[2022/09/27 16:29:42][DEBUG](ViewGUI.py:608) OverSaveボタン起動 event_Searchsave d:\PythonScript\RPAScript\OCRView\ViewGUI.py
[2022/09/27 16:29:44][DEBUG](PngImagePlugin.py:186) STREAM b'IHDR' 16 13 call d:\PythonScript\RPAScript\OCRFlowVenv\lib\site-packages\PIL\PngImagePlugin.py
[2022/09/27 16:29:44][DEBUG](PngImagePlugin.py:186) STREAM b'IDAT' 41 8192 call d:\PythonScript\RPAScript\OCRFlowVenv\lib\site-packages\PIL\PngImagePlugin.py
[2022/09/27 16:29:44][DEBUG](ViewGUI.py:476) D:/OCRTESTPDF/PDFTEST\Hirogin_1pageedit.png_ファイル選択後イベント完了 event_selectfile d:\PythonScript\RPAScript\OCRView\ViewGUI.py
[2022/09/27 16:29:48][DEBUG](ViewGUI.py:300) FileDelete関数起動 FileDelete d:\PythonScript\RPAScript\OCRView\ViewGUI.py
[2022/09/27 16:29:50][DEBUG](ViewGUI.py:446) ファイル選択起動 event_updatefile d:\PythonScript\RPAScript\OCRView\ViewGUI.py
[2022/09/27 16:29:50][DEBUG](ViewGUI.py:608) OverSaveボタン起動 event_Searchsave d:\PythonScript\RPAScript\OCRView\ViewGUI.py
[2022/09/27 16:29:52][DEBUG](PngImagePlugin.py:186) STREAM b'IHDR' 16 13 call d:\PythonScript\RPAScript\OCRFlowVenv\lib\site-packages\PIL\PngImagePlugin.py
[2022/09/27 16:29:52][DEBUG](PngImagePlugin.py:186) STREAM b'IDAT' 41 65536 call d:\PythonScript\RPAScript\OCRFlowVenv\lib\site-packages\PIL\PngImagePlugin.py
[2022/09/27 16:29:52][DEBUG](ViewGUI.py:476) D:/OCRTESTPDF/PDFTEST\Hirogin_1page2.png_ファイル選択後イベント完了 event_selectfile d:\PythonScript\RPAScript\OCRView\ViewGUI.py
[2022/09/27 16:29:52][DEBUG](ViewGUI.py:300) FileDelete関数起動 FileDelete d:\PythonScript\RPAScript\OCRView\ViewGUI.py
[2022/09/27 16:29:56][DEBUG](ViewGUI.py:446) ファイル選択起動 event_updatefile d:\PythonScript\RPAScript\OCRView\ViewGUI.py
[2022/09/27 16:29:56][DEBUG](ViewGUI.py:608) OverSaveボタン起動 event_Searchsave d:\PythonScript\RPAScript\OCRView\ViewGUI.py
[2022/09/27 16:29:58][DEBUG](PngImagePlugin.py:186) STREAM b'IHDR' 16 13 call d:\PythonScript\RPAScript\OCRFlowVenv\lib\site-packages\PIL\PngImagePlugin.py
[2022/09/27 16:29:58][DEBUG](PngImagePlugin.py:186) STREAM b'IDAT' 41 8192 call d:\PythonScript\RPAScript\OCRFlowVenv\lib\site-packages\PIL\PngImagePlugin.py
[2022/09/27 16:29:58][DEBUG](ViewGUI.py:476) D:/OCRTESTPDF/PDFTEST\Hirogin_2page.png_ファイル選択後イベント完了 event_selectfile d:\PythonScript\RPAScript\OCRView\ViewGUI.py
[2022/09/27 16:30:01][DEBUG](ViewGUI.py:446) ファイル選択起動 event_updatefile d:\PythonScript\RPAScript\OCRView\ViewGUI.py
[2022/09/27 16:30:01][DEBUG](ViewGUI.py:608) OverSaveボタン起動 event_Searchsave d:\PythonScript\RPAScript\OCRView\ViewGUI.py
[2022/09/27 16:30:02][DEBUG](PngImagePlugin.py:186) STREAM b'IHDR' 16 13 call d:\PythonScript\RPAScript\OCRFlowVenv\lib\site-packages\PIL\PngImagePlugin.py
[2022/09/27 16:30:02][DEBUG](PngImagePlugin.py:186) STREAM b'IDAT' 41 65536 call d:\PythonScript\RPAScript\OCRFlowVenv\lib\site-packages\PIL\PngImagePlugin.py
[2022/09/27 16:30:02][DEBUG](ViewGUI.py:476) D:/OCRTESTPDF/PDFTEST\Hirogin_2page_133316.png_ファイル選択後イベント完了 event_selectfile d:\PythonScript\RPAScript\OCRView\ViewGUI.py
[2022/09/27 16:30:04][DEBUG](ViewGUI.py:300) FileDelete関数起動 FileDelete d:\PythonScript\RPAScript\OCRView\ViewGUI.py
[2022/09/27 16:30:06][DEBUG](ViewGUI.py:446) ファイル選択起動 event_updatefile d:\PythonScript\RPAScript\OCRView\ViewGUI.py
[2022/09/27 16:30:06][DEBUG](ViewGUI.py:608) OverSaveボタン起動 event_Searchsave d:\PythonScript\RPAScript\OCRView\ViewGUI.py
[2022/09/27 16:30:10][DEBUG](ViewGUI.py:446) ファイル選択起動 event_updatefile d:\PythonScript\RPAScript\OCRView\ViewGUI.py
[2022/09/27 16:30:10][DEBUG](ViewGUI.py:608) OverSaveボタン起動 event_Searchsave d:\PythonScript\RPAScript\OCRView\ViewGUI.py
[2022/09/27 16:30:11][DEBUG](PngImagePlugin.py:186) STREAM b'IHDR' 16 13 call d:\PythonScript\RPAScript\OCRFlowVenv\lib\site-packages\PIL\PngImagePlugin.py
[2022/09/27 16:30:11][DEBUG](PngImagePlugin.py:186) STREAM b'IDAT' 41 65536 call d:\PythonScript\RPAScript\OCRFlowVenv\lib\site-packages\PIL\PngImagePlugin.py
[2022/09/27 16:30:11][DEBUG](ViewGUI.py:476) D:/OCRTESTPDF/PDFTEST\TEST_1page.png_ファイル選択後イベント完了 event_selectfile d:\PythonScript\RPAScript\OCRView\ViewGUI.py
[2022/09/27 16:30:13][DEBUG](ViewGUI.py:446) ファイル選択起動 event_updatefile d:\PythonScript\RPAScript\OCRView\ViewGUI.py
[2022/09/27 16:30:13][DEBUG](ViewGUI.py:608) OverSaveボタン起動 event_Searchsave d:\PythonScript\RPAScript\OCRView\ViewGUI.py
[2022/09/27 16:30:15][DEBUG](ViewGUI.py:446) ファイル選択起動 event_updatefile d:\PythonScript\RPAScript\OCRView\ViewGUI.py
[2022/09/27 16:30:15][DEBUG](ViewGUI.py:608) OverSaveボタン起動 event_Searchsave d:\PythonScript\RPAScript\OCRView\ViewGUI.py
[2022/09/27 16:30:16][DEBUG](PngImagePlugin.py:186) STREAM b'IHDR' 16 13 call d:\PythonScript\RPAScript\OCRFlowVenv\lib\site-packages\PIL\PngImagePlugin.py
[2022/09/27 16:30:16][DEBUG](PngImagePlugin.py:186) STREAM b'IDAT' 41 65536 call d:\PythonScript\RPAScript\OCRFlowVenv\lib\site-packages\PIL\PngImagePlugin.py
[2022/09/27 16:30:16][DEBUG](ViewGUI.py:476) D:/OCRTESTPDF/PDFTEST\TEST_1page.png_ファイル選択後イベント完了 event_selectfile d:\PythonScript\RPAScript\OCRView\ViewGUI.py
[2022/09/27 16:30:17][DEBUG](ViewGUI.py:300) FileDelete関数起動 FileDelete d:\PythonScript\RPAScript\OCRView\ViewGUI.py
[2022/09/27 16:30:19][DEBUG](ViewGUI.py:446) ファイル選択起動 event_updatefile d:\PythonScript\RPAScript\OCRView\ViewGUI.py
[2022/09/27 16:30:19][DEBUG](ViewGUI.py:608) OverSaveボタン起動 event_Searchsave d:\PythonScript\RPAScript\OCRView\ViewGUI.py
[2022/09/27 16:30:23][DEBUG](PngImagePlugin.py:186) STREAM b'IHDR' 16 13 call d:\PythonScript\RPAScript\OCRFlowVenv\lib\site-packages\PIL\PngImagePlugin.py
[2022/09/27 16:30:23][DEBUG](PngImagePlugin.py:186) STREAM b'IDAT' 41 65536 call d:\PythonScript\RPAScript\OCRFlowVenv\lib\site-packages\PIL\PngImagePlugin.py
[2022/09/27 16:30:23][DEBUG](ViewGUI.py:476) D:/OCRTESTPDF/PDFTEST\相続_JA_1page.png_ファイル選択後イベント完了 event_selectfile d:\PythonScript\RPAScript\OCRView\ViewGUI.py
[2022/09/27 16:30:24][DEBUG](ViewGUI.py:446) ファイル選択起動 event_updatefile d:\PythonScript\RPAScript\OCRView\ViewGUI.py
[2022/09/27 16:30:24][DEBUG](ViewGUI.py:608) OverSaveボタン起動 event_Searchsave d:\PythonScript\RPAScript\OCRView\ViewGUI.py
[2022/09/27 16:30:29][DEBUG](PngImagePlugin.py:186) STREAM b'IHDR' 16 13 call d:\PythonScript\RPAScript\OCRFlowVenv\lib\site-packages\PIL\PngImagePlugin.py
[2022/09/27 16:30:29][DEBUG](PngImagePlugin.py:186) STREAM b'IDAT' 41 8192 call d:\PythonScript\RPAScript\OCRFlowVenv\lib\site-packages\PIL\PngImagePlugin.py
[2022/09/27 16:30:30][DEBUG](ViewGUI.py:476) D:/OCRTESTPDF/PDFTEST\Hirogin_1page.png_ファイル選択後イベント完了 event_selectfile d:\PythonScript\RPAScript\OCRView\ViewGUI.py
[2022/09/27 16:30:42][DEBUG](ViewGUI.py:421) 右回転関数起動 button_RightLotate d:\PythonScript\RPAScript\OCRView\ViewGUI.py
[2022/09/27 16:30:42][DEBUG](ViewGUI.py:608) OverSaveボタン起動 event_Searchsave d:\PythonScript\RPAScript\OCRView\ViewGUI.py
[2022/09/27 16:30:42][DEBUG](PngImagePlugin.py:186) STREAM b'IHDR' 16 13 call d:\PythonScript\RPAScript\OCRFlowVenv\lib\site-packages\PIL\PngImagePlugin.py
[2022/09/27 16:30:42][DEBUG](PngImagePlugin.py:186) STREAM b'IDAT' 41 8192 call d:\PythonScript\RPAScript\OCRFlowVenv\lib\site-packages\PIL\PngImagePlugin.py
[2022/09/27 16:30:51][DEBUG](ViewGUI.py:446) ファイル選択起動 event_updatefile d:\PythonScript\RPAScript\OCRView\ViewGUI.py
[2022/09/27 16:30:51][DEBUG](ViewGUI.py:608) OverSaveボタン起動 event_Searchsave d:\PythonScript\RPAScript\OCRView\ViewGUI.py
[2022/09/27 16:30:52][DEBUG](PngImagePlugin.py:186) STREAM b'IHDR' 16 13 call d:\PythonScript\RPAScript\OCRFlowVenv\lib\site-packages\PIL\PngImagePlugin.py
[2022/09/27 16:30:52][DEBUG](PngImagePlugin.py:186) STREAM b'IDAT' 41 8192 call d:\PythonScript\RPAScript\OCRFlowVenv\lib\site-packages\PIL\PngImagePlugin.py
[2022/09/27 16:30:53][DEBUG](ViewGUI.py:476) D:/OCRTESTPDF/PDFTEST\Hirogin_1page.png_ファイル選択後イベント完了 event_selectfile d:\PythonScript\RPAScript\OCRView\ViewGUI.py
[2022/09/27 16:31:17][DEBUG](ViewGUI.py:525) Tryボタン起動 event_clip_try d:\PythonScript\RPAScript\OCRView\ViewGUI.py
[2022/09/27 16:31:20][DEBUG](ViewGUI.py:558) 画像処理Save起動 event_clip_start d:\PythonScript\RPAScript\OCRView\ViewGUI.py
[2022/09/27 16:31:20][DEBUG](ViewGUI.py:567) 画像処理Undo起動 event_clip_keep d:\PythonScript\RPAScript\OCRView\ViewGUI.py
[2022/09/27 16:31:20][DEBUG](ViewGUI.py:567) 画像処理Undo起動 event_clip_keep d:\PythonScript\RPAScript\OCRView\ViewGUI.py
[2022/09/27 16:31:20][DEBUG](ViewGUI.py:567) 画像処理Undo起動 event_clip_keep d:\PythonScript\RPAScript\OCRView\ViewGUI.py
[2022/09/27 16:31:20][DEBUG](ViewGUI.py:567) 画像処理Undo起動 event_clip_keep d:\PythonScript\RPAScript\OCRView\ViewGUI.py
[2022/09/27 16:31:20][DEBUG](ViewGUI.py:567) 画像処理Undo起動 event_clip_keep d:\PythonScript\RPAScript\OCRView\ViewGUI.py
[2022/09/27 16:31:20][DEBUG](ViewGUI.py:567) 画像処理Undo起動 event_clip_keep d:\PythonScript\RPAScript\OCRView\ViewGUI.py
[2022/09/27 16:31:20][DEBUG](ViewGUI.py:567) 画像処理Undo起動 event_clip_keep d:\PythonScript\RPAScript\OCRView\ViewGUI.py
[2022/09/27 16:31:20][DEBUG](ViewGUI.py:567) 画像処理Undo起動 event_clip_keep d:\PythonScript\RPAScript\OCRView\ViewGUI.py
[2022/09/27 16:31:20][DEBUG](ViewGUI.py:567) 画像処理Undo起動 event_clip_keep d:\PythonScript\RPAScript\OCRView\ViewGUI.py
[2022/09/27 16:31:20][DEBUG](ViewGUI.py:567) 画像処理Undo起動 event_clip_keep d:\PythonScript\RPAScript\OCRView\ViewGUI.py
[2022/09/27 16:31:20][DEBUG](ViewGUI.py:567) 画像処理Undo起動 event_clip_keep d:\PythonScript\RPAScript\OCRView\ViewGUI.py
[2022/09/27 16:31:20][DEBUG](ViewGUI.py:567) 画像処理Undo起動 event_clip_keep d:\PythonScript\RPAScript\OCRView\ViewGUI.py
[2022/09/27 16:31:20][DEBUG](ViewGUI.py:567) 画像処理Undo起動 event_clip_keep d:\PythonScript\RPAScript\OCRView\ViewGUI.py
[2022/09/27 16:31:20][DEBUG](ViewGUI.py:567) 画像処理Undo起動 event_clip_keep d:\PythonScript\RPAScript\OCRView\ViewGUI.py
[2022/09/27 16:31:20][DEBUG](ViewGUI.py:567) 画像処理Undo起動 event_clip_keep d:\PythonScript\RPAScript\OCRView\ViewGUI.py
[2022/09/27 16:31:20][DEBUG](ViewGUI.py:567) 画像処理Undo起動 event_clip_keep d:\PythonScript\RPAScript\OCRView\ViewGUI.py
[2022/09/27 16:31:20][DEBUG](ViewGUI.py:567) 画像処理Undo起動 event_clip_keep d:\PythonScript\RPAScript\OCRView\ViewGUI.py
[2022/09/27 16:31:20][DEBUG](ViewGUI.py:567) 画像処理Undo起動 event_clip_keep d:\PythonScript\RPAScript\OCRView\ViewGUI.py
[2022/09/27 16:31:20][DEBUG](ViewGUI.py:567) 画像処理Undo起動 event_clip_keep d:\PythonScript\RPAScript\OCRView\ViewGUI.py
[2022/09/27 16:31:20][DEBUG](ViewGUI.py:567) 画像処理Undo起動 event_clip_keep d:\PythonScript\RPAScript\OCRView\ViewGUI.py
[2022/09/27 16:31:20][DEBUG](ViewGUI.py:567) 画像処理Undo起動 event_clip_keep d:\PythonScript\RPAScript\OCRView\ViewGUI.py
[2022/09/27 16:31:20][DEBUG](ViewGUI.py:567) 画像処理Undo起動 event_clip_keep d:\PythonScript\RPAScript\OCRView\ViewGUI.py
[2022/09/27 16:31:20][DEBUG](ViewGUI.py:567) 画像処理Undo起動 event_clip_keep d:\PythonScript\RPAScript\OCRView\ViewGUI.py
[2022/09/27 16:31:20][DEBUG](ViewGUI.py:567) 画像処理Undo起動 event_clip_keep d:\PythonScript\RPAScript\OCRView\ViewGUI.py
[2022/09/27 16:31:20][DEBUG](ViewGUI.py:567) 画像処理Undo起動 event_clip_keep d:\PythonScript\RPAScript\OCRView\ViewGUI.py
[2022/09/27 16:31:20][DEBUG](ViewGUI.py:567) 画像処理Undo起動 event_clip_keep d:\PythonScript\RPAScript\OCRView\ViewGUI.py
[2022/09/27 16:31:20][DEBUG](ViewGUI.py:567) 画像処理Undo起動 event_clip_keep d:\PythonScript\RPAScript\OCRView\ViewGUI.py
[2022/09/27 16:31:20][DEBUG](ViewGUI.py:567) 画像処理Undo起動 event_clip_keep d:\PythonScript\RPAScript\OCRView\ViewGUI.py
[2022/09/27 16:31:20][DEBUG](ViewGUI.py:567) 画像処理Undo起動 event_clip_keep d:\PythonScript\RPAScript\OCRView\ViewGUI.py
[2022/09/27 16:31:20][DEBUG](ViewGUI.py:567) 画像処理Undo起動 event_clip_keep d:\PythonScript\RPAScript\OCRView\ViewGUI.py
[2022/09/27 16:31:20][DEBUG](ViewGUI.py:567) 画像処理Undo起動 event_clip_keep d:\PythonScript\RPAScript\OCRView\ViewGUI.py
[2022/09/27 16:31:20][DEBUG](ViewGUI.py:567) 画像処理Undo起動 event_clip_keep d:\PythonScript\RPAScript\OCRView\ViewGUI.py
[2022/09/27 16:31:20][DEBUG](ViewGUI.py:567) 画像処理Undo起動 event_clip_keep d:\PythonScript\RPAScript\OCRView\ViewGUI.py
[2022/09/27 16:31:20][DEBUG](ViewGUI.py:567) 画像処理Undo起動 event_clip_keep d:\PythonScript\RPAScript\OCRView\ViewGUI.py
[2022/09/27 16:31:20][DEBUG](ViewGUI.py:567) 画像処理Undo起動 event_clip_keep d:\PythonScript\RPAScript\OCRView\ViewGUI.py
[2022/09/27 16:31:20][DEBUG](ViewGUI.py:567) 画像処理Undo起動 event_clip_keep d:\PythonScript\RPAScript\OCRView\ViewGUI.py
[2022/09/27 16:31:20][DEBUG](ViewGUI.py:567) 画像処理Undo起動 event_clip_keep d:\PythonScript\RPAScript\OCRView\ViewGUI.py
[2022/09/27 16:31:20][DEBUG](ViewGUI.py:567) 画像処理Undo起動 event_clip_keep d:\PythonScript\RPAScript\OCRView\ViewGUI.py
[2022/09/27 16:31:20][DEBUG](ViewGUI.py:567) 画像処理Undo起動 event_clip_keep d:\PythonScript\RPAScript\OCRView\ViewGUI.py
[2022/09/27 16:31:20][DEBUG](ViewGUI.py:567) 画像処理Undo起動 event_clip_keep d:\PythonScript\RPAScript\OCRView\ViewGUI.py
[2022/09/27 16:31:20][DEBUG](ViewGUI.py:567) 画像処理Undo起動 event_clip_keep d:\PythonScript\RPAScript\OCRView\ViewGUI.py
[2022/09/27 16:31:20][DEBUG](ViewGUI.py:567) 画像処理Undo起動 event_clip_keep d:\PythonScript\RPAScript\OCRView\ViewGUI.py
[2022/09/27 16:31:20][DEBUG](ViewGUI.py:567) 画像処理Undo起動 event_clip_keep d:\PythonScript\RPAScript\OCRView\ViewGUI.py
[2022/09/27 16:31:20][DEBUG](ViewGUI.py:567) 画像処理Undo起動 event_clip_keep d:\PythonScript\RPAScript\OCRView\ViewGUI.py
[2022/09/27 16:31:20][DEBUG](ViewGUI.py:567) 画像処理Undo起動 event_clip_keep d:\PythonScript\RPAScript\OCRView\ViewGUI.py
[2022/09/27 16:31:21][DEBUG](ViewGUI.py:567) 画像処理Undo起動 event_clip_keep d:\PythonScript\RPAScript\OCRView\ViewGUI.py
[2022/09/27 16:31:21][DEBUG](ViewGUI.py:567) 画像処理Undo起動 event_clip_keep d:\PythonScript\RPAScript\OCRView\ViewGUI.py
[2022/09/27 16:31:21][DEBUG](ViewGUI.py:567) 画像処理Undo起動 event_clip_keep d:\PythonScript\RPAScript\OCRView\ViewGUI.py
[2022/09/27 16:31:21][DEBUG](ViewGUI.py:567) 画像処理Undo起動 event_clip_keep d:\PythonScript\RPAScript\OCRView\ViewGUI.py
[2022/09/27 16:31:21][DEBUG](ViewGUI.py:567) 画像処理Undo起動 event_clip_keep d:\PythonScript\RPAScript\OCRView\ViewGUI.py
[2022/09/27 16:31:21][DEBUG](ViewGUI.py:567) 画像処理Undo起動 event_clip_keep d:\PythonScript\RPAScript\OCRView\ViewGUI.py
[2022/09/27 16:31:21][DEBUG](ViewGUI.py:567) 画像処理Undo起動 event_clip_keep d:\PythonScript\RPAScript\OCRView\ViewGUI.py
[2022/09/27 16:31:21][DEBUG](ViewGUI.py:567) 画像処理Undo起動 event_clip_keep d:\PythonScript\RPAScript\OCRView\ViewGUI.py
[2022/09/27 16:31:21][DEBUG](ViewGUI.py:567) 画像処理Undo起動 event_clip_keep d:\PythonScript\RPAScript\OCRView\ViewGUI.py
[2022/09/27 16:31:21][DEBUG](ViewGUI.py:567) 画像処理Undo起動 event_clip_keep d:\PythonScript\RPAScript\OCRView\ViewGUI.py
[2022/09/27 16:31:21][DEBUG](ViewGUI.py:567) 画像処理Undo起動 event_clip_keep d:\PythonScript\RPAScript\OCRView\ViewGUI.py
[2022/09/27 16:31:21][DEBUG](ViewGUI.py:567) 画像処理Undo起動 event_clip_keep d:\PythonScript\RPAScript\OCRView\ViewGUI.py
[2022/09/27 16:31:21][DEBUG](ViewGUI.py:567) 画像処理Undo起動 event_clip_keep d:\PythonScript\RPAScript\OCRView\ViewGUI.py
[2022/09/27 16:31:21][DEBUG](ViewGUI.py:567) 画像処理Undo起動 event_clip_keep d:\PythonScript\RPAScript\OCRView\ViewGUI.py
[2022/09/27 16:31:21][DEBUG](ViewGUI.py:567) 画像処理Undo起動 event_clip_keep d:\PythonScript\RPAScript\OCRView\ViewGUI.py
[2022/09/27 16:31:21][DEBUG](ViewGUI.py:567) 画像処理Undo起動 event_clip_keep d:\PythonScript\RPAScript\OCRView\ViewGUI.py
[2022/09/27 16:31:21][DEBUG](ViewGUI.py:567) 画像処理Undo起動 event_clip_keep d:\PythonScript\RPAScript\OCRView\ViewGUI.py
[2022/09/27 16:31:21][DEBUG](ViewGUI.py:567) 画像処理Undo起動 event_clip_keep d:\PythonScript\RPAScript\OCRView\ViewGUI.py
[2022/09/27 16:31:21][DEBUG](ViewGUI.py:567) 画像処理Undo起動 event_clip_keep d:\PythonScript\RPAScript\OCRView\ViewGUI.py
[2022/09/27 16:31:21][DEBUG](ViewGUI.py:567) 画像処理Undo起動 event_clip_keep d:\PythonScript\RPAScript\OCRView\ViewGUI.py
[2022/09/27 16:31:21][DEBUG](ViewGUI.py:567) 画像処理Undo起動 event_clip_keep d:\PythonScript\RPAScript\OCRView\ViewGUI.py
[2022/09/27 16:31:21][DEBUG](ViewGUI.py:567) 画像処理Undo起動 event_clip_keep d:\PythonScript\RPAScript\OCRView\ViewGUI.py
[2022/09/27 16:31:21][DEBUG](ViewGUI.py:567) 画像処理Undo起動 event_clip_keep d:\PythonScript\RPAScript\OCRView\ViewGUI.py
[2022/09/27 16:31:21][DEBUG](ViewGUI.py:567) 画像処理Undo起動 event_clip_keep d:\PythonScript\RPAScript\OCRView\ViewGUI.py
[2022/09/27 16:31:21][DEBUG](ViewGUI.py:567) 画像処理Undo起動 event_clip_keep d:\PythonScript\RPAScript\OCRView\ViewGUI.py
[2022/09/27 16:31:21][DEBUG](ViewGUI.py:567) 画像処理Undo起動 event_clip_keep d:\PythonScript\RPAScript\OCRView\ViewGUI.py
[2022/09/27 16:31:21][DEBUG](ViewGUI.py:567) 画像処理Undo起動 event_clip_keep d:\PythonScript\RPAScript\OCRView\ViewGUI.py
[2022/09/27 16:31:21][DEBUG](ViewGUI.py:567) 画像処理Undo起動 event_clip_keep d:\PythonScript\RPAScript\OCRView\ViewGUI.py
[2022/09/27 16:31:21][DEBUG](ViewGUI.py:567) 画像処理Undo起動 event_clip_keep d:\PythonScript\RPAScript\OCRView\ViewGUI.py
[2022/09/27 16:31:21][DEBUG](ViewGUI.py:567) 画像処理Undo起動 event_clip_keep d:\PythonScript\RPAScript\OCRView\ViewGUI.py
[2022/09/27 16:31:21][DEBUG](ViewGUI.py:567) 画像処理Undo起動 event_clip_keep d:\PythonScript\RPAScript\OCRView\ViewGUI.py
[2022/09/27 16:31:21][DEBUG](ViewGUI.py:567) 画像処理Undo起動 event_clip_keep d:\PythonScript\RPAScript\OCRView\ViewGUI.py
[2022/09/27 16:31:21][DEBUG](ViewGUI.py:567) 画像処理Undo起動 event_clip_keep d:\PythonScript\RPAScript\OCRView\ViewGUI.py
[2022/09/27 16:31:21][DEBUG](ViewGUI.py:567) 画像処理Undo起動 event_clip_keep d:\PythonScript\RPAScript\OCRView\ViewGUI.py
[2022/09/27 16:31:21][DEBUG](ViewGUI.py:567) 画像処理Undo起動 event_clip_keep d:\PythonScript\RPAScript\OCRView\ViewGUI.py
[2022/09/27 16:31:21][DEBUG](ViewGUI.py:567) 画像処理Undo起動 event_clip_keep d:\PythonScript\RPAScript\OCRView\ViewGUI.py
[2022/09/27 16:31:21][DEBUG](ViewGUI.py:567) 画像処理Undo起動 event_clip_keep d:\PythonScript\RPAScript\OCRView\ViewGUI.py
[2022/09/27 16:31:21][DEBUG](ViewGUI.py:567) 画像処理Undo起動 event_clip_keep d:\PythonScript\RPAScript\OCRView\ViewGUI.py
[2022/09/27 16:31:21][DEBUG](ViewGUI.py:567) 画像処理Undo起動 event_clip_keep d:\PythonScript\RPAScript\OCRView\ViewGUI.py
[2022/09/27 16:31:21][DEBUG](ViewGUI.py:567) 画像処理Undo起動 event_clip_keep d:\PythonScript\RPAScript\OCRView\ViewGUI.py
[2022/09/27 16:31:21][DEBUG](ViewGUI.py:567) 画像処理Undo起動 event_clip_keep d:\PythonScript\RPAScript\OCRView\ViewGUI.py
[2022/09/27 16:31:21][DEBUG](ViewGUI.py:567) 画像処理Undo起動 event_clip_keep d:\PythonScript\RPAScript\OCRView\ViewGUI.py
[2022/09/27 16:31:21][DEBUG](ViewGUI.py:567) 画像処理Undo起動 event_clip_keep d:\PythonScript\RPAScript\OCRView\ViewGUI.py
[2022/09/27 16:31:21][DEBUG](ViewGUI.py:567) 画像処理Undo起動 event_clip_keep d:\PythonScript\RPAScript\OCRView\ViewGUI.py
[2022/09/27 16:31:21][DEBUG](ViewGUI.py:567) 画像処理Undo起動 event_clip_keep d:\PythonScript\RPAScript\OCRView\ViewGUI.py
[2022/09/27 16:31:21][DEBUG](ViewGUI.py:567) 画像処理Undo起動 event_clip_keep d:\PythonScript\RPAScript\OCRView\ViewGUI.py
[2022/09/27 16:31:21][DEBUG](ViewGUI.py:567) 画像処理Undo起動 event_clip_keep d:\PythonScript\RPAScript\OCRView\ViewGUI.py
[2022/09/27 16:31:21][DEBUG](ViewGUI.py:567) 画像処理Undo起動 event_clip_keep d:\PythonScript\RPAScript\OCRView\ViewGUI.py
[2022/09/27 16:31:21][DEBUG](ViewGUI.py:567) 画像処理Undo起動 event_clip_keep d:\PythonScript\RPAScript\OCRView\ViewGUI.py
[2022/09/27 16:31:21][DEBUG](ViewGUI.py:567) 画像処理Undo起動 event_clip_keep d:\PythonScript\RPAScript\OCRView\ViewGUI.py
[2022/09/27 16:31:21][DEBUG](ViewGUI.py:567) 画像処理Undo起動 event_clip_keep d:\PythonScript\RPAScript\OCRView\ViewGUI.py
[2022/09/27 16:31:21][DEBUG](ViewGUI.py:567) 画像処理Undo起動 event_clip_keep d:\PythonScript\RPAScript\OCRView\ViewGUI.py
[2022/09/27 16:31:21][DEBUG](ViewGUI.py:567) 画像処理Undo起動 event_clip_keep d:\PythonScript\RPAScript\OCRView\ViewGUI.py
[2022/09/27 16:31:21][DEBUG](ViewGUI.py:567) 画像処理Undo起動 event_clip_keep d:\PythonScript\RPAScript\OCRView\ViewGUI.py
[2022/09/27 16:31:21][DEBUG](ViewGUI.py:567) 画像処理Undo起動 event_clip_keep d:\PythonScript\RPAScript\OCRView\ViewGUI.py
[2022/09/27 16:31:21][DEBUG](ViewGUI.py:567) 画像処理Undo起動 event_clip_keep d:\PythonScript\RPAScript\OCRView\ViewGUI.py
[2022/09/27 16:31:21][DEBUG](ViewGUI.py:567) 画像処理Undo起動 event_clip_keep d:\PythonScript\RPAScript\OCRView\ViewGUI.py
[2022/09/27 16:31:21][DEBUG](ViewGUI.py:567) 画像処理Undo起動 event_clip_keep d:\PythonScript\RPAScript\OCRView\ViewGUI.py
[2022/09/27 16:31:21][DEBUG](ViewGUI.py:567) 画像処理Undo起動 event_clip_keep d:\PythonScript\RPAScript\OCRView\ViewGUI.py
[2022/09/27 16:31:21][DEBUG](ViewGUI.py:567) 画像処理Undo起動 event_clip_keep d:\PythonScript\RPAScript\OCRView\ViewGUI.py
[2022/09/27 16:31:21][DEBUG](ViewGUI.py:567) 画像処理Undo起動 event_clip_keep d:\PythonScript\RPAScript\OCRView\ViewGUI.py
[2022/09/27 16:31:21][DEBUG](ViewGUI.py:567) 画像処理Undo起動 event_clip_keep d:\PythonScript\RPAScript\OCRView\ViewGUI.py
[2022/09/27 16:31:21][DEBUG](ViewGUI.py:567) 画像処理Undo起動 event_clip_keep d:\PythonScript\RPAScript\OCRView\ViewGUI.py
[2022/09/27 16:31:21][DEBUG](ViewGUI.py:567) 画像処理Undo起動 event_clip_keep d:\PythonScript\RPAScript\OCRView\ViewGUI.py
[2022/09/27 16:31:21][DEBUG](ViewGUI.py:567) 画像処理Undo起動 event_clip_keep d:\PythonScript\RPAScript\OCRView\ViewGUI.py
[2022/09/27 16:31:21][DEBUG](ViewGUI.py:567) 画像処理Undo起動 event_clip_keep d:\PythonScript\RPAScript\OCRView\ViewGUI.py
[2022/09/27 16:31:21][DEBUG](ViewGUI.py:567) 画像処理Undo起動 event_clip_keep d:\PythonScript\RPAScript\OCRView\ViewGUI.py
[2022/09/27 16:31:21][DEBUG](ViewGUI.py:567) 画像処理Undo起動 event_clip_keep d:\PythonScript\RPAScript\OCRView\ViewGUI.py
[2022/09/27 16:31:21][DEBUG](ViewGUI.py:567) 画像処理Undo起動 event_clip_keep d:\PythonScript\RPAScript\OCRView\ViewGUI.py
[2022/09/27 16:31:21][DEBUG](ViewGUI.py:567) 画像処理Undo起動 event_clip_keep d:\PythonScript\RPAScript\OCRView\ViewGUI.py
[2022/09/27 16:31:21][DEBUG](ViewGUI.py:567) 画像処理Undo起動 event_clip_keep d:\PythonScript\RPAScript\OCRView\ViewGUI.py
[2022/09/27 16:31:21][DEBUG](ViewGUI.py:567) 画像処理Undo起動 event_clip_keep d:\PythonScript\RPAScript\OCRView\ViewGUI.py
[2022/09/27 16:31:21][DEBUG](ViewGUI.py:567) 画像処理Undo起動 event_clip_keep d:\PythonScript\RPAScript\OCRView\ViewGUI.py
[2022/09/27 16:31:21][DEBUG](ViewGUI.py:567) 画像処理Undo起動 event_clip_keep d:\PythonScript\RPAScript\OCRView\ViewGUI.py
[2022/09/27 16:31:21][DEBUG](ViewGUI.py:567) 画像処理Undo起動 event_clip_keep d:\PythonScript\RPAScript\OCRView\ViewGUI.py
[2022/09/27 16:31:21][DEBUG](ViewGUI.py:567) 画像処理Undo起動 event_clip_keep d:\PythonScript\RPAScript\OCRView\ViewGUI.py
[2022/09/27 16:31:21][DEBUG](ViewGUI.py:567) 画像処理Undo起動 event_clip_keep d:\PythonScript\RPAScript\OCRView\ViewGUI.py
[2022/09/27 16:31:21][DEBUG](ViewGUI.py:567) 画像処理Undo起動 event_clip_keep d:\PythonScript\RPAScript\OCRView\ViewGUI.py
[2022/09/27 16:31:22][DEBUG](ViewGUI.py:567) 画像処理Undo起動 event_clip_keep d:\PythonScript\RPAScript\OCRView\ViewGUI.py
[2022/09/27 16:31:22][DEBUG](ViewGUI.py:567) 画像処理Undo起動 event_clip_keep d:\PythonScript\RPAScript\OCRView\ViewGUI.py
[2022/09/27 16:31:22][DEBUG](ViewGUI.py:567) 画像処理Undo起動 event_clip_keep d:\PythonScript\RPAScript\OCRView\ViewGUI.py
[2022/09/27 16:31:22][DEBUG](ViewGUI.py:567) 画像処理Undo起動 event_clip_keep d:\PythonScript\RPAScript\OCRView\ViewGUI.py
[2022/09/27 16:31:22][DEBUG](ViewGUI.py:567) 画像処理Undo起動 event_clip_keep d:\PythonScript\RPAScript\OCRView\ViewGUI.py
[2022/09/27 16:31:22][DEBUG](ViewGUI.py:567) 画像処理Undo起動 event_clip_keep d:\PythonScript\RPAScript\OCRView\ViewGUI.py
[2022/09/27 16:31:22][DEBUG](ViewGUI.py:567) 画像処理Undo起動 event_clip_keep d:\PythonScript\RPAScript\OCRView\ViewGUI.py
[2022/09/27 16:31:22][DEBUG](ViewGUI.py:567) 画像処理Undo起動 event_clip_keep d:\PythonScript\RPAScript\OCRView\ViewGUI.py
[2022/09/27 16:31:22][DEBUG](ViewGUI.py:567) 画像処理Undo起動 event_clip_keep d:\PythonScript\RPAScript\OCRView\ViewGUI.py
[2022/09/27 16:31:22][DEBUG](ViewGUI.py:567) 画像処理Undo起動 event_clip_keep d:\PythonScript\RPAScript\OCRView\ViewGUI.py
[2022/09/27 16:31:22][DEBUG](ViewGUI.py:567) 画像処理Undo起動 event_clip_keep d:\PythonScript\RPAScript\OCRView\ViewGUI.py
[2022/09/27 16:31:22][DEBUG](ViewGUI.py:567) 画像処理Undo起動 event_clip_keep d:\PythonScript\RPAScript\OCRView\ViewGUI.py
[2022/09/27 16:31:22][DEBUG](ViewGUI.py:567) 画像処理Undo起動 event_clip_keep d:\PythonScript\RPAScript\OCRView\ViewGUI.py
[2022/09/27 16:31:22][DEBUG](ViewGUI.py:567) 画像処理Undo起動 event_clip_keep d:\PythonScript\RPAScript\OCRView\ViewGUI.py
[2022/09/27 16:31:22][DEBUG](ViewGUI.py:567) 画像処理Undo起動 event_clip_keep d:\PythonScript\RPAScript\OCRView\ViewGUI.py
[2022/09/27 16:31:22][DEBUG](ViewGUI.py:567) 画像処理Undo起動 event_clip_keep d:\PythonScript\RPAScript\OCRView\ViewGUI.py
[2022/09/27 16:31:22][DEBUG](ViewGUI.py:567) 画像処理Undo起動 event_clip_keep d:\PythonScript\RPAScript\OCRView\ViewGUI.py
[2022/09/27 16:31:22][DEBUG](ViewGUI.py:567) 画像処理Undo起動 event_clip_keep d:\PythonScript\RPAScript\OCRView\ViewGUI.py
[2022/09/27 16:31:22][DEBUG](ViewGUI.py:567) 画像処理Undo起動 event_clip_keep d:\PythonScript\RPAScript\OCRView\ViewGUI.py
[2022/09/27 16:31:22][DEBUG](ViewGUI.py:567) 画像処理Undo起動 event_clip_keep d:\PythonScript\RPAScript\OCRView\ViewGUI.py
[2022/09/27 16:31:22][DEBUG](ViewGUI.py:567) 画像処理Undo起動 event_clip_keep d:\PythonScript\RPAScript\OCRView\ViewGUI.py
[2022/09/27 16:31:22][DEBUG](ViewGUI.py:567) 画像処理Undo起動 event_clip_keep d:\PythonScript\RPAScript\OCRView\ViewGUI.py
[2022/09/27 16:31:22][DEBUG](ViewGUI.py:567) 画像処理Undo起動 event_clip_keep d:\PythonScript\RPAScript\OCRView\ViewGUI.py
[2022/09/27 16:31:22][DEBUG](ViewGUI.py:567) 画像処理Undo起動 event_clip_keep d:\PythonScript\RPAScript\OCRView\ViewGUI.py
[2022/09/27 16:31:22][DEBUG](ViewGUI.py:567) 画像処理Undo起動 event_clip_keep d:\PythonScript\RPAScript\OCRView\ViewGUI.py
[2022/09/27 16:31:22][DEBUG](ViewGUI.py:567) 画像処理Undo起動 event_clip_keep d:\PythonScript\RPAScript\OCRView\ViewGUI.py
[2022/09/27 16:31:22][DEBUG](ViewGUI.py:567) 画像処理Undo起動 event_clip_keep d:\PythonScript\RPAScript\OCRView\ViewGUI.py
[2022/09/27 16:31:22][DEBUG](ViewGUI.py:567) 画像処理Undo起動 event_clip_keep d:\PythonScript\RPAScript\OCRView\ViewGUI.py
[2022/09/27 16:31:22][DEBUG](ViewGUI.py:567) 画像処理Undo起動 event_clip_keep d:\PythonScript\RPAScript\OCRView\ViewGUI.py
[2022/09/27 16:31:22][DEBUG](ViewGUI.py:567) 画像処理Undo起動 event_clip_keep d:\PythonScript\RPAScript\OCRView\ViewGUI.py
[2022/09/27 16:31:22][DEBUG](ViewGUI.py:567) 画像処理Undo起動 event_clip_keep d:\PythonScript\RPAScript\OCRView\ViewGUI.py
[2022/09/27 16:31:22][DEBUG](ViewGUI.py:567) 画像処理Undo起動 event_clip_keep d:\PythonScript\RPAScript\OCRView\ViewGUI.py
[2022/09/27 16:31:22][DEBUG](ViewGUI.py:567) 画像処理Undo起動 event_clip_keep d:\PythonScript\RPAScript\OCRView\ViewGUI.py
[2022/09/27 16:31:22][DEBUG](ViewGUI.py:567) 画像処理Undo起動 event_clip_keep d:\PythonScript\RPAScript\OCRView\ViewGUI.py
[2022/09/27 16:31:22][DEBUG](ViewGUI.py:567) 画像処理Undo起動 event_clip_keep d:\PythonScript\RPAScript\OCRView\ViewGUI.py
[2022/09/27 16:31:22][DEBUG](ViewGUI.py:567) 画像処理Undo起動 event_clip_keep d:\PythonScript\RPAScript\OCRView\ViewGUI.py
[2022/09/27 16:31:22][DEBUG](ViewGUI.py:567) 画像処理Undo起動 event_clip_keep d:\PythonScript\RPAScript\OCRView\ViewGUI.py
[2022/09/27 16:31:22][DEBUG](ViewGUI.py:567) 画像処理Undo起動 event_clip_keep d:\PythonScript\RPAScript\OCRView\ViewGUI.py
[2022/09/27 16:31:22][DEBUG](ViewGUI.py:567) 画像処理Undo起動 event_clip_keep d:\PythonScript\RPAScript\OCRView\ViewGUI.py
[2022/09/27 16:31:22][DEBUG](ViewGUI.py:567) 画像処理Undo起動 event_clip_keep d:\PythonScript\RPAScript\OCRView\ViewGUI.py
[2022/09/27 16:31:22][DEBUG](ViewGUI.py:567) 画像処理Undo起動 event_clip_keep d:\PythonScript\RPAScript\OCRView\ViewGUI.py
[2022/09/27 16:31:22][DEBUG](ViewGUI.py:567) 画像処理Undo起動 event_clip_keep d:\PythonScript\RPAScript\OCRView\ViewGUI.py
[2022/09/27 16:31:22][DEBUG](ViewGUI.py:567) 画像処理Undo起動 event_clip_keep d:\PythonScript\RPAScript\OCRView\ViewGUI.py
[2022/09/27 16:31:22][DEBUG](ViewGUI.py:567) 画像処理Undo起動 event_clip_keep d:\PythonScript\RPAScript\OCRView\ViewGUI.py
[2022/09/27 16:31:22][DEBUG](ViewGUI.py:567) 画像処理Undo起動 event_clip_keep d:\PythonScript\RPAScript\OCRView\ViewGUI.py
[2022/09/27 16:31:22][DEBUG](ViewGUI.py:567) 画像処理Undo起動 event_clip_keep d:\PythonScript\RPAScript\OCRView\ViewGUI.py
[2022/09/27 16:31:22][DEBUG](ViewGUI.py:567) 画像処理Undo起動 event_clip_keep d:\PythonScript\RPAScript\OCRView\ViewGUI.py
[2022/09/27 16:31:22][DEBUG](ViewGUI.py:567) 画像処理Undo起動 event_clip_keep d:\PythonScript\RPAScript\OCRView\ViewGUI.py
[2022/09/27 16:31:22][DEBUG](ViewGUI.py:567) 画像処理Undo起動 event_clip_keep d:\PythonScript\RPAScript\OCRView\ViewGUI.py
[2022/09/27 16:31:22][DEBUG](ViewGUI.py:567) 画像処理Undo起動 event_clip_keep d:\PythonScript\RPAScript\OCRView\ViewGUI.py
[2022/09/27 16:31:22][DEBUG](ViewGUI.py:567) 画像処理Undo起動 event_clip_keep d:\PythonScript\RPAScript\OCRView\ViewGUI.py
[2022/09/27 16:31:22][DEBUG](ViewGUI.py:567) 画像処理Undo起動 event_clip_keep d:\PythonScript\RPAScript\OCRView\ViewGUI.py
[2022/09/27 16:31:22][DEBUG](ViewGUI.py:567) 画像処理Undo起動 event_clip_keep d:\PythonScript\RPAScript\OCRView\ViewGUI.py
[2022/09/27 16:31:22][DEBUG](ViewGUI.py:567) 画像処理Undo起動 event_clip_keep d:\PythonScript\RPAScript\OCRView\ViewGUI.py
[2022/09/27 16:31:22][DEBUG](ViewGUI.py:567) 画像処理Undo起動 event_clip_keep d:\PythonScript\RPAScript\OCRView\ViewGUI.py
[2022/09/27 16:31:22][DEBUG](ViewGUI.py:567) 画像処理Undo起動 event_clip_keep d:\PythonScript\RPAScript\OCRView\ViewGUI.py
[2022/09/27 16:31:22][DEBUG](ViewGUI.py:567) 画像処理Undo起動 event_clip_keep d:\PythonScript\RPAScript\OCRView\ViewGUI.py
[2022/09/27 16:31:22][DEBUG](ViewGUI.py:567) 画像処理Undo起動 event_clip_keep d:\PythonScript\RPAScript\OCRView\ViewGUI.py
[2022/09/27 16:31:22][DEBUG](ViewGUI.py:567) 画像処理Undo起動 event_clip_keep d:\PythonScript\RPAScript\OCRView\ViewGUI.py
[2022/09/27 16:31:22][DEBUG](ViewGUI.py:567) 画像処理Undo起動 event_clip_keep d:\PythonScript\RPAScript\OCRView\ViewGUI.py
[2022/09/27 16:31:22][DEBUG](ViewGUI.py:567) 画像処理Undo起動 event_clip_keep d:\PythonScript\RPAScript\OCRView\ViewGUI.py
[2022/09/27 16:31:22][DEBUG](ViewGUI.py:567) 画像処理Undo起動 event_clip_keep d:\PythonScript\RPAScript\OCRView\ViewGUI.py
[2022/09/27 16:31:22][DEBUG](ViewGUI.py:567) 画像処理Undo起動 event_clip_keep d:\PythonScript\RPAScript\OCRView\ViewGUI.py
[2022/09/27 16:31:22][DEBUG](ViewGUI.py:567) 画像処理Undo起動 event_clip_keep d:\PythonScript\RPAScript\OCRView\ViewGUI.py
[2022/09/27 16:31:22][DEBUG](ViewGUI.py:567) 画像処理Undo起動 event_clip_keep d:\PythonScript\RPAScript\OCRView\ViewGUI.py
[2022/09/27 16:31:22][DEBUG](ViewGUI.py:567) 画像処理Undo起動 event_clip_keep d:\PythonScript\RPAScript\OCRView\ViewGUI.py
[2022/09/27 16:31:22][DEBUG](ViewGUI.py:567) 画像処理Undo起動 event_clip_keep d:\PythonScript\RPAScript\OCRView\ViewGUI.py
[2022/09/27 16:31:22][DEBUG](ViewGUI.py:567) 画像処理Undo起動 event_clip_keep d:\PythonScript\RPAScript\OCRView\ViewGUI.py
[2022/09/27 16:31:22][DEBUG](ViewGUI.py:567) 画像処理Undo起動 event_clip_keep d:\PythonScript\RPAScript\OCRView\ViewGUI.py
[2022/09/27 16:31:22][DEBUG](ViewGUI.py:567) 画像処理Undo起動 event_clip_keep d:\PythonScript\RPAScript\OCRView\ViewGUI.py
[2022/09/27 16:31:22][DEBUG](ViewGUI.py:567) 画像処理Undo起動 event_clip_keep d:\PythonScript\RPAScript\OCRView\ViewGUI.py
[2022/09/27 16:31:22][DEBUG](ViewGUI.py:567) 画像処理Undo起動 event_clip_keep d:\PythonScript\RPAScript\OCRView\ViewGUI.py
[2022/09/27 16:31:22][DEBUG](ViewGUI.py:567) 画像処理Undo起動 event_clip_keep d:\PythonScript\RPAScript\OCRView\ViewGUI.py
[2022/09/27 16:31:22][DEBUG](ViewGUI.py:567) 画像処理Undo起動 event_clip_keep d:\PythonScript\RPAScript\OCRView\ViewGUI.py
[2022/09/27 16:31:22][DEBUG](ViewGUI.py:567) 画像処理Undo起動 event_clip_keep d:\PythonScript\RPAScript\OCRView\ViewGUI.py
[2022/09/27 16:31:22][DEBUG](ViewGUI.py:567) 画像処理Undo起動 event_clip_keep d:\PythonScript\RPAScript\OCRView\ViewGUI.py
[2022/09/27 16:31:22][DEBUG](ViewGUI.py:567) 画像処理Undo起動 event_clip_keep d:\PythonScript\RPAScript\OCRView\ViewGUI.py
[2022/09/27 16:31:22][DEBUG](ViewGUI.py:567) 画像処理Undo起動 event_clip_keep d:\PythonScript\RPAScript\OCRView\ViewGUI.py
[2022/09/27 16:31:22][DEBUG](ViewGUI.py:567) 画像処理Undo起動 event_clip_keep d:\PythonScript\RPAScript\OCRView\ViewGUI.py
[2022/09/27 16:31:22][DEBUG](ViewGUI.py:567) 画像処理Undo起動 event_clip_keep d:\PythonScript\RPAScript\OCRView\ViewGUI.py
[2022/09/27 16:31:22][DEBUG](ViewGUI.py:567) 画像処理Undo起動 event_clip_keep d:\PythonScript\RPAScript\OCRView\ViewGUI.py
[2022/09/27 16:31:22][DEBUG](ViewGUI.py:567) 画像処理Undo起動 event_clip_keep d:\PythonScript\RPAScript\OCRView\ViewGUI.py
[2022/09/27 16:31:22][DEBUG](ViewGUI.py:567) 画像処理Undo起動 event_clip_keep d:\PythonScript\RPAScript\OCRView\ViewGUI.py
[2022/09/27 16:31:22][DEBUG](ViewGUI.py:567) 画像処理Undo起動 event_clip_keep d:\PythonScript\RPAScript\OCRView\ViewGUI.py
[2022/09/27 16:31:22][DEBUG](ViewGUI.py:567) 画像処理Undo起動 event_clip_keep d:\PythonScript\RPAScript\OCRView\ViewGUI.py
[2022/09/27 16:31:22][DEBUG](ViewGUI.py:567) 画像処理Undo起動 event_clip_keep d:\PythonScript\RPAScript\OCRView\ViewGUI.py
[2022/09/27 16:31:23][DEBUG](ViewGUI.py:567) 画像処理Undo起動 event_clip_keep d:\PythonScript\RPAScript\OCRView\ViewGUI.py
[2022/09/27 16:31:23][DEBUG](ViewGUI.py:567) 画像処理Undo起動 event_clip_keep d:\PythonScript\RPAScript\OCRView\ViewGUI.py
[2022/09/27 16:31:23][DEBUG](ViewGUI.py:567) 画像処理Undo起動 event_clip_keep d:\PythonScript\RPAScript\OCRView\ViewGUI.py
[2022/09/27 16:31:23][DEBUG](ViewGUI.py:567) 画像処理Undo起動 event_clip_keep d:\PythonScript\RPAScript\OCRView\ViewGUI.py
[2022/09/27 16:31:23][DEBUG](ViewGUI.py:567) 画像処理Undo起動 event_clip_keep d:\PythonScript\RPAScript\OCRView\ViewGUI.py
[2022/09/27 16:31:23][DEBUG](ViewGUI.py:567) 画像処理Undo起動 event_clip_keep d:\PythonScript\RPAScript\OCRView\ViewGUI.py
[2022/09/27 16:31:23][DEBUG](ViewGUI.py:567) 画像処理Undo起動 event_clip_keep d:\PythonScript\RPAScript\OCRView\ViewGUI.py
[2022/09/27 16:31:23][DEBUG](ViewGUI.py:567) 画像処理Undo起動 event_clip_keep d:\PythonScript\RPAScript\OCRView\ViewGUI.py
[2022/09/27 16:31:23][DEBUG](ViewGUI.py:567) 画像処理Undo起動 event_clip_keep d:\PythonScript\RPAScript\OCRView\ViewGUI.py
[2022/09/27 16:31:23][DEBUG](ViewGUI.py:567) 画像処理Undo起動 event_clip_keep d:\PythonScript\RPAScript\OCRView\ViewGUI.py
[2022/09/27 16:31:23][DEBUG](ViewGUI.py:567) 画像処理Undo起動 event_clip_keep d:\PythonScript\RPAScript\OCRView\ViewGUI.py
[2022/09/27 16:31:23][DEBUG](ViewGUI.py:567) 画像処理Undo起動 event_clip_keep d:\PythonScript\RPAScript\OCRView\ViewGUI.py
[2022/09/27 16:31:23][DEBUG](ViewGUI.py:567) 画像処理Undo起動 event_clip_keep d:\PythonScript\RPAScript\OCRView\ViewGUI.py
[2022/09/27 16:31:23][DEBUG](ViewGUI.py:567) 画像処理Undo起動 event_clip_keep d:\PythonScript\RPAScript\OCRView\ViewGUI.py
[2022/09/27 16:31:23][DEBUG](ViewGUI.py:567) 画像処理Undo起動 event_clip_keep d:\PythonScript\RPAScript\OCRView\ViewGUI.py
[2022/09/27 16:31:23][DEBUG](ViewGUI.py:567) 画像処理Undo起動 event_clip_keep d:\PythonScript\RPAScript\OCRView\ViewGUI.py
[2022/09/27 16:31:23][DEBUG](ViewGUI.py:567) 画像処理Undo起動 event_clip_keep d:\PythonScript\RPAScript\OCRView\ViewGUI.py
[2022/09/27 16:31:23][DEBUG](ViewGUI.py:567) 画像処理Undo起動 event_clip_keep d:\PythonScript\RPAScript\OCRView\ViewGUI.py
[2022/09/27 16:31:24][DEBUG](ViewGUI.py:567) 画像処理Undo起動 event_clip_keep d:\PythonScript\RPAScript\OCRView\ViewGUI.py
[2022/09/27 16:31:24][DEBUG](ViewGUI.py:567) 画像処理Undo起動 event_clip_keep d:\PythonScript\RPAScript\OCRView\ViewGUI.py
[2022/09/27 16:31:24][DEBUG](ViewGUI.py:567) 画像処理Undo起動 event_clip_keep d:\PythonScript\RPAScript\OCRView\ViewGUI.py
[2022/09/27 16:31:24][DEBUG](ViewGUI.py:567) 画像処理Undo起動 event_clip_keep d:\PythonScript\RPAScript\OCRView\ViewGUI.py
[2022/09/27 16:31:24][DEBUG](ViewGUI.py:567) 画像処理Undo起動 event_clip_keep d:\PythonScript\RPAScript\OCRView\ViewGUI.py
[2022/09/27 16:31:24][DEBUG](ViewGUI.py:567) 画像処理Undo起動 event_clip_keep d:\PythonScript\RPAScript\OCRView\ViewGUI.py
[2022/09/27 16:31:26][DEBUG](ViewGUI.py:579) 画像範囲選択イベント完了 event_clip_end d:\PythonScript\RPAScript\OCRView\ViewGUI.py
[2022/09/27 16:31:26][DEBUG](ViewGUI.py:608) OverSaveボタン起動 event_Searchsave d:\PythonScript\RPAScript\OCRView\ViewGUI.py
[2022/09/27 16:31:28][DEBUG](ViewGUI.py:538) Doneボタン起動 event_clip_done d:\PythonScript\RPAScript\OCRView\ViewGUI.py
[2022/09/27 16:31:28][DEBUG](PngImagePlugin.py:186) STREAM b'IHDR' 16 13 call d:\PythonScript\RPAScript\OCRFlowVenv\lib\site-packages\PIL\PngImagePlugin.py
[2022/09/27 16:31:28][DEBUG](PngImagePlugin.py:186) STREAM b'IDAT' 41 8192 call d:\PythonScript\RPAScript\OCRFlowVenv\lib\site-packages\PIL\PngImagePlugin.py
[2022/09/27 16:31:35][DEBUG](ViewGUI.py:525) Tryボタン起動 event_clip_try d:\PythonScript\RPAScript\OCRView\ViewGUI.py
[2022/09/27 16:31:40][DEBUG](ViewGUI.py:558) 画像処理Save起動 event_clip_start d:\PythonScript\RPAScript\OCRView\ViewGUI.py
[2022/09/27 16:31:40][DEBUG](ViewGUI.py:567) 画像処理Undo起動 event_clip_keep d:\PythonScript\RPAScript\OCRView\ViewGUI.py
[2022/09/27 16:31:40][DEBUG](ViewGUI.py:567) 画像処理Undo起動 event_clip_keep d:\PythonScript\RPAScript\OCRView\ViewGUI.py
[2022/09/27 16:31:40][DEBUG](ViewGUI.py:567) 画像処理Undo起動 event_clip_keep d:\PythonScript\RPAScript\OCRView\ViewGUI.py
[2022/09/27 16:31:40][DEBUG](ViewGUI.py:567) 画像処理Undo起動 event_clip_keep d:\PythonScript\RPAScript\OCRView\ViewGUI.py
[2022/09/27 16:31:40][DEBUG](ViewGUI.py:567) 画像処理Undo起動 event_clip_keep d:\PythonScript\RPAScript\OCRView\ViewGUI.py
[2022/09/27 16:31:40][DEBUG](ViewGUI.py:567) 画像処理Undo起動 event_clip_keep d:\PythonScript\RPAScript\OCRView\ViewGUI.py
[2022/09/27 16:31:40][DEBUG](ViewGUI.py:567) 画像処理Undo起動 event_clip_keep d:\PythonScript\RPAScript\OCRView\ViewGUI.py
[2022/09/27 16:31:40][DEBUG](ViewGUI.py:567) 画像処理Undo起動 event_clip_keep d:\PythonScript\RPAScript\OCRView\ViewGUI.py
[2022/09/27 16:31:40][DEBUG](ViewGUI.py:567) 画像処理Undo起動 event_clip_keep d:\PythonScript\RPAScript\OCRView\ViewGUI.py
[2022/09/27 16:31:40][DEBUG](ViewGUI.py:567) 画像処理Undo起動 event_clip_keep d:\PythonScript\RPAScript\OCRView\ViewGUI.py
[2022/09/27 16:31:40][DEBUG](ViewGUI.py:567) 画像処理Undo起動 event_clip_keep d:\PythonScript\RPAScript\OCRView\ViewGUI.py
[2022/09/27 16:31:40][DEBUG](ViewGUI.py:567) 画像処理Undo起動 event_clip_keep d:\PythonScript\RPAScript\OCRView\ViewGUI.py
[2022/09/27 16:31:40][DEBUG](ViewGUI.py:567) 画像処理Undo起動 event_clip_keep d:\PythonScript\RPAScript\OCRView\ViewGUI.py
[2022/09/27 16:31:40][DEBUG](ViewGUI.py:567) 画像処理Undo起動 event_clip_keep d:\PythonScript\RPAScript\OCRView\ViewGUI.py
[2022/09/27 16:31:40][DEBUG](ViewGUI.py:567) 画像処理Undo起動 event_clip_keep d:\PythonScript\RPAScript\OCRView\ViewGUI.py
[2022/09/27 16:31:40][DEBUG](ViewGUI.py:567) 画像処理Undo起動 event_clip_keep d:\PythonScript\RPAScript\OCRView\ViewGUI.py
[2022/09/27 16:31:40][DEBUG](ViewGUI.py:567) 画像処理Undo起動 event_clip_keep d:\PythonScript\RPAScript\OCRView\ViewGUI.py
[2022/09/27 16:31:40][DEBUG](ViewGUI.py:567) 画像処理Undo起動 event_clip_keep d:\PythonScript\RPAScript\OCRView\ViewGUI.py
[2022/09/27 16:31:40][DEBUG](ViewGUI.py:567) 画像処理Undo起動 event_clip_keep d:\PythonScript\RPAScript\OCRView\ViewGUI.py
[2022/09/27 16:31:40][DEBUG](ViewGUI.py:567) 画像処理Undo起動 event_clip_keep d:\PythonScript\RPAScript\OCRView\ViewGUI.py
[2022/09/27 16:31:40][DEBUG](ViewGUI.py:567) 画像処理Undo起動 event_clip_keep d:\PythonScript\RPAScript\OCRView\ViewGUI.py
[2022/09/27 16:31:40][DEBUG](ViewGUI.py:567) 画像処理Undo起動 event_clip_keep d:\PythonScript\RPAScript\OCRView\ViewGUI.py
[2022/09/27 16:31:40][DEBUG](ViewGUI.py:567) 画像処理Undo起動 event_clip_keep d:\PythonScript\RPAScript\OCRView\ViewGUI.py
[2022/09/27 16:31:40][DEBUG](ViewGUI.py:567) 画像処理Undo起動 event_clip_keep d:\PythonScript\RPAScript\OCRView\ViewGUI.py
[2022/09/27 16:31:40][DEBUG](ViewGUI.py:567) 画像処理Undo起動 event_clip_keep d:\PythonScript\RPAScript\OCRView\ViewGUI.py
[2022/09/27 16:31:40][DEBUG](ViewGUI.py:567) 画像処理Undo起動 event_clip_keep d:\PythonScript\RPAScript\OCRView\ViewGUI.py
[2022/09/27 16:31:40][DEBUG](ViewGUI.py:567) 画像処理Undo起動 event_clip_keep d:\PythonScript\RPAScript\OCRView\ViewGUI.py
[2022/09/27 16:31:40][DEBUG](ViewGUI.py:567) 画像処理Undo起動 event_clip_keep d:\PythonScript\RPAScript\OCRView\ViewGUI.py
[2022/09/27 16:31:40][DEBUG](ViewGUI.py:567) 画像処理Undo起動 event_clip_keep d:\PythonScript\RPAScript\OCRView\ViewGUI.py
[2022/09/27 16:31:40][DEBUG](ViewGUI.py:567) 画像処理Undo起動 event_clip_keep d:\PythonScript\RPAScript\OCRView\ViewGUI.py
[2022/09/27 16:31:40][DEBUG](ViewGUI.py:567) 画像処理Undo起動 event_clip_keep d:\PythonScript\RPAScript\OCRView\ViewGUI.py
[2022/09/27 16:31:40][DEBUG](ViewGUI.py:567) 画像処理Undo起動 event_clip_keep d:\PythonScript\RPAScript\OCRView\ViewGUI.py
[2022/09/27 16:31:40][DEBUG](ViewGUI.py:567) 画像処理Undo起動 event_clip_keep d:\PythonScript\RPAScript\OCRView\ViewGUI.py
[2022/09/27 16:31:40][DEBUG](ViewGUI.py:567) 画像処理Undo起動 event_clip_keep d:\PythonScript\RPAScript\OCRView\ViewGUI.py
[2022/09/27 16:31:40][DEBUG](ViewGUI.py:567) 画像処理Undo起動 event_clip_keep d:\PythonScript\RPAScript\OCRView\ViewGUI.py
[2022/09/27 16:31:40][DEBUG](ViewGUI.py:567) 画像処理Undo起動 event_clip_keep d:\PythonScript\RPAScript\OCRView\ViewGUI.py
[2022/09/27 16:31:40][DEBUG](ViewGUI.py:567) 画像処理Undo起動 event_clip_keep d:\PythonScript\RPAScript\OCRView\ViewGUI.py
[2022/09/27 16:31:40][DEBUG](ViewGUI.py:567) 画像処理Undo起動 event_clip_keep d:\PythonScript\RPAScript\OCRView\ViewGUI.py
[2022/09/27 16:31:40][DEBUG](ViewGUI.py:567) 画像処理Undo起動 event_clip_keep d:\PythonScript\RPAScript\OCRView\ViewGUI.py
[2022/09/27 16:31:40][DEBUG](ViewGUI.py:567) 画像処理Undo起動 event_clip_keep d:\PythonScript\RPAScript\OCRView\ViewGUI.py
[2022/09/27 16:31:40][DEBUG](ViewGUI.py:567) 画像処理Undo起動 event_clip_keep d:\PythonScript\RPAScript\OCRView\ViewGUI.py
[2022/09/27 16:31:40][DEBUG](ViewGUI.py:567) 画像処理Undo起動 event_clip_keep d:\PythonScript\RPAScript\OCRView\ViewGUI.py
[2022/09/27 16:31:40][DEBUG](ViewGUI.py:567) 画像処理Undo起動 event_clip_keep d:\PythonScript\RPAScript\OCRView\ViewGUI.py
[2022/09/27 16:31:40][DEBUG](ViewGUI.py:567) 画像処理Undo起動 event_clip_keep d:\PythonScript\RPAScript\OCRView\ViewGUI.py
[2022/09/27 16:31:40][DEBUG](ViewGUI.py:567) 画像処理Undo起動 event_clip_keep d:\PythonScript\RPAScript\OCRView\ViewGUI.py
[2022/09/27 16:31:40][DEBUG](ViewGUI.py:567) 画像処理Undo起動 event_clip_keep d:\PythonScript\RPAScript\OCRView\ViewGUI.py
[2022/09/27 16:31:40][DEBUG](ViewGUI.py:567) 画像処理Undo起動 event_clip_keep d:\PythonScript\RPAScript\OCRView\ViewGUI.py
[2022/09/27 16:31:40][DEBUG](ViewGUI.py:567) 画像処理Undo起動 event_clip_keep d:\PythonScript\RPAScript\OCRView\ViewGUI.py
[2022/09/27 16:31:40][DEBUG](ViewGUI.py:567) 画像処理Undo起動 event_clip_keep d:\PythonScript\RPAScript\OCRView\ViewGUI.py
[2022/09/27 16:31:40][DEBUG](ViewGUI.py:567) 画像処理Undo起動 event_clip_keep d:\PythonScript\RPAScript\OCRView\ViewGUI.py
[2022/09/27 16:31:40][DEBUG](ViewGUI.py:567) 画像処理Undo起動 event_clip_keep d:\PythonScript\RPAScript\OCRView\ViewGUI.py
[2022/09/27 16:31:40][DEBUG](ViewGUI.py:567) 画像処理Undo起動 event_clip_keep d:\PythonScript\RPAScript\OCRView\ViewGUI.py
[2022/09/27 16:31:40][DEBUG](ViewGUI.py:567) 画像処理Undo起動 event_clip_keep d:\PythonScript\RPAScript\OCRView\ViewGUI.py
[2022/09/27 16:31:40][DEBUG](ViewGUI.py:567) 画像処理Undo起動 event_clip_keep d:\PythonScript\RPAScript\OCRView\ViewGUI.py
[2022/09/27 16:31:41][DEBUG](ViewGUI.py:579) 画像範囲選択イベント完了 event_clip_end d:\PythonScript\RPAScript\OCRView\ViewGUI.py
[2022/09/27 16:31:41][DEBUG](ViewGUI.py:608) OverSaveボタン起動 event_Searchsave d:\PythonScript\RPAScript\OCRView\ViewGUI.py
[2022/09/27 16:31:42][DEBUG](ViewGUI.py:548) Eraceボタン起動 event_clip_Erace d:\PythonScript\RPAScript\OCRView\ViewGUI.py
