[2022/09/27 09:02:58][DEBUG](TKINTERCV2Setting.py:35) TKINTERCV2Setting_Application起動 __init__ d:\PythonScript\RPAScript\OCRView\TKINTERCV2Setting.py
[2022/09/27 09:02:58][DEBUG](PngImagePlugin.py:186) STREAM b'IHDR' 16 13 call d:\PythonScript\RPAScript\OCRFlowVenv\lib\site-packages\PIL\PngImagePlugin.py
[2022/09/27 09:02:58][DEBUG](PngImagePlugin.py:186) STREAM b'IDAT' 41 65536 call d:\PythonScript\RPAScript\OCRFlowVenv\lib\site-packages\PIL\PngImagePlugin.py
[2022/09/27 09:05:23][DEBUG](TKINTERCV2Setting.py:671) 列名設定項目を作成して再配置開始 createEntry d:\PythonScript\RPAScript\OCRView\TKINTERCV2Setting.py
[2022/09/27 09:05:23][DEBUG](TKINTERCV2Setting.py:619) 列名設定項目を再配置開始 updateEntries d:\PythonScript\RPAScript\OCRView\TKINTERCV2Setting.py
[2022/09/27 09:05:23][DEBUG](TKINTERCV2Setting.py:663) 列名設定項目を再配置完了 updateEntries d:\PythonScript\RPAScript\OCRView\TKINTERCV2Setting.py
[2022/09/27 09:05:23][DEBUG](TKINTERCV2Setting.py:671) 列名設定項目を作成して再配置開始 createEntry d:\PythonScript\RPAScript\OCRView\TKINTERCV2Setting.py
[2022/09/27 09:05:23][DEBUG](TKINTERCV2Setting.py:619) 列名設定項目を再配置開始 updateEntries d:\PythonScript\RPAScript\OCRView\TKINTERCV2Setting.py
[2022/09/27 09:05:23][DEBUG](TKINTERCV2Setting.py:663) 列名設定項目を再配置完了 updateEntries d:\PythonScript\RPAScript\OCRView\TKINTERCV2Setting.py
[2022/09/27 09:05:23][DEBUG](TKINTERCV2Setting.py:671) 列名設定項目を作成して再配置開始 createEntry d:\PythonScript\RPAScript\OCRView\TKINTERCV2Setting.py
[2022/09/27 09:05:23][DEBUG](TKINTERCV2Setting.py:619) 列名設定項目を再配置開始 updateEntries d:\PythonScript\RPAScript\OCRView\TKINTERCV2Setting.py
[2022/09/27 09:05:23][DEBUG](TKINTERCV2Setting.py:663) 列名設定項目を再配置完了 updateEntries d:\PythonScript\RPAScript\OCRView\TKINTERCV2Setting.py
[2022/09/27 09:05:23][DEBUG](TKINTERCV2Setting.py:671) 列名設定項目を作成して再配置開始 createEntry d:\PythonScript\RPAScript\OCRView\TKINTERCV2Setting.py
[2022/09/27 09:05:23][DEBUG](TKINTERCV2Setting.py:619) 列名設定項目を再配置開始 updateEntries d:\PythonScript\RPAScript\OCRView\TKINTERCV2Setting.py
[2022/09/27 09:05:23][DEBUG](TKINTERCV2Setting.py:663) 列名設定項目を再配置完了 updateEntries d:\PythonScript\RPAScript\OCRView\TKINTERCV2Setting.py
[2022/09/27 09:05:23][DEBUG](TKINTERCV2Setting.py:671) 列名設定項目を作成して再配置開始 createEntry d:\PythonScript\RPAScript\OCRView\TKINTERCV2Setting.py
[2022/09/27 09:05:23][DEBUG](TKINTERCV2Setting.py:619) 列名設定項目を再配置開始 updateEntries d:\PythonScript\RPAScript\OCRView\TKINTERCV2Setting.py
[2022/09/27 09:05:23][DEBUG](TKINTERCV2Setting.py:663) 列名設定項目を再配置完了 updateEntries d:\PythonScript\RPAScript\OCRView\TKINTERCV2Setting.py
[2022/09/27 09:05:23][DEBUG](TKINTERCV2Setting.py:1014) 透過キャンバス(上ウィンドウ)に罫線描画処理完了 Gra d:\PythonScript\RPAScript\OCRView\TKINTERCV2Setting.py
[2022/09/27 09:05:23][DEBUG](TKINTERCV2Setting.py:524) 下ウィンドウに画像をリサイズして配置開始 InportIMG d:\PythonScript\RPAScript\OCRView\TKINTERCV2Setting.py
[2022/09/27 09:05:23][DEBUG](PngImagePlugin.py:186) STREAM b'IHDR' 16 13 call d:\PythonScript\RPAScript\OCRFlowVenv\lib\site-packages\PIL\PngImagePlugin.py
[2022/09/27 09:05:23][DEBUG](PngImagePlugin.py:186) STREAM b'IDAT' 41 65536 call d:\PythonScript\RPAScript\OCRFlowVenv\lib\site-packages\PIL\PngImagePlugin.py
[2022/09/27 09:05:23][DEBUG](TKINTERCV2Setting.py:288) TKINTERCV2Setting_Application起動完了 __init__ d:\PythonScript\RPAScript\OCRView\TKINTERCV2Setting.py
