[2022/10/05 16:39:57][DEBUG](TKINTERCV2Setting.py:39) TKINTERCV2Setting_Application起動 __init__ d:\PythonScript\RPAScript\OCRView\TKINTERCV2Setting.py
[2022/10/05 16:39:57][DEBUG](TKINTERCV2Setting.py:760) 列名設定項目を作成して再配置開始 createEntry d:\PythonScript\RPAScript\OCRView\TKINTERCV2Setting.py
[2022/10/05 16:39:57][DEBUG](TKINTERCV2Setting.py:708) 列名設定項目を再配置開始 updateEntries d:\PythonScript\RPAScript\OCRView\TKINTERCV2Setting.py
[2022/10/05 16:39:57][DEBUG](TKINTERCV2Setting.py:752) 列名設定項目を再配置完了 updateEntries d:\PythonScript\RPAScript\OCRView\TKINTERCV2Setting.py
[2022/10/05 16:39:57][DEBUG](TKINTERCV2Setting.py:760) 列名設定項目を作成して再配置開始 createEntry d:\PythonScript\RPAScript\OCRView\TKINTERCV2Setting.py
[2022/10/05 16:39:57][DEBUG](TKINTERCV2Setting.py:708) 列名設定項目を再配置開始 updateEntries d:\PythonScript\RPAScript\OCRView\TKINTERCV2Setting.py
[2022/10/05 16:39:57][DEBUG](TKINTERCV2Setting.py:752) 列名設定項目を再配置完了 updateEntries d:\PythonScript\RPAScript\OCRView\TKINTERCV2Setting.py
[2022/10/05 16:39:57][DEBUG](TKINTERCV2Setting.py:760) 列名設定項目を作成して再配置開始 createEntry d:\PythonScript\RPAScript\OCRView\TKINTERCV2Setting.py
[2022/10/05 16:39:57][DEBUG](TKINTERCV2Setting.py:708) 列名設定項目を再配置開始 updateEntries d:\PythonScript\RPAScript\OCRView\TKINTERCV2Setting.py
[2022/10/05 16:39:57][DEBUG](TKINTERCV2Setting.py:752) 列名設定項目を再配置完了 updateEntries d:\PythonScript\RPAScript\OCRView\TKINTERCV2Setting.py
[2022/10/05 16:39:57][DEBUG](TKINTERCV2Setting.py:760) 列名設定項目を作成して再配置開始 createEntry d:\PythonScript\RPAScript\OCRView\TKINTERCV2Setting.py
[2022/10/05 16:39:57][DEBUG](TKINTERCV2Setting.py:708) 列名設定項目を再配置開始 updateEntries d:\PythonScript\RPAScript\OCRView\TKINTERCV2Setting.py
[2022/10/05 16:39:57][DEBUG](TKINTERCV2Setting.py:752) 列名設定項目を再配置完了 updateEntries d:\PythonScript\RPAScript\OCRView\TKINTERCV2Setting.py
[2022/10/05 16:39:57][DEBUG](TKINTERCV2Setting.py:760) 列名設定項目を作成して再配置開始 createEntry d:\PythonScript\RPAScript\OCRView\TKINTERCV2Setting.py
[2022/10/05 16:39:57][DEBUG](TKINTERCV2Setting.py:708) 列名設定項目を再配置開始 updateEntries d:\PythonScript\RPAScript\OCRView\TKINTERCV2Setting.py
[2022/10/05 16:39:57][DEBUG](TKINTERCV2Setting.py:752) 列名設定項目を再配置完了 updateEntries d:\PythonScript\RPAScript\OCRView\TKINTERCV2Setting.py
[2022/10/05 16:39:57][DEBUG](TKINTERCV2Setting.py:760) 列名設定項目を作成して再配置開始 createEntry d:\PythonScript\RPAScript\OCRView\TKINTERCV2Setting.py
[2022/10/05 16:39:57][DEBUG](TKINTERCV2Setting.py:708) 列名設定項目を再配置開始 updateEntries d:\PythonScript\RPAScript\OCRView\TKINTERCV2Setting.py
[2022/10/05 16:39:57][DEBUG](TKINTERCV2Setting.py:752) 列名設定項目を再配置完了 updateEntries d:\PythonScript\RPAScript\OCRView\TKINTERCV2Setting.py
[2022/10/05 16:39:57][DEBUG](TKINTERCV2Setting.py:1109) 透過キャンバス(上ウィンドウ)に罫線描画処理完了 Gra d:\PythonScript\RPAScript\OCRView\TKINTERCV2Setting.py
[2022/10/05 16:39:57][DEBUG](TKINTERCV2Setting.py:616) 下ウィンドウに画像をリサイズして配置開始 InportIMG d:\PythonScript\RPAScript\OCRView\TKINTERCV2Setting.py
[2022/10/05 16:39:57][DEBUG](TKINTERCV2Setting.py:366) TKINTERCV2Setting_Application起動完了 __init__ d:\PythonScript\RPAScript\OCRView\TKINTERCV2Setting.py
[2022/10/05 16:40:01][DEBUG](TKINTERCV2Setting.py:1414) Line9_縦直線描画処理完了 click1 d:\PythonScript\RPAScript\OCRView\TKINTERCV2Setting.py
[2022/10/05 16:40:05][DEBUG](TKINTERCV2Setting.py:828) 新規直線描画処理開始 AutoNewLineCreate d:\PythonScript\RPAScript\OCRView\TKINTERCV2Setting.py
[2022/10/05 16:40:37][DEBUG](TKINTERCV2Setting.py:1109) 透過キャンバス(上ウィンドウ)に罫線描画処理完了 Gra d:\PythonScript\RPAScript\OCRView\TKINTERCV2Setting.py
[2022/10/05 16:41:27][DEBUG](TKINTERCV2Setting.py:828) 新規直線描画処理開始 AutoNewLineCreate d:\PythonScript\RPAScript\OCRView\TKINTERCV2Setting.py
[2022/10/05 16:41:55][DEBUG](TKINTERCV2Setting.py:1109) 透過キャンバス(上ウィンドウ)に罫線描画処理完了 Gra d:\PythonScript\RPAScript\OCRView\TKINTERCV2Setting.py
[2022/10/05 16:42:00][DEBUG](TKINTERCV2Setting.py:1414) Line65_縦直線描画処理完了 click1 d:\PythonScript\RPAScript\OCRView\TKINTERCV2Setting.py
[2022/10/05 16:42:04][DEBUG](TKINTERCV2Setting.py:1414) Line57_縦直線描画処理完了 click1 d:\PythonScript\RPAScript\OCRView\TKINTERCV2Setting.py
