[2022/09/28 10:23:33][DEBUG](TKINTERCV2Setting.py:35) TKINTERCV2Setting_Application起動 __init__ d:\pythonscript\rpascript\ocrview\TKINTERCV2Setting.py
[2022/09/28 10:23:33][DEBUG](PngImagePlugin.py:186) STREAM b'IHDR' 16 13 call d:\PythonScript\RPAScript\OCRFlowVenv\lib\site-packages\PIL\PngImagePlugin.py
[2022/09/28 10:23:33][DEBUG](PngImagePlugin.py:186) STREAM b'IDAT' 41 65536 call d:\PythonScript\RPAScript\OCRFlowVenv\lib\site-packages\PIL\PngImagePlugin.py
[2022/09/28 10:23:34][DEBUG](TKINTERCV2Setting.py:709) 列名設定項目を作成して再配置開始 createEntry d:\pythonscript\rpascript\ocrview\TKINTERCV2Setting.py
[2022/09/28 10:23:34][DEBUG](TKINTERCV2Setting.py:657) 列名設定項目を再配置開始 updateEntries d:\pythonscript\rpascript\ocrview\TKINTERCV2Setting.py
[2022/09/28 10:23:34][DEBUG](TKINTERCV2Setting.py:701) 列名設定項目を再配置完了 updateEntries d:\pythonscript\rpascript\ocrview\TKINTERCV2Setting.py
[2022/09/28 10:23:34][DEBUG](TKINTERCV2Setting.py:709) 列名設定項目を作成して再配置開始 createEntry d:\pythonscript\rpascript\ocrview\TKINTERCV2Setting.py
[2022/09/28 10:23:34][DEBUG](TKINTERCV2Setting.py:657) 列名設定項目を再配置開始 updateEntries d:\pythonscript\rpascript\ocrview\TKINTERCV2Setting.py
[2022/09/28 10:23:34][DEBUG](TKINTERCV2Setting.py:701) 列名設定項目を再配置完了 updateEntries d:\pythonscript\rpascript\ocrview\TKINTERCV2Setting.py
[2022/09/28 10:23:34][DEBUG](TKINTERCV2Setting.py:709) 列名設定項目を作成して再配置開始 createEntry d:\pythonscript\rpascript\ocrview\TKINTERCV2Setting.py
[2022/09/28 10:23:34][DEBUG](TKINTERCV2Setting.py:657) 列名設定項目を再配置開始 updateEntries d:\pythonscript\rpascript\ocrview\TKINTERCV2Setting.py
[2022/09/28 10:23:34][DEBUG](TKINTERCV2Setting.py:701) 列名設定項目を再配置完了 updateEntries d:\pythonscript\rpascript\ocrview\TKINTERCV2Setting.py
[2022/09/28 10:23:34][DEBUG](TKINTERCV2Setting.py:709) 列名設定項目を作成して再配置開始 createEntry d:\pythonscript\rpascript\ocrview\TKINTERCV2Setting.py
[2022/09/28 10:23:34][DEBUG](TKINTERCV2Setting.py:657) 列名設定項目を再配置開始 updateEntries d:\pythonscript\rpascript\ocrview\TKINTERCV2Setting.py
[2022/09/28 10:23:34][DEBUG](TKINTERCV2Setting.py:701) 列名設定項目を再配置完了 updateEntries d:\pythonscript\rpascript\ocrview\TKINTERCV2Setting.py
[2022/09/28 10:23:34][DEBUG](TKINTERCV2Setting.py:709) 列名設定項目を作成して再配置開始 createEntry d:\pythonscript\rpascript\ocrview\TKINTERCV2Setting.py
[2022/09/28 10:23:34][DEBUG](TKINTERCV2Setting.py:657) 列名設定項目を再配置開始 updateEntries d:\pythonscript\rpascript\ocrview\TKINTERCV2Setting.py
[2022/09/28 10:23:34][DEBUG](TKINTERCV2Setting.py:701) 列名設定項目を再配置完了 updateEntries d:\pythonscript\rpascript\ocrview\TKINTERCV2Setting.py
[2022/09/28 10:23:34][DEBUG](TKINTERCV2Setting.py:1053) 透過キャンバス(上ウィンドウ)に罫線描画処理完了 Gra d:\pythonscript\rpascript\ocrview\TKINTERCV2Setting.py
[2022/09/28 10:23:34][DEBUG](TKINTERCV2Setting.py:562) 下ウィンドウに画像をリサイズして配置開始 InportIMG d:\pythonscript\rpascript\ocrview\TKINTERCV2Setting.py
[2022/09/28 10:23:34][DEBUG](PngImagePlugin.py:186) STREAM b'IHDR' 16 13 call d:\PythonScript\RPAScript\OCRFlowVenv\lib\site-packages\PIL\PngImagePlugin.py
[2022/09/28 10:23:34][DEBUG](PngImagePlugin.py:186) STREAM b'IDAT' 41 65536 call d:\PythonScript\RPAScript\OCRFlowVenv\lib\site-packages\PIL\PngImagePlugin.py
[2022/09/28 10:23:34][DEBUG](TKINTERCV2Setting.py:307) TKINTERCV2Setting_Application起動完了 __init__ d:\pythonscript\rpascript\ocrview\TKINTERCV2Setting.py
