[2022/10/03 15:23:13][DEBUG](TKINTERCV2Setting.py:37) TKINTERCV2Setting_Application起動 __init__ d:\PythonScript\RPAScript\OCRView\TKINTERCV2Setting.py
[2022/10/03 15:23:13][DEBUG](TKINTERCV2Setting.py:731) 列名設定項目を作成して再配置開始 createEntry d:\PythonScript\RPAScript\OCRView\TKINTERCV2Setting.py
[2022/10/03 15:23:13][DEBUG](TKINTERCV2Setting.py:679) 列名設定項目を再配置開始 updateEntries d:\PythonScript\RPAScript\OCRView\TKINTERCV2Setting.py
[2022/10/03 15:23:13][DEBUG](TKINTERCV2Setting.py:723) 列名設定項目を再配置完了 updateEntries d:\PythonScript\RPAScript\OCRView\TKINTERCV2Setting.py
[2022/10/03 15:23:13][DEBUG](TKINTERCV2Setting.py:731) 列名設定項目を作成して再配置開始 createEntry d:\PythonScript\RPAScript\OCRView\TKINTERCV2Setting.py
[2022/10/03 15:23:13][DEBUG](TKINTERCV2Setting.py:679) 列名設定項目を再配置開始 updateEntries d:\PythonScript\RPAScript\OCRView\TKINTERCV2Setting.py
[2022/10/03 15:23:13][DEBUG](TKINTERCV2Setting.py:723) 列名設定項目を再配置完了 updateEntries d:\PythonScript\RPAScript\OCRView\TKINTERCV2Setting.py
[2022/10/03 15:23:13][DEBUG](TKINTERCV2Setting.py:731) 列名設定項目を作成して再配置開始 createEntry d:\PythonScript\RPAScript\OCRView\TKINTERCV2Setting.py
[2022/10/03 15:23:13][DEBUG](TKINTERCV2Setting.py:679) 列名設定項目を再配置開始 updateEntries d:\PythonScript\RPAScript\OCRView\TKINTERCV2Setting.py
[2022/10/03 15:23:13][DEBUG](TKINTERCV2Setting.py:723) 列名設定項目を再配置完了 updateEntries d:\PythonScript\RPAScript\OCRView\TKINTERCV2Setting.py
[2022/10/03 15:23:13][DEBUG](TKINTERCV2Setting.py:731) 列名設定項目を作成して再配置開始 createEntry d:\PythonScript\RPAScript\OCRView\TKINTERCV2Setting.py
[2022/10/03 15:23:13][DEBUG](TKINTERCV2Setting.py:679) 列名設定項目を再配置開始 updateEntries d:\PythonScript\RPAScript\OCRView\TKINTERCV2Setting.py
[2022/10/03 15:23:13][DEBUG](TKINTERCV2Setting.py:723) 列名設定項目を再配置完了 updateEntries d:\PythonScript\RPAScript\OCRView\TKINTERCV2Setting.py
[2022/10/03 15:23:13][DEBUG](TKINTERCV2Setting.py:731) 列名設定項目を作成して再配置開始 createEntry d:\PythonScript\RPAScript\OCRView\TKINTERCV2Setting.py
[2022/10/03 15:23:13][DEBUG](TKINTERCV2Setting.py:679) 列名設定項目を再配置開始 updateEntries d:\PythonScript\RPAScript\OCRView\TKINTERCV2Setting.py
[2022/10/03 15:23:13][DEBUG](TKINTERCV2Setting.py:723) 列名設定項目を再配置完了 updateEntries d:\PythonScript\RPAScript\OCRView\TKINTERCV2Setting.py
[2022/10/03 15:23:13][DEBUG](TKINTERCV2Setting.py:731) 列名設定項目を作成して再配置開始 createEntry d:\PythonScript\RPAScript\OCRView\TKINTERCV2Setting.py
[2022/10/03 15:23:13][DEBUG](TKINTERCV2Setting.py:679) 列名設定項目を再配置開始 updateEntries d:\PythonScript\RPAScript\OCRView\TKINTERCV2Setting.py
[2022/10/03 15:23:13][DEBUG](TKINTERCV2Setting.py:723) 列名設定項目を再配置完了 updateEntries d:\PythonScript\RPAScript\OCRView\TKINTERCV2Setting.py
[2022/10/03 15:23:13][DEBUG](TKINTERCV2Setting.py:1063) 透過キャンバス(上ウィンドウ)に罫線描画処理完了 Gra d:\PythonScript\RPAScript\OCRView\TKINTERCV2Setting.py
[2022/10/03 15:23:13][DEBUG](TKINTERCV2Setting.py:587) 下ウィンドウに画像をリサイズして配置開始 InportIMG d:\PythonScript\RPAScript\OCRView\TKINTERCV2Setting.py
[2022/10/03 15:23:14][DEBUG](TKINTERCV2Setting.py:334) TKINTERCV2Setting_Application起動完了 __init__ d:\PythonScript\RPAScript\OCRView\TKINTERCV2Setting.py
