[2022/09/28 14:47:29][DEBUG](ViewGUI.py:44) Network: ws247 __init__ d:\PythonScript\RPAScript\OCRView\ViewGUI.py
[2022/09/28 14:47:29][DEBUG](ViewGUI.py:45) Machine: AMD64 __init__ d:\PythonScript\RPAScript\OCRView\ViewGUI.py
[2022/09/28 14:47:29][DEBUG](ViewGUI.py:46) Processor: Intel64 Family 6 Model 165 Stepping 5, GenuineIntel __init__ d:\PythonScript\RPAScript\OCRView\ViewGUI.py
[2022/09/28 14:47:29][DEBUG](ViewGUI.py:47) Platform: Windows-10-10.0.19041-SP0 __init__ d:\PythonScript\RPAScript\OCRView\ViewGUI.py
[2022/09/28 14:47:29][DEBUG](ViewGUI.py:48) System: Windows __init__ d:\PythonScript\RPAScript\OCRView\ViewGUI.py
[2022/09/28 14:47:29][DEBUG](ViewGUI.py:49) Release: 10 __init__ d:\PythonScript\RPAScript\OCRView\ViewGUI.py
[2022/09/28 14:47:29][DEBUG](ViewGUI.py:50) Version: 10.0.19041 __init__ d:\PythonScript\RPAScript\OCRView\ViewGUI.py
[2022/09/28 14:47:29][DEBUG](ViewGUI.py:51) MAC Address: 80E8_2CFB_55FD __init__ d:\PythonScript\RPAScript\OCRView\ViewGUI.py
[2022/09/28 14:47:29][DEBUG](ViewGUI.py:52) Host name: ws247 __init__ d:\PythonScript\RPAScript\OCRView\ViewGUI.py
[2022/09/28 14:47:29][DEBUG](ViewGUI.py:53) IP Address: 192.168.56.1 __init__ d:\PythonScript\RPAScript\OCRView\ViewGUI.py
[2022/09/28 14:47:29][DEBUG](ViewGUI.py:54) ViewGUI起動 __init__ d:\PythonScript\RPAScript\OCRView\ViewGUI.py
[2022/09/28 14:47:30][DEBUG](ViewGUI.py:80) ViewGUI起動完了 __init__ d:\PythonScript\RPAScript\OCRView\ViewGUI.py
[2022/09/28 14:47:31][DEBUG](ViewGUI.py:488) フォルダー選択起動 event_set_folder d:\PythonScript\RPAScript\OCRView\ViewGUI.py
[2022/09/28 14:47:31][DEBUG](ViewGUI.py:750) OverSaveボタン起動 event_Searchsave d:\PythonScript\RPAScript\OCRView\ViewGUI.py
[2022/09/28 14:47:43][DEBUG](ViewGUI.py:496) D:/OCRTESTPDF/PDFTEST_フォルダー選択完了 event_set_folder d:\PythonScript\RPAScript\OCRView\ViewGUI.py
[2022/09/28 14:47:44][DEBUG](ViewGUI.py:564) ファイル選択起動 event_updatefile d:\PythonScript\RPAScript\OCRView\ViewGUI.py
[2022/09/28 14:47:44][DEBUG](ViewGUI.py:750) OverSaveボタン起動 event_Searchsave d:\PythonScript\RPAScript\OCRView\ViewGUI.py
[2022/09/28 14:47:45][DEBUG](PngImagePlugin.py:186) STREAM b'IHDR' 16 13 call d:\PythonScript\RPAScript\OCRFlowVenv\lib\site-packages\PIL\PngImagePlugin.py
[2022/09/28 14:47:45][DEBUG](PngImagePlugin.py:186) STREAM b'IDAT' 41 65536 call d:\PythonScript\RPAScript\OCRFlowVenv\lib\site-packages\PIL\PngImagePlugin.py
[2022/09/28 14:47:45][DEBUG](ViewGUI.py:597) D:/OCRTESTPDF/PDFTEST\Hirogin_1page.png_ファイル選択後イベント完了 event_selectfile d:\PythonScript\RPAScript\OCRView\ViewGUI.py
[2022/09/28 14:47:47][DEBUG](ViewGUI.py:801) OCR処理起動 LinOCROpen d:\PythonScript\RPAScript\OCRView\ViewGUI.py
[2022/09/28 14:47:47][DEBUG](ViewGUI.py:750) OverSaveボタン起動 event_Searchsave d:\PythonScript\RPAScript\OCRView\ViewGUI.py
[2022/09/28 14:47:50][DEBUG](TKINTERCV2Setting.py:35) TKINTERCV2Setting_Application起動 __init__ d:\PythonScript\RPAScript\OCRView\TKINTERCV2Setting.py
[2022/09/28 14:47:50][DEBUG](PngImagePlugin.py:186) STREAM b'IHDR' 16 13 call d:\PythonScript\RPAScript\OCRFlowVenv\lib\site-packages\PIL\PngImagePlugin.py
[2022/09/28 14:47:50][DEBUG](PngImagePlugin.py:186) STREAM b'IDAT' 41 65536 call d:\PythonScript\RPAScript\OCRFlowVenv\lib\site-packages\PIL\PngImagePlugin.py
[2022/09/28 14:47:50][DEBUG](TKINTERCV2Setting.py:676) 列名設定項目を作成して再配置開始 createEntry d:\PythonScript\RPAScript\OCRView\TKINTERCV2Setting.py
[2022/09/28 14:47:50][DEBUG](TKINTERCV2Setting.py:624) 列名設定項目を再配置開始 updateEntries d:\PythonScript\RPAScript\OCRView\TKINTERCV2Setting.py
[2022/09/28 14:47:50][DEBUG](TKINTERCV2Setting.py:668) 列名設定項目を再配置完了 updateEntries d:\PythonScript\RPAScript\OCRView\TKINTERCV2Setting.py
[2022/09/28 14:47:50][DEBUG](TKINTERCV2Setting.py:676) 列名設定項目を作成して再配置開始 createEntry d:\PythonScript\RPAScript\OCRView\TKINTERCV2Setting.py
[2022/09/28 14:47:50][DEBUG](TKINTERCV2Setting.py:624) 列名設定項目を再配置開始 updateEntries d:\PythonScript\RPAScript\OCRView\TKINTERCV2Setting.py
[2022/09/28 14:47:50][DEBUG](TKINTERCV2Setting.py:668) 列名設定項目を再配置完了 updateEntries d:\PythonScript\RPAScript\OCRView\TKINTERCV2Setting.py
[2022/09/28 14:47:50][DEBUG](TKINTERCV2Setting.py:676) 列名設定項目を作成して再配置開始 createEntry d:\PythonScript\RPAScript\OCRView\TKINTERCV2Setting.py
[2022/09/28 14:47:50][DEBUG](TKINTERCV2Setting.py:624) 列名設定項目を再配置開始 updateEntries d:\PythonScript\RPAScript\OCRView\TKINTERCV2Setting.py
[2022/09/28 14:47:50][DEBUG](TKINTERCV2Setting.py:668) 列名設定項目を再配置完了 updateEntries d:\PythonScript\RPAScript\OCRView\TKINTERCV2Setting.py
[2022/09/28 14:47:50][DEBUG](TKINTERCV2Setting.py:676) 列名設定項目を作成して再配置開始 createEntry d:\PythonScript\RPAScript\OCRView\TKINTERCV2Setting.py
[2022/09/28 14:47:50][DEBUG](TKINTERCV2Setting.py:624) 列名設定項目を再配置開始 updateEntries d:\PythonScript\RPAScript\OCRView\TKINTERCV2Setting.py
[2022/09/28 14:47:50][DEBUG](TKINTERCV2Setting.py:668) 列名設定項目を再配置完了 updateEntries d:\PythonScript\RPAScript\OCRView\TKINTERCV2Setting.py
[2022/09/28 14:47:50][DEBUG](TKINTERCV2Setting.py:676) 列名設定項目を作成して再配置開始 createEntry d:\PythonScript\RPAScript\OCRView\TKINTERCV2Setting.py
[2022/09/28 14:47:50][DEBUG](TKINTERCV2Setting.py:624) 列名設定項目を再配置開始 updateEntries d:\PythonScript\RPAScript\OCRView\TKINTERCV2Setting.py
[2022/09/28 14:47:50][DEBUG](TKINTERCV2Setting.py:668) 列名設定項目を再配置完了 updateEntries d:\PythonScript\RPAScript\OCRView\TKINTERCV2Setting.py
[2022/09/28 14:47:50][DEBUG](TKINTERCV2Setting.py:1008) 透過キャンバス(上ウィンドウ)に罫線描画処理完了 Gra d:\PythonScript\RPAScript\OCRView\TKINTERCV2Setting.py
[2022/09/28 14:47:50][DEBUG](TKINTERCV2Setting.py:532) 下ウィンドウに画像をリサイズして配置開始 InportIMG d:\PythonScript\RPAScript\OCRView\TKINTERCV2Setting.py
[2022/09/28 14:47:50][DEBUG](PngImagePlugin.py:186) STREAM b'IHDR' 16 13 call d:\PythonScript\RPAScript\OCRFlowVenv\lib\site-packages\PIL\PngImagePlugin.py
[2022/09/28 14:47:50][DEBUG](PngImagePlugin.py:186) STREAM b'IDAT' 41 65536 call d:\PythonScript\RPAScript\OCRFlowVenv\lib\site-packages\PIL\PngImagePlugin.py
[2022/09/28 14:47:50][DEBUG](TKINTERCV2Setting.py:286) TKINTERCV2Setting_Application起動完了 __init__ d:\PythonScript\RPAScript\OCRView\TKINTERCV2Setting.py
[2022/09/28 14:47:50][DEBUG](PngImagePlugin.py:186) STREAM b'IHDR' 16 13 call d:\PythonScript\RPAScript\OCRFlowVenv\lib\site-packages\PIL\PngImagePlugin.py
[2022/09/28 14:47:50][DEBUG](PngImagePlugin.py:186) STREAM b'IDAT' 41 65536 call d:\PythonScript\RPAScript\OCRFlowVenv\lib\site-packages\PIL\PngImagePlugin.py
[2022/09/28 14:47:58][DEBUG](ViewGUI.py:564) ファイル選択起動 event_updatefile d:\PythonScript\RPAScript\OCRView\ViewGUI.py
[2022/09/28 14:47:58][DEBUG](ViewGUI.py:750) OverSaveボタン起動 event_Searchsave d:\PythonScript\RPAScript\OCRView\ViewGUI.py
[2022/09/28 14:47:59][DEBUG](PngImagePlugin.py:186) STREAM b'IHDR' 16 13 call d:\PythonScript\RPAScript\OCRFlowVenv\lib\site-packages\PIL\PngImagePlugin.py
[2022/09/28 14:47:59][DEBUG](PngImagePlugin.py:186) STREAM b'IDAT' 41 65536 call d:\PythonScript\RPAScript\OCRFlowVenv\lib\site-packages\PIL\PngImagePlugin.py
[2022/09/28 14:47:59][DEBUG](ViewGUI.py:597) D:/OCRTESTPDF/PDFTEST\Hirogin_2page.png_ファイル選択後イベント完了 event_selectfile d:\PythonScript\RPAScript\OCRView\ViewGUI.py
[2022/09/28 14:48:01][DEBUG](ViewGUI.py:801) OCR処理起動 LinOCROpen d:\PythonScript\RPAScript\OCRView\ViewGUI.py
[2022/09/28 14:48:01][DEBUG](ViewGUI.py:750) OverSaveボタン起動 event_Searchsave d:\PythonScript\RPAScript\OCRView\ViewGUI.py
[2022/09/28 14:48:05][DEBUG](TKINTERCV2Setting.py:35) TKINTERCV2Setting_Application起動 __init__ d:\PythonScript\RPAScript\OCRView\TKINTERCV2Setting.py
[2022/09/28 14:48:05][DEBUG](PngImagePlugin.py:186) STREAM b'IHDR' 16 13 call d:\PythonScript\RPAScript\OCRFlowVenv\lib\site-packages\PIL\PngImagePlugin.py
[2022/09/28 14:48:05][DEBUG](PngImagePlugin.py:186) STREAM b'IDAT' 41 65536 call d:\PythonScript\RPAScript\OCRFlowVenv\lib\site-packages\PIL\PngImagePlugin.py
[2022/09/28 14:48:05][DEBUG](TKINTERCV2Setting.py:676) 列名設定項目を作成して再配置開始 createEntry d:\PythonScript\RPAScript\OCRView\TKINTERCV2Setting.py
[2022/09/28 14:48:05][DEBUG](TKINTERCV2Setting.py:624) 列名設定項目を再配置開始 updateEntries d:\PythonScript\RPAScript\OCRView\TKINTERCV2Setting.py
[2022/09/28 14:48:05][DEBUG](TKINTERCV2Setting.py:668) 列名設定項目を再配置完了 updateEntries d:\PythonScript\RPAScript\OCRView\TKINTERCV2Setting.py
[2022/09/28 14:48:05][DEBUG](TKINTERCV2Setting.py:676) 列名設定項目を作成して再配置開始 createEntry d:\PythonScript\RPAScript\OCRView\TKINTERCV2Setting.py
[2022/09/28 14:48:05][DEBUG](TKINTERCV2Setting.py:624) 列名設定項目を再配置開始 updateEntries d:\PythonScript\RPAScript\OCRView\TKINTERCV2Setting.py
[2022/09/28 14:48:05][DEBUG](TKINTERCV2Setting.py:668) 列名設定項目を再配置完了 updateEntries d:\PythonScript\RPAScript\OCRView\TKINTERCV2Setting.py
[2022/09/28 14:48:05][DEBUG](TKINTERCV2Setting.py:676) 列名設定項目を作成して再配置開始 createEntry d:\PythonScript\RPAScript\OCRView\TKINTERCV2Setting.py
[2022/09/28 14:48:05][DEBUG](TKINTERCV2Setting.py:624) 列名設定項目を再配置開始 updateEntries d:\PythonScript\RPAScript\OCRView\TKINTERCV2Setting.py
[2022/09/28 14:48:05][DEBUG](TKINTERCV2Setting.py:668) 列名設定項目を再配置完了 updateEntries d:\PythonScript\RPAScript\OCRView\TKINTERCV2Setting.py
[2022/09/28 14:48:05][DEBUG](TKINTERCV2Setting.py:676) 列名設定項目を作成して再配置開始 createEntry d:\PythonScript\RPAScript\OCRView\TKINTERCV2Setting.py
[2022/09/28 14:48:05][DEBUG](TKINTERCV2Setting.py:624) 列名設定項目を再配置開始 updateEntries d:\PythonScript\RPAScript\OCRView\TKINTERCV2Setting.py
[2022/09/28 14:48:05][DEBUG](TKINTERCV2Setting.py:668) 列名設定項目を再配置完了 updateEntries d:\PythonScript\RPAScript\OCRView\TKINTERCV2Setting.py
[2022/09/28 14:48:05][DEBUG](TKINTERCV2Setting.py:676) 列名設定項目を作成して再配置開始 createEntry d:\PythonScript\RPAScript\OCRView\TKINTERCV2Setting.py
[2022/09/28 14:48:05][DEBUG](TKINTERCV2Setting.py:624) 列名設定項目を再配置開始 updateEntries d:\PythonScript\RPAScript\OCRView\TKINTERCV2Setting.py
[2022/09/28 14:48:05][DEBUG](TKINTERCV2Setting.py:668) 列名設定項目を再配置完了 updateEntries d:\PythonScript\RPAScript\OCRView\TKINTERCV2Setting.py
[2022/09/28 14:48:05][DEBUG](TKINTERCV2Setting.py:1008) 透過キャンバス(上ウィンドウ)に罫線描画処理完了 Gra d:\PythonScript\RPAScript\OCRView\TKINTERCV2Setting.py
[2022/09/28 14:48:05][DEBUG](TKINTERCV2Setting.py:532) 下ウィンドウに画像をリサイズして配置開始 InportIMG d:\PythonScript\RPAScript\OCRView\TKINTERCV2Setting.py
[2022/09/28 14:48:05][DEBUG](PngImagePlugin.py:186) STREAM b'IHDR' 16 13 call d:\PythonScript\RPAScript\OCRFlowVenv\lib\site-packages\PIL\PngImagePlugin.py
[2022/09/28 14:48:05][DEBUG](PngImagePlugin.py:186) STREAM b'IDAT' 41 65536 call d:\PythonScript\RPAScript\OCRFlowVenv\lib\site-packages\PIL\PngImagePlugin.py
[2022/09/28 14:48:05][DEBUG](TKINTERCV2Setting.py:286) TKINTERCV2Setting_Application起動完了 __init__ d:\PythonScript\RPAScript\OCRView\TKINTERCV2Setting.py
[2022/09/28 14:48:05][DEBUG](PngImagePlugin.py:186) STREAM b'IHDR' 16 13 call d:\PythonScript\RPAScript\OCRFlowVenv\lib\site-packages\PIL\PngImagePlugin.py
[2022/09/28 14:48:05][DEBUG](PngImagePlugin.py:186) STREAM b'IDAT' 41 65536 call d:\PythonScript\RPAScript\OCRFlowVenv\lib\site-packages\PIL\PngImagePlugin.py
[2022/09/28 14:48:09][DEBUG](TKINTERCV2Setting.py:832) 新規直線描画処理開始 NewLineCreate d:\PythonScript\RPAScript\OCRView\TKINTERCV2Setting.py
[2022/09/28 14:48:21][DEBUG](TKINTERCV2Setting.py:1008) 透過キャンバス(上ウィンドウ)に罫線描画処理完了 Gra d:\PythonScript\RPAScript\OCRView\TKINTERCV2Setting.py
[2022/09/28 14:48:26][DEBUG](TKINTERCV2Setting.py:926) 横直線追加ボタン処理開始 StWLine d:\PythonScript\RPAScript\OCRView\TKINTERCV2Setting.py
[2022/09/28 14:48:28][DEBUG](TKINTERCV2Setting.py:1259) Line7_縦直線描画処理完了 click1 d:\PythonScript\RPAScript\OCRView\TKINTERCV2Setting.py
[2022/09/28 14:48:32][DEBUG](TKINTERCV2Setting.py:1259) Line6_縦直線描画処理完了 click1 d:\PythonScript\RPAScript\OCRView\TKINTERCV2Setting.py
[2022/09/28 14:48:37][DEBUG](TKINTERCV2Setting.py:1259) Line3_縦直線描画処理完了 click1 d:\PythonScript\RPAScript\OCRView\TKINTERCV2Setting.py
[2022/09/28 14:48:39][DEBUG](TKINTERCV2Setting.py:1259) Line4_縦直線描画処理完了 click1 d:\PythonScript\RPAScript\OCRView\TKINTERCV2Setting.py
[2022/09/28 14:48:42][DEBUG](TKINTERCV2Setting.py:1259) Line2_縦直線描画処理完了 click1 d:\PythonScript\RPAScript\OCRView\TKINTERCV2Setting.py
[2022/09/28 14:48:46][DEBUG](TKINTERCV2Setting.py:1259) Line1_縦直線描画処理完了 click1 d:\PythonScript\RPAScript\OCRView\TKINTERCV2Setting.py
[2022/09/28 14:48:51][DEBUG](TKINTERCV2Setting.py:1032) 確定ボタンクリック処理開始 EnterP d:\PythonScript\RPAScript\OCRView\TKINTERCV2Setting.py
[2022/09/28 14:48:51][DEBUG](TKINTERCV2Setting.py:715) 列名設定項目取得関数開始 GetEntryTextButton_click d:\PythonScript\RPAScript\OCRView\TKINTERCV2Setting.py
