[2022/10/07 09:01:24][DEBUG](TKINTERCV2Setting.py:42) TKINTERCV2Setting_Application起動 __init__ d:\PythonScript\RPAScript\OCRView\TKINTERCV2Setting.py
[2022/10/07 09:01:24][DEBUG](TKINTERCV2Setting.py:1081) 列名設定項目を作成して再配置開始 createEntry d:\PythonScript\RPAScript\OCRView\TKINTERCV2Setting.py
[2022/10/07 09:01:24][DEBUG](TKINTERCV2Setting.py:1029) 列名設定項目を再配置開始 updateEntries d:\PythonScript\RPAScript\OCRView\TKINTERCV2Setting.py
[2022/10/07 09:01:24][DEBUG](TKINTERCV2Setting.py:1073) 列名設定項目を再配置完了 updateEntries d:\PythonScript\RPAScript\OCRView\TKINTERCV2Setting.py
[2022/10/07 09:01:24][DEBUG](TKINTERCV2Setting.py:1081) 列名設定項目を作成して再配置開始 createEntry d:\PythonScript\RPAScript\OCRView\TKINTERCV2Setting.py
[2022/10/07 09:01:24][DEBUG](TKINTERCV2Setting.py:1029) 列名設定項目を再配置開始 updateEntries d:\PythonScript\RPAScript\OCRView\TKINTERCV2Setting.py
[2022/10/07 09:01:24][DEBUG](TKINTERCV2Setting.py:1073) 列名設定項目を再配置完了 updateEntries d:\PythonScript\RPAScript\OCRView\TKINTERCV2Setting.py
[2022/10/07 09:01:24][DEBUG](TKINTERCV2Setting.py:1081) 列名設定項目を作成して再配置開始 createEntry d:\PythonScript\RPAScript\OCRView\TKINTERCV2Setting.py
[2022/10/07 09:01:24][DEBUG](TKINTERCV2Setting.py:1029) 列名設定項目を再配置開始 updateEntries d:\PythonScript\RPAScript\OCRView\TKINTERCV2Setting.py
[2022/10/07 09:01:24][DEBUG](TKINTERCV2Setting.py:1073) 列名設定項目を再配置完了 updateEntries d:\PythonScript\RPAScript\OCRView\TKINTERCV2Setting.py
[2022/10/07 09:01:24][DEBUG](TKINTERCV2Setting.py:1081) 列名設定項目を作成して再配置開始 createEntry d:\PythonScript\RPAScript\OCRView\TKINTERCV2Setting.py
[2022/10/07 09:01:24][DEBUG](TKINTERCV2Setting.py:1029) 列名設定項目を再配置開始 updateEntries d:\PythonScript\RPAScript\OCRView\TKINTERCV2Setting.py
[2022/10/07 09:01:24][DEBUG](TKINTERCV2Setting.py:1073) 列名設定項目を再配置完了 updateEntries d:\PythonScript\RPAScript\OCRView\TKINTERCV2Setting.py
[2022/10/07 09:01:24][DEBUG](TKINTERCV2Setting.py:1081) 列名設定項目を作成して再配置開始 createEntry d:\PythonScript\RPAScript\OCRView\TKINTERCV2Setting.py
[2022/10/07 09:01:24][DEBUG](TKINTERCV2Setting.py:1029) 列名設定項目を再配置開始 updateEntries d:\PythonScript\RPAScript\OCRView\TKINTERCV2Setting.py
[2022/10/07 09:01:24][DEBUG](TKINTERCV2Setting.py:1073) 列名設定項目を再配置完了 updateEntries d:\PythonScript\RPAScript\OCRView\TKINTERCV2Setting.py
[2022/10/07 09:01:24][DEBUG](TKINTERCV2Setting.py:1081) 列名設定項目を作成して再配置開始 createEntry d:\PythonScript\RPAScript\OCRView\TKINTERCV2Setting.py
[2022/10/07 09:01:25][DEBUG](TKINTERCV2Setting.py:1029) 列名設定項目を再配置開始 updateEntries d:\PythonScript\RPAScript\OCRView\TKINTERCV2Setting.py
[2022/10/07 09:01:25][DEBUG](TKINTERCV2Setting.py:1073) 列名設定項目を再配置完了 updateEntries d:\PythonScript\RPAScript\OCRView\TKINTERCV2Setting.py
[2022/10/07 09:01:25][DEBUG](TKINTERCV2Setting.py:1452) 透過キャンバス(上ウィンドウ)に罫線描画処理完了 Gra d:\PythonScript\RPAScript\OCRView\TKINTERCV2Setting.py
[2022/10/07 09:01:25][DEBUG](TKINTERCV2Setting.py:937) 下ウィンドウに画像をリサイズして配置開始 InportIMG d:\PythonScript\RPAScript\OCRView\TKINTERCV2Setting.py
[2022/10/07 09:01:25][DEBUG](TKINTERCV2Setting.py:645) TKINTERCV2Setting_Application起動完了 __init__ d:\PythonScript\RPAScript\OCRView\TKINTERCV2Setting.py
[2022/10/07 09:01:55][DEBUG](TKINTERCV2Setting.py:1150) TKINTERCV2SettingClose完了 click_close d:\PythonScript\RPAScript\OCRView\TKINTERCV2Setting.py
