[2022/10/04 17:20:11][DEBUG](TKINTERCV2Setting.py:38) TKINTERCV2Setting_Application起動 __init__ d:\PythonScript\RPAScript\OCRView\TKINTERCV2Setting.py
[2022/10/04 17:20:12][DEBUG](TKINTERCV2Setting.py:735) 列名設定項目を作成して再配置開始 createEntry d:\PythonScript\RPAScript\OCRView\TKINTERCV2Setting.py
[2022/10/04 17:20:12][DEBUG](TKINTERCV2Setting.py:683) 列名設定項目を再配置開始 updateEntries d:\PythonScript\RPAScript\OCRView\TKINTERCV2Setting.py
[2022/10/04 17:20:12][DEBUG](TKINTERCV2Setting.py:727) 列名設定項目を再配置完了 updateEntries d:\PythonScript\RPAScript\OCRView\TKINTERCV2Setting.py
[2022/10/04 17:20:12][DEBUG](TKINTERCV2Setting.py:735) 列名設定項目を作成して再配置開始 createEntry d:\PythonScript\RPAScript\OCRView\TKINTERCV2Setting.py
[2022/10/04 17:20:12][DEBUG](TKINTERCV2Setting.py:683) 列名設定項目を再配置開始 updateEntries d:\PythonScript\RPAScript\OCRView\TKINTERCV2Setting.py
[2022/10/04 17:20:12][DEBUG](TKINTERCV2Setting.py:727) 列名設定項目を再配置完了 updateEntries d:\PythonScript\RPAScript\OCRView\TKINTERCV2Setting.py
[2022/10/04 17:20:12][DEBUG](TKINTERCV2Setting.py:735) 列名設定項目を作成して再配置開始 createEntry d:\PythonScript\RPAScript\OCRView\TKINTERCV2Setting.py
[2022/10/04 17:20:12][DEBUG](TKINTERCV2Setting.py:683) 列名設定項目を再配置開始 updateEntries d:\PythonScript\RPAScript\OCRView\TKINTERCV2Setting.py
[2022/10/04 17:20:12][DEBUG](TKINTERCV2Setting.py:727) 列名設定項目を再配置完了 updateEntries d:\PythonScript\RPAScript\OCRView\TKINTERCV2Setting.py
[2022/10/04 17:20:12][DEBUG](TKINTERCV2Setting.py:735) 列名設定項目を作成して再配置開始 createEntry d:\PythonScript\RPAScript\OCRView\TKINTERCV2Setting.py
[2022/10/04 17:20:12][DEBUG](TKINTERCV2Setting.py:683) 列名設定項目を再配置開始 updateEntries d:\PythonScript\RPAScript\OCRView\TKINTERCV2Setting.py
[2022/10/04 17:20:12][DEBUG](TKINTERCV2Setting.py:727) 列名設定項目を再配置完了 updateEntries d:\PythonScript\RPAScript\OCRView\TKINTERCV2Setting.py
[2022/10/04 17:20:12][DEBUG](TKINTERCV2Setting.py:735) 列名設定項目を作成して再配置開始 createEntry d:\PythonScript\RPAScript\OCRView\TKINTERCV2Setting.py
[2022/10/04 17:20:12][DEBUG](TKINTERCV2Setting.py:683) 列名設定項目を再配置開始 updateEntries d:\PythonScript\RPAScript\OCRView\TKINTERCV2Setting.py
[2022/10/04 17:20:12][DEBUG](TKINTERCV2Setting.py:727) 列名設定項目を再配置完了 updateEntries d:\PythonScript\RPAScript\OCRView\TKINTERCV2Setting.py
[2022/10/04 17:20:12][DEBUG](TKINTERCV2Setting.py:735) 列名設定項目を作成して再配置開始 createEntry d:\PythonScript\RPAScript\OCRView\TKINTERCV2Setting.py
[2022/10/04 17:20:12][DEBUG](TKINTERCV2Setting.py:683) 列名設定項目を再配置開始 updateEntries d:\PythonScript\RPAScript\OCRView\TKINTERCV2Setting.py
[2022/10/04 17:20:12][DEBUG](TKINTERCV2Setting.py:727) 列名設定項目を再配置完了 updateEntries d:\PythonScript\RPAScript\OCRView\TKINTERCV2Setting.py
[2022/10/04 17:20:12][DEBUG](TKINTERCV2Setting.py:1067) 透過キャンバス(上ウィンドウ)に罫線描画処理完了 Gra d:\PythonScript\RPAScript\OCRView\TKINTERCV2Setting.py
[2022/10/04 17:20:12][DEBUG](TKINTERCV2Setting.py:591) 下ウィンドウに画像をリサイズして配置開始 InportIMG d:\PythonScript\RPAScript\OCRView\TKINTERCV2Setting.py
[2022/10/04 17:20:12][DEBUG](TKINTERCV2Setting.py:341) TKINTERCV2Setting_Application起動完了 __init__ d:\PythonScript\RPAScript\OCRView\TKINTERCV2Setting.py
