[2022/10/07 10:25:08][DEBUG](TKINTERCV2Setting.py:42) TKINTERCV2Setting_Application起動 __init__ d:\PythonScript\RPAScript\OCRView\TKINTERCV2Setting.py
[2022/10/07 10:25:08][DEBUG](TKINTERCV2Setting.py:949) 列名設定項目を作成して再配置開始 createEntry d:\PythonScript\RPAScript\OCRView\TKINTERCV2Setting.py
[2022/10/07 10:25:08][DEBUG](TKINTERCV2Setting.py:897) 列名設定項目を再配置開始 updateEntries d:\PythonScript\RPAScript\OCRView\TKINTERCV2Setting.py
[2022/10/07 10:25:08][DEBUG](TKINTERCV2Setting.py:941) 列名設定項目を再配置完了 updateEntries d:\PythonScript\RPAScript\OCRView\TKINTERCV2Setting.py
[2022/10/07 10:25:08][DEBUG](TKINTERCV2Setting.py:949) 列名設定項目を作成して再配置開始 createEntry d:\PythonScript\RPAScript\OCRView\TKINTERCV2Setting.py
[2022/10/07 10:25:08][DEBUG](TKINTERCV2Setting.py:897) 列名設定項目を再配置開始 updateEntries d:\PythonScript\RPAScript\OCRView\TKINTERCV2Setting.py
[2022/10/07 10:25:08][DEBUG](TKINTERCV2Setting.py:941) 列名設定項目を再配置完了 updateEntries d:\PythonScript\RPAScript\OCRView\TKINTERCV2Setting.py
[2022/10/07 10:25:08][DEBUG](TKINTERCV2Setting.py:949) 列名設定項目を作成して再配置開始 createEntry d:\PythonScript\RPAScript\OCRView\TKINTERCV2Setting.py
[2022/10/07 10:25:08][DEBUG](TKINTERCV2Setting.py:897) 列名設定項目を再配置開始 updateEntries d:\PythonScript\RPAScript\OCRView\TKINTERCV2Setting.py
[2022/10/07 10:25:08][DEBUG](TKINTERCV2Setting.py:941) 列名設定項目を再配置完了 updateEntries d:\PythonScript\RPAScript\OCRView\TKINTERCV2Setting.py
[2022/10/07 10:25:08][DEBUG](TKINTERCV2Setting.py:949) 列名設定項目を作成して再配置開始 createEntry d:\PythonScript\RPAScript\OCRView\TKINTERCV2Setting.py
[2022/10/07 10:25:08][DEBUG](TKINTERCV2Setting.py:897) 列名設定項目を再配置開始 updateEntries d:\PythonScript\RPAScript\OCRView\TKINTERCV2Setting.py
[2022/10/07 10:25:08][DEBUG](TKINTERCV2Setting.py:941) 列名設定項目を再配置完了 updateEntries d:\PythonScript\RPAScript\OCRView\TKINTERCV2Setting.py
[2022/10/07 10:25:08][DEBUG](TKINTERCV2Setting.py:949) 列名設定項目を作成して再配置開始 createEntry d:\PythonScript\RPAScript\OCRView\TKINTERCV2Setting.py
[2022/10/07 10:25:08][DEBUG](TKINTERCV2Setting.py:897) 列名設定項目を再配置開始 updateEntries d:\PythonScript\RPAScript\OCRView\TKINTERCV2Setting.py
[2022/10/07 10:25:08][DEBUG](TKINTERCV2Setting.py:941) 列名設定項目を再配置完了 updateEntries d:\PythonScript\RPAScript\OCRView\TKINTERCV2Setting.py
[2022/10/07 10:25:08][DEBUG](TKINTERCV2Setting.py:949) 列名設定項目を作成して再配置開始 createEntry d:\PythonScript\RPAScript\OCRView\TKINTERCV2Setting.py
[2022/10/07 10:25:08][DEBUG](TKINTERCV2Setting.py:897) 列名設定項目を再配置開始 updateEntries d:\PythonScript\RPAScript\OCRView\TKINTERCV2Setting.py
[2022/10/07 10:25:08][DEBUG](TKINTERCV2Setting.py:941) 列名設定項目を再配置完了 updateEntries d:\PythonScript\RPAScript\OCRView\TKINTERCV2Setting.py
[2022/10/07 10:25:08][DEBUG](TKINTERCV2Setting.py:1318) 透過キャンバス(上ウィンドウ)に罫線描画処理完了 Gra d:\PythonScript\RPAScript\OCRView\TKINTERCV2Setting.py
[2022/10/07 10:25:08][DEBUG](TKINTERCV2Setting.py:805) 下ウィンドウに画像をリサイズして配置開始 InportIMG d:\PythonScript\RPAScript\OCRView\TKINTERCV2Setting.py
[2022/10/07 10:25:08][DEBUG](TKINTERCV2Setting.py:513) TKINTERCV2Setting_Application起動完了 __init__ d:\PythonScript\RPAScript\OCRView\TKINTERCV2Setting.py
