[2022/10/06 15:48:19][DEBUG](TKINTERCV2Setting.py:41) TKINTERCV2Setting_Application起動 __init__ d:\PythonScript\RPAScript\OCRView\TKINTERCV2Setting.py
[2022/10/06 15:48:19][DEBUG](TKINTERCV2Setting.py:917) 列名設定項目を作成して再配置開始 createEntry d:\PythonScript\RPAScript\OCRView\TKINTERCV2Setting.py
[2022/10/06 15:48:19][DEBUG](TKINTERCV2Setting.py:865) 列名設定項目を再配置開始 updateEntries d:\PythonScript\RPAScript\OCRView\TKINTERCV2Setting.py
[2022/10/06 15:48:19][DEBUG](TKINTERCV2Setting.py:909) 列名設定項目を再配置完了 updateEntries d:\PythonScript\RPAScript\OCRView\TKINTERCV2Setting.py
[2022/10/06 15:48:19][DEBUG](TKINTERCV2Setting.py:917) 列名設定項目を作成して再配置開始 createEntry d:\PythonScript\RPAScript\OCRView\TKINTERCV2Setting.py
[2022/10/06 15:48:19][DEBUG](TKINTERCV2Setting.py:865) 列名設定項目を再配置開始 updateEntries d:\PythonScript\RPAScript\OCRView\TKINTERCV2Setting.py
[2022/10/06 15:48:19][DEBUG](TKINTERCV2Setting.py:909) 列名設定項目を再配置完了 updateEntries d:\PythonScript\RPAScript\OCRView\TKINTERCV2Setting.py
[2022/10/06 15:48:19][DEBUG](TKINTERCV2Setting.py:917) 列名設定項目を作成して再配置開始 createEntry d:\PythonScript\RPAScript\OCRView\TKINTERCV2Setting.py
[2022/10/06 15:48:19][DEBUG](TKINTERCV2Setting.py:865) 列名設定項目を再配置開始 updateEntries d:\PythonScript\RPAScript\OCRView\TKINTERCV2Setting.py
[2022/10/06 15:48:19][DEBUG](TKINTERCV2Setting.py:909) 列名設定項目を再配置完了 updateEntries d:\PythonScript\RPAScript\OCRView\TKINTERCV2Setting.py
[2022/10/06 15:48:19][DEBUG](TKINTERCV2Setting.py:917) 列名設定項目を作成して再配置開始 createEntry d:\PythonScript\RPAScript\OCRView\TKINTERCV2Setting.py
[2022/10/06 15:48:19][DEBUG](TKINTERCV2Setting.py:865) 列名設定項目を再配置開始 updateEntries d:\PythonScript\RPAScript\OCRView\TKINTERCV2Setting.py
[2022/10/06 15:48:19][DEBUG](TKINTERCV2Setting.py:909) 列名設定項目を再配置完了 updateEntries d:\PythonScript\RPAScript\OCRView\TKINTERCV2Setting.py
[2022/10/06 15:48:19][DEBUG](TKINTERCV2Setting.py:917) 列名設定項目を作成して再配置開始 createEntry d:\PythonScript\RPAScript\OCRView\TKINTERCV2Setting.py
[2022/10/06 15:48:19][DEBUG](TKINTERCV2Setting.py:865) 列名設定項目を再配置開始 updateEntries d:\PythonScript\RPAScript\OCRView\TKINTERCV2Setting.py
[2022/10/06 15:48:19][DEBUG](TKINTERCV2Setting.py:909) 列名設定項目を再配置完了 updateEntries d:\PythonScript\RPAScript\OCRView\TKINTERCV2Setting.py
[2022/10/06 15:48:19][DEBUG](TKINTERCV2Setting.py:917) 列名設定項目を作成して再配置開始 createEntry d:\PythonScript\RPAScript\OCRView\TKINTERCV2Setting.py
[2022/10/06 15:48:19][DEBUG](TKINTERCV2Setting.py:865) 列名設定項目を再配置開始 updateEntries d:\PythonScript\RPAScript\OCRView\TKINTERCV2Setting.py
[2022/10/06 15:48:19][DEBUG](TKINTERCV2Setting.py:909) 列名設定項目を再配置完了 updateEntries d:\PythonScript\RPAScript\OCRView\TKINTERCV2Setting.py
[2022/10/06 15:48:19][DEBUG](TKINTERCV2Setting.py:1276) 透過キャンバス(上ウィンドウ)に罫線描画処理完了 Gra d:\PythonScript\RPAScript\OCRView\TKINTERCV2Setting.py
[2022/10/06 15:48:19][DEBUG](TKINTERCV2Setting.py:773) 下ウィンドウに画像をリサイズして配置開始 InportIMG d:\PythonScript\RPAScript\OCRView\TKINTERCV2Setting.py
[2022/10/06 15:48:19][DEBUG](TKINTERCV2Setting.py:517) TKINTERCV2Setting_Application起動完了 __init__ d:\PythonScript\RPAScript\OCRView\TKINTERCV2Setting.py
