[2022/10/04 16:25:09][DEBUG](TKINTERCV2Setting.py:38) TKINTERCV2Setting_Application起動 __init__ d:\PythonScript\RPAScript\OCRView\TKINTERCV2Setting.py
[2022/10/04 16:25:09][DEBUG](TKINTERCV2Setting.py:734) 列名設定項目を作成して再配置開始 createEntry d:\PythonScript\RPAScript\OCRView\TKINTERCV2Setting.py
[2022/10/04 16:25:09][DEBUG](TKINTERCV2Setting.py:682) 列名設定項目を再配置開始 updateEntries d:\PythonScript\RPAScript\OCRView\TKINTERCV2Setting.py
[2022/10/04 16:25:09][DEBUG](TKINTERCV2Setting.py:726) 列名設定項目を再配置完了 updateEntries d:\PythonScript\RPAScript\OCRView\TKINTERCV2Setting.py
[2022/10/04 16:25:09][DEBUG](TKINTERCV2Setting.py:734) 列名設定項目を作成して再配置開始 createEntry d:\PythonScript\RPAScript\OCRView\TKINTERCV2Setting.py
[2022/10/04 16:25:09][DEBUG](TKINTERCV2Setting.py:682) 列名設定項目を再配置開始 updateEntries d:\PythonScript\RPAScript\OCRView\TKINTERCV2Setting.py
[2022/10/04 16:25:09][DEBUG](TKINTERCV2Setting.py:726) 列名設定項目を再配置完了 updateEntries d:\PythonScript\RPAScript\OCRView\TKINTERCV2Setting.py
[2022/10/04 16:25:09][DEBUG](TKINTERCV2Setting.py:734) 列名設定項目を作成して再配置開始 createEntry d:\PythonScript\RPAScript\OCRView\TKINTERCV2Setting.py
[2022/10/04 16:25:09][DEBUG](TKINTERCV2Setting.py:682) 列名設定項目を再配置開始 updateEntries d:\PythonScript\RPAScript\OCRView\TKINTERCV2Setting.py
[2022/10/04 16:25:09][DEBUG](TKINTERCV2Setting.py:726) 列名設定項目を再配置完了 updateEntries d:\PythonScript\RPAScript\OCRView\TKINTERCV2Setting.py
[2022/10/04 16:25:09][DEBUG](TKINTERCV2Setting.py:734) 列名設定項目を作成して再配置開始 createEntry d:\PythonScript\RPAScript\OCRView\TKINTERCV2Setting.py
[2022/10/04 16:25:09][DEBUG](TKINTERCV2Setting.py:682) 列名設定項目を再配置開始 updateEntries d:\PythonScript\RPAScript\OCRView\TKINTERCV2Setting.py
[2022/10/04 16:25:09][DEBUG](TKINTERCV2Setting.py:726) 列名設定項目を再配置完了 updateEntries d:\PythonScript\RPAScript\OCRView\TKINTERCV2Setting.py
[2022/10/04 16:25:09][DEBUG](TKINTERCV2Setting.py:734) 列名設定項目を作成して再配置開始 createEntry d:\PythonScript\RPAScript\OCRView\TKINTERCV2Setting.py
[2022/10/04 16:25:09][DEBUG](TKINTERCV2Setting.py:682) 列名設定項目を再配置開始 updateEntries d:\PythonScript\RPAScript\OCRView\TKINTERCV2Setting.py
[2022/10/04 16:25:09][DEBUG](TKINTERCV2Setting.py:726) 列名設定項目を再配置完了 updateEntries d:\PythonScript\RPAScript\OCRView\TKINTERCV2Setting.py
[2022/10/04 16:25:09][DEBUG](TKINTERCV2Setting.py:1066) 透過キャンバス(上ウィンドウ)に罫線描画処理完了 Gra d:\PythonScript\RPAScript\OCRView\TKINTERCV2Setting.py
[2022/10/04 16:25:09][DEBUG](TKINTERCV2Setting.py:590) 下ウィンドウに画像をリサイズして配置開始 InportIMG d:\PythonScript\RPAScript\OCRView\TKINTERCV2Setting.py
[2022/10/04 16:25:09][DEBUG](TKINTERCV2Setting.py:341) TKINTERCV2Setting_Application起動完了 __init__ d:\PythonScript\RPAScript\OCRView\TKINTERCV2Setting.py
[2022/10/04 16:25:35][DEBUG](TKINTERCV2Setting.py:890) 新規直線描画処理開始 NewLineCreate d:\PythonScript\RPAScript\OCRView\TKINTERCV2Setting.py
[2022/10/04 16:26:34][DEBUG](TKINTERCV2Setting.py:1066) 透過キャンバス(上ウィンドウ)に罫線描画処理完了 Gra d:\PythonScript\RPAScript\OCRView\TKINTERCV2Setting.py
[2022/10/04 16:26:37][DEBUG](TKINTERCV2Setting.py:1356) Line44_縦直線描画処理完了 click1 d:\PythonScript\RPAScript\OCRView\TKINTERCV2Setting.py
[2022/10/04 16:26:38][DEBUG](TKINTERCV2Setting.py:1356) Line42_縦直線描画処理完了 click1 d:\PythonScript\RPAScript\OCRView\TKINTERCV2Setting.py
[2022/10/04 16:26:40][DEBUG](TKINTERCV2Setting.py:1356) Line40_縦直線描画処理完了 click1 d:\PythonScript\RPAScript\OCRView\TKINTERCV2Setting.py
[2022/10/04 16:27:24][DEBUG](TKINTERCV2Setting.py:809) toml列名設定の更新完了 ColumnTomlIn d:\PythonScript\RPAScript\OCRView\TKINTERCV2Setting.py
[2022/10/04 16:27:38][DEBUG](TKINTERCV2Setting.py:809) toml列名設定の更新完了 ColumnTomlIn d:\PythonScript\RPAScript\OCRView\TKINTERCV2Setting.py
[2022/10/04 16:27:45][DEBUG](TKINTERCV2Setting.py:632) 列名設定項目追加ボタン処理開始 insertEntry_click d:\PythonScript\RPAScript\OCRView\TKINTERCV2Setting.py
[2022/10/04 16:27:45][DEBUG](TKINTERCV2Setting.py:734) 列名設定項目を作成して再配置開始 createEntry d:\PythonScript\RPAScript\OCRView\TKINTERCV2Setting.py
[2022/10/04 16:27:45][DEBUG](TKINTERCV2Setting.py:682) 列名設定項目を再配置開始 updateEntries d:\PythonScript\RPAScript\OCRView\TKINTERCV2Setting.py
[2022/10/04 16:27:45][DEBUG](TKINTERCV2Setting.py:726) 列名設定項目を再配置完了 updateEntries d:\PythonScript\RPAScript\OCRView\TKINTERCV2Setting.py
[2022/10/04 16:27:45][DEBUG](TKINTERCV2Setting.py:809) toml列名設定の更新完了 ColumnTomlIn d:\PythonScript\RPAScript\OCRView\TKINTERCV2Setting.py
[2022/10/04 16:27:49][DEBUG](TKINTERCV2Setting.py:809) toml列名設定の更新完了 ColumnTomlIn d:\PythonScript\RPAScript\OCRView\TKINTERCV2Setting.py
