[2022/10/04 13:00:51][DEBUG](TKINTERCV2Setting.py:38) TKINTERCV2Setting_Application起動 __init__ d:\PythonScript\RPAScript\OCRView\TKINTERCV2Setting.py
[2022/10/04 13:00:52][DEBUG](TKINTERCV2Setting.py:702) 列名設定項目を作成して再配置開始 createEntry d:\PythonScript\RPAScript\OCRView\TKINTERCV2Setting.py
[2022/10/04 13:00:52][DEBUG](TKINTERCV2Setting.py:650) 列名設定項目を再配置開始 updateEntries d:\PythonScript\RPAScript\OCRView\TKINTERCV2Setting.py
[2022/10/04 13:00:52][DEBUG](TKINTERCV2Setting.py:694) 列名設定項目を再配置完了 updateEntries d:\PythonScript\RPAScript\OCRView\TKINTERCV2Setting.py
[2022/10/04 13:00:52][DEBUG](TKINTERCV2Setting.py:702) 列名設定項目を作成して再配置開始 createEntry d:\PythonScript\RPAScript\OCRView\TKINTERCV2Setting.py
[2022/10/04 13:00:52][DEBUG](TKINTERCV2Setting.py:650) 列名設定項目を再配置開始 updateEntries d:\PythonScript\RPAScript\OCRView\TKINTERCV2Setting.py
[2022/10/04 13:00:52][DEBUG](TKINTERCV2Setting.py:694) 列名設定項目を再配置完了 updateEntries d:\PythonScript\RPAScript\OCRView\TKINTERCV2Setting.py
[2022/10/04 13:00:52][DEBUG](TKINTERCV2Setting.py:702) 列名設定項目を作成して再配置開始 createEntry d:\PythonScript\RPAScript\OCRView\TKINTERCV2Setting.py
[2022/10/04 13:00:52][DEBUG](TKINTERCV2Setting.py:650) 列名設定項目を再配置開始 updateEntries d:\PythonScript\RPAScript\OCRView\TKINTERCV2Setting.py
[2022/10/04 13:00:52][DEBUG](TKINTERCV2Setting.py:694) 列名設定項目を再配置完了 updateEntries d:\PythonScript\RPAScript\OCRView\TKINTERCV2Setting.py
[2022/10/04 13:00:52][DEBUG](TKINTERCV2Setting.py:702) 列名設定項目を作成して再配置開始 createEntry d:\PythonScript\RPAScript\OCRView\TKINTERCV2Setting.py
[2022/10/04 13:00:52][DEBUG](TKINTERCV2Setting.py:650) 列名設定項目を再配置開始 updateEntries d:\PythonScript\RPAScript\OCRView\TKINTERCV2Setting.py
[2022/10/04 13:00:52][DEBUG](TKINTERCV2Setting.py:694) 列名設定項目を再配置完了 updateEntries d:\PythonScript\RPAScript\OCRView\TKINTERCV2Setting.py
[2022/10/04 13:00:52][DEBUG](TKINTERCV2Setting.py:702) 列名設定項目を作成して再配置開始 createEntry d:\PythonScript\RPAScript\OCRView\TKINTERCV2Setting.py
[2022/10/04 13:00:52][DEBUG](TKINTERCV2Setting.py:650) 列名設定項目を再配置開始 updateEntries d:\PythonScript\RPAScript\OCRView\TKINTERCV2Setting.py
[2022/10/04 13:00:52][DEBUG](TKINTERCV2Setting.py:694) 列名設定項目を再配置完了 updateEntries d:\PythonScript\RPAScript\OCRView\TKINTERCV2Setting.py
[2022/10/04 13:00:52][DEBUG](TKINTERCV2Setting.py:702) 列名設定項目を作成して再配置開始 createEntry d:\PythonScript\RPAScript\OCRView\TKINTERCV2Setting.py
[2022/10/04 13:00:52][DEBUG](TKINTERCV2Setting.py:650) 列名設定項目を再配置開始 updateEntries d:\PythonScript\RPAScript\OCRView\TKINTERCV2Setting.py
[2022/10/04 13:00:52][DEBUG](TKINTERCV2Setting.py:694) 列名設定項目を再配置完了 updateEntries d:\PythonScript\RPAScript\OCRView\TKINTERCV2Setting.py
[2022/10/04 13:00:52][DEBUG](TKINTERCV2Setting.py:1034) 透過キャンバス(上ウィンドウ)に罫線描画処理完了 Gra d:\PythonScript\RPAScript\OCRView\TKINTERCV2Setting.py
[2022/10/04 13:00:52][DEBUG](TKINTERCV2Setting.py:558) 下ウィンドウに画像をリサイズして配置開始 InportIMG d:\PythonScript\RPAScript\OCRView\TKINTERCV2Setting.py
[2022/10/04 13:00:52][DEBUG](TKINTERCV2Setting.py:312) TKINTERCV2Setting_Application起動完了 __init__ d:\PythonScript\RPAScript\OCRView\TKINTERCV2Setting.py
[2022/10/04 13:02:28][DEBUG](TKINTERCV2Setting.py:826) toml変換設定の更新完了 tomlreturn d:\PythonScript\RPAScript\OCRView\TKINTERCV2Setting.py
[2022/10/04 13:03:02][DEBUG](TKINTERCV2Setting.py:826) toml変換設定の更新完了 tomlreturn d:\PythonScript\RPAScript\OCRView\TKINTERCV2Setting.py
[2022/10/04 13:03:40][DEBUG](TKINTERCV2Setting.py:777) toml列名設定の更新完了 ColumnTomlIn d:\PythonScript\RPAScript\OCRView\TKINTERCV2Setting.py
[2022/10/04 13:04:08][DEBUG](TKINTERCV2Setting.py:777) toml列名設定の更新完了 ColumnTomlIn d:\PythonScript\RPAScript\OCRView\TKINTERCV2Setting.py
[2022/10/04 13:04:13][DEBUG](TKINTERCV2Setting.py:777) toml列名設定の更新完了 ColumnTomlIn d:\PythonScript\RPAScript\OCRView\TKINTERCV2Setting.py
[2022/10/04 13:04:21][DEBUG](TKINTERCV2Setting.py:622) 列名設定項目削除ボタン処理開始 removeEntry_click d:\PythonScript\RPAScript\OCRView\TKINTERCV2Setting.py
[2022/10/04 13:04:21][DEBUG](TKINTERCV2Setting.py:650) 列名設定項目を再配置開始 updateEntries d:\PythonScript\RPAScript\OCRView\TKINTERCV2Setting.py
[2022/10/04 13:04:21][DEBUG](TKINTERCV2Setting.py:694) 列名設定項目を再配置完了 updateEntries d:\PythonScript\RPAScript\OCRView\TKINTERCV2Setting.py
[2022/10/04 13:04:21][DEBUG](TKINTERCV2Setting.py:777) toml列名設定の更新完了 ColumnTomlIn d:\PythonScript\RPAScript\OCRView\TKINTERCV2Setting.py
