[2022/10/03 16:31:04][DEBUG](TKINTERCV2Setting.py:38) TKINTERCV2Setting_Application起動 __init__ d:\PythonScript\RPAScript\OCRView\TKINTERCV2Setting.py
[2022/10/03 16:31:04][DEBUG](TKINTERCV2Setting.py:761) 列名設定項目を作成して再配置開始 createEntry d:\PythonScript\RPAScript\OCRView\TKINTERCV2Setting.py
[2022/10/03 16:31:04][DEBUG](TKINTERCV2Setting.py:709) 列名設定項目を再配置開始 updateEntries d:\PythonScript\RPAScript\OCRView\TKINTERCV2Setting.py
[2022/10/03 16:31:04][DEBUG](TKINTERCV2Setting.py:753) 列名設定項目を再配置完了 updateEntries d:\PythonScript\RPAScript\OCRView\TKINTERCV2Setting.py
[2022/10/03 16:31:04][DEBUG](TKINTERCV2Setting.py:761) 列名設定項目を作成して再配置開始 createEntry d:\PythonScript\RPAScript\OCRView\TKINTERCV2Setting.py
[2022/10/03 16:31:04][DEBUG](TKINTERCV2Setting.py:709) 列名設定項目を再配置開始 updateEntries d:\PythonScript\RPAScript\OCRView\TKINTERCV2Setting.py
[2022/10/03 16:31:04][DEBUG](TKINTERCV2Setting.py:753) 列名設定項目を再配置完了 updateEntries d:\PythonScript\RPAScript\OCRView\TKINTERCV2Setting.py
[2022/10/03 16:31:04][DEBUG](TKINTERCV2Setting.py:761) 列名設定項目を作成して再配置開始 createEntry d:\PythonScript\RPAScript\OCRView\TKINTERCV2Setting.py
[2022/10/03 16:31:04][DEBUG](TKINTERCV2Setting.py:709) 列名設定項目を再配置開始 updateEntries d:\PythonScript\RPAScript\OCRView\TKINTERCV2Setting.py
[2022/10/03 16:31:04][DEBUG](TKINTERCV2Setting.py:753) 列名設定項目を再配置完了 updateEntries d:\PythonScript\RPAScript\OCRView\TKINTERCV2Setting.py
[2022/10/03 16:31:04][DEBUG](TKINTERCV2Setting.py:761) 列名設定項目を作成して再配置開始 createEntry d:\PythonScript\RPAScript\OCRView\TKINTERCV2Setting.py
[2022/10/03 16:31:04][DEBUG](TKINTERCV2Setting.py:709) 列名設定項目を再配置開始 updateEntries d:\PythonScript\RPAScript\OCRView\TKINTERCV2Setting.py
[2022/10/03 16:31:04][DEBUG](TKINTERCV2Setting.py:753) 列名設定項目を再配置完了 updateEntries d:\PythonScript\RPAScript\OCRView\TKINTERCV2Setting.py
[2022/10/03 16:31:04][DEBUG](TKINTERCV2Setting.py:761) 列名設定項目を作成して再配置開始 createEntry d:\PythonScript\RPAScript\OCRView\TKINTERCV2Setting.py
[2022/10/03 16:31:04][DEBUG](TKINTERCV2Setting.py:709) 列名設定項目を再配置開始 updateEntries d:\PythonScript\RPAScript\OCRView\TKINTERCV2Setting.py
[2022/10/03 16:31:04][DEBUG](TKINTERCV2Setting.py:753) 列名設定項目を再配置完了 updateEntries d:\PythonScript\RPAScript\OCRView\TKINTERCV2Setting.py
[2022/10/03 16:31:04][DEBUG](TKINTERCV2Setting.py:761) 列名設定項目を作成して再配置開始 createEntry d:\PythonScript\RPAScript\OCRView\TKINTERCV2Setting.py
[2022/10/03 16:31:04][DEBUG](TKINTERCV2Setting.py:709) 列名設定項目を再配置開始 updateEntries d:\PythonScript\RPAScript\OCRView\TKINTERCV2Setting.py
[2022/10/03 16:31:04][DEBUG](TKINTERCV2Setting.py:753) 列名設定項目を再配置完了 updateEntries d:\PythonScript\RPAScript\OCRView\TKINTERCV2Setting.py
[2022/10/03 16:31:04][DEBUG](TKINTERCV2Setting.py:1093) 透過キャンバス(上ウィンドウ)に罫線描画処理完了 Gra d:\PythonScript\RPAScript\OCRView\TKINTERCV2Setting.py
[2022/10/03 16:31:04][DEBUG](TKINTERCV2Setting.py:617) 下ウィンドウに画像をリサイズして配置開始 InportIMG d:\PythonScript\RPAScript\OCRView\TKINTERCV2Setting.py
[2022/10/03 16:31:05][DEBUG](TKINTERCV2Setting.py:361) TKINTERCV2Setting_Application起動完了 __init__ d:\PythonScript\RPAScript\OCRView\TKINTERCV2Setting.py
[2022/10/03 16:31:12][DEBUG](TKINTERCV2Setting.py:1117) 確定ボタンクリック処理開始 EnterP d:\PythonScript\RPAScript\OCRView\TKINTERCV2Setting.py
[2022/10/03 16:31:12][DEBUG](TKINTERCV2Setting.py:800) 列名設定項目取得関数開始 GetEntryTextButton_click d:\PythonScript\RPAScript\OCRView\TKINTERCV2Setting.py
[2022/10/03 16:31:12][DEBUG](TKINTERCV2Setting.py:1317) GoogleVisionAPI縦軸数と設定列名数不一致。 EnterP d:\PythonScript\RPAScript\OCRView\TKINTERCV2Setting.py
