[2022/10/07 23:25:19][DEBUG](ViewGUI.py:39) Network: DESKTOP-TLFUM41 __init__ c:\Users\もちねこ\Desktop\GitHub\RPAScript-1\OCRView\ViewGUI.py
[2022/10/07 23:25:19][DEBUG](ViewGUI.py:40) Machine: AMD64 __init__ c:\Users\もちねこ\Desktop\GitHub\RPAScript-1\OCRView\ViewGUI.py
[2022/10/07 23:25:19][DEBUG](ViewGUI.py:41) Processor: AMD64 Family 23 Model 113 Stepping 0, AuthenticAMD __init__ c:\Users\もちねこ\Desktop\GitHub\RPAScript-1\OCRView\ViewGUI.py
[2022/10/07 23:25:19][DEBUG](ViewGUI.py:42) Platform: Windows-10-10.0.19041-SP0 __init__ c:\Users\もちねこ\Desktop\GitHub\RPAScript-1\OCRView\ViewGUI.py
[2022/10/07 23:25:19][DEBUG](ViewGUI.py:43) System: Windows __init__ c:\Users\もちねこ\Desktop\GitHub\RPAScript-1\OCRView\ViewGUI.py
[2022/10/07 23:25:19][DEBUG](ViewGUI.py:44) Release: 10 __init__ c:\Users\もちねこ\Desktop\GitHub\RPAScript-1\OCRView\ViewGUI.py
[2022/10/07 23:25:19][DEBUG](ViewGUI.py:45) Version: 10.0.19041 __init__ c:\Users\もちねこ\Desktop\GitHub\RPAScript-1\OCRView\ViewGUI.py
[2022/10/07 23:25:19][DEBUG](ViewGUI.py:46) MAC Address: A8A1_592F_A6D9 __init__ c:\Users\もちねこ\Desktop\GitHub\RPAScript-1\OCRView\ViewGUI.py
[2022/10/07 23:25:19][DEBUG](ViewGUI.py:47) Host name: DESKTOP-TLFUM41 __init__ c:\Users\もちねこ\Desktop\GitHub\RPAScript-1\OCRView\ViewGUI.py
[2022/10/07 23:25:19][DEBUG](ViewGUI.py:48) IP Address: 192.168.0.11 __init__ c:\Users\もちねこ\Desktop\GitHub\RPAScript-1\OCRView\ViewGUI.py
[2022/10/07 23:25:19][DEBUG](ViewGUI.py:49) ViewGUI起動 __init__ c:\Users\もちねこ\Desktop\GitHub\RPAScript-1\OCRView\ViewGUI.py
[2022/10/07 23:25:19][DEBUG](ViewGUI.py:94) ViewGUI起動完了 __init__ c:\Users\もちねこ\Desktop\GitHub\RPAScript-1\OCRView\ViewGUI.py
[2022/10/07 23:25:21][DEBUG](ViewGUI.py:702) フォルダー選択起動 event_set_folder c:\Users\もちねこ\Desktop\GitHub\RPAScript-1\OCRView\ViewGUI.py
[2022/10/07 23:25:21][DEBUG](ViewGUI.py:990) OverSaveボタン起動 event_Searchsave c:\Users\もちねこ\Desktop\GitHub\RPAScript-1\OCRView\ViewGUI.py
[2022/10/07 23:25:30][DEBUG](ViewGUI.py:711) C:/Users/もちねこ/Desktop/PDFTEST_フォルダー選択完了 event_set_folder c:\Users\もちねこ\Desktop\GitHub\RPAScript-1\OCRView\ViewGUI.py
[2022/10/07 23:25:33][DEBUG](ViewGUI.py:779) ファイル選択起動 event_updatefile c:\Users\もちねこ\Desktop\GitHub\RPAScript-1\OCRView\ViewGUI.py
[2022/10/07 23:25:33][DEBUG](ViewGUI.py:990) OverSaveボタン起動 event_Searchsave c:\Users\もちねこ\Desktop\GitHub\RPAScript-1\OCRView\ViewGUI.py
[2022/10/07 23:25:33][DEBUG](ViewGUI.py:817) C:/Users/もちねこ/Desktop/PDFTEST\JA_1page.png_ファイル選択後イベント完了 event_selectfile c:\Users\もちねこ\Desktop\GitHub\RPAScript-1\OCRView\ViewGUI.py
[2022/10/07 23:25:34][DEBUG](ViewGUI.py:1041) OCR処理起動 LinOCROpen c:\Users\もちねこ\Desktop\GitHub\RPAScript-1\OCRView\ViewGUI.py
[2022/10/07 23:25:34][DEBUG](ViewGUI.py:990) OverSaveボタン起動 event_Searchsave c:\Users\もちねこ\Desktop\GitHub\RPAScript-1\OCRView\ViewGUI.py
[2022/10/07 23:25:34][DEBUG](TKINTERCV2Setting.py:30) TKINTERCV2Setting_Application起動 __init__ c:\Users\もちねこ\Desktop\GitHub\RPAScript-1\OCRView\TKINTERCV2Setting.py
[2022/10/07 23:25:35][DEBUG](TKINTERCV2Setting.py:946) 列名設定項目を作成して再配置開始 createEntry c:\Users\もちねこ\Desktop\GitHub\RPAScript-1\OCRView\TKINTERCV2Setting.py
[2022/10/07 23:25:35][DEBUG](TKINTERCV2Setting.py:894) 列名設定項目を再配置開始 updateEntries c:\Users\もちねこ\Desktop\GitHub\RPAScript-1\OCRView\TKINTERCV2Setting.py
[2022/10/07 23:25:35][DEBUG](TKINTERCV2Setting.py:938) 列名設定項目を再配置完了 updateEntries c:\Users\もちねこ\Desktop\GitHub\RPAScript-1\OCRView\TKINTERCV2Setting.py
[2022/10/07 23:25:35][DEBUG](TKINTERCV2Setting.py:946) 列名設定項目を作成して再配置開始 createEntry c:\Users\もちねこ\Desktop\GitHub\RPAScript-1\OCRView\TKINTERCV2Setting.py
[2022/10/07 23:25:35][DEBUG](TKINTERCV2Setting.py:894) 列名設定項目を再配置開始 updateEntries c:\Users\もちねこ\Desktop\GitHub\RPAScript-1\OCRView\TKINTERCV2Setting.py
[2022/10/07 23:25:35][DEBUG](TKINTERCV2Setting.py:938) 列名設定項目を再配置完了 updateEntries c:\Users\もちねこ\Desktop\GitHub\RPAScript-1\OCRView\TKINTERCV2Setting.py
[2022/10/07 23:25:35][DEBUG](TKINTERCV2Setting.py:946) 列名設定項目を作成して再配置開始 createEntry c:\Users\もちねこ\Desktop\GitHub\RPAScript-1\OCRView\TKINTERCV2Setting.py
[2022/10/07 23:25:35][DEBUG](TKINTERCV2Setting.py:894) 列名設定項目を再配置開始 updateEntries c:\Users\もちねこ\Desktop\GitHub\RPAScript-1\OCRView\TKINTERCV2Setting.py
[2022/10/07 23:25:35][DEBUG](TKINTERCV2Setting.py:938) 列名設定項目を再配置完了 updateEntries c:\Users\もちねこ\Desktop\GitHub\RPAScript-1\OCRView\TKINTERCV2Setting.py
[2022/10/07 23:25:35][DEBUG](TKINTERCV2Setting.py:946) 列名設定項目を作成して再配置開始 createEntry c:\Users\もちねこ\Desktop\GitHub\RPAScript-1\OCRView\TKINTERCV2Setting.py
[2022/10/07 23:25:35][DEBUG](TKINTERCV2Setting.py:894) 列名設定項目を再配置開始 updateEntries c:\Users\もちねこ\Desktop\GitHub\RPAScript-1\OCRView\TKINTERCV2Setting.py
[2022/10/07 23:25:35][DEBUG](TKINTERCV2Setting.py:938) 列名設定項目を再配置完了 updateEntries c:\Users\もちねこ\Desktop\GitHub\RPAScript-1\OCRView\TKINTERCV2Setting.py
[2022/10/07 23:25:35][DEBUG](TKINTERCV2Setting.py:946) 列名設定項目を作成して再配置開始 createEntry c:\Users\もちねこ\Desktop\GitHub\RPAScript-1\OCRView\TKINTERCV2Setting.py
[2022/10/07 23:25:35][DEBUG](TKINTERCV2Setting.py:894) 列名設定項目を再配置開始 updateEntries c:\Users\もちねこ\Desktop\GitHub\RPAScript-1\OCRView\TKINTERCV2Setting.py
[2022/10/07 23:25:35][DEBUG](TKINTERCV2Setting.py:938) 列名設定項目を再配置完了 updateEntries c:\Users\もちねこ\Desktop\GitHub\RPAScript-1\OCRView\TKINTERCV2Setting.py
[2022/10/07 23:25:35][DEBUG](TKINTERCV2Setting.py:1316) 透過キャンバス(上ウィンドウ)に罫線描画処理完了 Gra c:\Users\もちねこ\Desktop\GitHub\RPAScript-1\OCRView\TKINTERCV2Setting.py
[2022/10/07 23:25:35][DEBUG](TKINTERCV2Setting.py:802) 下ウィンドウに画像をリサイズして配置開始 InportIMG c:\Users\もちねこ\Desktop\GitHub\RPAScript-1\OCRView\TKINTERCV2Setting.py
[2022/10/07 23:25:35][DEBUG](TKINTERCV2Setting.py:510) TKINTERCV2Setting_Application起動完了 __init__ c:\Users\もちねこ\Desktop\GitHub\RPAScript-1\OCRView\TKINTERCV2Setting.py
[2022/10/07 23:25:58][DEBUG](TKINTERCV2Setting.py:1026) 新規直線描画処理開始 AutoNewLineCreate c:\Users\もちねこ\Desktop\GitHub\RPAScript-1\OCRView\TKINTERCV2Setting.py
[2022/10/07 23:25:59][DEBUG](TKINTERCV2Setting.py:1316) 透過キャンバス(上ウィンドウ)に罫線描画処理完了 Gra c:\Users\もちねこ\Desktop\GitHub\RPAScript-1\OCRView\TKINTERCV2Setting.py
[2022/10/07 23:26:20][DEBUG](TKINTERCV2Setting.py:1617) Line16_縦直線描画処理完了 click1 c:\Users\もちねこ\Desktop\GitHub\RPAScript-1\OCRView\TKINTERCV2Setting.py
[2022/10/07 23:26:20][DEBUG](TKINTERCV2Setting.py:1637) Line16_削除完了 EventDelete c:\Users\もちねこ\Desktop\GitHub\RPAScript-1\OCRView\TKINTERCV2Setting.py
[2022/10/07 23:26:21][DEBUG](TKINTERCV2Setting.py:1617) Line15_縦直線描画処理完了 click1 c:\Users\もちねこ\Desktop\GitHub\RPAScript-1\OCRView\TKINTERCV2Setting.py
[2022/10/07 23:26:21][DEBUG](TKINTERCV2Setting.py:1637) Line15_削除完了 EventDelete c:\Users\もちねこ\Desktop\GitHub\RPAScript-1\OCRView\TKINTERCV2Setting.py
[2022/10/07 23:26:24][DEBUG](TKINTERCV2Setting.py:1617) Line5_縦直線描画処理完了 click1 c:\Users\もちねこ\Desktop\GitHub\RPAScript-1\OCRView\TKINTERCV2Setting.py
[2022/10/07 23:26:24][DEBUG](TKINTERCV2Setting.py:1637) Line5_削除完了 EventDelete c:\Users\もちねこ\Desktop\GitHub\RPAScript-1\OCRView\TKINTERCV2Setting.py
[2022/10/07 23:26:43][DEBUG](TKINTERCV2Setting.py:1617) Line4_縦直線描画処理完了 click1 c:\Users\もちねこ\Desktop\GitHub\RPAScript-1\OCRView\TKINTERCV2Setting.py
[2022/10/07 23:26:50][DEBUG](TKINTERCV2Setting.py:1617) Line8_縦直線描画処理完了 click1 c:\Users\もちねこ\Desktop\GitHub\RPAScript-1\OCRView\TKINTERCV2Setting.py
[2022/10/07 23:26:50][DEBUG](TKINTERCV2Setting.py:1637) Line8_削除完了 EventDelete c:\Users\もちねこ\Desktop\GitHub\RPAScript-1\OCRView\TKINTERCV2Setting.py
[2022/10/07 23:26:52][DEBUG](TKINTERCV2Setting.py:1617) Line9_縦直線描画処理完了 click1 c:\Users\もちねこ\Desktop\GitHub\RPAScript-1\OCRView\TKINTERCV2Setting.py
[2022/10/07 23:26:52][DEBUG](TKINTERCV2Setting.py:1637) Line9_削除完了 EventDelete c:\Users\もちねこ\Desktop\GitHub\RPAScript-1\OCRView\TKINTERCV2Setting.py
[2022/10/07 23:26:53][DEBUG](TKINTERCV2Setting.py:1617) Line10_縦直線描画処理完了 click1 c:\Users\もちねこ\Desktop\GitHub\RPAScript-1\OCRView\TKINTERCV2Setting.py
[2022/10/07 23:26:56][DEBUG](TKINTERCV2Setting.py:1617) Line3_縦直線描画処理完了 click1 c:\Users\もちねこ\Desktop\GitHub\RPAScript-1\OCRView\TKINTERCV2Setting.py
[2022/10/07 23:27:01][DEBUG](TKINTERCV2Setting.py:1202) 縦直線追加ボタン処理開始 StLine c:\Users\もちねこ\Desktop\GitHub\RPAScript-1\OCRView\TKINTERCV2Setting.py
[2022/10/07 23:27:06][DEBUG](TKINTERCV2Setting.py:1617) Line17_縦直線描画処理完了 click1 c:\Users\もちねこ\Desktop\GitHub\RPAScript-1\OCRView\TKINTERCV2Setting.py
[2022/10/07 23:27:12][DEBUG](TKINTERCV2Setting.py:1617) Line17_縦直線描画処理完了 click1 c:\Users\もちねこ\Desktop\GitHub\RPAScript-1\OCRView\TKINTERCV2Setting.py
[2022/10/07 23:27:27][DEBUG](TKINTERCV2Setting.py:1617) Line2_縦直線描画処理完了 click1 c:\Users\もちねこ\Desktop\GitHub\RPAScript-1\OCRView\TKINTERCV2Setting.py
[2022/10/07 23:27:27][DEBUG](TKINTERCV2Setting.py:1637) Line2_削除完了 EventDelete c:\Users\もちねこ\Desktop\GitHub\RPAScript-1\OCRView\TKINTERCV2Setting.py
[2022/10/07 23:27:59][DEBUG](TKINTERCV2Setting.py:1340) 確定ボタンクリック処理開始 EnterP c:\Users\もちねこ\Desktop\GitHub\RPAScript-1\OCRView\TKINTERCV2Setting.py
[2022/10/07 23:27:59][DEBUG](TKINTERCV2Setting.py:997) 列名設定項目取得関数開始 GetEntryTextButton_click c:\Users\もちねこ\Desktop\GitHub\RPAScript-1\OCRView\TKINTERCV2Setting.py
[2022/10/07 23:28:00][DEBUG](TKINTERCV2Setting.py:1454) 縦横リスト書出完了 EnterP c:\Users\もちねこ\Desktop\GitHub\RPAScript-1\OCRView\TKINTERCV2Setting.py
[2022/10/07 23:28:00][DEBUG](OCRFlow.py:153) Bankrentxtver起動 DiffListCreate c:\Users\もちねこ\Desktop\GitHub\RPAScript-1\OCRView\OCRFlow.py
[2022/10/07 23:28:00][DEBUG](GCloudVision.py:109) get_document_bounds(GoogleVisionAPI)開始: debug level log get_document_bounds_BANK c:\Users\もちねこ\Desktop\GitHub\RPAScript-1\OCRView\GCloudVision.py
[2022/10/07 23:28:01][DEBUG](GCloudVision.py:147) get_document_bounds(GoogleVisionAPI)終了: debug level log get_document_bounds_BANK c:\Users\もちねこ\Desktop\GitHub\RPAScript-1\OCRView\GCloudVision.py
[2022/10/07 23:28:01][DEBUG](GCloudVision.py:417) rentxtver(OCR結果を整形eTax以外)成功: debug level log Bankrentxtver c:\Users\もちねこ\Desktop\GitHub\RPAScript-1\OCRView\GCloudVision.py
[2022/10/07 23:28:01][DEBUG](OCRFlow.py:160) Bankrentxtver完了 DiffListCreate c:\Users\もちねこ\Desktop\GitHub\RPAScript-1\OCRView\OCRFlow.py
[2022/10/07 23:28:01][DEBUG](OCRFlow.py:350) GoogleAPI後編集処理完了 DiffListCreate c:\Users\もちねこ\Desktop\GitHub\RPAScript-1\OCRView\OCRFlow.py
[2022/10/07 23:28:01][DEBUG](OCRFlow.py:381) GoogleAPI後dfto_csv開始 DiffListCreate c:\Users\もちねこ\Desktop\GitHub\RPAScript-1\OCRView\OCRFlow.py
[2022/10/07 23:28:01][DEBUG](OCRFlow.py:394) GoogleAPI後csv処理完了 DiffListCreate c:\Users\もちねこ\Desktop\GitHub\RPAScript-1\OCRView\OCRFlow.py
[2022/10/07 23:28:01][DEBUG](TKINTERCV2Setting.py:1473) GoogleVisionAPI完了 EnterP c:\Users\もちねこ\Desktop\GitHub\RPAScript-1\OCRView\TKINTERCV2Setting.py
[2022/10/07 23:28:04][DEBUG](P_Table.py:22) P_Table起動 __init__ c:\Users\もちねこ\Desktop\GitHub\RPAScript-1\OCRView\P_Table.py
[2022/10/07 23:28:04][DEBUG](DGFrame.py:122) ページ連結完了 JoinCSV c:\Users\もちねこ\Desktop\GitHub\RPAScript-1\OCRView\Frame\DGFrame.py
[2022/10/07 23:28:04][DEBUG](DGFrame.py:125) ページ連結失敗 JoinCSV c:\Users\もちねこ\Desktop\GitHub\RPAScript-1\OCRView\Frame\DGFrame.py
[2022/10/07 23:29:16][DEBUG](TKINTERCV2Setting.py:1340) 確定ボタンクリック処理開始 EnterP c:\Users\もちねこ\Desktop\GitHub\RPAScript-1\OCRView\TKINTERCV2Setting.py
[2022/10/07 23:29:16][DEBUG](TKINTERCV2Setting.py:997) 列名設定項目取得関数開始 GetEntryTextButton_click c:\Users\もちねこ\Desktop\GitHub\RPAScript-1\OCRView\TKINTERCV2Setting.py
[2022/10/07 23:29:17][DEBUG](TKINTERCV2Setting.py:1454) 縦横リスト書出完了 EnterP c:\Users\もちねこ\Desktop\GitHub\RPAScript-1\OCRView\TKINTERCV2Setting.py
[2022/10/07 23:29:17][DEBUG](OCRFlow.py:153) Bankrentxtver起動 DiffListCreate c:\Users\もちねこ\Desktop\GitHub\RPAScript-1\OCRView\OCRFlow.py
[2022/10/07 23:29:17][DEBUG](GCloudVision.py:109) get_document_bounds(GoogleVisionAPI)開始: debug level log get_document_bounds_BANK c:\Users\もちねこ\Desktop\GitHub\RPAScript-1\OCRView\GCloudVision.py
[2022/10/07 23:29:18][DEBUG](GCloudVision.py:147) get_document_bounds(GoogleVisionAPI)終了: debug level log get_document_bounds_BANK c:\Users\もちねこ\Desktop\GitHub\RPAScript-1\OCRView\GCloudVision.py
[2022/10/07 23:29:18][DEBUG](GCloudVision.py:417) rentxtver(OCR結果を整形eTax以外)成功: debug level log Bankrentxtver c:\Users\もちねこ\Desktop\GitHub\RPAScript-1\OCRView\GCloudVision.py
[2022/10/07 23:29:18][DEBUG](OCRFlow.py:160) Bankrentxtver完了 DiffListCreate c:\Users\もちねこ\Desktop\GitHub\RPAScript-1\OCRView\OCRFlow.py
[2022/10/07 23:29:18][DEBUG](OCRFlow.py:350) GoogleAPI後編集処理完了 DiffListCreate c:\Users\もちねこ\Desktop\GitHub\RPAScript-1\OCRView\OCRFlow.py
[2022/10/07 23:29:18][DEBUG](OCRFlow.py:381) GoogleAPI後dfto_csv開始 DiffListCreate c:\Users\もちねこ\Desktop\GitHub\RPAScript-1\OCRView\OCRFlow.py
[2022/10/07 23:29:18][DEBUG](OCRFlow.py:394) GoogleAPI後csv処理完了 DiffListCreate c:\Users\もちねこ\Desktop\GitHub\RPAScript-1\OCRView\OCRFlow.py
[2022/10/07 23:29:18][DEBUG](TKINTERCV2Setting.py:1473) GoogleVisionAPI完了 EnterP c:\Users\もちねこ\Desktop\GitHub\RPAScript-1\OCRView\TKINTERCV2Setting.py
[2022/10/07 23:29:23][DEBUG](TKINTERCV2Setting.py:1487) 次ページ読込開始 EnterP c:\Users\もちねこ\Desktop\GitHub\RPAScript-1\OCRView\TKINTERCV2Setting.py
[2022/10/07 23:29:37][DEBUG](ViewGUI.py:1041) OCR処理起動 LinOCROpen c:\Users\もちねこ\Desktop\GitHub\RPAScript-1\OCRView\ViewGUI.py
[2022/10/07 23:29:37][DEBUG](ViewGUI.py:990) OverSaveボタン起動 event_Searchsave c:\Users\もちねこ\Desktop\GitHub\RPAScript-1\OCRView\ViewGUI.py
[2022/10/07 23:29:37][DEBUG](TKINTERCV2Setting.py:30) TKINTERCV2Setting_Application起動 __init__ c:\Users\もちねこ\Desktop\GitHub\RPAScript-1\OCRView\TKINTERCV2Setting.py
[2022/10/07 23:29:37][DEBUG](TKINTERCV2Setting.py:946) 列名設定項目を作成して再配置開始 createEntry c:\Users\もちねこ\Desktop\GitHub\RPAScript-1\OCRView\TKINTERCV2Setting.py
[2022/10/07 23:29:37][DEBUG](TKINTERCV2Setting.py:894) 列名設定項目を再配置開始 updateEntries c:\Users\もちねこ\Desktop\GitHub\RPAScript-1\OCRView\TKINTERCV2Setting.py
[2022/10/07 23:29:37][DEBUG](TKINTERCV2Setting.py:938) 列名設定項目を再配置完了 updateEntries c:\Users\もちねこ\Desktop\GitHub\RPAScript-1\OCRView\TKINTERCV2Setting.py
[2022/10/07 23:29:37][DEBUG](TKINTERCV2Setting.py:946) 列名設定項目を作成して再配置開始 createEntry c:\Users\もちねこ\Desktop\GitHub\RPAScript-1\OCRView\TKINTERCV2Setting.py
[2022/10/07 23:29:37][DEBUG](TKINTERCV2Setting.py:894) 列名設定項目を再配置開始 updateEntries c:\Users\もちねこ\Desktop\GitHub\RPAScript-1\OCRView\TKINTERCV2Setting.py
[2022/10/07 23:29:37][DEBUG](TKINTERCV2Setting.py:938) 列名設定項目を再配置完了 updateEntries c:\Users\もちねこ\Desktop\GitHub\RPAScript-1\OCRView\TKINTERCV2Setting.py
[2022/10/07 23:29:37][DEBUG](TKINTERCV2Setting.py:946) 列名設定項目を作成して再配置開始 createEntry c:\Users\もちねこ\Desktop\GitHub\RPAScript-1\OCRView\TKINTERCV2Setting.py
[2022/10/07 23:29:37][DEBUG](TKINTERCV2Setting.py:894) 列名設定項目を再配置開始 updateEntries c:\Users\もちねこ\Desktop\GitHub\RPAScript-1\OCRView\TKINTERCV2Setting.py
[2022/10/07 23:29:37][DEBUG](TKINTERCV2Setting.py:938) 列名設定項目を再配置完了 updateEntries c:\Users\もちねこ\Desktop\GitHub\RPAScript-1\OCRView\TKINTERCV2Setting.py
[2022/10/07 23:29:37][DEBUG](TKINTERCV2Setting.py:946) 列名設定項目を作成して再配置開始 createEntry c:\Users\もちねこ\Desktop\GitHub\RPAScript-1\OCRView\TKINTERCV2Setting.py
[2022/10/07 23:29:37][DEBUG](TKINTERCV2Setting.py:894) 列名設定項目を再配置開始 updateEntries c:\Users\もちねこ\Desktop\GitHub\RPAScript-1\OCRView\TKINTERCV2Setting.py
[2022/10/07 23:29:37][DEBUG](TKINTERCV2Setting.py:938) 列名設定項目を再配置完了 updateEntries c:\Users\もちねこ\Desktop\GitHub\RPAScript-1\OCRView\TKINTERCV2Setting.py
[2022/10/07 23:29:37][DEBUG](TKINTERCV2Setting.py:946) 列名設定項目を作成して再配置開始 createEntry c:\Users\もちねこ\Desktop\GitHub\RPAScript-1\OCRView\TKINTERCV2Setting.py
[2022/10/07 23:29:37][DEBUG](TKINTERCV2Setting.py:894) 列名設定項目を再配置開始 updateEntries c:\Users\もちねこ\Desktop\GitHub\RPAScript-1\OCRView\TKINTERCV2Setting.py
[2022/10/07 23:29:37][DEBUG](TKINTERCV2Setting.py:938) 列名設定項目を再配置完了 updateEntries c:\Users\もちねこ\Desktop\GitHub\RPAScript-1\OCRView\TKINTERCV2Setting.py
[2022/10/07 23:29:37][DEBUG](TKINTERCV2Setting.py:1316) 透過キャンバス(上ウィンドウ)に罫線描画処理完了 Gra c:\Users\もちねこ\Desktop\GitHub\RPAScript-1\OCRView\TKINTERCV2Setting.py
[2022/10/07 23:29:37][DEBUG](TKINTERCV2Setting.py:802) 下ウィンドウに画像をリサイズして配置開始 InportIMG c:\Users\もちねこ\Desktop\GitHub\RPAScript-1\OCRView\TKINTERCV2Setting.py
[2022/10/07 23:29:37][DEBUG](TKINTERCV2Setting.py:510) TKINTERCV2Setting_Application起動完了 __init__ c:\Users\もちねこ\Desktop\GitHub\RPAScript-1\OCRView\TKINTERCV2Setting.py
[2022/10/07 23:29:41][DEBUG](TKINTERCV2Setting.py:1617) Line5_縦直線描画処理完了 click1 c:\Users\もちねこ\Desktop\GitHub\RPAScript-1\OCRView\TKINTERCV2Setting.py
[2022/10/07 23:29:41][DEBUG](TKINTERCV2Setting.py:1637) Line5_削除完了 EventDelete c:\Users\もちねこ\Desktop\GitHub\RPAScript-1\OCRView\TKINTERCV2Setting.py
[2022/10/07 23:29:43][DEBUG](TKINTERCV2Setting.py:1617) Line12_縦直線描画処理完了 click1 c:\Users\もちねこ\Desktop\GitHub\RPAScript-1\OCRView\TKINTERCV2Setting.py
[2022/10/07 23:29:44][DEBUG](TKINTERCV2Setting.py:1637) Line12_削除完了 EventDelete c:\Users\もちねこ\Desktop\GitHub\RPAScript-1\OCRView\TKINTERCV2Setting.py
[2022/10/07 23:29:52][DEBUG](TKINTERCV2Setting.py:1227) 横直線追加ボタン処理開始 StWLine c:\Users\もちねこ\Desktop\GitHub\RPAScript-1\OCRView\TKINTERCV2Setting.py
[2022/10/07 23:29:55][DEBUG](TKINTERCV2Setting.py:1617) Line15_縦直線描画処理完了 click1 c:\Users\もちねこ\Desktop\GitHub\RPAScript-1\OCRView\TKINTERCV2Setting.py
[2022/10/07 23:30:11][DEBUG](TKINTERCV2Setting.py:1109) toml変換設定の更新完了 tomlreturn c:\Users\もちねこ\Desktop\GitHub\RPAScript-1\OCRView\TKINTERCV2Setting.py
[2022/10/07 23:30:14][DEBUG](TKINTERCV2Setting.py:1340) 確定ボタンクリック処理開始 EnterP c:\Users\もちねこ\Desktop\GitHub\RPAScript-1\OCRView\TKINTERCV2Setting.py
[2022/10/07 23:30:14][DEBUG](TKINTERCV2Setting.py:997) 列名設定項目取得関数開始 GetEntryTextButton_click c:\Users\もちねこ\Desktop\GitHub\RPAScript-1\OCRView\TKINTERCV2Setting.py
[2022/10/07 23:30:14][DEBUG](TKINTERCV2Setting.py:1535) GoogleVisionAPI縦軸数と設定列名数不一致。 EnterP c:\Users\もちねこ\Desktop\GitHub\RPAScript-1\OCRView\TKINTERCV2Setting.py
[2022/10/07 23:30:20][DEBUG](TKINTERCV2Setting.py:1202) 縦直線追加ボタン処理開始 StLine c:\Users\もちねこ\Desktop\GitHub\RPAScript-1\OCRView\TKINTERCV2Setting.py
[2022/10/07 23:30:24][DEBUG](TKINTERCV2Setting.py:1617) Line16_縦直線描画処理完了 click1 c:\Users\もちねこ\Desktop\GitHub\RPAScript-1\OCRView\TKINTERCV2Setting.py
[2022/10/07 23:30:27][DEBUG](TKINTERCV2Setting.py:1340) 確定ボタンクリック処理開始 EnterP c:\Users\もちねこ\Desktop\GitHub\RPAScript-1\OCRView\TKINTERCV2Setting.py
[2022/10/07 23:30:27][DEBUG](TKINTERCV2Setting.py:997) 列名設定項目取得関数開始 GetEntryTextButton_click c:\Users\もちねこ\Desktop\GitHub\RPAScript-1\OCRView\TKINTERCV2Setting.py
[2022/10/07 23:30:29][DEBUG](TKINTERCV2Setting.py:1454) 縦横リスト書出完了 EnterP c:\Users\もちねこ\Desktop\GitHub\RPAScript-1\OCRView\TKINTERCV2Setting.py
[2022/10/07 23:30:29][DEBUG](OCRFlow.py:153) Bankrentxtver起動 DiffListCreate c:\Users\もちねこ\Desktop\GitHub\RPAScript-1\OCRView\OCRFlow.py
[2022/10/07 23:30:29][DEBUG](GCloudVision.py:109) get_document_bounds(GoogleVisionAPI)開始: debug level log get_document_bounds_BANK c:\Users\もちねこ\Desktop\GitHub\RPAScript-1\OCRView\GCloudVision.py
[2022/10/07 23:30:30][DEBUG](GCloudVision.py:147) get_document_bounds(GoogleVisionAPI)終了: debug level log get_document_bounds_BANK c:\Users\もちねこ\Desktop\GitHub\RPAScript-1\OCRView\GCloudVision.py
[2022/10/07 23:30:30][DEBUG](GCloudVision.py:417) rentxtver(OCR結果を整形eTax以外)成功: debug level log Bankrentxtver c:\Users\もちねこ\Desktop\GitHub\RPAScript-1\OCRView\GCloudVision.py
[2022/10/07 23:30:30][DEBUG](OCRFlow.py:160) Bankrentxtver完了 DiffListCreate c:\Users\もちねこ\Desktop\GitHub\RPAScript-1\OCRView\OCRFlow.py
[2022/10/07 23:30:30][DEBUG](OCRFlow.py:350) GoogleAPI後編集処理完了 DiffListCreate c:\Users\もちねこ\Desktop\GitHub\RPAScript-1\OCRView\OCRFlow.py
[2022/10/07 23:30:30][DEBUG](OCRFlow.py:381) GoogleAPI後dfto_csv開始 DiffListCreate c:\Users\もちねこ\Desktop\GitHub\RPAScript-1\OCRView\OCRFlow.py
[2022/10/07 23:30:30][DEBUG](OCRFlow.py:394) GoogleAPI後csv処理完了 DiffListCreate c:\Users\もちねこ\Desktop\GitHub\RPAScript-1\OCRView\OCRFlow.py
[2022/10/07 23:30:30][DEBUG](TKINTERCV2Setting.py:1473) GoogleVisionAPI完了 EnterP c:\Users\もちねこ\Desktop\GitHub\RPAScript-1\OCRView\TKINTERCV2Setting.py
[2022/10/07 23:30:33][DEBUG](OCRFlow.py:68) C:\\Users\\もちねこ\\Desktop\\PDFTEST\\\\JA_1page.csv_先頭ページ連結完了 JoinCSV c:\Users\もちねこ\Desktop\GitHub\RPAScript-1\OCRView\OCRFlow.py
[2022/10/07 23:30:33][DEBUG](OCRFlow.py:76) ページ連結後dfto_csv開始 JoinCSV c:\Users\もちねこ\Desktop\GitHub\RPAScript-1\OCRView\OCRFlow.py
[2022/10/07 23:30:33][DEBUG](OCRFlow.py:88) GoogleAPI後csv処理完了 JoinCSV c:\Users\もちねこ\Desktop\GitHub\RPAScript-1\OCRView\OCRFlow.py
[2022/10/07 23:30:33][DEBUG](P_Table.py:22) P_Table起動 __init__ c:\Users\もちねこ\Desktop\GitHub\RPAScript-1\OCRView\P_Table.py
[2022/10/07 23:30:33][DEBUG](DGFrame.py:122) ページ連結完了 JoinCSV c:\Users\もちねこ\Desktop\GitHub\RPAScript-1\OCRView\Frame\DGFrame.py
[2022/10/07 23:30:33][DEBUG](DGFrame.py:125) ページ連結失敗 JoinCSV c:\Users\もちねこ\Desktop\GitHub\RPAScript-1\OCRView\Frame\DGFrame.py
[2022/10/07 23:31:17][DEBUG](TKINTERCV2Setting.py:1202) 縦直線追加ボタン処理開始 StLine c:\Users\もちねこ\Desktop\GitHub\RPAScript-1\OCRView\TKINTERCV2Setting.py
[2022/10/07 23:31:20][DEBUG](TKINTERCV2Setting.py:1617) Line17_縦直線描画処理完了 click1 c:\Users\もちねこ\Desktop\GitHub\RPAScript-1\OCRView\TKINTERCV2Setting.py
[2022/10/07 23:31:28][DEBUG](TKINTERCV2Setting.py:844) 列名設定項目追加ボタン処理開始 insertEntry_click c:\Users\もちねこ\Desktop\GitHub\RPAScript-1\OCRView\TKINTERCV2Setting.py
[2022/10/07 23:31:28][DEBUG](TKINTERCV2Setting.py:946) 列名設定項目を作成して再配置開始 createEntry c:\Users\もちねこ\Desktop\GitHub\RPAScript-1\OCRView\TKINTERCV2Setting.py
[2022/10/07 23:31:28][DEBUG](TKINTERCV2Setting.py:894) 列名設定項目を再配置開始 updateEntries c:\Users\もちねこ\Desktop\GitHub\RPAScript-1\OCRView\TKINTERCV2Setting.py
[2022/10/07 23:31:28][DEBUG](TKINTERCV2Setting.py:938) 列名設定項目を再配置完了 updateEntries c:\Users\もちねこ\Desktop\GitHub\RPAScript-1\OCRView\TKINTERCV2Setting.py
[2022/10/07 23:31:28][DEBUG](TKINTERCV2Setting.py:1060) toml列名設定の更新完了 ColumnTomlIn c:\Users\もちねこ\Desktop\GitHub\RPAScript-1\OCRView\TKINTERCV2Setting.py
[2022/10/07 23:31:37][DEBUG](TKINTERCV2Setting.py:1060) toml列名設定の更新完了 ColumnTomlIn c:\Users\もちねこ\Desktop\GitHub\RPAScript-1\OCRView\TKINTERCV2Setting.py
[2022/10/07 23:31:49][DEBUG](TKINTERCV2Setting.py:1109) toml変換設定の更新完了 tomlreturn c:\Users\もちねこ\Desktop\GitHub\RPAScript-1\OCRView\TKINTERCV2Setting.py
[2022/10/07 23:31:54][DEBUG](TKINTERCV2Setting.py:1109) toml変換設定の更新完了 tomlreturn c:\Users\もちねこ\Desktop\GitHub\RPAScript-1\OCRView\TKINTERCV2Setting.py
[2022/10/07 23:31:57][DEBUG](TKINTERCV2Setting.py:1340) 確定ボタンクリック処理開始 EnterP c:\Users\もちねこ\Desktop\GitHub\RPAScript-1\OCRView\TKINTERCV2Setting.py
[2022/10/07 23:31:57][DEBUG](TKINTERCV2Setting.py:997) 列名設定項目取得関数開始 GetEntryTextButton_click c:\Users\もちねこ\Desktop\GitHub\RPAScript-1\OCRView\TKINTERCV2Setting.py
[2022/10/07 23:31:57][DEBUG](TKINTERCV2Setting.py:1531) 先頭ページの列数と設定列名数不一致。 EnterP c:\Users\もちねこ\Desktop\GitHub\RPAScript-1\OCRView\TKINTERCV2Setting.py
