[2022/10/08 21:18:34][DEBUG](TKINTERCV2Setting.py:32) TKINTERCV2Setting_Application起動 __init__ c:\Users\もちねこ\Desktop\GitHub\RPAScript-1\OCRView\TKINTERCV2Setting.py
[2022/10/08 21:18:34][DEBUG](TKINTERCV2Setting.py:986) 列名設定項目を作成して再配置開始 createEntry c:\Users\もちねこ\Desktop\GitHub\RPAScript-1\OCRView\TKINTERCV2Setting.py
[2022/10/08 21:18:34][DEBUG](TKINTERCV2Setting.py:934) 列名設定項目を再配置開始 updateEntries c:\Users\もちねこ\Desktop\GitHub\RPAScript-1\OCRView\TKINTERCV2Setting.py
[2022/10/08 21:18:34][DEBUG](TKINTERCV2Setting.py:978) 列名設定項目を再配置完了 updateEntries c:\Users\もちねこ\Desktop\GitHub\RPAScript-1\OCRView\TKINTERCV2Setting.py
[2022/10/08 21:18:34][DEBUG](TKINTERCV2Setting.py:986) 列名設定項目を作成して再配置開始 createEntry c:\Users\もちねこ\Desktop\GitHub\RPAScript-1\OCRView\TKINTERCV2Setting.py
[2022/10/08 21:18:34][DEBUG](TKINTERCV2Setting.py:934) 列名設定項目を再配置開始 updateEntries c:\Users\もちねこ\Desktop\GitHub\RPAScript-1\OCRView\TKINTERCV2Setting.py
[2022/10/08 21:18:34][DEBUG](TKINTERCV2Setting.py:978) 列名設定項目を再配置完了 updateEntries c:\Users\もちねこ\Desktop\GitHub\RPAScript-1\OCRView\TKINTERCV2Setting.py
[2022/10/08 21:18:34][DEBUG](TKINTERCV2Setting.py:986) 列名設定項目を作成して再配置開始 createEntry c:\Users\もちねこ\Desktop\GitHub\RPAScript-1\OCRView\TKINTERCV2Setting.py
[2022/10/08 21:18:34][DEBUG](TKINTERCV2Setting.py:934) 列名設定項目を再配置開始 updateEntries c:\Users\もちねこ\Desktop\GitHub\RPAScript-1\OCRView\TKINTERCV2Setting.py
[2022/10/08 21:18:34][DEBUG](TKINTERCV2Setting.py:978) 列名設定項目を再配置完了 updateEntries c:\Users\もちねこ\Desktop\GitHub\RPAScript-1\OCRView\TKINTERCV2Setting.py
[2022/10/08 21:18:34][DEBUG](TKINTERCV2Setting.py:986) 列名設定項目を作成して再配置開始 createEntry c:\Users\もちねこ\Desktop\GitHub\RPAScript-1\OCRView\TKINTERCV2Setting.py
[2022/10/08 21:18:34][DEBUG](TKINTERCV2Setting.py:934) 列名設定項目を再配置開始 updateEntries c:\Users\もちねこ\Desktop\GitHub\RPAScript-1\OCRView\TKINTERCV2Setting.py
[2022/10/08 21:18:34][DEBUG](TKINTERCV2Setting.py:978) 列名設定項目を再配置完了 updateEntries c:\Users\もちねこ\Desktop\GitHub\RPAScript-1\OCRView\TKINTERCV2Setting.py
[2022/10/08 21:18:34][DEBUG](TKINTERCV2Setting.py:986) 列名設定項目を作成して再配置開始 createEntry c:\Users\もちねこ\Desktop\GitHub\RPAScript-1\OCRView\TKINTERCV2Setting.py
[2022/10/08 21:18:34][DEBUG](TKINTERCV2Setting.py:934) 列名設定項目を再配置開始 updateEntries c:\Users\もちねこ\Desktop\GitHub\RPAScript-1\OCRView\TKINTERCV2Setting.py
[2022/10/08 21:18:34][DEBUG](TKINTERCV2Setting.py:978) 列名設定項目を再配置完了 updateEntries c:\Users\もちねこ\Desktop\GitHub\RPAScript-1\OCRView\TKINTERCV2Setting.py
[2022/10/08 21:18:34][DEBUG](TKINTERCV2Setting.py:986) 列名設定項目を作成して再配置開始 createEntry c:\Users\もちねこ\Desktop\GitHub\RPAScript-1\OCRView\TKINTERCV2Setting.py
[2022/10/08 21:18:34][DEBUG](TKINTERCV2Setting.py:934) 列名設定項目を再配置開始 updateEntries c:\Users\もちねこ\Desktop\GitHub\RPAScript-1\OCRView\TKINTERCV2Setting.py
[2022/10/08 21:18:34][DEBUG](TKINTERCV2Setting.py:978) 列名設定項目を再配置完了 updateEntries c:\Users\もちねこ\Desktop\GitHub\RPAScript-1\OCRView\TKINTERCV2Setting.py
[2022/10/08 21:18:34][DEBUG](TKINTERCV2Setting.py:1356) 透過キャンバス(上ウィンドウ)に罫線描画処理完了 Gra c:\Users\もちねこ\Desktop\GitHub\RPAScript-1\OCRView\TKINTERCV2Setting.py
[2022/10/08 21:18:34][DEBUG](TKINTERCV2Setting.py:842) 下ウィンドウに画像をリサイズして配置開始 InportIMG c:\Users\もちねこ\Desktop\GitHub\RPAScript-1\OCRView\TKINTERCV2Setting.py
[2022/10/08 21:18:35][DEBUG](TKINTERCV2Setting.py:506) TKINTERCV2Setting_Application起動完了 __init__ c:\Users\もちねこ\Desktop\GitHub\RPAScript-1\OCRView\TKINTERCV2Setting.py
