[2022/10/07 10:28:06][DEBUG](TKINTERCV2Setting.py:42) TKINTERCV2Setting_Application起動 __init__ d:\PythonScript\RPAScript\OCRView\TKINTERCV2Setting.py
[2022/10/07 10:28:06][DEBUG](TKINTERCV2Setting.py:950) 列名設定項目を作成して再配置開始 createEntry d:\PythonScript\RPAScript\OCRView\TKINTERCV2Setting.py
[2022/10/07 10:28:06][DEBUG](TKINTERCV2Setting.py:898) 列名設定項目を再配置開始 updateEntries d:\PythonScript\RPAScript\OCRView\TKINTERCV2Setting.py
[2022/10/07 10:28:06][DEBUG](TKINTERCV2Setting.py:942) 列名設定項目を再配置完了 updateEntries d:\PythonScript\RPAScript\OCRView\TKINTERCV2Setting.py
[2022/10/07 10:28:06][DEBUG](TKINTERCV2Setting.py:950) 列名設定項目を作成して再配置開始 createEntry d:\PythonScript\RPAScript\OCRView\TKINTERCV2Setting.py
[2022/10/07 10:28:06][DEBUG](TKINTERCV2Setting.py:898) 列名設定項目を再配置開始 updateEntries d:\PythonScript\RPAScript\OCRView\TKINTERCV2Setting.py
[2022/10/07 10:28:06][DEBUG](TKINTERCV2Setting.py:942) 列名設定項目を再配置完了 updateEntries d:\PythonScript\RPAScript\OCRView\TKINTERCV2Setting.py
[2022/10/07 10:28:06][DEBUG](TKINTERCV2Setting.py:950) 列名設定項目を作成して再配置開始 createEntry d:\PythonScript\RPAScript\OCRView\TKINTERCV2Setting.py
[2022/10/07 10:28:06][DEBUG](TKINTERCV2Setting.py:898) 列名設定項目を再配置開始 updateEntries d:\PythonScript\RPAScript\OCRView\TKINTERCV2Setting.py
[2022/10/07 10:28:06][DEBUG](TKINTERCV2Setting.py:942) 列名設定項目を再配置完了 updateEntries d:\PythonScript\RPAScript\OCRView\TKINTERCV2Setting.py
[2022/10/07 10:28:06][DEBUG](TKINTERCV2Setting.py:950) 列名設定項目を作成して再配置開始 createEntry d:\PythonScript\RPAScript\OCRView\TKINTERCV2Setting.py
[2022/10/07 10:28:06][DEBUG](TKINTERCV2Setting.py:898) 列名設定項目を再配置開始 updateEntries d:\PythonScript\RPAScript\OCRView\TKINTERCV2Setting.py
[2022/10/07 10:28:06][DEBUG](TKINTERCV2Setting.py:942) 列名設定項目を再配置完了 updateEntries d:\PythonScript\RPAScript\OCRView\TKINTERCV2Setting.py
[2022/10/07 10:28:06][DEBUG](TKINTERCV2Setting.py:950) 列名設定項目を作成して再配置開始 createEntry d:\PythonScript\RPAScript\OCRView\TKINTERCV2Setting.py
[2022/10/07 10:28:06][DEBUG](TKINTERCV2Setting.py:898) 列名設定項目を再配置開始 updateEntries d:\PythonScript\RPAScript\OCRView\TKINTERCV2Setting.py
[2022/10/07 10:28:06][DEBUG](TKINTERCV2Setting.py:942) 列名設定項目を再配置完了 updateEntries d:\PythonScript\RPAScript\OCRView\TKINTERCV2Setting.py
[2022/10/07 10:28:06][DEBUG](TKINTERCV2Setting.py:950) 列名設定項目を作成して再配置開始 createEntry d:\PythonScript\RPAScript\OCRView\TKINTERCV2Setting.py
[2022/10/07 10:28:06][DEBUG](TKINTERCV2Setting.py:898) 列名設定項目を再配置開始 updateEntries d:\PythonScript\RPAScript\OCRView\TKINTERCV2Setting.py
[2022/10/07 10:28:06][DEBUG](TKINTERCV2Setting.py:942) 列名設定項目を再配置完了 updateEntries d:\PythonScript\RPAScript\OCRView\TKINTERCV2Setting.py
[2022/10/07 10:28:06][DEBUG](TKINTERCV2Setting.py:1319) 透過キャンバス(上ウィンドウ)に罫線描画処理完了 Gra d:\PythonScript\RPAScript\OCRView\TKINTERCV2Setting.py
[2022/10/07 10:28:06][DEBUG](TKINTERCV2Setting.py:806) 下ウィンドウに画像をリサイズして配置開始 InportIMG d:\PythonScript\RPAScript\OCRView\TKINTERCV2Setting.py
[2022/10/07 10:28:06][DEBUG](TKINTERCV2Setting.py:514) TKINTERCV2Setting_Application起動完了 __init__ d:\PythonScript\RPAScript\OCRView\TKINTERCV2Setting.py
